src/components/development/examples/StateSyncExample.tsx(34,8): error TS2307: Cannot find module '@/stores/slices/incidentReportsSlice' or its corresponding type declarations.
src/components/features/appointments/index.ts(7,49): error TS2307: Cannot find module './components/AppointmentFormModal' or its corresponding type declarations.
src/components/features/medications/index.ts(8,43): error TS2307: Cannot find module './components/MedicationsTab' or its corresponding type declarations.
src/components/features/medications/index.ts(9,40): error TS2307: Cannot find module './components/OverviewTab' or its corresponding type declarations.
src/components/features/medications/index.ts(10,48): error TS2307: Cannot find module './components/AdverseReactionsTab' or its corresponding type declarations.
src/components/features/medications/index.ts(11,41): error TS2307: Cannot find module './components/RemindersTab' or its corresponding type declarations.
src/components/features/medications/index.ts(12,41): error TS2307: Cannot find module './components/InventoryTab' or its corresponding type declarations.
src/components/features/medications/index.ts(15,48): error TS2307: Cannot find module './components/MedicationFormModal' or its corresponding type declarations.
src/components/features/medications/index.ts(16,51): error TS2307: Cannot find module './components/MedicationDetailsModal' or its corresponding type declarations.
src/components/features/medications/index.ts(19,51): error TS2307: Cannot find module './components/tabs/MedicationsOverviewTab' or its corresponding type declarations.
src/components/features/medications/index.ts(20,47): error TS2307: Cannot find module './components/tabs/MedicationsListTab' or its corresponding type declarations.
src/components/features/medications/index.ts(21,52): error TS2307: Cannot find module './components/tabs/MedicationsInventoryTab' or its corresponding type declarations.
src/components/features/medications/index.ts(22,52): error TS2307: Cannot find module './components/tabs/MedicationsRemindersTab' or its corresponding type declarations.
src/components/features/medications/index.ts(23,59): error TS2307: Cannot find module './components/tabs/MedicationsAdverseReactionsTab' or its corresponding type declarations.
src/components/features/settings/components/tabs/AuditLogsTab.tsx(17,35): error TS2307: Cannot find module '../../../../../services/api' or its corresponding type declarations.
src/components/features/settings/components/tabs/BackupsTab.tsx(25,35): error TS2307: Cannot find module '../../../../../services/api' or its corresponding type declarations.
src/components/features/settings/components/tabs/DistrictsTab.tsx(22,35): error TS2307: Cannot find module '../../../../../services/api' or its corresponding type declarations.
src/components/features/settings/components/tabs/IntegrationModal.tsx(14,32): error TS2307: Cannot find module '../../../../../services/api' or its corresponding type declarations.
src/components/features/settings/components/tabs/IntegrationsTab.tsx(14,32): error TS2307: Cannot find module '../../../../../services/api' or its corresponding type declarations.
src/components/features/settings/components/tabs/LicensesTab.tsx(17,35): error TS2307: Cannot find module '../../../../../services/api' or its corresponding type declarations.
src/components/features/settings/components/tabs/OverviewTab.tsx(32,35): error TS2307: Cannot find module '../../../../../services/api' or its corresponding type declarations.
src/components/features/settings/components/tabs/SchoolsTab.tsx(22,35): error TS2307: Cannot find module '../../../../../services/api' or its corresponding type declarations.
src/components/features/settings/components/tabs/TrainingTab.tsx(17,35): error TS2307: Cannot find module '../../../../../services/api' or its corresponding type declarations.
src/components/features/students/index.ts(8,30): error TS2307: Cannot find module './components/StudentTable' or its corresponding type declarations.
src/components/features/students/index.ts(9,32): error TS2307: Cannot find module './components/StudentFilters' or its corresponding type declarations.
src/components/features/students/index.ts(10,35): error TS2307: Cannot find module './components/StudentPagination' or its corresponding type declarations.
src/components/features/students/index.ts(13,34): error TS2307: Cannot find module './components/modals/StudentFormModal' or its corresponding type declarations.
src/components/features/students/index.ts(14,37): error TS2307: Cannot find module './components/modals/StudentDetailsModal' or its corresponding type declarations.
src/components/features/students/index.ts(15,39): error TS2307: Cannot find module './components/modals/EmergencyContactModal' or its corresponding type declarations.
src/components/features/students/index.ts(16,29): error TS2307: Cannot find module './components/modals/ExportModal' or its corresponding type declarations.
src/components/features/students/index.ts(17,33): error TS2307: Cannot find module './components/modals/PHIWarningModal' or its corresponding type declarations.
src/components/features/students/index.ts(18,37): error TS2307: Cannot find module './components/modals/ConfirmArchiveModal' or its corresponding type declarations.
src/components/features/students/index.ts(21,35): error TS2307: Cannot find module './components/modals/StudentFormFields' or its corresponding type declarations.
src/components/features/students/index.ts(24,37): error TS2307: Cannot find module './components/StudentHealthRecord' or its corresponding type declarations.
src/components/features/students/index.ts(25,33): error TS2307: Cannot find module './components/StudentSelector' or its corresponding type declarations.
src/components/layout/AppLayout.tsx(32,32): error TS2307: Cannot find module '../../contexts/AuthContext' or its corresponding type declarations.
src/components/shared/errors/GlobalErrorBoundary.tsx(17,30): error TS2307: Cannot find module '../../services/audit/AuditService' or its corresponding type declarations.
src/components/ui/navigation/Breadcrumbs.tsx(25,32): error TS2307: Cannot find module '../../../contexts/AuthContext' or its corresponding type declarations.
src/guards/index.ts(89,8): error TS2307: Cannot find module '../components/LoadingSpinner' or its corresponding type declarations.
src/guards/navigationGuards.tsx(25,32): error TS2307: Cannot find module '../contexts/AuthContext' or its corresponding type declarations.
src/guards/navigationGuards.tsx(27,28): error TS2307: Cannot find module '../components/LoadingSpinner' or its corresponding type declarations.
src/guards/navigationGuards.tsx(28,30): error TS2307: Cannot find module '../components/AccessDenied' or its corresponding type declarations.
src/hooks/domains/administration/mutations/useAdministrationMutations.ts(2,23): error TS2307: Cannot find module 'sonner' or its corresponding type declarations.
src/hooks/domains/appointments/mutations/useAppointmentMutations.ts(14,33): error TS2307: Cannot find module '@/services/api' or its corresponding type declarations.
src/hooks/domains/appointments/queries/useAppointmentQueries.ts(13,33): error TS2307: Cannot find module '@/services/api' or its corresponding type declarations.
src/hooks/domains/appointments/queries/useAppointments.ts(20,33): error TS2307: Cannot find module '@/services/api' or its corresponding type declarations.
src/hooks/domains/budgets/mutations/useBudgetMutations.ts(2,23): error TS2307: Cannot find module 'sonner' or its corresponding type declarations.
src/hooks/domains/compliance/mutations/useComplianceMutations.ts(2,23): error TS2307: Cannot find module 'sonner' or its corresponding type declarations.
src/hooks/domains/inventory/useInventoryManagement.ts(15,36): error TS2307: Cannot find module '../utilities/useMedicationToast' or its corresponding type declarations.
src/hooks/domains/medications/mutations/useMedicationAdministration.ts(15,36): error TS2307: Cannot find module './useMedicationToast' or its corresponding type declarations.
src/hooks/domains/medications/mutations/useMedicationAdministrationService.ts(47,33): error TS2307: Cannot find module './useOfflineQueue' or its corresponding type declarations.
src/hooks/domains/medications/mutations/useMedicationAdministrationService.ts(48,37): error TS2307: Cannot find module './useMedicationSafety' or its corresponding type declarations.
src/hooks/domains/medications/mutations/useMedicationFormValidation.ts(16,8): error TS2307: Cannot find module '../types/api' or its corresponding type declarations.
src/hooks/domains/medications/mutations/useMedicationFormValidation.ts(22,8): error TS2307: Cannot find module '../types/medications' or its corresponding type declarations.
src/hooks/domains/medications/queries/useMedicationFormulary.ts(34,8): error TS2307: Cannot find module '../api' or its corresponding type declarations.
src/hooks/domains/medications/queries/useMedicationQueries.ts(13,32): error TS2307: Cannot find module '@/services/api' or its corresponding type declarations.
src/hooks/domains/medications/queries/useMedicationsData.ts(25,8): error TS2307: Cannot find module '../types/api' or its corresponding type declarations.
src/hooks/domains/students/composites/composite.ts(13,68): error TS2307: Cannot find module './coreQueries' or its corresponding type declarations.
src/hooks/domains/students/composites/composite.ts(14,37): error TS2307: Cannot find module './mutations' or its corresponding type declarations.
src/hooks/domains/students/composites/composite.ts(15,43): error TS2307: Cannot find module './searchAndFilter' or its corresponding type declarations.
src/hooks/domains/students/composites/composite.ts(16,73): error TS2307: Cannot find module './statistics' or its corresponding type declarations.
src/hooks/domains/students/composites/composite.ts(17,70): error TS2307: Cannot find module './utils' or its corresponding type declarations.
src/hooks/domains/students/composites/composite.ts(18,78): error TS2307: Cannot find module './redux' or its corresponding type declarations.
src/hooks/domains/students/legacy-index.ts(39,29): error TS2307: Cannot find module './cacheConfig' or its corresponding type declarations.
src/hooks/domains/students/legacy-index.ts(56,8): error TS2307: Cannot find module './coreQueries' or its corresponding type declarations.
src/hooks/domains/students/legacy-index.ts(71,8): error TS2307: Cannot find module './mutations' or its corresponding type declarations.
src/hooks/domains/students/legacy-index.ts(88,8): error TS2307: Cannot find module './searchAndFilter' or its corresponding type declarations.
src/hooks/domains/students/legacy-index.ts(95,8): error TS2307: Cannot find module './searchAndFilter' or its corresponding type declarations.
src/hooks/domains/students/legacy-index.ts(114,8): error TS2307: Cannot find module './statistics' or its corresponding type declarations.
src/hooks/domains/students/legacy-index.ts(125,8): error TS2307: Cannot find module './statistics' or its corresponding type declarations.
src/hooks/domains/students/legacy-index.ts(140,8): error TS2307: Cannot find module './utils' or its corresponding type declarations.
src/hooks/domains/students/legacy-index.ts(147,8): error TS2307: Cannot find module './utils' or its corresponding type declarations.
src/hooks/domains/students/legacy-index.ts(163,8): error TS2307: Cannot find module './redux' or its corresponding type declarations.
src/hooks/domains/students/legacy-index.ts(168,8): error TS2307: Cannot find module './redux' or its corresponding type declarations.
src/hooks/domains/students/legacy-index.ts(183,8): error TS2307: Cannot find module './composite' or its corresponding type declarations.
src/hooks/domains/students/legacy-index.ts(196,8): error TS2307: Cannot find module './coreQueries' or its corresponding type declarations.
src/hooks/domains/students/legacy-index.ts(207,8): error TS2307: Cannot find module './mutations' or its corresponding type declarations.
src/hooks/domains/students/legacy-index.ts(216,8): error TS2307: Cannot find module './searchAndFilter' or its corresponding type declarations.
src/hooks/domains/students/legacy-index.ts(227,8): error TS2307: Cannot find module './statistics' or its corresponding type declarations.
src/hooks/domains/students/legacy-index.ts(234,8): error TS2307: Cannot find module './utils' or its corresponding type declarations.
src/hooks/domains/students/legacy-index.ts(242,8): error TS2307: Cannot find module './redux' or its corresponding type declarations.
src/hooks/domains/students/legacy-index.ts(249,8): error TS2307: Cannot find module './composite' or its corresponding type declarations.
src/hooks/domains/students/legacy-index.ts(252,29): error TS2307: Cannot find module './cacheConfig' or its corresponding type declarations.
src/hooks/domains/students/mutations/mutations.ts(19,34): error TS2307: Cannot find module './queryKeys' or its corresponding type declarations.
src/hooks/domains/students/mutations/mutations.ts(20,60): error TS2307: Cannot find module './cacheConfig' or its corresponding type declarations.
src/hooks/domains/students/mutations/useOptimisticStudents.ts(43,48): error TS2307: Cannot find module '@/stores/hooks' or its corresponding type declarations.
src/hooks/domains/students/mutations/useOptimisticStudents.ts(44,52): error TS2307: Cannot find module '@/stores/slices/studentsSlice' or its corresponding type declarations.
src/hooks/domains/students/mutations/useStudentManagement.ts(43,44): error TS2307: Cannot find module '@/services/api' or its corresponding type declarations.
src/hooks/domains/students/queries/coreQueries.ts(20,55): error TS2307: Cannot find module './queryKeys' or its corresponding type declarations.
src/hooks/domains/students/queries/coreQueries.ts(21,29): error TS2307: Cannot find module './cacheConfig' or its corresponding type declarations.
src/hooks/domains/students/queries/searchAndFilter.ts(19,55): error TS2307: Cannot find module './queryKeys' or its corresponding type declarations.
src/hooks/domains/students/queries/searchAndFilter.ts(20,29): error TS2307: Cannot find module './cacheConfig' or its corresponding type declarations.
src/hooks/domains/students/queries/statistics.ts(18,34): error TS2307: Cannot find module './queryKeys' or its corresponding type declarations.
src/hooks/domains/students/queries/statistics.ts(19,29): error TS2307: Cannot find module './cacheConfig' or its corresponding type declarations.
src/hooks/domains/students/queries/useStudents.ts(43,48): error TS2307: Cannot find module '@/stores/hooks' or its corresponding type declarations.
src/hooks/domains/students/queries/useStudents.ts(61,8): error TS2307: Cannot find module '@/stores/slices/studentsSlice' or its corresponding type declarations.
src/hooks/domains/vendors/mutations/useVendorMutations.ts(2,23): error TS2307: Cannot find module 'sonner' or its corresponding type declarations.
src/hooks/shared/advancedHooks.ts(18,45): error TS2307: Cannot find module '../reduxStore' or its corresponding type declarations.
src/hooks/shared/advancedHooks.ts(30,8): error TS2307: Cannot find module '../analytics/analyticsEngine' or its corresponding type declarations.
src/hooks/shared/advancedHooks.ts(38,8): error TS2307: Cannot find module '../enterprise/enterpriseFeatures' or its corresponding type declarations.
src/hooks/shared/advancedHooks.ts(43,8): error TS2307: Cannot find module '../orchestration/crossDomainOrchestration' or its corresponding type declarations.
src/hooks/shared/advancedHooks.ts(57,8): error TS2307: Cannot find module '../api/advancedApiIntegration' or its corresponding type declarations.
src/hooks/shared/allDomainHooks.ts(11,34): error TS2307: Cannot find module '../reduxStore' or its corresponding type declarations.
src/hooks/shared/allDomainHooks.ts(23,8): error TS2307: Cannot find module '../slices/usersSlice' or its corresponding type declarations.
src/hooks/shared/allDomainHooks.ts(35,8): error TS2307: Cannot find module '../slices/studentsSlice' or its corresponding type declarations.
src/hooks/shared/allDomainHooks.ts(44,8): error TS2307: Cannot find module '../slices/healthRecordsSlice' or its corresponding type declarations.
src/hooks/shared/allDomainHooks.ts(53,8): error TS2307: Cannot find module '../slices/medicationsSlice' or its corresponding type declarations.
src/hooks/shared/allDomainHooks.ts(62,8): error TS2307: Cannot find module '../slices/appointmentsSlice' or its corresponding type declarations.
src/hooks/shared/allDomainHooks.ts(70,8): error TS2307: Cannot find module '../slices/emergencyContactsSlice' or its corresponding type declarations.
src/hooks/shared/allDomainHooks.ts(78,8): error TS2307: Cannot find module '../slices/documentsSlice' or its corresponding type declarations.
src/hooks/shared/allDomainHooks.ts(86,8): error TS2307: Cannot find module '../slices/communicationSlice' or its corresponding type declarations.
src/hooks/shared/allDomainHooks.ts(94,8): error TS2307: Cannot find module '../slices/inventorySlice' or its corresponding type declarations.
src/hooks/shared/allDomainHooks.ts(102,8): error TS2307: Cannot find module '../slices/reportsSlice' or its corresponding type declarations.
src/hooks/shared/allDomainHooks.ts(108,8): error TS2307: Cannot find module '../slices/settingsSlice' or its corresponding type declarations.
src/hooks/shared/allDomainHooks.ts(115,8): error TS2307: Cannot find module '../slices/districtsSlice' or its corresponding type declarations.
src/hooks/shared/allDomainHooks.ts(123,8): error TS2307: Cannot find module '../slices/schoolsSlice' or its corresponding type declarations.
src/hooks/shared/domainHooks.ts(11,45): error TS2307: Cannot find module '../reduxStore' or its corresponding type declarations.
src/hooks/shared/domainHooks.ts(12,87): error TS2307: Cannot find module '../slices/authSlice' or its corresponding type declarations.
src/hooks/shared/domainHooks.ts(35,8): error TS2307: Cannot find module '../slices/incidentReportsSlice' or its corresponding type declarations.
src/hooks/shared/reduxHooks.ts(2,45): error TS2307: Cannot find module '../reduxStore' or its corresponding type declarations.
src/hooks/shared/reduxHooks.ts(3,87): error TS2307: Cannot find module '../slices/authSlice' or its corresponding type declarations.
src/hooks/shared/reduxHooks.ts(26,8): error TS2307: Cannot find module '../slices/incidentReportsSlice' or its corresponding type declarations.
src/hooks/shared/store-hooks-index.ts(16,45): error TS2307: Cannot find module '../reduxStore' or its corresponding type declarations.
src/hooks/shared/store-hooks-index.ts(17,68): error TS2307: Cannot find module '../types/entityTypes' or its corresponding type declarations.
src/hooks/shared/useAudit.ts(47,75): error TS2307: Cannot find module './AuditService' or its corresponding type declarations.
src/hooks/shared/useAudit.ts(54,8): error TS2307: Cannot find module './types' or its corresponding type declarations.
src/hooks/utilities/AuthContext.enhanced.tsx(16,25): error TS2307: Cannot find module '../services/modules/authApi' or its corresponding type declarations.
src/hooks/utilities/AuthContext.enhanced.tsx(17,22): error TS2307: Cannot find module '../types' or its corresponding type declarations.
src/hooks/utilities/AuthContext.enhanced.tsx(18,33): error TS2307: Cannot find module '../components/SessionExpiredModal' or its corresponding type declarations.
src/hooks/utilities/AuthContext.enhanced.tsx(19,36): error TS2307: Cannot find module '../services/security/SecureTokenManager' or its corresponding type declarations.
src/hooks/utilities/AuthContext.enhanced.tsx(20,32): error TS2307: Cannot find module '../services/security/CsrfProtection' or its corresponding type declarations.
src/hooks/utilities/AuthContext.enhanced.tsx(21,75): error TS2307: Cannot find module '../services/audit/AuditService' or its corresponding type declarations.
src/hooks/utilities/AuthContext.enhanced.tsx(22,31): error TS2307: Cannot find module '../config/queryClient' or its corresponding type declarations.
src/hooks/utilities/AuthContext.tsx(14,25): error TS2307: Cannot find module '../services/api' or its corresponding type declarations.
src/hooks/utilities/AuthContext.tsx(15,22): error TS2307: Cannot find module '../types' or its corresponding type declarations.
src/hooks/utilities/AuthContext.tsx(16,33): error TS2307: Cannot find module '../components/SessionExpiredModal' or its corresponding type declarations.
src/hooks/utilities/AuthContext.tsx(17,93): error TS2307: Cannot find module '../utils/tokenSecurity' or its corresponding type declarations.
src/hooks/utilities/legacy-contextMigration.tsx(10,45): error TS2307: Cannot find module '../../reduxStore' or its corresponding type declarations.
src/hooks/utilities/routeValidation.ts(40,8): error TS2307: Cannot find module '../types/incidents' or its corresponding type declarations.
src/hooks/utilities/studentRedux.ts(15,34): error TS2307: Cannot find module './queryKeys' or its corresponding type declarations.
src/hooks/utilities/studentRedux.ts(16,33): error TS2307: Cannot find module './utils' or its corresponding type declarations.
src/hooks/utilities/studentUtils.ts(18,55): error TS2307: Cannot find module './queryKeys' or its corresponding type declarations.
src/hooks/utilities/studentUtils.ts(19,29): error TS2307: Cannot find module './cacheConfig' or its corresponding type declarations.
src/hooks/utilities/useCommunicationOptions.ts(23,29): error TS2307: Cannot find module '../services/config/apiConfig' or its corresponding type declarations.
src/hooks/utilities/useMedicationsRoute.ts(26,8): error TS2307: Cannot find module '@/hooks/useOptimisticMedications' or its corresponding type declarations.
src/hooks/utilities/useMedicationsRoute.ts(27,31): error TS2307: Cannot find module '@/hooks/useRouteState' or its corresponding type declarations.
src/hooks/utilities/useMedicationsRoute.ts(28,26): error TS2307: Cannot find module '@/hooks/useToast' or its corresponding type declarations.
src/hooks/utilities/useMedicationsRoute.ts(29,36): error TS2307: Cannot find module '@/hooks/useMedicationToast' or its corresponding type declarations.
src/hooks/utilities/useMedicationToast.ts(14,37): error TS2307: Cannot find module '../types/medications' or its corresponding type declarations.
src/hooks/utilities/useOfflineQueue.ts(27,35): error TS2307: Cannot find module '../api' or its corresponding type declarations.
src/hooks/utilities/useOfflineQueue.ts(28,62): error TS2307: Cannot find module '../api' or its corresponding type declarations.
src/hooks/utilities/useReminderManagement.ts(14,32): error TS2307: Cannot find module '../services/api' or its corresponding type declarations.
src/hooks/utilities/useStudentSelection.ts(10,48): error TS2307: Cannot find module '@/stores/hooks' or its corresponding type declarations.
src/hooks/utilities/useStudentSelection.ts(17,8): error TS2307: Cannot find module '@/stores/slices/studentsSlice' or its corresponding type declarations.
src/hooks/utilities/useStudentsRoute.ts(23,8): error TS2307: Cannot find module '@/hooks/useOptimisticStudents' or its corresponding type declarations.
src/hooks/utilities/useStudentsRoute.ts(24,31): error TS2307: Cannot find module '@/hooks/useRouteState' or its corresponding type declarations.
src/hooks/utilities/useStudentsRoute.ts(25,26): error TS2307: Cannot find module '@/hooks/useToast' or its corresponding type declarations.
src/hooks/utilities/useStudentsRouteEnhanced.ts(36,8): error TS2307: Cannot find module '@/hooks/useOptimisticStudents' or its corresponding type declarations.
src/hooks/utilities/useStudentsRouteEnhanced.ts(37,65): error TS2307: Cannot find module '@/hooks/useRouteState' or its corresponding type declarations.
src/hooks/utilities/useStudentsRouteEnhanced.ts(38,26): error TS2307: Cannot find module '@/hooks/useToast' or its corresponding type declarations.
src/hooks/utilities/useStudentViewManagement.ts(9,48): error TS2307: Cannot find module '@/stores/hooks' or its corresponding type declarations.
src/hooks/utilities/useStudentViewManagement.ts(24,8): error TS2307: Cannot find module '@/stores/slices/studentsSlice' or its corresponding type declarations.
src/hooks/utilities/useSystemHealth.ts(21,35): error TS2307: Cannot find module '../../api' or its corresponding type declarations.
src/hooks/utilities/useSystemHealth.ts(22,35): error TS2307: Cannot find module '../types' or its corresponding type declarations.
src/middleware/redux/index.ts(12,15): error TS2307: Cannot find module './stateSyncMiddleware.examples' or its corresponding type declarations.
src/pages/access-control/routes.tsx(9,32): error TS2307: Cannot find module '../../components/auth/ProtectedRoute' or its corresponding type declarations.
src/pages/admin/Inventory.tsx(28,65): error TS2307: Cannot find module '@/hooks/useRouteState' or its corresponding type declarations.
src/pages/admin/Inventory.tsx(29,34): error TS2307: Cannot find module './hooks/useInventoryData' or its corresponding type declarations.
src/pages/admin/Inventory.tsx(30,37): error TS2307: Cannot find module './hooks/useInventoryFilters' or its corresponding type declarations.
src/pages/admin/Inventory.tsx(31,29): error TS2307: Cannot find module './components/InventoryHeader' or its corresponding type declarations.
src/pages/admin/Inventory.tsx(32,33): error TS2307: Cannot find module './components/InventoryStatistics' or its corresponding type declarations.
src/pages/admin/Inventory.tsx(33,29): error TS2307: Cannot find module './components/InventoryAlerts' or its corresponding type declarations.
src/pages/admin/Inventory.tsx(34,27): error TS2307: Cannot find module './components/InventoryTabs' or its corresponding type declarations.
src/pages/admin/Inventory.tsx(35,35): error TS2307: Cannot find module './components/InventoryLoadingState' or its corresponding type declarations.
src/pages/admin/Inventory.tsx(41,74): error TS2307: Cannot find module './types' or its corresponding type declarations.
src/pages/admin/Reports.tsx(18,28): error TS2307: Cannot find module '../../services/reportsApi' or its corresponding type declarations.
src/pages/admin/Reports.tsx(21,41): error TS2307: Cannot find module './types' or its corresponding type declarations.
src/pages/appointments/AppointmentDetail.tsx(16,32): error TS2307: Cannot find module '../../contexts/AuthContext' or its corresponding type declarations.
src/pages/appointments/Appointments.tsx(17,32): error TS2307: Cannot find module '../../contexts/AuthContext' or its corresponding type declarations.
src/pages/appointments/AppointmentSchedule.tsx(16,33): error TS2307: Cannot find module '../../services/modules/health/appointmentsApi' or its corresponding type declarations.
src/pages/appointments/AppointmentSchedule.tsx(17,29): error TS2307: Cannot find module '../../services/modules/health/studentsApi' or its corresponding type declarations.
src/pages/appointments/AppointmentSchedule.tsx(18,32): error TS2307: Cannot find module '../../contexts/AuthContext' or its corresponding type declarations.
src/pages/appointments/store/appointmentsSlice.ts(8,53): error TS2307: Cannot find module '../sliceFactory' or its corresponding type declarations.
src/pages/appointments/store/appointmentsSlice.ts(9,29): error TS2307: Cannot find module '../../types/student.types' or its corresponding type declarations.
src/pages/appointments/store/appointmentsSlice.ts(10,33): error TS2307: Cannot find module '../../services/api' or its corresponding type declarations.
src/pages/auth/Login.tsx(12,32): error TS2307: Cannot find module '../../contexts/AuthContext' or its corresponding type declarations.
src/pages/compliance/routes.tsx(10,32): error TS2307: Cannot find module '../../components/auth/ProtectedRoute' or its corresponding type declarations.
src/pages/configuration/routes.tsx(8,51): error TS2307: Cannot find module './components/ConfigurationList' or its corresponding type declarations.
src/pages/configuration/routes.tsx(9,53): error TS2307: Cannot find module './components/ConfigurationEditor' or its corresponding type declarations.
src/pages/configuration/routes.tsx(10,54): error TS2307: Cannot find module './components/ConfigurationHistory' or its corresponding type declarations.
src/pages/configuration/routes.tsx(11,59): error TS2307: Cannot find module './components/ConfigurationImportExport' or its corresponding type declarations.
src/pages/configuration/routes.tsx(12,59): error TS2307: Cannot find module './components/PublicConfigurationViewer' or its corresponding type declarations.
src/pages/configuration/routes.tsx(13,56): error TS2307: Cannot find module './components/ConfigurationTemplates' or its corresponding type declarations.
src/pages/configuration/routes.tsx(14,56): error TS2307: Cannot find module './components/ConfigurationValidator' or its corresponding type declarations.
src/pages/configuration/routes.tsx(15,53): error TS2307: Cannot find module './components/ConfigurationBackup' or its corresponding type declarations.
src/pages/configuration/routes.tsx(16,47): error TS2307: Cannot find module './components/SecurityAudit' or its corresponding type declarations.
src/pages/dashboard/components/DashboardOverview.tsx(33,34): error TS2307: Cannot find module './DashboardFilters' or its corresponding type declarations.
src/pages/dashboard/components/DashboardOverview.tsx(39,40): error TS2307: Cannot find module '../../../store' or its corresponding type declarations.
src/pages/dashboard/Dashboard.tsx(22,32): error TS2307: Cannot find module '../../contexts/AuthContext' or its corresponding type declarations.
src/pages/health/Appointments.tsx(21,33): error TS2307: Cannot find module '../../services/api' or its corresponding type declarations.
src/pages/health/Appointments.tsx(23,34): error TS2307: Cannot find module '../../components/features/appointments/components/AppointmentFormModal' or its corresponding type declarations.
src/pages/health/Appointments.tsx(24,32): error TS2307: Cannot find module '../../contexts/AuthContext' or its corresponding type declarations.
src/pages/health/Appointments.tsx(32,65): error TS2307: Cannot find module '@/hooks/useRouteState' or its corresponding type declarations.
src/pages/health/Appointments.tsx(33,37): error TS2307: Cannot find module './hooks/useAppointmentsData' or its corresponding type declarations.
src/pages/health/Appointments.tsx(34,74): error TS2307: Cannot find module './types' or its corresponding type declarations.
src/pages/health/HealthRecords.tsx(29,32): error TS2307: Cannot find module '../../contexts/AuthContext' or its corresponding type declarations.
src/pages/health/HealthRecords.tsx(31,37): error TS2307: Cannot find module '@/hooks/useRouteState' or its corresponding type declarations.
src/pages/health/HealthRecords.tsx(32,42): error TS2307: Cannot find module './hooks/useHealthRecordsPageData' or its corresponding type declarations.
src/pages/health/HealthRecords.tsx(33,33): error TS2307: Cannot find module './components/HealthRecordsHeader' or its corresponding type declarations.
src/pages/health/HealthRecords.tsx(34,33): error TS2307: Cannot find module '../../components/StudentSelector' or its corresponding type declarations.
src/pages/health/HealthRecords.tsx(35,27): error TS2307: Cannot find module '../../components/healthRecords/shared/StatsCard' or its corresponding type declarations.
src/pages/health/HealthRecords.tsx(36,31): error TS2307: Cannot find module '../../components/healthRecords/shared/TabNavigation' or its corresponding type declarations.
src/pages/health/HealthRecords.tsx(37,29): error TS2307: Cannot find module '../../components/healthRecords/tabs/OverviewTab' or its corresponding type declarations.
src/pages/health/HealthRecords.tsx(38,28): error TS2307: Cannot find module '../../components/healthRecords/tabs/RecordsTab' or its corresponding type declarations.
src/pages/health/HealthRecords.tsx(39,30): error TS2307: Cannot find module '../../components/healthRecords/tabs/AllergiesTab' or its corresponding type declarations.
src/pages/health/HealthRecords.tsx(40,38): error TS2307: Cannot find module '../../components/healthRecords/tabs/ChronicConditionsTab' or its corresponding type declarations.
src/pages/health/HealthRecords.tsx(41,33): error TS2307: Cannot find module '../../components/healthRecords/tabs/VaccinationsTab' or its corresponding type declarations.
src/pages/health/HealthRecords.tsx(42,33): error TS2307: Cannot find module '../../components/healthRecords/tabs/GrowthChartsTab' or its corresponding type declarations.
src/pages/health/HealthRecords.tsx(43,31): error TS2307: Cannot find module '../../components/healthRecords/tabs/ScreeningsTab' or its corresponding type declarations.
src/pages/health/HealthRecords.tsx(44,27): error TS2307: Cannot find module '../../components/healthRecords/tabs/VitalsTab' or its corresponding type declarations.
src/pages/health/HealthRecords.tsx(45,30): error TS2307: Cannot find module '../../components/healthRecords/tabs/AnalyticsTab' or its corresponding type declarations.
src/pages/health/HealthRecords.tsx(46,37): error TS2307: Cannot find module '../../components/modals/SessionExpiredModal' or its corresponding type declarations.
src/pages/health/HealthRecords.tsx(47,40): error TS2307: Cannot find module '../../components/modals/SensitiveRecordWarning' or its corresponding type declarations.
src/pages/health/HealthRecords.tsx(48,35): error TS2307: Cannot find module '../../components/modals/HealthRecordModal' or its corresponding type declarations.
src/pages/health/HealthRecords.tsx(50,30): error TS2307: Cannot find module './types' or its corresponding type declarations.
src/pages/health/HealthRecords.tsx(51,42): error TS2307: Cannot find module './types' or its corresponding type declarations.
src/pages/health/Medications.tsx(28,51): error TS2307: Cannot find module '@/hooks/useRouteState' or its corresponding type declarations.
src/pages/health/Medications.tsx(29,36): error TS2307: Cannot find module './hooks/useMedicationsData' or its corresponding type declarations.
src/pages/health/Medications.tsx(30,31): error TS2307: Cannot find module './components/MedicationsHeader' or its corresponding type declarations.
src/pages/health/Medications.tsx(31,29): error TS2307: Cannot find module './components/MedicationsTabs' or its corresponding type declarations.
src/pages/health/Medications.tsx(32,32): error TS2307: Cannot find module './components/AddMedicationModal' or its corresponding type declarations.
src/pages/health/Medications.tsx(33,36): error TS2307: Cannot find module './components/MedicationDetailsModal' or its corresponding type declarations.
src/pages/health/Medications.tsx(34,36): error TS2307: Cannot find module '@/components/medications/tabs/MedicationsOverviewTab' or its corresponding type declarations.
src/pages/health/Medications.tsx(35,32): error TS2307: Cannot find module '@/components/medications/tabs/MedicationsListTab' or its corresponding type declarations.
src/pages/health/Medications.tsx(36,37): error TS2307: Cannot find module '@/components/medications/tabs/MedicationsInventoryTab' or its corresponding type declarations.
src/pages/health/Medications.tsx(37,37): error TS2307: Cannot find module '@/components/medications/tabs/MedicationsRemindersTab' or its corresponding type declarations.
src/pages/health/Medications.tsx(38,44): error TS2307: Cannot find module '@/components/medications/tabs/MedicationsAdverseReactionsTab' or its corresponding type declarations.
src/pages/health/Medications.tsx(45,8): error TS2307: Cannot find module './types' or its corresponding type declarations.
src/pages/incidents/IncidentReportDetail.tsx(33,25): error TS2307: Cannot find module './index.main' or its corresponding type declarations.
src/pages/incidents/IncidentReports.tsx(20,25): error TS2307: Cannot find module './index.main' or its corresponding type declarations.
src/pages/incidents/IncidentReports.tsx(23,46): error TS2307: Cannot find module './IncidentWitnesses' or its corresponding type declarations.
src/pages/incidents/IncidentReports.tsx(24,44): error TS2307: Cannot find module './IncidentActions' or its corresponding type declarations.
src/pages/incidents/IncidentReports.tsx(25,45): error TS2307: Cannot find module './IncidentEvidence' or its corresponding type declarations.
src/pages/incidents/IncidentReports.tsx(26,45): error TS2307: Cannot find module './IncidentTimeline' or its corresponding type declarations.
src/pages/incidents/IncidentReports.tsx(27,43): error TS2307: Cannot find module './IncidentExport' or its corresponding type declarations.
src/pages/incidents/index.ts(8,38): error TS2307: Cannot find module './Incidents' or its corresponding type declarations.
src/pages/incidents/store/incidentReportsSlice.ts(31,36): error TS2307: Cannot find module '../../services/modules/incidentReportsApi' or its corresponding type declarations.
src/pages/incidents/store/incidentReportsSlice.ts(34,8): error TS2307: Cannot find module '../../types/incidents' or its corresponding type declarations.
src/pages/incidents/store/incidentReportsSlice.ts(47,8): error TS2307: Cannot find module '../../types/incidents' or its corresponding type declarations.
src/pages/incidents/store/incidentReportsSlice.ts(745,32): error TS2307: Cannot find module '../reduxStore' or its corresponding type declarations.
src/pages/inventory/InventoryAlerts.tsx(16,32): error TS2307: Cannot find module '../../contexts/AuthContext' or its corresponding type declarations.
src/pages/inventory/InventoryItems.tsx(64,40): error TS2307: Cannot find module '../../store' or its corresponding type declarations.
src/pages/inventory/InventoryTransactions.tsx(15,32): error TS2307: Cannot find module '../../contexts/AuthContext' or its corresponding type declarations.
src/pages/inventory/InventoryVendors.tsx(14,32): error TS2307: Cannot find module '../../contexts/AuthContext' or its corresponding type declarations.
src/pages/medications/components/AdverseReactionsTab.tsx(14,44): error TS2307: Cannot find module '../../../ui/feedback' or its corresponding type declarations.
src/pages/medications/components/AdverseReactionsTab.tsx(15,36): error TS2307: Cannot find module '../../../../hooks/domains/medications' or its corresponding type declarations.
src/pages/medications/components/AdverseReactionsTab.tsx(16,46): error TS2307: Cannot find module '../../../../utils/medications' or its corresponding type declarations.
src/pages/medications/components/AdverseReactionsTab.tsx(17,38): error TS2307: Cannot find module '../../../../types/api' or its corresponding type declarations.
src/pages/medications/components/index.ts(44,32): error TS2307: Cannot find module './MedicationForm' or its corresponding type declarations.
src/pages/medications/components/InventoryTab.tsx(14,57): error TS2307: Cannot find module '../../../' or its corresponding type declarations.
src/pages/medications/components/InventoryTab.tsx(15,36): error TS2307: Cannot find module '../../../../hooks/domains/medications' or its corresponding type declarations.
src/pages/medications/components/InventoryTab.tsx(16,65): error TS2307: Cannot find module '../../../../utils/medications' or its corresponding type declarations.
src/pages/medications/components/InventoryTab.tsx(17,42): error TS2307: Cannot find module '../../../../types/api' or its corresponding type declarations.
src/pages/medications/components/MedicationCard.tsx(9,28): error TS2307: Cannot find module '../../../types/medication.types' or its corresponding type declarations.
src/pages/medications/components/MedicationsTab.tsx(14,57): error TS2307: Cannot find module '../../../' or its corresponding type declarations.
src/pages/medications/components/MedicationsTab.tsx(15,36): error TS2307: Cannot find module '../../../../hooks/domains/medications' or its corresponding type declarations.
src/pages/medications/components/MedicationsTab.tsx(16,44): error TS2307: Cannot find module '../../../../utils/medications' or its corresponding type declarations.
src/pages/medications/components/MedicationsTab.tsx(17,48): error TS2307: Cannot find module '../../../../types' or its corresponding type declarations.
src/pages/medications/components/OverviewTab.tsx(14,36): error TS2307: Cannot find module '../../../../types/medications' or its corresponding type declarations.
src/pages/medications/components/RemindersTab.tsx(14,44): error TS2307: Cannot find module '../../../' or its corresponding type declarations.
src/pages/medications/components/RemindersTab.tsx(15,36): error TS2307: Cannot find module '../../../../hooks/domains/medications' or its corresponding type declarations.
src/pages/medications/components/RemindersTab.tsx(16,39): error TS2307: Cannot find module '../../../../hooks/utilities' or its corresponding type declarations.
src/pages/medications/components/RemindersTab.tsx(17,28): error TS2307: Cannot find module '../../../../utils/medications' or its corresponding type declarations.
src/pages/medications/components/RemindersTab.tsx(18,41): error TS2307: Cannot find module '../../../../types/api' or its corresponding type declarations.
src/pages/medications/components/tabs/MedicationsInventoryTab.tsx(15,40): error TS2307: Cannot find module '../../../../../hooks/domains/inventory' or its corresponding type declarations.
src/pages/medications/components/tabs/MedicationsInventoryTab.tsx(16,40): error TS2307: Cannot find module '../../../../../utils/medications' or its corresponding type declarations.
src/pages/medications/components/tabs/MedicationsListTab.tsx(15,45): error TS2307: Cannot find module '../../../../../hooks/domains/medications' or its corresponding type declarations.
src/pages/medications/components/tabs/MedicationsListTab.tsx(16,29): error TS2307: Cannot find module '../../../../../hooks/domains/students' or its corresponding type declarations.
src/pages/medications/index.ts(8,40): error TS2307: Cannot find module './Medications' or its corresponding type declarations.
src/pages/medications/store/medicationsSlice.ts(8,53): error TS2307: Cannot find module '../sliceFactory' or its corresponding type declarations.
src/pages/medications/store/medicationsSlice.ts(9,35): error TS2307: Cannot find module '../../types/student.types' or its corresponding type declarations.
src/pages/medications/store/medicationsSlice.ts(10,32): error TS2307: Cannot find module '../../services/api' or its corresponding type declarations.
src/pages/reports/ReportsGenerate.tsx(15,32): error TS2307: Cannot find module '../../contexts/AuthContext' or its corresponding type declarations.
src/pages/reports/ScheduledReports.tsx(15,32): error TS2307: Cannot find module '../../contexts/AuthContext' or its corresponding type declarations.
src/pages/students/components/StudentHealthRecord.tsx(16,32): error TS2307: Cannot find module '../../../../contexts/AuthContext' or its corresponding type declarations.
src/pages/students/components/StudentHealthRecord.tsx(17,34): error TS2307: Cannot find module '../../../../services/api' or its corresponding type declarations.
src/pages/students/components/StudentSelector.tsx(15,29): error TS2307: Cannot find module '../../../../services/api' or its corresponding type declarations.
src/pages/students/store/emergencyContactsSlice.ts(8,53): error TS2307: Cannot find module '../sliceFactory' or its corresponding type declarations.
src/pages/students/store/emergencyContactsSlice.ts(9,90): error TS2307: Cannot find module '../../types/student.types' or its corresponding type declarations.
src/pages/students/store/emergencyContactsSlice.ts(10,38): error TS2307: Cannot find module '../../services/api' or its corresponding type declarations.
src/pages/students/store/healthRecordsSlice.ts(8,53): error TS2307: Cannot find module '../sliceFactory' or its corresponding type declarations.
src/pages/students/store/healthRecordsSlice.ts(9,30): error TS2307: Cannot find module '../../types/student.types' or its corresponding type declarations.
src/pages/students/store/healthRecordsSlice.ts(10,34): error TS2307: Cannot find module '../../services/api' or its corresponding type declarations.
src/pages/students/store/studentsSlice.ts(9,79): error TS2307: Cannot find module '../../types/student.types' or its corresponding type declarations.
src/pages/students/store/studentsSlice.ts(10,29): error TS2307: Cannot find module '../../services/api' or its corresponding type declarations.
src/pages/students/Students.tsx(24,32): error TS2307: Cannot find module '../../contexts/AuthContext' or its corresponding type declarations.
src/pages/vendor/routes.tsx(11,46): error TS2307: Cannot find module './components/VendorEditor' or its corresponding type declarations.
src/pages/vendor/routes.tsx(12,50): error TS2307: Cannot find module './components/VendorComparison' or its corresponding type declarations.
src/pages/vendor/routes.tsx(13,49): error TS2307: Cannot find module './components/VendorAnalytics' or its corresponding type declarations.
src/pages/vendor/routes.tsx(14,50): error TS2307: Cannot find module './components/VendorStatistics' or its corresponding type declarations.
src/pages/vendor/routes.tsx(15,44): error TS2307: Cannot find module './components/TopVendors' or its corresponding type declarations.
src/pages/vendor/routes.tsx(16,58): error TS2307: Cannot find module './components/VendorPerformanceMetrics' or its corresponding type declarations.
src/pages/vendor/routes.tsx(17,52): error TS2307: Cannot find module './components/VendorImportExport' or its corresponding type declarations.
src/routes/guards.tsx(30,32): error TS2307: Cannot find module '../contexts/AuthContext' or its corresponding type declarations.
src/routes/guards.tsx(32,28): error TS2307: Cannot find module '../components/LoadingSpinner' or its corresponding type declarations.
src/services/modules/AdministrationService.ts(53,8): error TS2307: Cannot find module '../../types/administration.types' or its corresponding type declarations.
src/services/modules/documentsApi.ts(43,8): error TS2307: Cannot find module '../types/documents' or its corresponding type declarations.
src/stores/domains/administration/hooks.ts(8,32): error TS2307: Cannot find module '../../hooks/reduxHooks' or its corresponding type declarations.
src/stores/domains/communication/hooks.ts(5,32): error TS2307: Cannot find module '../../hooks/reduxHooks' or its corresponding type declarations.
src/stores/domains/core/hooks.ts(57,48): error TS2307: Cannot find module '../../hooks/reduxHooks' or its corresponding type declarations.
src/stores/domains/healthcare/index.ts(21,8): error TS2307: Cannot find module '../../slices/healthRecordsSlice' or its corresponding type declarations.
src/stores/domains/healthcare/index.ts(35,8): error TS2307: Cannot find module '../../slices/medicationsSlice' or its corresponding type declarations.
src/stores/domains/healthcare/index.ts(45,8): error TS2307: Cannot find module '../../slices/appointmentsSlice' or its corresponding type declarations.
src/stores/domains/healthcare/index.ts(94,8): error TS2307: Cannot find module '../../slices/incidentReportsSlice' or its corresponding type declarations.
src/stores/domains/healthcare/index.ts(104,8): error TS2307: Cannot find module '../../slices/emergencyContactsSlice' or its corresponding type declarations.
src/stores/domains/healthcare/index.ts(118,8): error TS2307: Cannot find module '../../slices/studentsSlice' or its corresponding type declarations.
src/stores/domains/healthcare/index.ts(122,15): error TS2307: Cannot find module './hooks' or its corresponding type declarations.
src/stores/domains/healthcare/workflows/emergencyWorkflows.ts(13,42): error TS2307: Cannot find module '../../../slices/emergencyContactsSlice' or its corresponding type declarations.
src/stores/domains/healthcare/workflows/emergencyWorkflows.ts(15,40): error TS2307: Cannot find module '../../../slices/incidentReportsSlice' or its corresponding type declarations.
src/stores/domains/healthcare/workflows/medicationWorkflows.ts(13,36): error TS2307: Cannot find module '../../../slices/medicationsSlice' or its corresponding type declarations.
src/stores/domains/healthcare/workflows/medicationWorkflows.ts(14,33): error TS2307: Cannot find module '../../../slices/studentsSlice' or its corresponding type declarations.
src/stores/shared/api/serviceIntegration.ts(12,29): error TS2307: Cannot find module '../../../services/api' or its corresponding type declarations.
src/stores/shared/api/serviceIntegration.ts(13,32): error TS2307: Cannot find module '../../../services/api' or its corresponding type declarations.
src/stores/shared/api/serviceIntegration.ts(14,33): error TS2307: Cannot find module '../../../services/api' or its corresponding type declarations.
src/stores/shared/api/serviceIntegration.ts(15,34): error TS2307: Cannot find module '../../../services/api' or its corresponding type declarations.
src/stores/shared/api/serviceIntegration.ts(16,38): error TS2307: Cannot find module '../../../services/api' or its corresponding type declarations.
src/stores/shared/api/serviceIntegration.ts(17,30): error TS2307: Cannot find module '../../../services/api' or its corresponding type declarations.
src/stores/shared/api/serviceIntegration.ts(18,34): error TS2307: Cannot find module '../../../services/api' or its corresponding type declarations.
src/stores/shared/api/serviceIntegration.ts(19,30): error TS2307: Cannot find module '../../../services/api' or its corresponding type declarations.
src/stores/shared/api/serviceIntegration.ts(20,28): error TS2307: Cannot find module '../../../services/api' or its corresponding type declarations.
src/stores/shared/api/serviceIntegration.ts(21,35): error TS2307: Cannot find module '../../../services/api' or its corresponding type declarations.
src/stores/shared/api/tanstackIntegration.ts(350,29): error TS2307: Cannot find module '../../../../../services/api' or its corresponding type declarations.
src/stores/shared/api/tanstackIntegration.ts(362,29): error TS2307: Cannot find module '../../../services/api' or its corresponding type declarations.
src/stores/shared/api/tanstackIntegration.ts(370,29): error TS2307: Cannot find module '../../../services/api' or its corresponding type declarations.
src/stores/shared/api/tanstackIntegration.ts(378,29): error TS2307: Cannot find module '../../../services/api' or its corresponding type declarations.
src/stores/shared/api/tanstackIntegration.ts(390,29): error TS2307: Cannot find module '../../../services/api' or its corresponding type declarations.
src/stores/shared/legacy/index.ts(11,15): error TS2307: Cannot find module './contextMigration' or its corresponding type declarations.
src/stores/slices/communicationSlice.ts(9,34): error TS2307: Cannot find module '../../services/api' or its corresponding type declarations.
src/stores/slices/districtsSlice.ts(10,35): error TS2307: Cannot find module '../../services/api' or its corresponding type declarations.
src/stores/slices/documentsSlice.ts(9,30): error TS2307: Cannot find module '../../services/api' or its corresponding type declarations.
src/stores/slices/inventorySlice.ts(9,30): error TS2307: Cannot find module '../../services/api' or its corresponding type declarations.
src/stores/slices/reportsSlice.ts(9,28): error TS2307: Cannot find module '../../services/api' or its corresponding type declarations.
src/stores/slices/schoolsSlice.ts(10,35): error TS2307: Cannot find module '../../services/api' or its corresponding type declarations.
src/stores/slices/settingsSlice.ts(10,35): error TS2307: Cannot find module '../../services/api' or its corresponding type declarations.
src/stores/slices/usersSlice.ts(10,35): error TS2307: Cannot find module '../../services/api' or its corresponding type declarations.
src/stores/utils/errorHandling.tsx(10,32): error TS2307: Cannot find module '../hooks' or its corresponding type declarations.
src/stores/utils/performanceUtils.tsx(9,32): error TS2307: Cannot find module '../hooks' or its corresponding type declarations.
src/stores/utils/reduxHOCs.tsx(9,48): error TS2307: Cannot find module '../hooks' or its corresponding type declarations.
src/stores/utils/reduxHOCs.tsx(11,28): error TS2307: Cannot find module '@/components/LoadingSpinner' or its corresponding type declarations.
src/stores/utils/reduxHOCs.tsx(12,26): error TS2307: Cannot find module '@/components/ErrorMessage' or its corresponding type declarations.
