src/hooks/shared/allDomainHooks.ts(44,8): error TS2307: Cannot find module '@/stores/slices/healthRecordsSlice' or its corresponding type declarations.
src/hooks/shared/allDomainHooks.ts(53,8): error TS2307: Cannot find module '@/stores/slices/medicationsSlice' or its corresponding type declarations.
src/hooks/shared/allDomainHooks.ts(62,8): error TS2307: Cannot find module '@/stores/slices/appointmentsSlice' or its corresponding type declarations.
src/hooks/shared/allDomainHooks.ts(70,8): error TS2307: Cannot find module '@/stores/slices/emergencyContactsSlice' or its corresponding type declarations.
src/hooks/shared/store-hooks-index.ts(17,68): error TS2307: Cannot find module '@/types/entityTypes' or its corresponding type declarations.
src/hooks/utilities/legacy-contextMigration.tsx(10,45): error TS2307: Cannot find module '../../reduxStore' or its corresponding type declarations.
src/hooks/utilities/useSystemHealth.ts(21,36): error TS2307: Cannot find module '../../api' or its corresponding type declarations.
src/middleware/redux/index.ts(12,15): error TS2307: Cannot find module './stateSyncMiddleware.examples' or its corresponding type declarations.
src/pages/access-control/routes.tsx(9,32): error TS2307: Cannot find module '../../components/auth/ProtectedRoute' or its corresponding type declarations.
src/pages/admin/Inventory.tsx(29,34): error TS2307: Cannot find module './hooks/useInventoryData' or its corresponding type declarations.
src/pages/admin/Inventory.tsx(30,37): error TS2307: Cannot find module './hooks/useInventoryFilters' or its corresponding type declarations.
src/pages/admin/Inventory.tsx(31,29): error TS2307: Cannot find module './components/InventoryHeader' or its corresponding type declarations.
src/pages/admin/Inventory.tsx(32,33): error TS2307: Cannot find module './components/InventoryStatistics' or its corresponding type declarations.
src/pages/admin/Inventory.tsx(33,29): error TS2307: Cannot find module './components/InventoryAlerts' or its corresponding type declarations.
src/pages/admin/Inventory.tsx(34,27): error TS2307: Cannot find module './components/InventoryTabs' or its corresponding type declarations.
src/pages/admin/Inventory.tsx(35,35): error TS2307: Cannot find module './components/InventoryLoadingState' or its corresponding type declarations.
src/pages/admin/Inventory.tsx(41,74): error TS2307: Cannot find module './types' or its corresponding type declarations.
src/pages/admin/Reports.tsx(18,28): error TS2307: Cannot find module '../../services/reportsApi' or its corresponding type declarations.
src/pages/admin/Reports.tsx(21,41): error TS2307: Cannot find module './types' or its corresponding type declarations.
src/pages/appointments/AppointmentSchedule.tsx(16,33): error TS2307: Cannot find module '../../services/modules/health/appointmentsApi' or its corresponding type declarations.
src/pages/appointments/AppointmentSchedule.tsx(17,29): error TS2307: Cannot find module '../../services/modules/health/studentsApi' or its corresponding type declarations.
src/pages/appointments/store/appointmentsSlice.ts(8,53): error TS2307: Cannot find module '../sliceFactory' or its corresponding type declarations.
src/pages/appointments/store/appointmentsSlice.ts(9,29): error TS2307: Cannot find module '../../types/student.types' or its corresponding type declarations.
src/pages/appointments/store/appointmentsSlice.ts(10,33): error TS2307: Cannot find module '../../services/api' or its corresponding type declarations.
src/pages/compliance/routes.tsx(10,32): error TS2307: Cannot find module '../../components/auth/ProtectedRoute' or its corresponding type declarations.
src/pages/configuration/routes.tsx(8,51): error TS2307: Cannot find module './components/ConfigurationList' or its corresponding type declarations.
src/pages/configuration/routes.tsx(9,53): error TS2307: Cannot find module './components/ConfigurationEditor' or its corresponding type declarations.
src/pages/configuration/routes.tsx(10,54): error TS2307: Cannot find module './components/ConfigurationHistory' or its corresponding type declarations.
src/pages/configuration/routes.tsx(11,59): error TS2307: Cannot find module './components/ConfigurationImportExport' or its corresponding type declarations.
src/pages/configuration/routes.tsx(12,59): error TS2307: Cannot find module './components/PublicConfigurationViewer' or its corresponding type declarations.
src/pages/configuration/routes.tsx(13,56): error TS2307: Cannot find module './components/ConfigurationTemplates' or its corresponding type declarations.
src/pages/configuration/routes.tsx(14,56): error TS2307: Cannot find module './components/ConfigurationValidator' or its corresponding type declarations.
src/pages/configuration/routes.tsx(15,53): error TS2307: Cannot find module './components/ConfigurationBackup' or its corresponding type declarations.
src/pages/configuration/routes.tsx(16,47): error TS2307: Cannot find module './components/SecurityAudit' or its corresponding type declarations.
src/pages/dashboard/components/DashboardOverview.tsx(33,34): error TS2307: Cannot find module './DashboardFilters' or its corresponding type declarations.
src/pages/dashboard/components/DashboardOverview.tsx(39,40): error TS2307: Cannot find module '../../../store' or its corresponding type declarations.
src/pages/health/Appointments.tsx(23,34): error TS2307: Cannot find module '../../components/features/appointments/components/AppointmentFormModal' or its corresponding type declarations.
src/pages/health/Appointments.tsx(33,37): error TS2307: Cannot find module './hooks/useAppointmentsData' or its corresponding type declarations.
src/pages/health/Appointments.tsx(34,74): error TS2307: Cannot find module './types' or its corresponding type declarations.
src/pages/health/HealthRecords.tsx(32,42): error TS2307: Cannot find module './hooks/useHealthRecordsPageData' or its corresponding type declarations.
src/pages/health/HealthRecords.tsx(33,33): error TS2307: Cannot find module './components/HealthRecordsHeader' or its corresponding type declarations.
src/pages/health/HealthRecords.tsx(34,33): error TS2307: Cannot find module '../../components/StudentSelector' or its corresponding type declarations.
src/pages/health/HealthRecords.tsx(35,27): error TS2307: Cannot find module '../../components/healthRecords/shared/StatsCard' or its corresponding type declarations.
src/pages/health/HealthRecords.tsx(36,31): error TS2307: Cannot find module '../../components/healthRecords/shared/TabNavigation' or its corresponding type declarations.
src/pages/health/HealthRecords.tsx(37,29): error TS2307: Cannot find module '../../components/healthRecords/tabs/OverviewTab' or its corresponding type declarations.
src/pages/health/HealthRecords.tsx(38,28): error TS2307: Cannot find module '../../components/healthRecords/tabs/RecordsTab' or its corresponding type declarations.
src/pages/health/HealthRecords.tsx(39,30): error TS2307: Cannot find module '../../components/healthRecords/tabs/AllergiesTab' or its corresponding type declarations.
src/pages/health/HealthRecords.tsx(40,38): error TS2307: Cannot find module '../../components/healthRecords/tabs/ChronicConditionsTab' or its corresponding type declarations.
src/pages/health/HealthRecords.tsx(41,33): error TS2307: Cannot find module '../../components/healthRecords/tabs/VaccinationsTab' or its corresponding type declarations.
src/pages/health/HealthRecords.tsx(42,33): error TS2307: Cannot find module '../../components/healthRecords/tabs/GrowthChartsTab' or its corresponding type declarations.
src/pages/health/HealthRecords.tsx(43,31): error TS2307: Cannot find module '../../components/healthRecords/tabs/ScreeningsTab' or its corresponding type declarations.
src/pages/health/HealthRecords.tsx(44,27): error TS2307: Cannot find module '../../components/healthRecords/tabs/VitalsTab' or its corresponding type declarations.
src/pages/health/HealthRecords.tsx(45,30): error TS2307: Cannot find module '../../components/healthRecords/tabs/AnalyticsTab' or its corresponding type declarations.
src/pages/health/HealthRecords.tsx(46,37): error TS2307: Cannot find module '../../components/modals/SessionExpiredModal' or its corresponding type declarations.
src/pages/health/HealthRecords.tsx(47,40): error TS2307: Cannot find module '../../components/modals/SensitiveRecordWarning' or its corresponding type declarations.
src/pages/health/HealthRecords.tsx(48,35): error TS2307: Cannot find module '../../components/modals/HealthRecordModal' or its corresponding type declarations.
src/pages/health/HealthRecords.tsx(50,30): error TS2307: Cannot find module './types' or its corresponding type declarations.
src/pages/health/HealthRecords.tsx(51,42): error TS2307: Cannot find module './types' or its corresponding type declarations.
src/pages/health/Medications.tsx(29,36): error TS2307: Cannot find module './hooks/useMedicationsData' or its corresponding type declarations.
src/pages/health/Medications.tsx(30,31): error TS2307: Cannot find module './components/MedicationsHeader' or its corresponding type declarations.
src/pages/health/Medications.tsx(31,29): error TS2307: Cannot find module './components/MedicationsTabs' or its corresponding type declarations.
src/pages/health/Medications.tsx(32,32): error TS2307: Cannot find module './components/AddMedicationModal' or its corresponding type declarations.
src/pages/health/Medications.tsx(33,36): error TS2307: Cannot find module './components/MedicationDetailsModal' or its corresponding type declarations.
src/pages/health/Medications.tsx(34,36): error TS2307: Cannot find module '@/components/medications/tabs/MedicationsOverviewTab' or its corresponding type declarations.
src/pages/health/Medications.tsx(35,32): error TS2307: Cannot find module '@/components/medications/tabs/MedicationsListTab' or its corresponding type declarations.
src/pages/health/Medications.tsx(36,37): error TS2307: Cannot find module '@/components/medications/tabs/MedicationsInventoryTab' or its corresponding type declarations.
src/pages/health/Medications.tsx(37,37): error TS2307: Cannot find module '@/components/medications/tabs/MedicationsRemindersTab' or its corresponding type declarations.
src/pages/health/Medications.tsx(38,44): error TS2307: Cannot find module '@/components/medications/tabs/MedicationsAdverseReactionsTab' or its corresponding type declarations.
src/pages/health/Medications.tsx(45,8): error TS2307: Cannot find module './types' or its corresponding type declarations.
src/pages/incidents/IncidentReportDetail.tsx(33,25): error TS2307: Cannot find module './index.main' or its corresponding type declarations.
src/pages/incidents/IncidentReports.tsx(20,25): error TS2307: Cannot find module './index.main' or its corresponding type declarations.
src/pages/incidents/IncidentReports.tsx(23,46): error TS2307: Cannot find module './IncidentWitnesses' or its corresponding type declarations.
src/pages/incidents/IncidentReports.tsx(24,44): error TS2307: Cannot find module './IncidentActions' or its corresponding type declarations.
src/pages/incidents/IncidentReports.tsx(25,45): error TS2307: Cannot find module './IncidentEvidence' or its corresponding type declarations.
src/pages/incidents/IncidentReports.tsx(26,45): error TS2307: Cannot find module './IncidentTimeline' or its corresponding type declarations.
src/pages/incidents/IncidentReports.tsx(27,43): error TS2307: Cannot find module './IncidentExport' or its corresponding type declarations.
src/pages/incidents/index.ts(8,38): error TS2307: Cannot find module './Incidents' or its corresponding type declarations.
src/pages/incidents/store/incidentReportsSlice.ts(31,36): error TS2307: Cannot find module '../../services/modules/incidentReportsApi' or its corresponding type declarations.
src/pages/incidents/store/incidentReportsSlice.ts(34,8): error TS2307: Cannot find module '../../types/incidents' or its corresponding type declarations.
src/pages/incidents/store/incidentReportsSlice.ts(47,8): error TS2307: Cannot find module '../../types/incidents' or its corresponding type declarations.
src/pages/incidents/store/incidentReportsSlice.ts(745,32): error TS2307: Cannot find module '../reduxStore' or its corresponding type declarations.
src/pages/inventory/InventoryItems.tsx(64,40): error TS2307: Cannot find module '../../store' or its corresponding type declarations.
src/pages/medications/components/AdverseReactionsTab.tsx(14,44): error TS2307: Cannot find module '../../../ui/feedback' or its corresponding type declarations.
src/pages/medications/components/AdverseReactionsTab.tsx(15,36): error TS2307: Cannot find module '../../../../hooks/domains/medications' or its corresponding type declarations.
src/pages/medications/components/AdverseReactionsTab.tsx(16,46): error TS2307: Cannot find module '../../../../utils/medications' or its corresponding type declarations.
src/pages/medications/components/AdverseReactionsTab.tsx(17,38): error TS2307: Cannot find module '../../../../types/api' or its corresponding type declarations.
src/pages/medications/components/index.ts(44,32): error TS2307: Cannot find module './MedicationForm' or its corresponding type declarations.
src/pages/medications/components/InventoryTab.tsx(14,57): error TS2307: Cannot find module '../../../' or its corresponding type declarations.
src/pages/medications/components/InventoryTab.tsx(15,36): error TS2307: Cannot find module '../../../../hooks/domains/medications' or its corresponding type declarations.
src/pages/medications/components/InventoryTab.tsx(16,65): error TS2307: Cannot find module '../../../../utils/medications' or its corresponding type declarations.
src/pages/medications/components/InventoryTab.tsx(17,42): error TS2307: Cannot find module '../../../../types/api' or its corresponding type declarations.
src/pages/medications/components/MedicationCard.tsx(9,28): error TS2307: Cannot find module '../../../types/medication.types' or its corresponding type declarations.
src/pages/medications/components/MedicationsTab.tsx(14,57): error TS2307: Cannot find module '../../../' or its corresponding type declarations.
src/pages/medications/components/MedicationsTab.tsx(15,36): error TS2307: Cannot find module '../../../../hooks/domains/medications' or its corresponding type declarations.
src/pages/medications/components/MedicationsTab.tsx(16,44): error TS2307: Cannot find module '../../../../utils/medications' or its corresponding type declarations.
src/pages/medications/components/MedicationsTab.tsx(17,48): error TS2307: Cannot find module '../../../../types' or its corresponding type declarations.
src/pages/medications/components/OverviewTab.tsx(14,36): error TS2307: Cannot find module '../../../../types/medications' or its corresponding type declarations.
src/pages/medications/components/RemindersTab.tsx(14,44): error TS2307: Cannot find module '../../../' or its corresponding type declarations.
src/pages/medications/components/RemindersTab.tsx(15,36): error TS2307: Cannot find module '../../../../hooks/domains/medications' or its corresponding type declarations.
src/pages/medications/components/RemindersTab.tsx(16,39): error TS2307: Cannot find module '../../../../hooks/utilities' or its corresponding type declarations.
src/pages/medications/components/RemindersTab.tsx(17,28): error TS2307: Cannot find module '../../../../utils/medications' or its corresponding type declarations.
src/pages/medications/components/RemindersTab.tsx(18,41): error TS2307: Cannot find module '../../../../types/api' or its corresponding type declarations.
src/pages/medications/components/tabs/MedicationsInventoryTab.tsx(15,40): error TS2307: Cannot find module '../../../../../hooks/domains/inventory' or its corresponding type declarations.
src/pages/medications/components/tabs/MedicationsInventoryTab.tsx(16,40): error TS2307: Cannot find module '../../../../../utils/medications' or its corresponding type declarations.
src/pages/medications/components/tabs/MedicationsListTab.tsx(15,45): error TS2307: Cannot find module '../../../../../hooks/domains/medications' or its corresponding type declarations.
src/pages/medications/components/tabs/MedicationsListTab.tsx(16,29): error TS2307: Cannot find module '../../../../../hooks/domains/students' or its corresponding type declarations.
src/pages/medications/index.ts(8,40): error TS2307: Cannot find module './Medications' or its corresponding type declarations.
src/pages/medications/store/medicationsSlice.ts(8,53): error TS2307: Cannot find module '../sliceFactory' or its corresponding type declarations.
src/pages/medications/store/medicationsSlice.ts(9,35): error TS2307: Cannot find module '../../types/student.types' or its corresponding type declarations.
src/pages/medications/store/medicationsSlice.ts(10,32): error TS2307: Cannot find module '../../services/api' or its corresponding type declarations.
src/pages/students/components/StudentHealthRecord.tsx(16,32): error TS2307: Cannot find module '../../../../contexts/AuthContext' or its corresponding type declarations.
src/pages/students/components/StudentHealthRecord.tsx(17,34): error TS2307: Cannot find module '../../../../services/api' or its corresponding type declarations.
src/pages/students/components/StudentSelector.tsx(15,29): error TS2307: Cannot find module '../../../../services/api' or its corresponding type declarations.
src/pages/students/store/emergencyContactsSlice.ts(8,53): error TS2307: Cannot find module '../sliceFactory' or its corresponding type declarations.
src/pages/students/store/emergencyContactsSlice.ts(9,90): error TS2307: Cannot find module '../../types/student.types' or its corresponding type declarations.
src/pages/students/store/emergencyContactsSlice.ts(10,38): error TS2307: Cannot find module '../../services/api' or its corresponding type declarations.
src/pages/students/store/healthRecordsSlice.ts(8,53): error TS2307: Cannot find module '../sliceFactory' or its corresponding type declarations.
src/pages/students/store/healthRecordsSlice.ts(9,30): error TS2307: Cannot find module '../../types/student.types' or its corresponding type declarations.
src/pages/students/store/healthRecordsSlice.ts(10,34): error TS2307: Cannot find module '../../services/api' or its corresponding type declarations.
src/pages/students/store/studentsSlice.ts(8,79): error TS2307: Cannot find module '../../types/student.types' or its corresponding type declarations.
src/pages/students/store/studentsSlice.ts(11,29): error TS2307: Cannot find module '../../services/api' or its corresponding type declarations.
src/pages/vendor/routes.tsx(11,46): error TS2307: Cannot find module './components/VendorEditor' or its corresponding type declarations.
src/pages/vendor/routes.tsx(12,50): error TS2307: Cannot find module './components/VendorComparison' or its corresponding type declarations.
src/pages/vendor/routes.tsx(13,49): error TS2307: Cannot find module './components/VendorAnalytics' or its corresponding type declarations.
src/pages/vendor/routes.tsx(14,50): error TS2307: Cannot find module './components/VendorStatistics' or its corresponding type declarations.
src/pages/vendor/routes.tsx(15,44): error TS2307: Cannot find module './components/TopVendors' or its corresponding type declarations.
src/pages/vendor/routes.tsx(16,58): error TS2307: Cannot find module './components/VendorPerformanceMetrics' or its corresponding type declarations.
src/pages/vendor/routes.tsx(17,52): error TS2307: Cannot find module './components/VendorImportExport' or its corresponding type declarations.
src/services/modules/AdministrationService.ts(53,8): error TS2307: Cannot find module '../../types/administration.types' or its corresponding type declarations.
src/services/modules/documentsApi.ts(43,8): error TS2307: Cannot find module '../types/documents' or its corresponding type declarations.
src/stores/domains/healthcare/index.ts(21,8): error TS2307: Cannot find module '../../slices/healthRecordsSlice' or its corresponding type declarations.
src/stores/domains/healthcare/index.ts(35,8): error TS2307: Cannot find module '../../slices/medicationsSlice' or its corresponding type declarations.
src/stores/domains/healthcare/index.ts(45,8): error TS2307: Cannot find module '../../slices/appointmentsSlice' or its corresponding type declarations.
src/stores/domains/healthcare/index.ts(104,8): error TS2307: Cannot find module '../../slices/emergencyContactsSlice' or its corresponding type declarations.
src/stores/domains/healthcare/index.ts(122,15): error TS2307: Cannot find module './hooks' or its corresponding type declarations.
src/stores/domains/healthcare/workflows/emergencyWorkflows.ts(13,42): error TS2307: Cannot find module '../../../slices/emergencyContactsSlice' or its corresponding type declarations.
src/stores/domains/healthcare/workflows/medicationWorkflows.ts(13,36): error TS2307: Cannot find module '../../../slices/medicationsSlice' or its corresponding type declarations.
src/stores/shared/api/tanstackIntegration.ts(350,29): error TS2307: Cannot find module '../../../../../services/api' or its corresponding type declarations.
src/stores/shared/legacy/index.ts(11,15): error TS2307: Cannot find module './contextMigration' or its corresponding type declarations.
src/stores/utils/reduxHOCs.tsx(12,26): error TS2307: Cannot find module '@/components/ErrorMessage' or its corresponding type declarations.
