error TS2688: Cannot find type definition file for '@testing-library/jest-dom'.
  The file is in the program because:
    Entry point of type library '@testing-library/jest-dom' specified in compilerOptions
error TS2688: Cannot find type definition file for 'jest'.
  The file is in the program because:
    Entry point of type library 'jest' specified in compilerOptions
error TS2688: Cannot find type definition file for 'node'.
  The file is in the program because:
    Entry point of type library 'node' specified in compilerOptions
