src/app/api/auth/error.ts(28,27): error TS2307: Cannot find module 'react' or its corresponding type declarations.
src/app/api/auth/error.ts(237,9): error TS2580: Cannot find name 'process'. Do you need to install type definitions for node? Try `npm i --save-dev @types/node`.
src/app/api/auth/error.ts(287,9): error TS2580: Cannot find name 'process'. Do you need to install type definitions for node? Try `npm i --save-dev @types/node`.
src/app/api/auth/error.ts(349,9): error TS2580: Cannot find name 'process'. Do you need to install type definitions for node? Try `npm i --save-dev @types/node`.
src/app/api/auth/login/route.ts(20,43): error TS2307: Cannot find module 'next/server' or its corresponding type declarations.
src/app/api/auth/logout/route.ts(19,43): error TS2307: Cannot find module 'next/server' or its corresponding type declarations.
src/app/api/auth/refresh/route.ts(21,43): error TS2307: Cannot find module 'next/server' or its corresponding type declarations.
src/app/api/auth/verify/route.ts(21,43): error TS2307: Cannot find module 'next/server' or its corresponding type declarations.
src/app/auth/actions.ts(20,23): error TS2307: Cannot find module 'react' or its corresponding type declarations.
src/app/auth/actions.ts(21,47): error TS2307: Cannot find module 'next/cache' or its corresponding type declarations.
src/app/auth/actions.ts(22,25): error TS2307: Cannot find module 'next/headers' or its corresponding type declarations.
src/app/auth/actions.ts(23,26): error TS2307: Cannot find module 'next/navigation' or its corresponding type declarations.
src/app/auth/actions.ts(24,25): error TS2307: Cannot find module 'next/headers' or its corresponding type declarations.
src/app/auth/actions.ts(25,19): error TS2307: Cannot find module 'zod' or its corresponding type declarations.
src/app/auth/actions.ts(55,12): error TS7006: Parameter 'data' implicitly has an 'any' type.
src/app/auth/actions.ts(187,15): error TS2580: Cannot find name 'process'. Do you need to install type definitions for node? Try `npm i --save-dev @types/node`.
src/app/auth/actions.ts(196,17): error TS2580: Cannot find name 'process'. Do you need to install type definitions for node? Try `npm i --save-dev @types/node`.
src/app/login/actions.ts(17,26): error TS2307: Cannot find module 'next/navigation' or its corresponding type declarations.
src/app/login/actions.ts(18,32): error TS2307: Cannot find module 'next/cache' or its corresponding type declarations.
src/app/login/page.tsx(48,46): error TS2307: Cannot find module 'react' or its corresponding type declarations.
src/app/login/page.tsx(49,33): error TS2307: Cannot find module 'next/navigation' or its corresponding type declarations.
src/app/login/page.tsx(50,32): error TS2307: Cannot find module 'react' or its corresponding type declarations.
src/app/login/page.tsx(51,18): error TS2307: Cannot find module 'next/link' or its corresponding type declarations.
src/app/login/page.tsx(71,5): error TS7026: JSX element implicitly has type 'any' because no interface 'JSX.IntrinsicElements' exists.
src/app/login/page.tsx(71,5): error TS2875: This JSX tag requires the module path 'react/jsx-runtime' to exist, but none could be found. Make sure you have types for the appropriate package installed.
src/app/login/page.tsx(79,11): error TS7026: JSX element implicitly has type 'any' because no interface 'JSX.IntrinsicElements' exists.
src/app/login/page.tsx(85,13): error TS7026: JSX element implicitly has type 'any' because no interface 'JSX.IntrinsicElements' exists.
src/app/login/page.tsx(93,13): error TS7026: JSX element implicitly has type 'any' because no interface 'JSX.IntrinsicElements' exists.
src/app/login/page.tsx(98,11): error TS7026: JSX element implicitly has type 'any' because no interface 'JSX.IntrinsicElements' exists.
src/app/login/page.tsx(104,5): error TS7026: JSX element implicitly has type 'any' because no interface 'JSX.IntrinsicElements' exists.
src/app/login/page.tsx(188,5): error TS7026: JSX element implicitly has type 'any' because no interface 'JSX.IntrinsicElements' exists.
src/app/login/page.tsx(189,7): error TS7026: JSX element implicitly has type 'any' because no interface 'JSX.IntrinsicElements' exists.
src/app/login/page.tsx(191,9): error TS7026: JSX element implicitly has type 'any' because no interface 'JSX.IntrinsicElements' exists.
src/app/login/page.tsx(192,11): error TS7026: JSX element implicitly has type 'any' because no interface 'JSX.IntrinsicElements' exists.
src/app/login/page.tsx(194,11): error TS7026: JSX element implicitly has type 'any' because no interface 'JSX.IntrinsicElements' exists.
src/app/login/page.tsx(195,11): error TS7026: JSX element implicitly has type 'any' because no interface 'JSX.IntrinsicElements' exists.
src/app/login/page.tsx(197,11): error TS7026: JSX element implicitly has type 'any' because no interface 'JSX.IntrinsicElements' exists.
src/app/login/page.tsx(198,9): error TS7026: JSX element implicitly has type 'any' because no interface 'JSX.IntrinsicElements' exists.
src/app/login/page.tsx(202,11): error TS7026: JSX element implicitly has type 'any' because no interface 'JSX.IntrinsicElements' exists.
src/app/login/page.tsx(207,13): error TS7026: JSX element implicitly has type 'any' because no interface 'JSX.IntrinsicElements' exists.
src/app/login/page.tsx(208,15): error TS7026: JSX element implicitly has type 'any' because no interface 'JSX.IntrinsicElements' exists.
src/app/login/page.tsx(209,17): error TS7026: JSX element implicitly has type 'any' because no interface 'JSX.IntrinsicElements' exists.
src/app/login/page.tsx(215,19): error TS7026: JSX element implicitly has type 'any' because no interface 'JSX.IntrinsicElements' exists.
src/app/login/page.tsx(220,17): error TS7026: JSX element implicitly has type 'any' because no interface 'JSX.IntrinsicElements' exists.
src/app/login/page.tsx(221,15): error TS7026: JSX element implicitly has type 'any' because no interface 'JSX.IntrinsicElements' exists.
src/app/login/page.tsx(222,15): error TS7026: JSX element implicitly has type 'any' because no interface 'JSX.IntrinsicElements' exists.
src/app/login/page.tsx(223,17): error TS7026: JSX element implicitly has type 'any' because no interface 'JSX.IntrinsicElements' exists.
src/app/login/page.tsx(223,80): error TS7026: JSX element implicitly has type 'any' because no interface 'JSX.IntrinsicElements' exists.
src/app/login/page.tsx(224,15): error TS7026: JSX element implicitly has type 'any' because no interface 'JSX.IntrinsicElements' exists.
src/app/login/page.tsx(225,13): error TS7026: JSX element implicitly has type 'any' because no interface 'JSX.IntrinsicElements' exists.
src/app/login/page.tsx(226,11): error TS7026: JSX element implicitly has type 'any' because no interface 'JSX.IntrinsicElements' exists.
src/app/login/page.tsx(231,11): error TS7026: JSX element implicitly has type 'any' because no interface 'JSX.IntrinsicElements' exists.
src/app/login/page.tsx(236,13): error TS7026: JSX element implicitly has type 'any' because no interface 'JSX.IntrinsicElements' exists.
src/app/login/page.tsx(237,15): error TS7026: JSX element implicitly has type 'any' because no interface 'JSX.IntrinsicElements' exists.
src/app/login/page.tsx(238,17): error TS7026: JSX element implicitly has type 'any' because no interface 'JSX.IntrinsicElements' exists.
src/app/login/page.tsx(244,19): error TS7026: JSX element implicitly has type 'any' because no interface 'JSX.IntrinsicElements' exists.
src/app/login/page.tsx(249,17): error TS7026: JSX element implicitly has type 'any' because no interface 'JSX.IntrinsicElements' exists.
src/app/login/page.tsx(250,15): error TS7026: JSX element implicitly has type 'any' because no interface 'JSX.IntrinsicElements' exists.
src/app/login/page.tsx(251,15): error TS7026: JSX element implicitly has type 'any' because no interface 'JSX.IntrinsicElements' exists.
src/app/login/page.tsx(252,17): error TS7026: JSX element implicitly has type 'any' because no interface 'JSX.IntrinsicElements' exists.
src/app/login/page.tsx(252,100): error TS7026: JSX element implicitly has type 'any' because no interface 'JSX.IntrinsicElements' exists.
src/app/login/page.tsx(253,15): error TS7026: JSX element implicitly has type 'any' because no interface 'JSX.IntrinsicElements' exists.
src/app/login/page.tsx(254,13): error TS7026: JSX element implicitly has type 'any' because no interface 'JSX.IntrinsicElements' exists.
src/app/login/page.tsx(255,11): error TS7026: JSX element implicitly has type 'any' because no interface 'JSX.IntrinsicElements' exists.
src/app/login/page.tsx(259,9): error TS7026: JSX element implicitly has type 'any' because no interface 'JSX.IntrinsicElements' exists.
src/app/login/page.tsx(260,11): error TS7026: JSX element implicitly has type 'any' because no interface 'JSX.IntrinsicElements' exists.
src/app/login/page.tsx(262,13): error TS7026: JSX element implicitly has type 'any' because no interface 'JSX.IntrinsicElements' exists.
src/app/login/page.tsx(263,15): error TS7026: JSX element implicitly has type 'any' because no interface 'JSX.IntrinsicElements' exists.
src/app/login/page.tsx(265,15): error TS7026: JSX element implicitly has type 'any' because no interface 'JSX.IntrinsicElements' exists.
src/app/login/page.tsx(266,15): error TS7026: JSX element implicitly has type 'any' because no interface 'JSX.IntrinsicElements' exists.
src/app/login/page.tsx(281,17): error TS7026: JSX element implicitly has type 'any' because no interface 'JSX.IntrinsicElements' exists.
src/app/login/page.tsx(283,17): error TS7026: JSX element implicitly has type 'any' because no interface 'JSX.IntrinsicElements' exists.
src/app/login/page.tsx(285,13): error TS7026: JSX element implicitly has type 'any' because no interface 'JSX.IntrinsicElements' exists.
src/app/login/page.tsx(288,13): error TS7026: JSX element implicitly has type 'any' because no interface 'JSX.IntrinsicElements' exists.
src/app/login/page.tsx(289,15): error TS7026: JSX element implicitly has type 'any' because no interface 'JSX.IntrinsicElements' exists.
src/app/login/page.tsx(291,15): error TS7026: JSX element implicitly has type 'any' because no interface 'JSX.IntrinsicElements' exists.
src/app/login/page.tsx(292,15): error TS7026: JSX element implicitly has type 'any' because no interface 'JSX.IntrinsicElements' exists.
src/app/login/page.tsx(306,15): error TS7026: JSX element implicitly has type 'any' because no interface 'JSX.IntrinsicElements' exists.
src/app/login/page.tsx(313,19): error TS7026: JSX element implicitly has type 'any' because no interface 'JSX.IntrinsicElements' exists.
src/app/login/page.tsx(314,21): error TS7026: JSX element implicitly has type 'any' because no interface 'JSX.IntrinsicElements' exists.
src/app/login/page.tsx(315,19): error TS7026: JSX element implicitly has type 'any' because no interface 'JSX.IntrinsicElements' exists.
src/app/login/page.tsx(317,19): error TS7026: JSX element implicitly has type 'any' because no interface 'JSX.IntrinsicElements' exists.
src/app/login/page.tsx(318,21): error TS7026: JSX element implicitly has type 'any' because no interface 'JSX.IntrinsicElements' exists.
src/app/login/page.tsx(319,21): error TS7026: JSX element implicitly has type 'any' because no interface 'JSX.IntrinsicElements' exists.
src/app/login/page.tsx(320,19): error TS7026: JSX element implicitly has type 'any' because no interface 'JSX.IntrinsicElements' exists.
src/app/login/page.tsx(322,15): error TS7026: JSX element implicitly has type 'any' because no interface 'JSX.IntrinsicElements' exists.
src/app/login/page.tsx(324,17): error TS7026: JSX element implicitly has type 'any' because no interface 'JSX.IntrinsicElements' exists.
src/app/login/page.tsx(326,17): error TS7026: JSX element implicitly has type 'any' because no interface 'JSX.IntrinsicElements' exists.
src/app/login/page.tsx(328,13): error TS7026: JSX element implicitly has type 'any' because no interface 'JSX.IntrinsicElements' exists.
src/app/login/page.tsx(329,11): error TS7026: JSX element implicitly has type 'any' because no interface 'JSX.IntrinsicElements' exists.
src/app/login/page.tsx(332,11): error TS7026: JSX element implicitly has type 'any' because no interface 'JSX.IntrinsicElements' exists.
src/app/login/page.tsx(333,13): error TS7026: JSX element implicitly has type 'any' because no interface 'JSX.IntrinsicElements' exists.
src/app/login/page.tsx(334,15): error TS7026: JSX element implicitly has type 'any' because no interface 'JSX.IntrinsicElements' exists.
src/app/login/page.tsx(340,15): error TS7026: JSX element implicitly has type 'any' because no interface 'JSX.IntrinsicElements' exists.
src/app/login/page.tsx(342,15): error TS7026: JSX element implicitly has type 'any' because no interface 'JSX.IntrinsicElements' exists.
src/app/login/page.tsx(343,13): error TS7026: JSX element implicitly has type 'any' because no interface 'JSX.IntrinsicElements' exists.
src/app/login/page.tsx(345,13): error TS7026: JSX element implicitly has type 'any' because no interface 'JSX.IntrinsicElements' exists.
src/app/login/page.tsx(352,13): error TS7026: JSX element implicitly has type 'any' because no interface 'JSX.IntrinsicElements' exists.
src/app/login/page.tsx(353,11): error TS7026: JSX element implicitly has type 'any' because no interface 'JSX.IntrinsicElements' exists.
src/app/login/page.tsx(356,11): error TS7026: JSX element implicitly has type 'any' because no interface 'JSX.IntrinsicElements' exists.
src/app/login/page.tsx(358,11): error TS7026: JSX element implicitly has type 'any' because no interface 'JSX.IntrinsicElements' exists.
src/app/login/page.tsx(361,11): error TS7026: JSX element implicitly has type 'any' because no interface 'JSX.IntrinsicElements' exists.
src/app/login/page.tsx(362,13): error TS7026: JSX element implicitly has type 'any' because no interface 'JSX.IntrinsicElements' exists.
src/app/login/page.tsx(363,15): error TS7026: JSX element implicitly has type 'any' because no interface 'JSX.IntrinsicElements' exists.
src/app/login/page.tsx(364,13): error TS7026: JSX element implicitly has type 'any' because no interface 'JSX.IntrinsicElements' exists.
src/app/login/page.tsx(365,13): error TS7026: JSX element implicitly has type 'any' because no interface 'JSX.IntrinsicElements' exists.
src/app/login/page.tsx(366,15): error TS7026: JSX element implicitly has type 'any' because no interface 'JSX.IntrinsicElements' exists.
src/app/login/page.tsx(366,79): error TS7026: JSX element implicitly has type 'any' because no interface 'JSX.IntrinsicElements' exists.
src/app/login/page.tsx(367,13): error TS7026: JSX element implicitly has type 'any' because no interface 'JSX.IntrinsicElements' exists.
src/app/login/page.tsx(368,11): error TS7026: JSX element implicitly has type 'any' because no interface 'JSX.IntrinsicElements' exists.
src/app/login/page.tsx(371,11): error TS7026: JSX element implicitly has type 'any' because no interface 'JSX.IntrinsicElements' exists.
src/app/login/page.tsx(372,13): error TS7026: JSX element implicitly has type 'any' because no interface 'JSX.IntrinsicElements' exists.
src/app/login/page.tsx(376,15): error TS7026: JSX element implicitly has type 'any' because no interface 'JSX.IntrinsicElements' exists.
src/app/login/page.tsx(377,17): error TS7026: JSX element implicitly has type 'any' because no interface 'JSX.IntrinsicElements' exists.
src/app/login/page.tsx(381,17): error TS7026: JSX element implicitly has type 'any' because no interface 'JSX.IntrinsicElements' exists.
src/app/login/page.tsx(385,17): error TS7026: JSX element implicitly has type 'any' because no interface 'JSX.IntrinsicElements' exists.
src/app/login/page.tsx(389,17): error TS7026: JSX element implicitly has type 'any' because no interface 'JSX.IntrinsicElements' exists.
src/app/login/page.tsx(393,15): error TS7026: JSX element implicitly has type 'any' because no interface 'JSX.IntrinsicElements' exists.
src/app/login/page.tsx(394,15): error TS7026: JSX element implicitly has type 'any' because no interface 'JSX.IntrinsicElements' exists.
src/app/login/page.tsx(394,44): error TS7026: JSX element implicitly has type 'any' because no interface 'JSX.IntrinsicElements' exists.
src/app/login/page.tsx(395,13): error TS7026: JSX element implicitly has type 'any' because no interface 'JSX.IntrinsicElements' exists.
src/app/login/page.tsx(397,13): error TS7026: JSX element implicitly has type 'any' because no interface 'JSX.IntrinsicElements' exists.
src/app/login/page.tsx(401,15): error TS7026: JSX element implicitly has type 'any' because no interface 'JSX.IntrinsicElements' exists.
src/app/login/page.tsx(402,17): error TS7026: JSX element implicitly has type 'any' because no interface 'JSX.IntrinsicElements' exists.
src/app/login/page.tsx(403,15): error TS7026: JSX element implicitly has type 'any' because no interface 'JSX.IntrinsicElements' exists.
src/app/login/page.tsx(404,15): error TS7026: JSX element implicitly has type 'any' because no interface 'JSX.IntrinsicElements' exists.
src/app/login/page.tsx(404,47): error TS7026: JSX element implicitly has type 'any' because no interface 'JSX.IntrinsicElements' exists.
src/app/login/page.tsx(405,13): error TS7026: JSX element implicitly has type 'any' because no interface 'JSX.IntrinsicElements' exists.
src/app/login/page.tsx(406,11): error TS7026: JSX element implicitly has type 'any' because no interface 'JSX.IntrinsicElements' exists.
src/app/login/page.tsx(407,9): error TS7026: JSX element implicitly has type 'any' because no interface 'JSX.IntrinsicElements' exists.
src/app/login/page.tsx(410,9): error TS7026: JSX element implicitly has type 'any' because no interface 'JSX.IntrinsicElements' exists.
src/app/login/page.tsx(411,11): error TS7026: JSX element implicitly has type 'any' because no interface 'JSX.IntrinsicElements' exists.
src/app/login/page.tsx(413,11): error TS7026: JSX element implicitly has type 'any' because no interface 'JSX.IntrinsicElements' exists.
src/app/login/page.tsx(414,9): error TS7026: JSX element implicitly has type 'any' because no interface 'JSX.IntrinsicElements' exists.
src/app/login/page.tsx(415,7): error TS7026: JSX element implicitly has type 'any' because no interface 'JSX.IntrinsicElements' exists.
src/app/login/page.tsx(416,5): error TS7026: JSX element implicitly has type 'any' because no interface 'JSX.IntrinsicElements' exists.
src/app/session-expired/page.tsx(69,37): error TS2307: Cannot find module 'react' or its corresponding type declarations.
src/app/session-expired/page.tsx(70,44): error TS2307: Cannot find module 'next/navigation' or its corresponding type declarations.
src/app/session-expired/page.tsx(71,18): error TS2307: Cannot find module 'next/link' or its corresponding type declarations.
src/app/session-expired/page.tsx(294,13): error TS7026: JSX element implicitly has type 'any' because no interface 'JSX.IntrinsicElements' exists.
src/app/session-expired/page.tsx(294,13): error TS2875: This JSX tag requires the module path 'react/jsx-runtime' to exist, but none could be found. Make sure you have types for the appropriate package installed.
src/app/session-expired/page.tsx(295,15): error TS7026: JSX element implicitly has type 'any' because no interface 'JSX.IntrinsicElements' exists.
src/app/session-expired/page.tsx(296,13): error TS7026: JSX element implicitly has type 'any' because no interface 'JSX.IntrinsicElements' exists.
src/app/session-expired/page.tsx(304,13): error TS7026: JSX element implicitly has type 'any' because no interface 'JSX.IntrinsicElements' exists.
src/app/session-expired/page.tsx(305,15): error TS7026: JSX element implicitly has type 'any' because no interface 'JSX.IntrinsicElements' exists.
src/app/session-expired/page.tsx(306,13): error TS7026: JSX element implicitly has type 'any' because no interface 'JSX.IntrinsicElements' exists.
src/app/session-expired/page.tsx(314,13): error TS7026: JSX element implicitly has type 'any' because no interface 'JSX.IntrinsicElements' exists.
src/app/session-expired/page.tsx(315,15): error TS7026: JSX element implicitly has type 'any' because no interface 'JSX.IntrinsicElements' exists.
src/app/session-expired/page.tsx(316,13): error TS7026: JSX element implicitly has type 'any' because no interface 'JSX.IntrinsicElements' exists.
src/app/session-expired/page.tsx(324,13): error TS7026: JSX element implicitly has type 'any' because no interface 'JSX.IntrinsicElements' exists.
src/app/session-expired/page.tsx(325,15): error TS7026: JSX element implicitly has type 'any' because no interface 'JSX.IntrinsicElements' exists.
src/app/session-expired/page.tsx(326,13): error TS7026: JSX element implicitly has type 'any' because no interface 'JSX.IntrinsicElements' exists.
src/app/session-expired/page.tsx(335,5): error TS7026: JSX element implicitly has type 'any' because no interface 'JSX.IntrinsicElements' exists.
src/app/session-expired/page.tsx(336,7): error TS7026: JSX element implicitly has type 'any' because no interface 'JSX.IntrinsicElements' exists.
src/app/session-expired/page.tsx(337,9): error TS7026: JSX element implicitly has type 'any' because no interface 'JSX.IntrinsicElements' exists.
src/app/session-expired/page.tsx(339,11): error TS7026: JSX element implicitly has type 'any' because no interface 'JSX.IntrinsicElements' exists.
src/app/session-expired/page.tsx(341,11): error TS7026: JSX element implicitly has type 'any' because no interface 'JSX.IntrinsicElements' exists.
src/app/session-expired/page.tsx(344,11): error TS7026: JSX element implicitly has type 'any' because no interface 'JSX.IntrinsicElements' exists.
src/app/session-expired/page.tsx(346,11): error TS7026: JSX element implicitly has type 'any' because no interface 'JSX.IntrinsicElements' exists.
src/app/session-expired/page.tsx(349,11): error TS7026: JSX element implicitly has type 'any' because no interface 'JSX.IntrinsicElements' exists.
src/app/session-expired/page.tsx(351,11): error TS7026: JSX element implicitly has type 'any' because no interface 'JSX.IntrinsicElements' exists.
src/app/session-expired/page.tsx(355,13): error TS7026: JSX element implicitly has type 'any' because no interface 'JSX.IntrinsicElements' exists.
src/app/session-expired/page.tsx(356,15): error TS7026: JSX element implicitly has type 'any' because no interface 'JSX.IntrinsicElements' exists.
src/app/session-expired/page.tsx(357,17): error TS7026: JSX element implicitly has type 'any' because no interface 'JSX.IntrinsicElements' exists.
src/app/session-expired/page.tsx(358,19): error TS7026: JSX element implicitly has type 'any' because no interface 'JSX.IntrinsicElements' exists.
src/app/session-expired/page.tsx(359,21): error TS7026: JSX element implicitly has type 'any' because no interface 'JSX.IntrinsicElements' exists.
src/app/session-expired/page.tsx(360,19): error TS7026: JSX element implicitly has type 'any' because no interface 'JSX.IntrinsicElements' exists.
src/app/session-expired/page.tsx(361,17): error TS7026: JSX element implicitly has type 'any' because no interface 'JSX.IntrinsicElements' exists.
src/app/session-expired/page.tsx(362,17): error TS7026: JSX element implicitly has type 'any' because no interface 'JSX.IntrinsicElements' exists.
src/app/session-expired/page.tsx(363,19): error TS7026: JSX element implicitly has type 'any' because no interface 'JSX.IntrinsicElements' exists.
src/app/session-expired/page.tsx(364,21): error TS7026: JSX element implicitly has type 'any' because no interface 'JSX.IntrinsicElements' exists.
src/app/session-expired/page.tsx(364,42): error TS7026: JSX element implicitly has type 'any' because no interface 'JSX.IntrinsicElements' exists.
src/app/session-expired/page.tsx(365,19): error TS7026: JSX element implicitly has type 'any' because no interface 'JSX.IntrinsicElements' exists.
src/app/session-expired/page.tsx(366,17): error TS7026: JSX element implicitly has type 'any' because no interface 'JSX.IntrinsicElements' exists.
src/app/session-expired/page.tsx(367,15): error TS7026: JSX element implicitly has type 'any' because no interface 'JSX.IntrinsicElements' exists.
src/app/session-expired/page.tsx(368,13): error TS7026: JSX element implicitly has type 'any' because no interface 'JSX.IntrinsicElements' exists.
src/app/session-expired/page.tsx(372,11): error TS7026: JSX element implicitly has type 'any' because no interface 'JSX.IntrinsicElements' exists.
src/app/session-expired/page.tsx(373,13): error TS7026: JSX element implicitly has type 'any' because no interface 'JSX.IntrinsicElements' exists.
src/app/session-expired/page.tsx(375,15): error TS7026: JSX element implicitly has type 'any' because no interface 'JSX.IntrinsicElements' exists.
src/app/session-expired/page.tsx(377,15): error TS7026: JSX element implicitly has type 'any' because no interface 'JSX.IntrinsicElements' exists.
src/app/session-expired/page.tsx(379,13): error TS7026: JSX element implicitly has type 'any' because no interface 'JSX.IntrinsicElements' exists.
src/app/session-expired/page.tsx(380,11): error TS7026: JSX element implicitly has type 'any' because no interface 'JSX.IntrinsicElements' exists.
src/app/session-expired/page.tsx(383,11): error TS7026: JSX element implicitly has type 'any' because no interface 'JSX.IntrinsicElements' exists.
src/app/session-expired/page.tsx(391,13): error TS7026: JSX element implicitly has type 'any' because no interface 'JSX.IntrinsicElements' exists.
src/app/session-expired/page.tsx(397,13): error TS7026: JSX element implicitly has type 'any' because no interface 'JSX.IntrinsicElements' exists.
src/app/session-expired/page.tsx(398,11): error TS7026: JSX element implicitly has type 'any' because no interface 'JSX.IntrinsicElements' exists.
src/app/session-expired/page.tsx(401,11): error TS7026: JSX element implicitly has type 'any' because no interface 'JSX.IntrinsicElements' exists.
src/app/session-expired/page.tsx(402,13): error TS7026: JSX element implicitly has type 'any' because no interface 'JSX.IntrinsicElements' exists.
src/app/session-expired/page.tsx(404,13): error TS7026: JSX element implicitly has type 'any' because no interface 'JSX.IntrinsicElements' exists.
src/app/session-expired/page.tsx(405,11): error TS7026: JSX element implicitly has type 'any' because no interface 'JSX.IntrinsicElements' exists.
src/app/session-expired/page.tsx(406,9): error TS7026: JSX element implicitly has type 'any' because no interface 'JSX.IntrinsicElements' exists.
src/app/session-expired/page.tsx(407,7): error TS7026: JSX element implicitly has type 'any' because no interface 'JSX.IntrinsicElements' exists.
src/app/session-expired/page.tsx(408,5): error TS7026: JSX element implicitly has type 'any' because no interface 'JSX.IntrinsicElements' exists.
src/app/unauthorized.tsx(92,18): error TS2307: Cannot find module 'next/link' or its corresponding type declarations.
src/app/unauthorized.tsx(93,27): error TS2307: Cannot find module 'next/navigation' or its corresponding type declarations.
src/app/unauthorized.tsx(94,26): error TS2307: Cannot find module 'next' or its corresponding type declarations.
src/app/unauthorized.tsx(181,5): error TS7026: JSX element implicitly has type 'any' because no interface 'JSX.IntrinsicElements' exists.
src/app/unauthorized.tsx(181,5): error TS2875: This JSX tag requires the module path 'react/jsx-runtime' to exist, but none could be found. Make sure you have types for the appropriate package installed.
src/app/unauthorized.tsx(182,7): error TS7026: JSX element implicitly has type 'any' because no interface 'JSX.IntrinsicElements' exists.
src/app/unauthorized.tsx(183,9): error TS7026: JSX element implicitly has type 'any' because no interface 'JSX.IntrinsicElements' exists.
src/app/unauthorized.tsx(185,11): error TS7026: JSX element implicitly has type 'any' because no interface 'JSX.IntrinsicElements' exists.
src/app/unauthorized.tsx(186,13): error TS7026: JSX element implicitly has type 'any' because no interface 'JSX.IntrinsicElements' exists.
src/app/unauthorized.tsx(192,15): error TS7026: JSX element implicitly has type 'any' because no interface 'JSX.IntrinsicElements' exists.
src/app/unauthorized.tsx(198,13): error TS7026: JSX element implicitly has type 'any' because no interface 'JSX.IntrinsicElements' exists.
src/app/unauthorized.tsx(199,11): error TS7026: JSX element implicitly has type 'any' because no interface 'JSX.IntrinsicElements' exists.
src/app/unauthorized.tsx(202,11): error TS7026: JSX element implicitly has type 'any' because no interface 'JSX.IntrinsicElements' exists.
src/app/unauthorized.tsx(202,68): error TS7026: JSX element implicitly has type 'any' because no interface 'JSX.IntrinsicElements' exists.
src/app/unauthorized.tsx(205,11): error TS7026: JSX element implicitly has type 'any' because no interface 'JSX.IntrinsicElements' exists.
src/app/unauthorized.tsx(207,11): error TS7026: JSX element implicitly has type 'any' because no interface 'JSX.IntrinsicElements' exists.
src/app/unauthorized.tsx(210,11): error TS7026: JSX element implicitly has type 'any' because no interface 'JSX.IntrinsicElements' exists.
src/app/unauthorized.tsx(212,11): error TS7026: JSX element implicitly has type 'any' because no interface 'JSX.IntrinsicElements' exists.
src/app/unauthorized.tsx(213,11): error TS7026: JSX element implicitly has type 'any' because no interface 'JSX.IntrinsicElements' exists.
src/app/unauthorized.tsx(216,11): error TS7026: JSX element implicitly has type 'any' because no interface 'JSX.IntrinsicElements' exists.
src/app/unauthorized.tsx(219,11): error TS7026: JSX element implicitly has type 'any' because no interface 'JSX.IntrinsicElements' exists.
src/app/unauthorized.tsx(220,13): error TS7026: JSX element implicitly has type 'any' because no interface 'JSX.IntrinsicElements' exists.
src/app/unauthorized.tsx(225,13): error TS7026: JSX element implicitly has type 'any' because no interface 'JSX.IntrinsicElements' exists.
src/app/unauthorized.tsx(240,11): error TS7026: JSX element implicitly has type 'any' because no interface 'JSX.IntrinsicElements' exists.
src/app/unauthorized.tsx(243,11): error TS7026: JSX element implicitly has type 'any' because no interface 'JSX.IntrinsicElements' exists.
src/app/unauthorized.tsx(244,13): error TS7026: JSX element implicitly has type 'any' because no interface 'JSX.IntrinsicElements' exists.
src/app/unauthorized.tsx(246,13): error TS7026: JSX element implicitly has type 'any' because no interface 'JSX.IntrinsicElements' exists.
src/app/unauthorized.tsx(253,11): error TS7026: JSX element implicitly has type 'any' because no interface 'JSX.IntrinsicElements' exists.
src/app/unauthorized.tsx(254,9): error TS7026: JSX element implicitly has type 'any' because no interface 'JSX.IntrinsicElements' exists.
src/app/unauthorized.tsx(255,7): error TS7026: JSX element implicitly has type 'any' because no interface 'JSX.IntrinsicElements' exists.
src/app/unauthorized.tsx(256,5): error TS7026: JSX element implicitly has type 'any' because no interface 'JSX.IntrinsicElements' exists.
src/components/auth/LoginForm/ErrorAlert.tsx(23,5): error TS7026: JSX element implicitly has type 'any' because no interface 'JSX.IntrinsicElements' exists.
src/components/auth/LoginForm/ErrorAlert.tsx(23,5): error TS2875: This JSX tag requires the module path 'react/jsx-runtime' to exist, but none could be found. Make sure you have types for the appropriate package installed.
src/components/auth/LoginForm/ErrorAlert.tsx(28,7): error TS7026: JSX element implicitly has type 'any' because no interface 'JSX.IntrinsicElements' exists.
src/components/auth/LoginForm/ErrorAlert.tsx(29,9): error TS7026: JSX element implicitly has type 'any' because no interface 'JSX.IntrinsicElements' exists.
src/components/auth/LoginForm/ErrorAlert.tsx(30,11): error TS7026: JSX element implicitly has type 'any' because no interface 'JSX.IntrinsicElements' exists.
src/components/auth/LoginForm/ErrorAlert.tsx(36,13): error TS7026: JSX element implicitly has type 'any' because no interface 'JSX.IntrinsicElements' exists.
src/components/auth/LoginForm/ErrorAlert.tsx(41,11): error TS7026: JSX element implicitly has type 'any' because no interface 'JSX.IntrinsicElements' exists.
src/components/auth/LoginForm/ErrorAlert.tsx(42,9): error TS7026: JSX element implicitly has type 'any' because no interface 'JSX.IntrinsicElements' exists.
src/components/auth/LoginForm/ErrorAlert.tsx(43,9): error TS7026: JSX element implicitly has type 'any' because no interface 'JSX.IntrinsicElements' exists.
src/components/auth/LoginForm/ErrorAlert.tsx(44,11): error TS7026: JSX element implicitly has type 'any' because no interface 'JSX.IntrinsicElements' exists.
src/components/auth/LoginForm/ErrorAlert.tsx(44,67): error TS7026: JSX element implicitly has type 'any' because no interface 'JSX.IntrinsicElements' exists.
src/components/auth/LoginForm/ErrorAlert.tsx(45,9): error TS7026: JSX element implicitly has type 'any' because no interface 'JSX.IntrinsicElements' exists.
src/components/auth/LoginForm/ErrorAlert.tsx(46,7): error TS7026: JSX element implicitly has type 'any' because no interface 'JSX.IntrinsicElements' exists.
src/components/auth/LoginForm/ErrorAlert.tsx(47,5): error TS7026: JSX element implicitly has type 'any' because no interface 'JSX.IntrinsicElements' exists.
src/components/auth/LoginForm/LoginHeader.tsx(17,5): error TS7026: JSX element implicitly has type 'any' because no interface 'JSX.IntrinsicElements' exists.
src/components/auth/LoginForm/LoginHeader.tsx(17,5): error TS2875: This JSX tag requires the module path 'react/jsx-runtime' to exist, but none could be found. Make sure you have types for the appropriate package installed.
src/components/auth/LoginForm/LoginHeader.tsx(18,7): error TS7026: JSX element implicitly has type 'any' because no interface 'JSX.IntrinsicElements' exists.
src/components/auth/LoginForm/LoginHeader.tsx(20,7): error TS7026: JSX element implicitly has type 'any' because no interface 'JSX.IntrinsicElements' exists.
src/components/auth/LoginForm/LoginHeader.tsx(21,7): error TS7026: JSX element implicitly has type 'any' because no interface 'JSX.IntrinsicElements' exists.
src/components/auth/LoginForm/LoginHeader.tsx(23,7): error TS7026: JSX element implicitly has type 'any' because no interface 'JSX.IntrinsicElements' exists.
src/components/auth/LoginForm/LoginHeader.tsx(24,5): error TS7026: JSX element implicitly has type 'any' because no interface 'JSX.IntrinsicElements' exists.
src/components/auth/LoginForm/OAuthButtons.tsx(21,5): error TS2875: This JSX tag requires the module path 'react/jsx-runtime' to exist, but none could be found. Make sure you have types for the appropriate package installed.
src/components/auth/LoginForm/OAuthButtons.tsx(23,7): error TS7026: JSX element implicitly has type 'any' because no interface 'JSX.IntrinsicElements' exists.
src/components/auth/LoginForm/OAuthButtons.tsx(24,9): error TS7026: JSX element implicitly has type 'any' because no interface 'JSX.IntrinsicElements' exists.
src/components/auth/LoginForm/OAuthButtons.tsx(25,11): error TS7026: JSX element implicitly has type 'any' because no interface 'JSX.IntrinsicElements' exists.
src/components/auth/LoginForm/OAuthButtons.tsx(26,9): error TS7026: JSX element implicitly has type 'any' because no interface 'JSX.IntrinsicElements' exists.
src/components/auth/LoginForm/OAuthButtons.tsx(27,9): error TS7026: JSX element implicitly has type 'any' because no interface 'JSX.IntrinsicElements' exists.
src/components/auth/LoginForm/OAuthButtons.tsx(28,11): error TS7026: JSX element implicitly has type 'any' because no interface 'JSX.IntrinsicElements' exists.
src/components/auth/LoginForm/OAuthButtons.tsx(28,75): error TS7026: JSX element implicitly has type 'any' because no interface 'JSX.IntrinsicElements' exists.
src/components/auth/LoginForm/OAuthButtons.tsx(29,9): error TS7026: JSX element implicitly has type 'any' because no interface 'JSX.IntrinsicElements' exists.
src/components/auth/LoginForm/OAuthButtons.tsx(30,7): error TS7026: JSX element implicitly has type 'any' because no interface 'JSX.IntrinsicElements' exists.
src/components/auth/LoginForm/OAuthButtons.tsx(33,7): error TS7026: JSX element implicitly has type 'any' because no interface 'JSX.IntrinsicElements' exists.
src/components/auth/LoginForm/OAuthButtons.tsx(34,9): error TS7026: JSX element implicitly has type 'any' because no interface 'JSX.IntrinsicElements' exists.
src/components/auth/LoginForm/OAuthButtons.tsx(39,11): error TS7026: JSX element implicitly has type 'any' because no interface 'JSX.IntrinsicElements' exists.
src/components/auth/LoginForm/OAuthButtons.tsx(40,13): error TS7026: JSX element implicitly has type 'any' because no interface 'JSX.IntrinsicElements' exists.
src/components/auth/LoginForm/OAuthButtons.tsx(44,13): error TS7026: JSX element implicitly has type 'any' because no interface 'JSX.IntrinsicElements' exists.
src/components/auth/LoginForm/OAuthButtons.tsx(48,13): error TS7026: JSX element implicitly has type 'any' because no interface 'JSX.IntrinsicElements' exists.
src/components/auth/LoginForm/OAuthButtons.tsx(52,13): error TS7026: JSX element implicitly has type 'any' because no interface 'JSX.IntrinsicElements' exists.
src/components/auth/LoginForm/OAuthButtons.tsx(56,11): error TS7026: JSX element implicitly has type 'any' because no interface 'JSX.IntrinsicElements' exists.
src/components/auth/LoginForm/OAuthButtons.tsx(57,11): error TS7026: JSX element implicitly has type 'any' because no interface 'JSX.IntrinsicElements' exists.
src/components/auth/LoginForm/OAuthButtons.tsx(57,40): error TS7026: JSX element implicitly has type 'any' because no interface 'JSX.IntrinsicElements' exists.
src/components/auth/LoginForm/OAuthButtons.tsx(58,9): error TS7026: JSX element implicitly has type 'any' because no interface 'JSX.IntrinsicElements' exists.
src/components/auth/LoginForm/OAuthButtons.tsx(60,9): error TS7026: JSX element implicitly has type 'any' because no interface 'JSX.IntrinsicElements' exists.
src/components/auth/LoginForm/OAuthButtons.tsx(65,11): error TS7026: JSX element implicitly has type 'any' because no interface 'JSX.IntrinsicElements' exists.
src/components/auth/LoginForm/OAuthButtons.tsx(66,13): error TS7026: JSX element implicitly has type 'any' because no interface 'JSX.IntrinsicElements' exists.
src/components/auth/LoginForm/OAuthButtons.tsx(67,11): error TS7026: JSX element implicitly has type 'any' because no interface 'JSX.IntrinsicElements' exists.
src/components/auth/LoginForm/OAuthButtons.tsx(68,11): error TS7026: JSX element implicitly has type 'any' because no interface 'JSX.IntrinsicElements' exists.
src/components/auth/LoginForm/OAuthButtons.tsx(68,43): error TS7026: JSX element implicitly has type 'any' because no interface 'JSX.IntrinsicElements' exists.
src/components/auth/LoginForm/OAuthButtons.tsx(69,9): error TS7026: JSX element implicitly has type 'any' because no interface 'JSX.IntrinsicElements' exists.
src/components/auth/LoginForm/OAuthButtons.tsx(70,7): error TS7026: JSX element implicitly has type 'any' because no interface 'JSX.IntrinsicElements' exists.
src/components/auth/PermissionGate.tsx(12,27): error TS2307: Cannot find module 'react' or its corresponding type declarations.
src/components/auth/PermissionGate.tsx(100,31): error TS2345: Argument of type 'Permission' is not assignable to parameter of type 'string'.
src/components/auth/PermissionGate.tsx(107,56): error TS2345: Argument of type 'Permission' is not assignable to parameter of type 'string'.
src/components/auth/PermissionGate.tsx(110,55): error TS2345: Argument of type 'Permission' is not assignable to parameter of type 'string'.
src/components/auth/PermissionGate.tsx(131,22): error TS2875: This JSX tag requires the module path 'react/jsx-runtime' to exist, but none could be found. Make sure you have types for the appropriate package installed.
src/components/auth/ProtectedRoute.tsx(15,34): error TS2307: Cannot find module 'react' or its corresponding type declarations.
src/components/auth/ProtectedRoute.tsx(16,40): error TS2307: Cannot find module 'next/navigation' or its corresponding type declarations.
src/components/auth/ProtectedRoute.tsx(74,3): error TS7031: Binding element 'children' implicitly has an 'any' type.
src/components/auth/ProtectedRoute.tsx(75,3): error TS7031: Binding element 'allowedRoles' implicitly has an 'any' type.
src/components/auth/ProtectedRoute.tsx(85,7): error TS7026: JSX element implicitly has type 'any' because no interface 'JSX.IntrinsicElements' exists.
src/components/auth/ProtectedRoute.tsx(85,7): error TS2875: This JSX tag requires the module path 'react/jsx-runtime' to exist, but none could be found. Make sure you have types for the appropriate package installed.
src/components/auth/ProtectedRoute.tsx(91,9): error TS7026: JSX element implicitly has type 'any' because no interface 'JSX.IntrinsicElements' exists.
src/components/auth/ProtectedRoute.tsx(92,11): error TS7026: JSX element implicitly has type 'any' because no interface 'JSX.IntrinsicElements' exists.
src/components/auth/ProtectedRoute.tsx(92,99): error TS7026: JSX element implicitly has type 'any' because no interface 'JSX.IntrinsicElements' exists.
src/components/auth/ProtectedRoute.tsx(93,11): error TS7026: JSX element implicitly has type 'any' because no interface 'JSX.IntrinsicElements' exists.
src/components/auth/ProtectedRoute.tsx(93,72): error TS7026: JSX element implicitly has type 'any' because no interface 'JSX.IntrinsicElements' exists.
src/components/auth/ProtectedRoute.tsx(94,9): error TS7026: JSX element implicitly has type 'any' because no interface 'JSX.IntrinsicElements' exists.
src/components/auth/ProtectedRoute.tsx(95,7): error TS7026: JSX element implicitly has type 'any' because no interface 'JSX.IntrinsicElements' exists.
src/components/pages/Reports/ReportPermissions.tsx(3,33): error TS2307: Cannot find module 'react' or its corresponding type declarations.
src/components/pages/Reports/ReportPermissions.tsx(37,8): error TS2307: Cannot find module 'lucide-react' or its corresponding type declarations.
src/components/pages/Reports/ReportPermissions.tsx(283,24): error TS7006: Parameter 'prev' implicitly has an 'any' type.
src/components/pages/Reports/ReportPermissions.tsx(285,24): error TS7006: Parameter 'prev' implicitly has an 'any' type.
src/components/pages/Reports/ReportPermissions.tsx(285,44): error TS7006: Parameter 'id' implicitly has an 'any' type.
src/components/pages/Reports/ReportPermissions.tsx(330,25): error TS7006: Parameter 'prev' implicitly has an 'any' type.
src/components/pages/Reports/ReportPermissions.tsx(337,5): error TS7026: JSX element implicitly has type 'any' because no interface 'JSX.IntrinsicElements' exists.
src/components/pages/Reports/ReportPermissions.tsx(337,5): error TS2875: This JSX tag requires the module path 'react/jsx-runtime' to exist, but none could be found. Make sure you have types for the appropriate package installed.
src/components/pages/Reports/ReportPermissions.tsx(339,7): error TS7026: JSX element implicitly has type 'any' because no interface 'JSX.IntrinsicElements' exists.
src/components/pages/Reports/ReportPermissions.tsx(340,9): error TS7026: JSX element implicitly has type 'any' because no interface 'JSX.IntrinsicElements' exists.
src/components/pages/Reports/ReportPermissions.tsx(341,11): error TS7026: JSX element implicitly has type 'any' because no interface 'JSX.IntrinsicElements' exists.
src/components/pages/Reports/ReportPermissions.tsx(342,13): error TS7026: JSX element implicitly has type 'any' because no interface 'JSX.IntrinsicElements' exists.
src/components/pages/Reports/ReportPermissions.tsx(342,80): error TS7026: JSX element implicitly has type 'any' because no interface 'JSX.IntrinsicElements' exists.
src/components/pages/Reports/ReportPermissions.tsx(343,13): error TS7026: JSX element implicitly has type 'any' because no interface 'JSX.IntrinsicElements' exists.
src/components/pages/Reports/ReportPermissions.tsx(345,13): error TS7026: JSX element implicitly has type 'any' because no interface 'JSX.IntrinsicElements' exists.
src/components/pages/Reports/ReportPermissions.tsx(346,11): error TS7026: JSX element implicitly has type 'any' because no interface 'JSX.IntrinsicElements' exists.
src/components/pages/Reports/ReportPermissions.tsx(348,11): error TS7026: JSX element implicitly has type 'any' because no interface 'JSX.IntrinsicElements' exists.
src/components/pages/Reports/ReportPermissions.tsx(349,13): error TS7026: JSX element implicitly has type 'any' because no interface 'JSX.IntrinsicElements' exists.
src/components/pages/Reports/ReportPermissions.tsx(356,13): error TS7026: JSX element implicitly has type 'any' because no interface 'JSX.IntrinsicElements' exists.
src/components/pages/Reports/ReportPermissions.tsx(357,13): error TS7026: JSX element implicitly has type 'any' because no interface 'JSX.IntrinsicElements' exists.
src/components/pages/Reports/ReportPermissions.tsx(364,13): error TS7026: JSX element implicitly has type 'any' because no interface 'JSX.IntrinsicElements' exists.
src/components/pages/Reports/ReportPermissions.tsx(365,11): error TS7026: JSX element implicitly has type 'any' because no interface 'JSX.IntrinsicElements' exists.
src/components/pages/Reports/ReportPermissions.tsx(366,9): error TS7026: JSX element implicitly has type 'any' because no interface 'JSX.IntrinsicElements' exists.
src/components/pages/Reports/ReportPermissions.tsx(369,9): error TS7026: JSX element implicitly has type 'any' because no interface 'JSX.IntrinsicElements' exists.
src/components/pages/Reports/ReportPermissions.tsx(370,11): error TS7026: JSX element implicitly has type 'any' because no interface 'JSX.IntrinsicElements' exists.
src/components/pages/Reports/ReportPermissions.tsx(376,15): error TS7026: JSX element implicitly has type 'any' because no interface 'JSX.IntrinsicElements' exists.
src/components/pages/Reports/ReportPermissions.tsx(386,17): error TS7026: JSX element implicitly has type 'any' because no interface 'JSX.IntrinsicElements' exists.
src/components/pages/Reports/ReportPermissions.tsx(388,17): error TS7026: JSX element implicitly has type 'any' because no interface 'JSX.IntrinsicElements' exists.
src/components/pages/Reports/ReportPermissions.tsx(389,15): error TS7026: JSX element implicitly has type 'any' because no interface 'JSX.IntrinsicElements' exists.
src/components/pages/Reports/ReportPermissions.tsx(391,11): error TS7026: JSX element implicitly has type 'any' because no interface 'JSX.IntrinsicElements' exists.
src/components/pages/Reports/ReportPermissions.tsx(392,9): error TS7026: JSX element implicitly has type 'any' because no interface 'JSX.IntrinsicElements' exists.
src/components/pages/Reports/ReportPermissions.tsx(393,7): error TS7026: JSX element implicitly has type 'any' because no interface 'JSX.IntrinsicElements' exists.
src/components/pages/Reports/ReportPermissions.tsx(396,9): error TS7026: JSX element implicitly has type 'any' because no interface 'JSX.IntrinsicElements' exists.
src/components/pages/Reports/ReportPermissions.tsx(398,9): error TS7026: JSX element implicitly has type 'any' because no interface 'JSX.IntrinsicElements' exists.
src/components/pages/Reports/ReportPermissions.tsx(400,9): error TS7026: JSX element implicitly has type 'any' because no interface 'JSX.IntrinsicElements' exists.
src/components/pages/Reports/ReportPermissions.tsx(403,13): error TS7026: JSX element implicitly has type 'any' because no interface 'JSX.IntrinsicElements' exists.
src/components/pages/Reports/ReportPermissions.tsx(405,15): error TS7026: JSX element implicitly has type 'any' because no interface 'JSX.IntrinsicElements' exists.
src/components/pages/Reports/ReportPermissions.tsx(406,17): error TS7026: JSX element implicitly has type 'any' because no interface 'JSX.IntrinsicElements' exists.
src/components/pages/Reports/ReportPermissions.tsx(407,19): error TS7026: JSX element implicitly has type 'any' because no interface 'JSX.IntrinsicElements' exists.
src/components/pages/Reports/ReportPermissions.tsx(409,21): error TS7026: JSX element implicitly has type 'any' because no interface 'JSX.IntrinsicElements' exists.
src/components/pages/Reports/ReportPermissions.tsx(417,19): error TS7026: JSX element implicitly has type 'any' because no interface 'JSX.IntrinsicElements' exists.
src/components/pages/Reports/ReportPermissions.tsx(419,19): error TS7026: JSX element implicitly has type 'any' because no interface 'JSX.IntrinsicElements' exists.
src/components/pages/Reports/ReportPermissions.tsx(422,34): error TS7006: Parameter 'prev' implicitly has an 'any' type.
src/components/pages/Reports/ReportPermissions.tsx(427,21): error TS7026: JSX element implicitly has type 'any' because no interface 'JSX.IntrinsicElements' exists.
src/components/pages/Reports/ReportPermissions.tsx(427,50): error TS7026: JSX element implicitly has type 'any' because no interface 'JSX.IntrinsicElements' exists.
src/components/pages/Reports/ReportPermissions.tsx(428,21): error TS7026: JSX element implicitly has type 'any' because no interface 'JSX.IntrinsicElements' exists.
src/components/pages/Reports/ReportPermissions.tsx(428,47): error TS7026: JSX element implicitly has type 'any' because no interface 'JSX.IntrinsicElements' exists.
src/components/pages/Reports/ReportPermissions.tsx(429,21): error TS7026: JSX element implicitly has type 'any' because no interface 'JSX.IntrinsicElements' exists.
src/components/pages/Reports/ReportPermissions.tsx(429,49): error TS7026: JSX element implicitly has type 'any' because no interface 'JSX.IntrinsicElements' exists.
src/components/pages/Reports/ReportPermissions.tsx(430,21): error TS7026: JSX element implicitly has type 'any' because no interface 'JSX.IntrinsicElements' exists.
src/components/pages/Reports/ReportPermissions.tsx(430,47): error TS7026: JSX element implicitly has type 'any' because no interface 'JSX.IntrinsicElements' exists.
src/components/pages/Reports/ReportPermissions.tsx(431,21): error TS7026: JSX element implicitly has type 'any' because no interface 'JSX.IntrinsicElements' exists.
src/components/pages/Reports/ReportPermissions.tsx(431,59): error TS7026: JSX element implicitly has type 'any' because no interface 'JSX.IntrinsicElements' exists.
src/components/pages/Reports/ReportPermissions.tsx(432,19): error TS7026: JSX element implicitly has type 'any' because no interface 'JSX.IntrinsicElements' exists.
src/components/pages/Reports/ReportPermissions.tsx(434,19): error TS7026: JSX element implicitly has type 'any' because no interface 'JSX.IntrinsicElements' exists.
src/components/pages/Reports/ReportPermissions.tsx(437,34): error TS7006: Parameter 'prev' implicitly has an 'any' type.
src/components/pages/Reports/ReportPermissions.tsx(442,21): error TS7026: JSX element implicitly has type 'any' because no interface 'JSX.IntrinsicElements' exists.
src/components/pages/Reports/ReportPermissions.tsx(442,51): error TS7026: JSX element implicitly has type 'any' because no interface 'JSX.IntrinsicElements' exists.
src/components/pages/Reports/ReportPermissions.tsx(443,21): error TS7026: JSX element implicitly has type 'any' because no interface 'JSX.IntrinsicElements' exists.
src/components/pages/Reports/ReportPermissions.tsx(443,51): error TS7026: JSX element implicitly has type 'any' because no interface 'JSX.IntrinsicElements' exists.
src/components/pages/Reports/ReportPermissions.tsx(444,21): error TS7026: JSX element implicitly has type 'any' because no interface 'JSX.IntrinsicElements' exists.
src/components/pages/Reports/ReportPermissions.tsx(444,51): error TS7026: JSX element implicitly has type 'any' because no interface 'JSX.IntrinsicElements' exists.
src/components/pages/Reports/ReportPermissions.tsx(445,21): error TS7026: JSX element implicitly has type 'any' because no interface 'JSX.IntrinsicElements' exists.
src/components/pages/Reports/ReportPermissions.tsx(445,55): error TS7026: JSX element implicitly has type 'any' because no interface 'JSX.IntrinsicElements' exists.
src/components/pages/Reports/ReportPermissions.tsx(446,21): error TS7026: JSX element implicitly has type 'any' because no interface 'JSX.IntrinsicElements' exists.
src/components/pages/Reports/ReportPermissions.tsx(446,48): error TS7026: JSX element implicitly has type 'any' because no interface 'JSX.IntrinsicElements' exists.
src/components/pages/Reports/ReportPermissions.tsx(447,21): error TS7026: JSX element implicitly has type 'any' because no interface 'JSX.IntrinsicElements' exists.
src/components/pages/Reports/ReportPermissions.tsx(447,48): error TS7026: JSX element implicitly has type 'any' because no interface 'JSX.IntrinsicElements' exists.
src/components/pages/Reports/ReportPermissions.tsx(448,19): error TS7026: JSX element implicitly has type 'any' because no interface 'JSX.IntrinsicElements' exists.
src/components/pages/Reports/ReportPermissions.tsx(449,17): error TS7026: JSX element implicitly has type 'any' because no interface 'JSX.IntrinsicElements' exists.
src/components/pages/Reports/ReportPermissions.tsx(452,19): error TS7026: JSX element implicitly has type 'any' because no interface 'JSX.IntrinsicElements' exists.
src/components/pages/Reports/ReportPermissions.tsx(453,21): error TS7026: JSX element implicitly has type 'any' because no interface 'JSX.IntrinsicElements' exists.
src/components/pages/Reports/ReportPermissions.tsx(455,21): error TS7026: JSX element implicitly has type 'any' because no interface 'JSX.IntrinsicElements' exists.
src/components/pages/Reports/ReportPermissions.tsx(456,21): error TS7026: JSX element implicitly has type 'any' because no interface 'JSX.IntrinsicElements' exists.
src/components/pages/Reports/ReportPermissions.tsx(458,47): error TS7006: Parameter 'id' implicitly has an 'any' type.
src/components/pages/Reports/ReportPermissions.tsx(466,21): error TS7026: JSX element implicitly has type 'any' because no interface 'JSX.IntrinsicElements' exists.
src/components/pages/Reports/ReportPermissions.tsx(467,19): error TS7026: JSX element implicitly has type 'any' because no interface 'JSX.IntrinsicElements' exists.
src/components/pages/Reports/ReportPermissions.tsx(469,15): error TS7026: JSX element implicitly has type 'any' because no interface 'JSX.IntrinsicElements' exists.
src/components/pages/Reports/ReportPermissions.tsx(473,17): error TS7026: JSX element implicitly has type 'any' because no interface 'JSX.IntrinsicElements' exists.
src/components/pages/Reports/ReportPermissions.tsx(475,19): error TS7026: JSX element implicitly has type 'any' because no interface 'JSX.IntrinsicElements' exists.
src/components/pages/Reports/ReportPermissions.tsx(475,93): error TS7026: JSX element implicitly has type 'any' because no interface 'JSX.IntrinsicElements' exists.
src/components/pages/Reports/ReportPermissions.tsx(476,19): error TS7026: JSX element implicitly has type 'any' because no interface 'JSX.IntrinsicElements' exists.
src/components/pages/Reports/ReportPermissions.tsx(478,19): error TS7026: JSX element implicitly has type 'any' because no interface 'JSX.IntrinsicElements' exists.
src/components/pages/Reports/ReportPermissions.tsx(479,19): error TS7026: JSX element implicitly has type 'any' because no interface 'JSX.IntrinsicElements' exists.
src/components/pages/Reports/ReportPermissions.tsx(486,19): error TS7026: JSX element implicitly has type 'any' because no interface 'JSX.IntrinsicElements' exists.
src/components/pages/Reports/ReportPermissions.tsx(487,17): error TS7026: JSX element implicitly has type 'any' because no interface 'JSX.IntrinsicElements' exists.
src/components/pages/Reports/ReportPermissions.tsx(489,17): error TS7026: JSX element implicitly has type 'any' because no interface 'JSX.IntrinsicElements' exists.
src/components/pages/Reports/ReportPermissions.tsx(490,19): error TS7026: JSX element implicitly has type 'any' because no interface 'JSX.IntrinsicElements' exists.
src/components/pages/Reports/ReportPermissions.tsx(491,21): error TS7026: JSX element implicitly has type 'any' because no interface 'JSX.IntrinsicElements' exists.
src/components/pages/Reports/ReportPermissions.tsx(492,23): error TS7026: JSX element implicitly has type 'any' because no interface 'JSX.IntrinsicElements' exists.
src/components/pages/Reports/ReportPermissions.tsx(493,25): error TS7026: JSX element implicitly has type 'any' because no interface 'JSX.IntrinsicElements' exists.
src/components/pages/Reports/ReportPermissions.tsx(494,27): error TS7026: JSX element implicitly has type 'any' because no interface 'JSX.IntrinsicElements' exists.
src/components/pages/Reports/ReportPermissions.tsx(495,29): error TS7026: JSX element implicitly has type 'any' because no interface 'JSX.IntrinsicElements' exists.
src/components/pages/Reports/ReportPermissions.tsx(507,27): error TS7026: JSX element implicitly has type 'any' because no interface 'JSX.IntrinsicElements' exists.
src/components/pages/Reports/ReportPermissions.tsx(508,27): error TS7026: JSX element implicitly has type 'any' because no interface 'JSX.IntrinsicElements' exists.
src/components/pages/Reports/ReportPermissions.tsx(510,27): error TS7026: JSX element implicitly has type 'any' because no interface 'JSX.IntrinsicElements' exists.
src/components/pages/Reports/ReportPermissions.tsx(511,27): error TS7026: JSX element implicitly has type 'any' because no interface 'JSX.IntrinsicElements' exists.
src/components/pages/Reports/ReportPermissions.tsx(513,27): error TS7026: JSX element implicitly has type 'any' because no interface 'JSX.IntrinsicElements' exists.
src/components/pages/Reports/ReportPermissions.tsx(514,27): error TS7026: JSX element implicitly has type 'any' because no interface 'JSX.IntrinsicElements' exists.
src/components/pages/Reports/ReportPermissions.tsx(516,27): error TS7026: JSX element implicitly has type 'any' because no interface 'JSX.IntrinsicElements' exists.
src/components/pages/Reports/ReportPermissions.tsx(517,27): error TS7026: JSX element implicitly has type 'any' because no interface 'JSX.IntrinsicElements' exists.
src/components/pages/Reports/ReportPermissions.tsx(519,27): error TS7026: JSX element implicitly has type 'any' because no interface 'JSX.IntrinsicElements' exists.
src/components/pages/Reports/ReportPermissions.tsx(520,27): error TS7026: JSX element implicitly has type 'any' because no interface 'JSX.IntrinsicElements' exists.
src/components/pages/Reports/ReportPermissions.tsx(522,27): error TS7026: JSX element implicitly has type 'any' because no interface 'JSX.IntrinsicElements' exists.
src/components/pages/Reports/ReportPermissions.tsx(523,27): error TS7026: JSX element implicitly has type 'any' because no interface 'JSX.IntrinsicElements' exists.
src/components/pages/Reports/ReportPermissions.tsx(525,27): error TS7026: JSX element implicitly has type 'any' because no interface 'JSX.IntrinsicElements' exists.
src/components/pages/Reports/ReportPermissions.tsx(526,27): error TS7026: JSX element implicitly has type 'any' because no interface 'JSX.IntrinsicElements' exists.
src/components/pages/Reports/ReportPermissions.tsx(528,27): error TS7026: JSX element implicitly has type 'any' because no interface 'JSX.IntrinsicElements' exists.
src/components/pages/Reports/ReportPermissions.tsx(529,25): error TS7026: JSX element implicitly has type 'any' because no interface 'JSX.IntrinsicElements' exists.
src/components/pages/Reports/ReportPermissions.tsx(530,23): error TS7026: JSX element implicitly has type 'any' because no interface 'JSX.IntrinsicElements' exists.
src/components/pages/Reports/ReportPermissions.tsx(531,23): error TS7026: JSX element implicitly has type 'any' because no interface 'JSX.IntrinsicElements' exists.
src/components/pages/Reports/ReportPermissions.tsx(538,29): error TS7026: JSX element implicitly has type 'any' because no interface 'JSX.IntrinsicElements' exists.
src/components/pages/Reports/ReportPermissions.tsx(539,31): error TS7026: JSX element implicitly has type 'any' because no interface 'JSX.IntrinsicElements' exists.
src/components/pages/Reports/ReportPermissions.tsx(540,33): error TS7026: JSX element implicitly has type 'any' because no interface 'JSX.IntrinsicElements' exists.
src/components/pages/Reports/ReportPermissions.tsx(547,31): error TS7026: JSX element implicitly has type 'any' because no interface 'JSX.IntrinsicElements' exists.
src/components/pages/Reports/ReportPermissions.tsx(548,31): error TS7026: JSX element implicitly has type 'any' because no interface 'JSX.IntrinsicElements' exists.
src/components/pages/Reports/ReportPermissions.tsx(549,33): error TS7026: JSX element implicitly has type 'any' because no interface 'JSX.IntrinsicElements' exists.
src/components/pages/Reports/ReportPermissions.tsx(551,35): error TS7026: JSX element implicitly has type 'any' because no interface 'JSX.IntrinsicElements' exists.
src/components/pages/Reports/ReportPermissions.tsx(552,37): error TS7026: JSX element implicitly has type 'any' because no interface 'JSX.IntrinsicElements' exists.
src/components/pages/Reports/ReportPermissions.tsx(552,105): error TS7026: JSX element implicitly has type 'any' because no interface 'JSX.IntrinsicElements' exists.
src/components/pages/Reports/ReportPermissions.tsx(553,37): error TS7026: JSX element implicitly has type 'any' because no interface 'JSX.IntrinsicElements' exists.
src/components/pages/Reports/ReportPermissions.tsx(553,104): error TS7026: JSX element implicitly has type 'any' because no interface 'JSX.IntrinsicElements' exists.
src/components/pages/Reports/ReportPermissions.tsx(554,35): error TS7026: JSX element implicitly has type 'any' because no interface 'JSX.IntrinsicElements' exists.
src/components/pages/Reports/ReportPermissions.tsx(555,33): error TS7026: JSX element implicitly has type 'any' because no interface 'JSX.IntrinsicElements' exists.
src/components/pages/Reports/ReportPermissions.tsx(556,31): error TS7026: JSX element implicitly has type 'any' because no interface 'JSX.IntrinsicElements' exists.
src/components/pages/Reports/ReportPermissions.tsx(557,31): error TS7026: JSX element implicitly has type 'any' because no interface 'JSX.IntrinsicElements' exists.
src/components/pages/Reports/ReportPermissions.tsx(558,33): error TS7026: JSX element implicitly has type 'any' because no interface 'JSX.IntrinsicElements' exists.
src/components/pages/Reports/ReportPermissions.tsx(560,33): error TS7026: JSX element implicitly has type 'any' because no interface 'JSX.IntrinsicElements' exists.
src/components/pages/Reports/ReportPermissions.tsx(561,33): error TS7026: JSX element implicitly has type 'any' because no interface 'JSX.IntrinsicElements' exists.
src/components/pages/Reports/ReportPermissions.tsx(561,95): error TS7026: JSX element implicitly has type 'any' because no interface 'JSX.IntrinsicElements' exists.
src/components/pages/Reports/ReportPermissions.tsx(562,31): error TS7026: JSX element implicitly has type 'any' because no interface 'JSX.IntrinsicElements' exists.
src/components/pages/Reports/ReportPermissions.tsx(563,31): error TS7026: JSX element implicitly has type 'any' because no interface 'JSX.IntrinsicElements' exists.
src/components/pages/Reports/ReportPermissions.tsx(564,33): error TS7026: JSX element implicitly has type 'any' because no interface 'JSX.IntrinsicElements' exists.
src/components/pages/Reports/ReportPermissions.tsx(567,33): error TS7026: JSX element implicitly has type 'any' because no interface 'JSX.IntrinsicElements' exists.
src/components/pages/Reports/ReportPermissions.tsx(568,31): error TS7026: JSX element implicitly has type 'any' because no interface 'JSX.IntrinsicElements' exists.
src/components/pages/Reports/ReportPermissions.tsx(569,31): error TS7026: JSX element implicitly has type 'any' because no interface 'JSX.IntrinsicElements' exists.
src/components/pages/Reports/ReportPermissions.tsx(570,33): error TS7026: JSX element implicitly has type 'any' because no interface 'JSX.IntrinsicElements' exists.
src/components/pages/Reports/ReportPermissions.tsx(572,37): error TS7026: JSX element implicitly has type 'any' because no interface 'JSX.IntrinsicElements' exists.
src/components/pages/Reports/ReportPermissions.tsx(577,37): error TS7026: JSX element implicitly has type 'any' because no interface 'JSX.IntrinsicElements' exists.
src/components/pages/Reports/ReportPermissions.tsx(579,33): error TS7026: JSX element implicitly has type 'any' because no interface 'JSX.IntrinsicElements' exists.
src/components/pages/Reports/ReportPermissions.tsx(580,31): error TS7026: JSX element implicitly has type 'any' because no interface 'JSX.IntrinsicElements' exists.
src/components/pages/Reports/ReportPermissions.tsx(581,31): error TS7026: JSX element implicitly has type 'any' because no interface 'JSX.IntrinsicElements' exists.
src/components/pages/Reports/ReportPermissions.tsx(583,35): error TS7026: JSX element implicitly has type 'any' because no interface 'JSX.IntrinsicElements' exists.
src/components/pages/Reports/ReportPermissions.tsx(586,35): error TS7026: JSX element implicitly has type 'any' because no interface 'JSX.IntrinsicElements' exists.
src/components/pages/Reports/ReportPermissions.tsx(589,35): error TS7026: JSX element implicitly has type 'any' because no interface 'JSX.IntrinsicElements' exists.
src/components/pages/Reports/ReportPermissions.tsx(592,35): error TS7026: JSX element implicitly has type 'any' because no interface 'JSX.IntrinsicElements' exists.
src/components/pages/Reports/ReportPermissions.tsx(595,35): error TS7026: JSX element implicitly has type 'any' because no interface 'JSX.IntrinsicElements' exists.
src/components/pages/Reports/ReportPermissions.tsx(598,35): error TS7026: JSX element implicitly has type 'any' because no interface 'JSX.IntrinsicElements' exists.
src/components/pages/Reports/ReportPermissions.tsx(600,31): error TS7026: JSX element implicitly has type 'any' because no interface 'JSX.IntrinsicElements' exists.
src/components/pages/Reports/ReportPermissions.tsx(601,31): error TS7026: JSX element implicitly has type 'any' because no interface 'JSX.IntrinsicElements' exists.
src/components/pages/Reports/ReportPermissions.tsx(603,31): error TS7026: JSX element implicitly has type 'any' because no interface 'JSX.IntrinsicElements' exists.
src/components/pages/Reports/ReportPermissions.tsx(604,31): error TS7026: JSX element implicitly has type 'any' because no interface 'JSX.IntrinsicElements' exists.
src/components/pages/Reports/ReportPermissions.tsx(605,33): error TS7026: JSX element implicitly has type 'any' because no interface 'JSX.IntrinsicElements' exists.
src/components/pages/Reports/ReportPermissions.tsx(606,35): error TS7026: JSX element implicitly has type 'any' because no interface 'JSX.IntrinsicElements' exists.
src/components/pages/Reports/ReportPermissions.tsx(612,35): error TS7026: JSX element implicitly has type 'any' because no interface 'JSX.IntrinsicElements' exists.
src/components/pages/Reports/ReportPermissions.tsx(613,35): error TS7026: JSX element implicitly has type 'any' because no interface 'JSX.IntrinsicElements' exists.
src/components/pages/Reports/ReportPermissions.tsx(619,35): error TS7026: JSX element implicitly has type 'any' because no interface 'JSX.IntrinsicElements' exists.
src/components/pages/Reports/ReportPermissions.tsx(620,33): error TS7026: JSX element implicitly has type 'any' because no interface 'JSX.IntrinsicElements' exists.
src/components/pages/Reports/ReportPermissions.tsx(621,31): error TS7026: JSX element implicitly has type 'any' because no interface 'JSX.IntrinsicElements' exists.
src/components/pages/Reports/ReportPermissions.tsx(622,29): error TS7026: JSX element implicitly has type 'any' because no interface 'JSX.IntrinsicElements' exists.
src/components/pages/Reports/ReportPermissions.tsx(625,23): error TS7026: JSX element implicitly has type 'any' because no interface 'JSX.IntrinsicElements' exists.
src/components/pages/Reports/ReportPermissions.tsx(626,21): error TS7026: JSX element implicitly has type 'any' because no interface 'JSX.IntrinsicElements' exists.
src/components/pages/Reports/ReportPermissions.tsx(627,19): error TS7026: JSX element implicitly has type 'any' because no interface 'JSX.IntrinsicElements' exists.
src/components/pages/Reports/ReportPermissions.tsx(628,17): error TS7026: JSX element implicitly has type 'any' because no interface 'JSX.IntrinsicElements' exists.
src/components/pages/Reports/ReportPermissions.tsx(630,13): error TS7026: JSX element implicitly has type 'any' because no interface 'JSX.IntrinsicElements' exists.
src/components/pages/Reports/ReportPermissions.tsx(635,13): error TS7026: JSX element implicitly has type 'any' because no interface 'JSX.IntrinsicElements' exists.
src/components/pages/Reports/ReportPermissions.tsx(637,17): error TS7026: JSX element implicitly has type 'any' because no interface 'JSX.IntrinsicElements' exists.
src/components/pages/Reports/ReportPermissions.tsx(639,19): error TS7026: JSX element implicitly has type 'any' because no interface 'JSX.IntrinsicElements' exists.
src/components/pages/Reports/ReportPermissions.tsx(639,97): error TS7026: JSX element implicitly has type 'any' because no interface 'JSX.IntrinsicElements' exists.
src/components/pages/Reports/ReportPermissions.tsx(640,19): error TS7026: JSX element implicitly has type 'any' because no interface 'JSX.IntrinsicElements' exists.
src/components/pages/Reports/ReportPermissions.tsx(642,19): error TS7026: JSX element implicitly has type 'any' because no interface 'JSX.IntrinsicElements' exists.
src/components/pages/Reports/ReportPermissions.tsx(643,19): error TS7026: JSX element implicitly has type 'any' because no interface 'JSX.IntrinsicElements' exists.
src/components/pages/Reports/ReportPermissions.tsx(650,19): error TS7026: JSX element implicitly has type 'any' because no interface 'JSX.IntrinsicElements' exists.
src/components/pages/Reports/ReportPermissions.tsx(651,17): error TS7026: JSX element implicitly has type 'any' because no interface 'JSX.IntrinsicElements' exists.
src/components/pages/Reports/ReportPermissions.tsx(653,17): error TS7026: JSX element implicitly has type 'any' because no interface 'JSX.IntrinsicElements' exists.
src/components/pages/Reports/ReportPermissions.tsx(659,23): error TS7026: JSX element implicitly has type 'any' because no interface 'JSX.IntrinsicElements' exists.
src/components/pages/Reports/ReportPermissions.tsx(660,25): error TS7026: JSX element implicitly has type 'any' because no interface 'JSX.IntrinsicElements' exists.
src/components/pages/Reports/ReportPermissions.tsx(661,27): error TS7026: JSX element implicitly has type 'any' because no interface 'JSX.IntrinsicElements' exists.
src/components/pages/Reports/ReportPermissions.tsx(662,29): error TS7026: JSX element implicitly has type 'any' because no interface 'JSX.IntrinsicElements' exists.
src/components/pages/Reports/ReportPermissions.tsx(664,29): error TS7026: JSX element implicitly has type 'any' because no interface 'JSX.IntrinsicElements' exists.
src/components/pages/Reports/ReportPermissions.tsx(665,29): error TS7026: JSX element implicitly has type 'any' because no interface 'JSX.IntrinsicElements' exists.
src/components/pages/Reports/ReportPermissions.tsx(666,31): error TS7026: JSX element implicitly has type 'any' because no interface 'JSX.IntrinsicElements' exists.
src/components/pages/Reports/ReportPermissions.tsx(666,96): error TS7026: JSX element implicitly has type 'any' because no interface 'JSX.IntrinsicElements' exists.
src/components/pages/Reports/ReportPermissions.tsx(667,31): error TS7026: JSX element implicitly has type 'any' because no interface 'JSX.IntrinsicElements' exists.
src/components/pages/Reports/ReportPermissions.tsx(667,90): error TS7026: JSX element implicitly has type 'any' because no interface 'JSX.IntrinsicElements' exists.
src/components/pages/Reports/ReportPermissions.tsx(668,29): error TS7026: JSX element implicitly has type 'any' because no interface 'JSX.IntrinsicElements' exists.
src/components/pages/Reports/ReportPermissions.tsx(669,27): error TS7026: JSX element implicitly has type 'any' because no interface 'JSX.IntrinsicElements' exists.
src/components/pages/Reports/ReportPermissions.tsx(672,29): error TS7026: JSX element implicitly has type 'any' because no interface 'JSX.IntrinsicElements' exists.
src/components/pages/Reports/ReportPermissions.tsx(674,29): error TS7026: JSX element implicitly has type 'any' because no interface 'JSX.IntrinsicElements' exists.
src/components/pages/Reports/ReportPermissions.tsx(676,25): error TS7026: JSX element implicitly has type 'any' because no interface 'JSX.IntrinsicElements' exists.
src/components/pages/Reports/ReportPermissions.tsx(678,25): error TS7026: JSX element implicitly has type 'any' because no interface 'JSX.IntrinsicElements' exists.
src/components/pages/Reports/ReportPermissions.tsx(679,27): error TS7026: JSX element implicitly has type 'any' because no interface 'JSX.IntrinsicElements' exists.
src/components/pages/Reports/ReportPermissions.tsx(680,29): error TS7026: JSX element implicitly has type 'any' because no interface 'JSX.IntrinsicElements' exists.
src/components/pages/Reports/ReportPermissions.tsx(680,67): error TS7026: JSX element implicitly has type 'any' because no interface 'JSX.IntrinsicElements' exists.
src/components/pages/Reports/ReportPermissions.tsx(681,29): error TS7026: JSX element implicitly has type 'any' because no interface 'JSX.IntrinsicElements' exists.
src/components/pages/Reports/ReportPermissions.tsx(683,29): error TS7026: JSX element implicitly has type 'any' because no interface 'JSX.IntrinsicElements' exists.
src/components/pages/Reports/ReportPermissions.tsx(684,27): error TS7026: JSX element implicitly has type 'any' because no interface 'JSX.IntrinsicElements' exists.
src/components/pages/Reports/ReportPermissions.tsx(686,27): error TS7026: JSX element implicitly has type 'any' because no interface 'JSX.IntrinsicElements' exists.
src/components/pages/Reports/ReportPermissions.tsx(687,29): error TS7026: JSX element implicitly has type 'any' because no interface 'JSX.IntrinsicElements' exists.
src/components/pages/Reports/ReportPermissions.tsx(687,69): error TS7026: JSX element implicitly has type 'any' because no interface 'JSX.IntrinsicElements' exists.
src/components/pages/Reports/ReportPermissions.tsx(688,29): error TS7026: JSX element implicitly has type 'any' because no interface 'JSX.IntrinsicElements' exists.
src/components/pages/Reports/ReportPermissions.tsx(690,33): error TS7026: JSX element implicitly has type 'any' because no interface 'JSX.IntrinsicElements' exists.
src/components/pages/Reports/ReportPermissions.tsx(695,33): error TS7026: JSX element implicitly has type 'any' because no interface 'JSX.IntrinsicElements' exists.
src/components/pages/Reports/ReportPermissions.tsx(698,33): error TS7026: JSX element implicitly has type 'any' because no interface 'JSX.IntrinsicElements' exists.
src/components/pages/Reports/ReportPermissions.tsx(700,33): error TS7026: JSX element implicitly has type 'any' because no interface 'JSX.IntrinsicElements' exists.
src/components/pages/Reports/ReportPermissions.tsx(702,29): error TS7026: JSX element implicitly has type 'any' because no interface 'JSX.IntrinsicElements' exists.
src/components/pages/Reports/ReportPermissions.tsx(703,27): error TS7026: JSX element implicitly has type 'any' because no interface 'JSX.IntrinsicElements' exists.
src/components/pages/Reports/ReportPermissions.tsx(705,27): error TS7026: JSX element implicitly has type 'any' because no interface 'JSX.IntrinsicElements' exists.
src/components/pages/Reports/ReportPermissions.tsx(706,29): error TS7026: JSX element implicitly has type 'any' because no interface 'JSX.IntrinsicElements' exists.
src/components/pages/Reports/ReportPermissions.tsx(706,67): error TS7026: JSX element implicitly has type 'any' because no interface 'JSX.IntrinsicElements' exists.
src/components/pages/Reports/ReportPermissions.tsx(707,29): error TS7026: JSX element implicitly has type 'any' because no interface 'JSX.IntrinsicElements' exists.
src/components/pages/Reports/ReportPermissions.tsx(707,88): error TS7026: JSX element implicitly has type 'any' because no interface 'JSX.IntrinsicElements' exists.
src/components/pages/Reports/ReportPermissions.tsx(708,27): error TS7026: JSX element implicitly has type 'any' because no interface 'JSX.IntrinsicElements' exists.
src/components/pages/Reports/ReportPermissions.tsx(709,25): error TS7026: JSX element implicitly has type 'any' because no interface 'JSX.IntrinsicElements' exists.
src/components/pages/Reports/ReportPermissions.tsx(711,25): error TS7026: JSX element implicitly has type 'any' because no interface 'JSX.IntrinsicElements' exists.
src/components/pages/Reports/ReportPermissions.tsx(712,27): error TS7026: JSX element implicitly has type 'any' because no interface 'JSX.IntrinsicElements' exists.
src/components/pages/Reports/ReportPermissions.tsx(719,27): error TS7026: JSX element implicitly has type 'any' because no interface 'JSX.IntrinsicElements' exists.
src/components/pages/Reports/ReportPermissions.tsx(720,25): error TS7026: JSX element implicitly has type 'any' because no interface 'JSX.IntrinsicElements' exists.
src/components/pages/Reports/ReportPermissions.tsx(721,23): error TS7026: JSX element implicitly has type 'any' because no interface 'JSX.IntrinsicElements' exists.
src/components/pages/Reports/ReportPermissions.tsx(724,17): error TS7026: JSX element implicitly has type 'any' because no interface 'JSX.IntrinsicElements' exists.
src/components/pages/Reports/ReportPermissions.tsx(726,13): error TS7026: JSX element implicitly has type 'any' because no interface 'JSX.IntrinsicElements' exists.
src/components/pages/Reports/ReportPermissions.tsx(731,13): error TS7026: JSX element implicitly has type 'any' because no interface 'JSX.IntrinsicElements' exists.
src/components/pages/Reports/ReportPermissions.tsx(733,15): error TS7026: JSX element implicitly has type 'any' because no interface 'JSX.IntrinsicElements' exists.
src/components/pages/Reports/ReportPermissions.tsx(735,17): error TS7026: JSX element implicitly has type 'any' because no interface 'JSX.IntrinsicElements' exists.
src/components/pages/Reports/ReportPermissions.tsx(743,15): error TS7026: JSX element implicitly has type 'any' because no interface 'JSX.IntrinsicElements' exists.
src/components/pages/Reports/ReportPermissions.tsx(747,17): error TS7026: JSX element implicitly has type 'any' because no interface 'JSX.IntrinsicElements' exists.
src/components/pages/Reports/ReportPermissions.tsx(749,19): error TS7026: JSX element implicitly has type 'any' because no interface 'JSX.IntrinsicElements' exists.
src/components/pages/Reports/ReportPermissions.tsx(749,88): error TS7026: JSX element implicitly has type 'any' because no interface 'JSX.IntrinsicElements' exists.
src/components/pages/Reports/ReportPermissions.tsx(750,19): error TS7026: JSX element implicitly has type 'any' because no interface 'JSX.IntrinsicElements' exists.
src/components/pages/Reports/ReportPermissions.tsx(752,19): error TS7026: JSX element implicitly has type 'any' because no interface 'JSX.IntrinsicElements' exists.
src/components/pages/Reports/ReportPermissions.tsx(753,17): error TS7026: JSX element implicitly has type 'any' because no interface 'JSX.IntrinsicElements' exists.
src/components/pages/Reports/ReportPermissions.tsx(755,17): error TS7026: JSX element implicitly has type 'any' because no interface 'JSX.IntrinsicElements' exists.
src/components/pages/Reports/ReportPermissions.tsx(756,19): error TS7026: JSX element implicitly has type 'any' because no interface 'JSX.IntrinsicElements' exists.
src/components/pages/Reports/ReportPermissions.tsx(757,21): error TS7026: JSX element implicitly has type 'any' because no interface 'JSX.IntrinsicElements' exists.
src/components/pages/Reports/ReportPermissions.tsx(758,23): error TS7026: JSX element implicitly has type 'any' because no interface 'JSX.IntrinsicElements' exists.
src/components/pages/Reports/ReportPermissions.tsx(759,25): error TS7026: JSX element implicitly has type 'any' because no interface 'JSX.IntrinsicElements' exists.
src/components/pages/Reports/ReportPermissions.tsx(760,27): error TS7026: JSX element implicitly has type 'any' because no interface 'JSX.IntrinsicElements' exists.
src/components/pages/Reports/ReportPermissions.tsx(762,27): error TS7026: JSX element implicitly has type 'any' because no interface 'JSX.IntrinsicElements' exists.
src/components/pages/Reports/ReportPermissions.tsx(763,27): error TS7026: JSX element implicitly has type 'any' because no interface 'JSX.IntrinsicElements' exists.
src/components/pages/Reports/ReportPermissions.tsx(765,27): error TS7026: JSX element implicitly has type 'any' because no interface 'JSX.IntrinsicElements' exists.
src/components/pages/Reports/ReportPermissions.tsx(766,27): error TS7026: JSX element implicitly has type 'any' because no interface 'JSX.IntrinsicElements' exists.
src/components/pages/Reports/ReportPermissions.tsx(768,27): error TS7026: JSX element implicitly has type 'any' because no interface 'JSX.IntrinsicElements' exists.
src/components/pages/Reports/ReportPermissions.tsx(769,27): error TS7026: JSX element implicitly has type 'any' because no interface 'JSX.IntrinsicElements' exists.
src/components/pages/Reports/ReportPermissions.tsx(771,27): error TS7026: JSX element implicitly has type 'any' because no interface 'JSX.IntrinsicElements' exists.
src/components/pages/Reports/ReportPermissions.tsx(772,27): error TS7026: JSX element implicitly has type 'any' because no interface 'JSX.IntrinsicElements' exists.
src/components/pages/Reports/ReportPermissions.tsx(774,27): error TS7026: JSX element implicitly has type 'any' because no interface 'JSX.IntrinsicElements' exists.
src/components/pages/Reports/ReportPermissions.tsx(775,27): error TS7026: JSX element implicitly has type 'any' because no interface 'JSX.IntrinsicElements' exists.
src/components/pages/Reports/ReportPermissions.tsx(777,27): error TS7026: JSX element implicitly has type 'any' because no interface 'JSX.IntrinsicElements' exists.
src/components/pages/Reports/ReportPermissions.tsx(778,25): error TS7026: JSX element implicitly has type 'any' because no interface 'JSX.IntrinsicElements' exists.
src/components/pages/Reports/ReportPermissions.tsx(779,23): error TS7026: JSX element implicitly has type 'any' because no interface 'JSX.IntrinsicElements' exists.
src/components/pages/Reports/ReportPermissions.tsx(780,23): error TS7026: JSX element implicitly has type 'any' because no interface 'JSX.IntrinsicElements' exists.
src/components/pages/Reports/ReportPermissions.tsx(785,29): error TS7026: JSX element implicitly has type 'any' because no interface 'JSX.IntrinsicElements' exists.
src/components/pages/Reports/ReportPermissions.tsx(786,31): error TS7026: JSX element implicitly has type 'any' because no interface 'JSX.IntrinsicElements' exists.
src/components/pages/Reports/ReportPermissions.tsx(787,33): error TS7026: JSX element implicitly has type 'any' because no interface 'JSX.IntrinsicElements' exists.
src/components/pages/Reports/ReportPermissions.tsx(789,35): error TS7026: JSX element implicitly has type 'any' because no interface 'JSX.IntrinsicElements' exists.
src/components/pages/Reports/ReportPermissions.tsx(790,37): error TS7026: JSX element implicitly has type 'any' because no interface 'JSX.IntrinsicElements' exists.
src/components/pages/Reports/ReportPermissions.tsx(790,104): error TS7026: JSX element implicitly has type 'any' because no interface 'JSX.IntrinsicElements' exists.
src/components/pages/Reports/ReportPermissions.tsx(791,37): error TS7026: JSX element implicitly has type 'any' because no interface 'JSX.IntrinsicElements' exists.
src/components/pages/Reports/ReportPermissions.tsx(791,103): error TS7026: JSX element implicitly has type 'any' because no interface 'JSX.IntrinsicElements' exists.
src/components/pages/Reports/ReportPermissions.tsx(792,35): error TS7026: JSX element implicitly has type 'any' because no interface 'JSX.IntrinsicElements' exists.
src/components/pages/Reports/ReportPermissions.tsx(793,33): error TS7026: JSX element implicitly has type 'any' because no interface 'JSX.IntrinsicElements' exists.
src/components/pages/Reports/ReportPermissions.tsx(794,31): error TS7026: JSX element implicitly has type 'any' because no interface 'JSX.IntrinsicElements' exists.
src/components/pages/Reports/ReportPermissions.tsx(795,31): error TS7026: JSX element implicitly has type 'any' because no interface 'JSX.IntrinsicElements' exists.
src/components/pages/Reports/ReportPermissions.tsx(796,33): error TS7026: JSX element implicitly has type 'any' because no interface 'JSX.IntrinsicElements' exists.
src/components/pages/Reports/ReportPermissions.tsx(796,90): error TS7026: JSX element implicitly has type 'any' because no interface 'JSX.IntrinsicElements' exists.
src/components/pages/Reports/ReportPermissions.tsx(797,31): error TS7026: JSX element implicitly has type 'any' because no interface 'JSX.IntrinsicElements' exists.
src/components/pages/Reports/ReportPermissions.tsx(798,31): error TS7026: JSX element implicitly has type 'any' because no interface 'JSX.IntrinsicElements' exists.
src/components/pages/Reports/ReportPermissions.tsx(799,33): error TS7026: JSX element implicitly has type 'any' because no interface 'JSX.IntrinsicElements' exists.
src/components/pages/Reports/ReportPermissions.tsx(801,33): error TS7026: JSX element implicitly has type 'any' because no interface 'JSX.IntrinsicElements' exists.
src/components/pages/Reports/ReportPermissions.tsx(802,31): error TS7026: JSX element implicitly has type 'any' because no interface 'JSX.IntrinsicElements' exists.
src/components/pages/Reports/ReportPermissions.tsx(803,31): error TS7026: JSX element implicitly has type 'any' because no interface 'JSX.IntrinsicElements' exists.
src/components/pages/Reports/ReportPermissions.tsx(805,35): error TS7026: JSX element implicitly has type 'any' because no interface 'JSX.IntrinsicElements' exists.
src/components/pages/Reports/ReportPermissions.tsx(808,35): error TS7026: JSX element implicitly has type 'any' because no interface 'JSX.IntrinsicElements' exists.
src/components/pages/Reports/ReportPermissions.tsx(810,35): error TS7026: JSX element implicitly has type 'any' because no interface 'JSX.IntrinsicElements' exists.
src/components/pages/Reports/ReportPermissions.tsx(813,35): error TS7026: JSX element implicitly has type 'any' because no interface 'JSX.IntrinsicElements' exists.
src/components/pages/Reports/ReportPermissions.tsx(815,31): error TS7026: JSX element implicitly has type 'any' because no interface 'JSX.IntrinsicElements' exists.
src/components/pages/Reports/ReportPermissions.tsx(816,31): error TS7026: JSX element implicitly has type 'any' because no interface 'JSX.IntrinsicElements' exists.
src/components/pages/Reports/ReportPermissions.tsx(818,31): error TS7026: JSX element implicitly has type 'any' because no interface 'JSX.IntrinsicElements' exists.
src/components/pages/Reports/ReportPermissions.tsx(819,31): error TS7026: JSX element implicitly has type 'any' because no interface 'JSX.IntrinsicElements' exists.
src/components/pages/Reports/ReportPermissions.tsx(821,31): error TS7026: JSX element implicitly has type 'any' because no interface 'JSX.IntrinsicElements' exists.
src/components/pages/Reports/ReportPermissions.tsx(822,29): error TS7026: JSX element implicitly has type 'any' because no interface 'JSX.IntrinsicElements' exists.
src/components/pages/Reports/ReportPermissions.tsx(825,23): error TS7026: JSX element implicitly has type 'any' because no interface 'JSX.IntrinsicElements' exists.
src/components/pages/Reports/ReportPermissions.tsx(826,21): error TS7026: JSX element implicitly has type 'any' because no interface 'JSX.IntrinsicElements' exists.
src/components/pages/Reports/ReportPermissions.tsx(827,19): error TS7026: JSX element implicitly has type 'any' because no interface 'JSX.IntrinsicElements' exists.
src/components/pages/Reports/ReportPermissions.tsx(828,17): error TS7026: JSX element implicitly has type 'any' because no interface 'JSX.IntrinsicElements' exists.
src/components/pages/Reports/ReportPermissions.tsx(830,13): error TS7026: JSX element implicitly has type 'any' because no interface 'JSX.IntrinsicElements' exists.
src/components/pages/Reports/ReportPermissions.tsx(832,9): error TS7026: JSX element implicitly has type 'any' because no interface 'JSX.IntrinsicElements' exists.
src/components/pages/Reports/ReportPermissions.tsx(837,9): error TS7026: JSX element implicitly has type 'any' because no interface 'JSX.IntrinsicElements' exists.
src/components/pages/Reports/ReportPermissions.tsx(838,11): error TS7026: JSX element implicitly has type 'any' because no interface 'JSX.IntrinsicElements' exists.
src/components/pages/Reports/ReportPermissions.tsx(839,13): error TS7026: JSX element implicitly has type 'any' because no interface 'JSX.IntrinsicElements' exists.
src/components/pages/Reports/ReportPermissions.tsx(840,15): error TS7026: JSX element implicitly has type 'any' because no interface 'JSX.IntrinsicElements' exists.
src/components/pages/Reports/ReportPermissions.tsx(841,17): error TS7026: JSX element implicitly has type 'any' because no interface 'JSX.IntrinsicElements' exists.
src/components/pages/Reports/ReportPermissions.tsx(842,19): error TS7026: JSX element implicitly has type 'any' because no interface 'JSX.IntrinsicElements' exists.
src/components/pages/Reports/ReportPermissions.tsx(842,90): error TS7026: JSX element implicitly has type 'any' because no interface 'JSX.IntrinsicElements' exists.
src/components/pages/Reports/ReportPermissions.tsx(843,19): error TS7026: JSX element implicitly has type 'any' because no interface 'JSX.IntrinsicElements' exists.
src/components/pages/Reports/ReportPermissions.tsx(850,19): error TS7026: JSX element implicitly has type 'any' because no interface 'JSX.IntrinsicElements' exists.
src/components/pages/Reports/ReportPermissions.tsx(851,17): error TS7026: JSX element implicitly has type 'any' because no interface 'JSX.IntrinsicElements' exists.
src/components/pages/Reports/ReportPermissions.tsx(852,15): error TS7026: JSX element implicitly has type 'any' because no interface 'JSX.IntrinsicElements' exists.
src/components/pages/Reports/ReportPermissions.tsx(854,15): error TS7026: JSX element implicitly has type 'any' because no interface 'JSX.IntrinsicElements' exists.
src/components/pages/Reports/ReportPermissions.tsx(855,17): error TS7026: JSX element implicitly has type 'any' because no interface 'JSX.IntrinsicElements' exists.
src/components/pages/Reports/ReportPermissions.tsx(856,19): error TS7026: JSX element implicitly has type 'any' because no interface 'JSX.IntrinsicElements' exists.
src/components/pages/Reports/ReportPermissions.tsx(857,21): error TS7026: JSX element implicitly has type 'any' because no interface 'JSX.IntrinsicElements' exists.
src/components/pages/Reports/ReportPermissions.tsx(859,21): error TS7026: JSX element implicitly has type 'any' because no interface 'JSX.IntrinsicElements' exists.
src/components/pages/Reports/ReportPermissions.tsx(860,21): error TS7026: JSX element implicitly has type 'any' because no interface 'JSX.IntrinsicElements' exists.
src/components/pages/Reports/ReportPermissions.tsx(864,36): error TS7006: Parameter 'prev' implicitly has an 'any' type.
src/components/pages/Reports/ReportPermissions.tsx(869,23): error TS7026: JSX element implicitly has type 'any' because no interface 'JSX.IntrinsicElements' exists.
src/components/pages/Reports/ReportPermissions.tsx(869,53): error TS7026: JSX element implicitly has type 'any' because no interface 'JSX.IntrinsicElements' exists.
src/components/pages/Reports/ReportPermissions.tsx(871,25): error TS7026: JSX element implicitly has type 'any' because no interface 'JSX.IntrinsicElements' exists.
src/components/pages/Reports/ReportPermissions.tsx(873,25): error TS7026: JSX element implicitly has type 'any' because no interface 'JSX.IntrinsicElements' exists.
src/components/pages/Reports/ReportPermissions.tsx(875,21): error TS7026: JSX element implicitly has type 'any' because no interface 'JSX.IntrinsicElements' exists.
src/components/pages/Reports/ReportPermissions.tsx(876,19): error TS7026: JSX element implicitly has type 'any' because no interface 'JSX.IntrinsicElements' exists.
src/components/pages/Reports/ReportPermissions.tsx(878,19): error TS7026: JSX element implicitly has type 'any' because no interface 'JSX.IntrinsicElements' exists.
src/components/pages/Reports/ReportPermissions.tsx(879,21): error TS7026: JSX element implicitly has type 'any' because no interface 'JSX.IntrinsicElements' exists.
src/components/pages/Reports/ReportPermissions.tsx(881,21): error TS7026: JSX element implicitly has type 'any' because no interface 'JSX.IntrinsicElements' exists.
src/components/pages/Reports/ReportPermissions.tsx(882,21): error TS7026: JSX element implicitly has type 'any' because no interface 'JSX.IntrinsicElements' exists.
src/components/pages/Reports/ReportPermissions.tsx(886,36): error TS7006: Parameter 'prev' implicitly has an 'any' type.
src/components/pages/Reports/ReportPermissions.tsx(890,23): error TS7026: JSX element implicitly has type 'any' because no interface 'JSX.IntrinsicElements' exists.
src/components/pages/Reports/ReportPermissions.tsx(890,53): error TS7026: JSX element implicitly has type 'any' because no interface 'JSX.IntrinsicElements' exists.
src/components/pages/Reports/ReportPermissions.tsx(891,23): error TS7026: JSX element implicitly has type 'any' because no interface 'JSX.IntrinsicElements' exists.
src/components/pages/Reports/ReportPermissions.tsx(891,53): error TS7026: JSX element implicitly has type 'any' because no interface 'JSX.IntrinsicElements' exists.
src/components/pages/Reports/ReportPermissions.tsx(892,23): error TS7026: JSX element implicitly has type 'any' because no interface 'JSX.IntrinsicElements' exists.
src/components/pages/Reports/ReportPermissions.tsx(892,57): error TS7026: JSX element implicitly has type 'any' because no interface 'JSX.IntrinsicElements' exists.
src/components/pages/Reports/ReportPermissions.tsx(893,23): error TS7026: JSX element implicitly has type 'any' because no interface 'JSX.IntrinsicElements' exists.
src/components/pages/Reports/ReportPermissions.tsx(893,50): error TS7026: JSX element implicitly has type 'any' because no interface 'JSX.IntrinsicElements' exists.
src/components/pages/Reports/ReportPermissions.tsx(894,23): error TS7026: JSX element implicitly has type 'any' because no interface 'JSX.IntrinsicElements' exists.
src/components/pages/Reports/ReportPermissions.tsx(894,50): error TS7026: JSX element implicitly has type 'any' because no interface 'JSX.IntrinsicElements' exists.
src/components/pages/Reports/ReportPermissions.tsx(895,21): error TS7026: JSX element implicitly has type 'any' because no interface 'JSX.IntrinsicElements' exists.
src/components/pages/Reports/ReportPermissions.tsx(896,19): error TS7026: JSX element implicitly has type 'any' because no interface 'JSX.IntrinsicElements' exists.
src/components/pages/Reports/ReportPermissions.tsx(897,17): error TS7026: JSX element implicitly has type 'any' because no interface 'JSX.IntrinsicElements' exists.
src/components/pages/Reports/ReportPermissions.tsx(899,17): error TS7026: JSX element implicitly has type 'any' because no interface 'JSX.IntrinsicElements' exists.
src/components/pages/Reports/ReportPermissions.tsx(900,19): error TS7026: JSX element implicitly has type 'any' because no interface 'JSX.IntrinsicElements' exists.
src/components/pages/Reports/ReportPermissions.tsx(901,21): error TS7026: JSX element implicitly has type 'any' because no interface 'JSX.IntrinsicElements' exists.
src/components/pages/Reports/ReportPermissions.tsx(903,21): error TS7026: JSX element implicitly has type 'any' because no interface 'JSX.IntrinsicElements' exists.
src/components/pages/Reports/ReportPermissions.tsx(904,21): error TS7026: JSX element implicitly has type 'any' because no interface 'JSX.IntrinsicElements' exists.
src/components/pages/Reports/ReportPermissions.tsx(908,36): error TS7006: Parameter 'prev' implicitly has an 'any' type.
src/components/pages/Reports/ReportPermissions.tsx(912,23): error TS7026: JSX element implicitly has type 'any' because no interface 'JSX.IntrinsicElements' exists.
src/components/pages/Reports/ReportPermissions.tsx(912,61): error TS7026: JSX element implicitly has type 'any' because no interface 'JSX.IntrinsicElements' exists.
src/components/pages/Reports/ReportPermissions.tsx(913,23): error TS7026: JSX element implicitly has type 'any' because no interface 'JSX.IntrinsicElements' exists.
src/components/pages/Reports/ReportPermissions.tsx(913,63): error TS7026: JSX element implicitly has type 'any' because no interface 'JSX.IntrinsicElements' exists.
src/components/pages/Reports/ReportPermissions.tsx(914,23): error TS7026: JSX element implicitly has type 'any' because no interface 'JSX.IntrinsicElements' exists.
src/components/pages/Reports/ReportPermissions.tsx(914,57): error TS7026: JSX element implicitly has type 'any' because no interface 'JSX.IntrinsicElements' exists.
src/components/pages/Reports/ReportPermissions.tsx(915,21): error TS7026: JSX element implicitly has type 'any' because no interface 'JSX.IntrinsicElements' exists.
src/components/pages/Reports/ReportPermissions.tsx(916,19): error TS7026: JSX element implicitly has type 'any' because no interface 'JSX.IntrinsicElements' exists.
src/components/pages/Reports/ReportPermissions.tsx(919,21): error TS7026: JSX element implicitly has type 'any' because no interface 'JSX.IntrinsicElements' exists.
src/components/pages/Reports/ReportPermissions.tsx(920,23): error TS7026: JSX element implicitly has type 'any' because no interface 'JSX.IntrinsicElements' exists.
src/components/pages/Reports/ReportPermissions.tsx(922,23): error TS7026: JSX element implicitly has type 'any' because no interface 'JSX.IntrinsicElements' exists.
src/components/pages/Reports/ReportPermissions.tsx(923,23): error TS7026: JSX element implicitly has type 'any' because no interface 'JSX.IntrinsicElements' exists.
src/components/pages/Reports/ReportPermissions.tsx(927,38): error TS7006: Parameter 'prev' implicitly has an 'any' type.
src/components/pages/Reports/ReportPermissions.tsx(931,25): error TS7026: JSX element implicitly has type 'any' because no interface 'JSX.IntrinsicElements' exists.
src/components/pages/Reports/ReportPermissions.tsx(931,57): error TS7026: JSX element implicitly has type 'any' because no interface 'JSX.IntrinsicElements' exists.
src/components/pages/Reports/ReportPermissions.tsx(933,27): error TS7026: JSX element implicitly has type 'any' because no interface 'JSX.IntrinsicElements' exists.
src/components/pages/Reports/ReportPermissions.tsx(935,27): error TS7026: JSX element implicitly has type 'any' because no interface 'JSX.IntrinsicElements' exists.
src/components/pages/Reports/ReportPermissions.tsx(937,23): error TS7026: JSX element implicitly has type 'any' because no interface 'JSX.IntrinsicElements' exists.
src/components/pages/Reports/ReportPermissions.tsx(938,21): error TS7026: JSX element implicitly has type 'any' because no interface 'JSX.IntrinsicElements' exists.
src/components/pages/Reports/ReportPermissions.tsx(940,17): error TS7026: JSX element implicitly has type 'any' because no interface 'JSX.IntrinsicElements' exists.
src/components/pages/Reports/ReportPermissions.tsx(941,15): error TS7026: JSX element implicitly has type 'any' because no interface 'JSX.IntrinsicElements' exists.
src/components/pages/Reports/ReportPermissions.tsx(943,15): error TS7026: JSX element implicitly has type 'any' because no interface 'JSX.IntrinsicElements' exists.
src/components/pages/Reports/ReportPermissions.tsx(944,17): error TS7026: JSX element implicitly has type 'any' because no interface 'JSX.IntrinsicElements' exists.
src/components/pages/Reports/ReportPermissions.tsx(951,17): error TS7026: JSX element implicitly has type 'any' because no interface 'JSX.IntrinsicElements' exists.
src/components/pages/Reports/ReportPermissions.tsx(952,17): error TS7026: JSX element implicitly has type 'any' because no interface 'JSX.IntrinsicElements' exists.
src/components/pages/Reports/ReportPermissions.tsx(959,17): error TS7026: JSX element implicitly has type 'any' because no interface 'JSX.IntrinsicElements' exists.
src/components/pages/Reports/ReportPermissions.tsx(960,15): error TS7026: JSX element implicitly has type 'any' because no interface 'JSX.IntrinsicElements' exists.
src/components/pages/Reports/ReportPermissions.tsx(961,13): error TS7026: JSX element implicitly has type 'any' because no interface 'JSX.IntrinsicElements' exists.
src/components/pages/Reports/ReportPermissions.tsx(962,11): error TS7026: JSX element implicitly has type 'any' because no interface 'JSX.IntrinsicElements' exists.
src/components/pages/Reports/ReportPermissions.tsx(963,9): error TS7026: JSX element implicitly has type 'any' because no interface 'JSX.IntrinsicElements' exists.
src/components/pages/Reports/ReportPermissions.tsx(968,9): error TS7026: JSX element implicitly has type 'any' because no interface 'JSX.IntrinsicElements' exists.
src/components/pages/Reports/ReportPermissions.tsx(969,11): error TS7026: JSX element implicitly has type 'any' because no interface 'JSX.IntrinsicElements' exists.
src/components/pages/Reports/ReportPermissions.tsx(970,13): error TS7026: JSX element implicitly has type 'any' because no interface 'JSX.IntrinsicElements' exists.
src/components/pages/Reports/ReportPermissions.tsx(971,15): error TS7026: JSX element implicitly has type 'any' because no interface 'JSX.IntrinsicElements' exists.
src/components/pages/Reports/ReportPermissions.tsx(972,17): error TS7026: JSX element implicitly has type 'any' because no interface 'JSX.IntrinsicElements' exists.
src/components/pages/Reports/ReportPermissions.tsx(973,19): error TS7026: JSX element implicitly has type 'any' because no interface 'JSX.IntrinsicElements' exists.
src/components/pages/Reports/ReportPermissions.tsx(973,97): error TS7026: JSX element implicitly has type 'any' because no interface 'JSX.IntrinsicElements' exists.
src/components/pages/Reports/ReportPermissions.tsx(974,19): error TS7026: JSX element implicitly has type 'any' because no interface 'JSX.IntrinsicElements' exists.
src/components/pages/Reports/ReportPermissions.tsx(981,19): error TS7026: JSX element implicitly has type 'any' because no interface 'JSX.IntrinsicElements' exists.
src/components/pages/Reports/ReportPermissions.tsx(982,17): error TS7026: JSX element implicitly has type 'any' because no interface 'JSX.IntrinsicElements' exists.
src/components/pages/Reports/ReportPermissions.tsx(983,15): error TS7026: JSX element implicitly has type 'any' because no interface 'JSX.IntrinsicElements' exists.
src/components/pages/Reports/ReportPermissions.tsx(985,15): error TS7026: JSX element implicitly has type 'any' because no interface 'JSX.IntrinsicElements' exists.
src/components/pages/Reports/ReportPermissions.tsx(986,17): error TS7026: JSX element implicitly has type 'any' because no interface 'JSX.IntrinsicElements' exists.
src/components/pages/Reports/ReportPermissions.tsx(987,19): error TS7026: JSX element implicitly has type 'any' because no interface 'JSX.IntrinsicElements' exists.
src/components/pages/Reports/ReportPermissions.tsx(989,19): error TS7026: JSX element implicitly has type 'any' because no interface 'JSX.IntrinsicElements' exists.
src/components/pages/Reports/ReportPermissions.tsx(990,19): error TS7026: JSX element implicitly has type 'any' because no interface 'JSX.IntrinsicElements' exists.
src/components/pages/Reports/ReportPermissions.tsx(995,38): error TS7006: Parameter 'prev' implicitly has an 'any' type.
src/components/pages/Reports/ReportPermissions.tsx(1001,17): error TS7026: JSX element implicitly has type 'any' because no interface 'JSX.IntrinsicElements' exists.
src/components/pages/Reports/ReportPermissions.tsx(1003,17): error TS7026: JSX element implicitly has type 'any' because no interface 'JSX.IntrinsicElements' exists.
src/components/pages/Reports/ReportPermissions.tsx(1004,19): error TS7026: JSX element implicitly has type 'any' because no interface 'JSX.IntrinsicElements' exists.
src/components/pages/Reports/ReportPermissions.tsx(1006,19): error TS7026: JSX element implicitly has type 'any' because no interface 'JSX.IntrinsicElements' exists.
src/components/pages/Reports/ReportPermissions.tsx(1007,19): error TS7026: JSX element implicitly has type 'any' because no interface 'JSX.IntrinsicElements' exists.
src/components/pages/Reports/ReportPermissions.tsx(1011,38): error TS7006: Parameter 'prev' implicitly has an 'any' type.
src/components/pages/Reports/ReportPermissions.tsx(1017,17): error TS7026: JSX element implicitly has type 'any' because no interface 'JSX.IntrinsicElements' exists.
src/components/pages/Reports/ReportPermissions.tsx(1019,17): error TS7026: JSX element implicitly has type 'any' because no interface 'JSX.IntrinsicElements' exists.
src/components/pages/Reports/ReportPermissions.tsx(1020,19): error TS7026: JSX element implicitly has type 'any' because no interface 'JSX.IntrinsicElements' exists.
src/components/pages/Reports/ReportPermissions.tsx(1022,19): error TS7026: JSX element implicitly has type 'any' because no interface 'JSX.IntrinsicElements' exists.
src/components/pages/Reports/ReportPermissions.tsx(1023,19): error TS7026: JSX element implicitly has type 'any' because no interface 'JSX.IntrinsicElements' exists.
src/components/pages/Reports/ReportPermissions.tsx(1027,38): error TS7006: Parameter 'prev' implicitly has an 'any' type.
src/components/pages/Reports/ReportPermissions.tsx(1031,21): error TS7026: JSX element implicitly has type 'any' because no interface 'JSX.IntrinsicElements' exists.
src/components/pages/Reports/ReportPermissions.tsx(1031,51): error TS7026: JSX element implicitly has type 'any' because no interface 'JSX.IntrinsicElements' exists.
src/components/pages/Reports/ReportPermissions.tsx(1032,21): error TS7026: JSX element implicitly has type 'any' because no interface 'JSX.IntrinsicElements' exists.
src/components/pages/Reports/ReportPermissions.tsx(1032,55): error TS7026: JSX element implicitly has type 'any' because no interface 'JSX.IntrinsicElements' exists.
src/components/pages/Reports/ReportPermissions.tsx(1033,21): error TS7026: JSX element implicitly has type 'any' because no interface 'JSX.IntrinsicElements' exists.
src/components/pages/Reports/ReportPermissions.tsx(1033,48): error TS7026: JSX element implicitly has type 'any' because no interface 'JSX.IntrinsicElements' exists.
src/components/pages/Reports/ReportPermissions.tsx(1034,21): error TS7026: JSX element implicitly has type 'any' because no interface 'JSX.IntrinsicElements' exists.
src/components/pages/Reports/ReportPermissions.tsx(1034,48): error TS7026: JSX element implicitly has type 'any' because no interface 'JSX.IntrinsicElements' exists.
src/components/pages/Reports/ReportPermissions.tsx(1035,19): error TS7026: JSX element implicitly has type 'any' because no interface 'JSX.IntrinsicElements' exists.
src/components/pages/Reports/ReportPermissions.tsx(1036,17): error TS7026: JSX element implicitly has type 'any' because no interface 'JSX.IntrinsicElements' exists.
src/components/pages/Reports/ReportPermissions.tsx(1037,15): error TS7026: JSX element implicitly has type 'any' because no interface 'JSX.IntrinsicElements' exists.
src/components/pages/Reports/ReportPermissions.tsx(1039,15): error TS7026: JSX element implicitly has type 'any' because no interface 'JSX.IntrinsicElements' exists.
src/components/pages/Reports/ReportPermissions.tsx(1040,17): error TS7026: JSX element implicitly has type 'any' because no interface 'JSX.IntrinsicElements' exists.
src/components/pages/Reports/ReportPermissions.tsx(1047,17): error TS7026: JSX element implicitly has type 'any' because no interface 'JSX.IntrinsicElements' exists.
src/components/pages/Reports/ReportPermissions.tsx(1048,17): error TS7026: JSX element implicitly has type 'any' because no interface 'JSX.IntrinsicElements' exists.
src/components/pages/Reports/ReportPermissions.tsx(1055,17): error TS7026: JSX element implicitly has type 'any' because no interface 'JSX.IntrinsicElements' exists.
src/components/pages/Reports/ReportPermissions.tsx(1056,15): error TS7026: JSX element implicitly has type 'any' because no interface 'JSX.IntrinsicElements' exists.
src/components/pages/Reports/ReportPermissions.tsx(1057,13): error TS7026: JSX element implicitly has type 'any' because no interface 'JSX.IntrinsicElements' exists.
src/components/pages/Reports/ReportPermissions.tsx(1058,11): error TS7026: JSX element implicitly has type 'any' because no interface 'JSX.IntrinsicElements' exists.
src/components/pages/Reports/ReportPermissions.tsx(1059,9): error TS7026: JSX element implicitly has type 'any' because no interface 'JSX.IntrinsicElements' exists.
src/components/pages/Reports/ReportPermissions.tsx(1061,5): error TS7026: JSX element implicitly has type 'any' because no interface 'JSX.IntrinsicElements' exists.
src/components/shared/security/SessionExpiredModal.tsx(15,19): error TS2307: Cannot find module 'react' or its corresponding type declarations.
src/components/shared/security/SessionExpiredModal.tsx(16,31): error TS2307: Cannot find module 'lucide-react' or its corresponding type declarations.
src/components/shared/security/SessionExpiredModal.tsx(27,5): error TS7026: JSX element implicitly has type 'any' because no interface 'JSX.IntrinsicElements' exists.
src/components/shared/security/SessionExpiredModal.tsx(27,5): error TS2875: This JSX tag requires the module path 'react/jsx-runtime' to exist, but none could be found. Make sure you have types for the appropriate package installed.
src/components/shared/security/SessionExpiredModal.tsx(31,7): error TS7026: JSX element implicitly has type 'any' because no interface 'JSX.IntrinsicElements' exists.
src/components/shared/security/SessionExpiredModal.tsx(32,9): error TS7026: JSX element implicitly has type 'any' because no interface 'JSX.IntrinsicElements' exists.
src/components/shared/security/SessionExpiredModal.tsx(34,11): error TS7026: JSX element implicitly has type 'any' because no interface 'JSX.IntrinsicElements' exists.
src/components/shared/security/SessionExpiredModal.tsx(36,11): error TS7026: JSX element implicitly has type 'any' because no interface 'JSX.IntrinsicElements' exists.
src/components/shared/security/SessionExpiredModal.tsx(37,9): error TS7026: JSX element implicitly has type 'any' because no interface 'JSX.IntrinsicElements' exists.
src/components/shared/security/SessionExpiredModal.tsx(39,9): error TS7026: JSX element implicitly has type 'any' because no interface 'JSX.IntrinsicElements' exists.
src/components/shared/security/SessionExpiredModal.tsx(41,9): error TS7026: JSX element implicitly has type 'any' because no interface 'JSX.IntrinsicElements' exists.
src/components/shared/security/SessionExpiredModal.tsx(43,9): error TS7026: JSX element implicitly has type 'any' because no interface 'JSX.IntrinsicElements' exists.
src/components/shared/security/SessionExpiredModal.tsx(44,11): error TS7026: JSX element implicitly has type 'any' because no interface 'JSX.IntrinsicElements' exists.
src/components/shared/security/SessionExpiredModal.tsx(50,11): error TS7026: JSX element implicitly has type 'any' because no interface 'JSX.IntrinsicElements' exists.
src/components/shared/security/SessionExpiredModal.tsx(51,9): error TS7026: JSX element implicitly has type 'any' because no interface 'JSX.IntrinsicElements' exists.
src/components/shared/security/SessionExpiredModal.tsx(52,7): error TS7026: JSX element implicitly has type 'any' because no interface 'JSX.IntrinsicElements' exists.
src/components/shared/security/SessionExpiredModal.tsx(53,5): error TS7026: JSX element implicitly has type 'any' because no interface 'JSX.IntrinsicElements' exists.
src/components/shared/security/SessionWarning.tsx(15,19): error TS2307: Cannot find module 'react' or its corresponding type declarations.
src/components/shared/security/SessionWarning.tsx(16,26): error TS2307: Cannot find module 'lucide-react' or its corresponding type declarations.
src/components/shared/security/SessionWarning.tsx(26,3): error TS7031: Binding element 'isOpen' implicitly has an 'any' type.
src/components/shared/security/SessionWarning.tsx(27,3): error TS7031: Binding element 'onExtend' implicitly has an 'any' type.
src/components/shared/security/SessionWarning.tsx(28,3): error TS7031: Binding element 'onDismiss' implicitly has an 'any' type.
src/components/shared/security/SessionWarning.tsx(34,5): error TS7026: JSX element implicitly has type 'any' because no interface 'JSX.IntrinsicElements' exists.
src/components/shared/security/SessionWarning.tsx(34,5): error TS2875: This JSX tag requires the module path 'react/jsx-runtime' to exist, but none could be found. Make sure you have types for the appropriate package installed.
src/components/shared/security/SessionWarning.tsx(40,7): error TS7026: JSX element implicitly has type 'any' because no interface 'JSX.IntrinsicElements' exists.
src/components/shared/security/SessionWarning.tsx(41,9): error TS7026: JSX element implicitly has type 'any' because no interface 'JSX.IntrinsicElements' exists.
src/components/shared/security/SessionWarning.tsx(43,9): error TS7026: JSX element implicitly has type 'any' because no interface 'JSX.IntrinsicElements' exists.
src/components/shared/security/SessionWarning.tsx(44,9): error TS7026: JSX element implicitly has type 'any' because no interface 'JSX.IntrinsicElements' exists.
src/components/shared/security/SessionWarning.tsx(45,11): error TS7026: JSX element implicitly has type 'any' because no interface 'JSX.IntrinsicElements' exists.
src/components/shared/security/SessionWarning.tsx(47,11): error TS7026: JSX element implicitly has type 'any' because no interface 'JSX.IntrinsicElements' exists.
src/components/shared/security/SessionWarning.tsx(48,11): error TS7026: JSX element implicitly has type 'any' because no interface 'JSX.IntrinsicElements' exists.
src/components/shared/security/SessionWarning.tsx(51,11): error TS7026: JSX element implicitly has type 'any' because no interface 'JSX.IntrinsicElements' exists.
src/components/shared/security/SessionWarning.tsx(52,11): error TS7026: JSX element implicitly has type 'any' because no interface 'JSX.IntrinsicElements' exists.
src/components/shared/security/SessionWarning.tsx(53,13): error TS7026: JSX element implicitly has type 'any' because no interface 'JSX.IntrinsicElements' exists.
src/components/shared/security/SessionWarning.tsx(59,13): error TS7026: JSX element implicitly has type 'any' because no interface 'JSX.IntrinsicElements' exists.
src/components/shared/security/SessionWarning.tsx(60,13): error TS7026: JSX element implicitly has type 'any' because no interface 'JSX.IntrinsicElements' exists.
src/components/shared/security/SessionWarning.tsx(65,13): error TS7026: JSX element implicitly has type 'any' because no interface 'JSX.IntrinsicElements' exists.
src/components/shared/security/SessionWarning.tsx(66,11): error TS7026: JSX element implicitly has type 'any' because no interface 'JSX.IntrinsicElements' exists.
src/components/shared/security/SessionWarning.tsx(67,9): error TS7026: JSX element implicitly has type 'any' because no interface 'JSX.IntrinsicElements' exists.
src/components/shared/security/SessionWarning.tsx(68,9): error TS7026: JSX element implicitly has type 'any' because no interface 'JSX.IntrinsicElements' exists.
src/components/shared/security/SessionWarning.tsx(69,11): error TS7026: JSX element implicitly has type 'any' because no interface 'JSX.IntrinsicElements' exists.
src/components/shared/security/SessionWarning.tsx(75,11): error TS7026: JSX element implicitly has type 'any' because no interface 'JSX.IntrinsicElements' exists.
src/components/shared/security/SessionWarning.tsx(76,9): error TS7026: JSX element implicitly has type 'any' because no interface 'JSX.IntrinsicElements' exists.
src/components/shared/security/SessionWarning.tsx(77,7): error TS7026: JSX element implicitly has type 'any' because no interface 'JSX.IntrinsicElements' exists.
src/components/shared/security/SessionWarning.tsx(78,5): error TS7026: JSX element implicitly has type 'any' because no interface 'JSX.IntrinsicElements' exists.
src/contexts/AuthContext.tsx(18,101): error TS2307: Cannot find module 'react' or its corresponding type declarations.
src/contexts/AuthContext.tsx(19,27): error TS2307: Cannot find module 'next/navigation' or its corresponding type declarations.
src/contexts/AuthContext.tsx(20,42): error TS2307: Cannot find module 'react-redux' or its corresponding type declarations.
src/contexts/AuthContext.tsx(27,8): error TS2614: Module '"@/stores/slices/authSlice"' has no exported member 'User'. Did you mean to use 'import User from "@/stores/slices/authSlice"' instead?
src/contexts/AuthContext.tsx(28,8): error TS2614: Module '"@/stores/slices/authSlice"' has no exported member 'AuthState'. Did you mean to use 'import AuthState from "@/stores/slices/authSlice"' instead?
src/contexts/AuthContext.tsx(91,47): error TS2694: Namespace 'global.NodeJS' has no exported member 'Timeout'.
src/contexts/AuthContext.tsx(92,46): error TS2694: Namespace 'global.NodeJS' has no exported member 'Timeout'.
src/contexts/AuthContext.tsx(256,45): error TS7006: Parameter 'event' implicitly has an 'any' type.
src/contexts/AuthContext.tsx(422,5): error TS2875: This JSX tag requires the module path 'react/jsx-runtime' to exist, but none could be found. Make sure you have types for the appropriate package installed.
src/contexts/AuthContext.tsx(463,20): error TS7006: Parameter 'prev' implicitly has an 'any' type.
src/contexts/AuthContext.tsx(480,5): error TS7026: JSX element implicitly has type 'any' because no interface 'JSX.IntrinsicElements' exists.
src/contexts/AuthContext.tsx(486,7): error TS7026: JSX element implicitly has type 'any' because no interface 'JSX.IntrinsicElements' exists.
src/contexts/AuthContext.tsx(487,9): error TS7026: JSX element implicitly has type 'any' because no interface 'JSX.IntrinsicElements' exists.
src/contexts/AuthContext.tsx(488,11): error TS7026: JSX element implicitly has type 'any' because no interface 'JSX.IntrinsicElements' exists.
src/contexts/AuthContext.tsx(498,13): error TS7026: JSX element implicitly has type 'any' because no interface 'JSX.IntrinsicElements' exists.
src/contexts/AuthContext.tsx(499,11): error TS7026: JSX element implicitly has type 'any' because no interface 'JSX.IntrinsicElements' exists.
src/contexts/AuthContext.tsx(500,11): error TS7026: JSX element implicitly has type 'any' because no interface 'JSX.IntrinsicElements' exists.
src/contexts/AuthContext.tsx(502,11): error TS7026: JSX element implicitly has type 'any' because no interface 'JSX.IntrinsicElements' exists.
src/contexts/AuthContext.tsx(503,9): error TS7026: JSX element implicitly has type 'any' because no interface 'JSX.IntrinsicElements' exists.
src/contexts/AuthContext.tsx(505,9): error TS7026: JSX element implicitly has type 'any' because no interface 'JSX.IntrinsicElements' exists.
src/contexts/AuthContext.tsx(506,39): error TS7026: JSX element implicitly has type 'any' because no interface 'JSX.IntrinsicElements' exists.
src/contexts/AuthContext.tsx(506,127): error TS7026: JSX element implicitly has type 'any' because no interface 'JSX.IntrinsicElements' exists.
src/contexts/AuthContext.tsx(508,9): error TS7026: JSX element implicitly has type 'any' because no interface 'JSX.IntrinsicElements' exists.
src/contexts/AuthContext.tsx(510,9): error TS7026: JSX element implicitly has type 'any' because no interface 'JSX.IntrinsicElements' exists.
src/contexts/AuthContext.tsx(511,11): error TS7026: JSX element implicitly has type 'any' because no interface 'JSX.IntrinsicElements' exists.
src/contexts/AuthContext.tsx(517,11): error TS7026: JSX element implicitly has type 'any' because no interface 'JSX.IntrinsicElements' exists.
src/contexts/AuthContext.tsx(518,11): error TS7026: JSX element implicitly has type 'any' because no interface 'JSX.IntrinsicElements' exists.
src/contexts/AuthContext.tsx(525,11): error TS7026: JSX element implicitly has type 'any' because no interface 'JSX.IntrinsicElements' exists.
src/contexts/AuthContext.tsx(526,9): error TS7026: JSX element implicitly has type 'any' because no interface 'JSX.IntrinsicElements' exists.
src/contexts/AuthContext.tsx(527,7): error TS7026: JSX element implicitly has type 'any' because no interface 'JSX.IntrinsicElements' exists.
src/contexts/AuthContext.tsx(528,5): error TS7026: JSX element implicitly has type 'any' because no interface 'JSX.IntrinsicElements' exists.
src/hooks/core/useAuth.ts(12,29): error TS2307: Cannot find module 'react' or its corresponding type declarations.
src/hooks/domains/access-control/index.ts(437,39): error TS2551: Property 'updateUserPermissions' does not exist on type 'AccessControlApiImpl'. Did you mean 'getUserPermissions'?
src/hooks/domains/students/composites/composite.ts(134,36): error TS2339: Property 'checkPHIPermission' does not exist on type '{ sanitizeStudent: any; logAccessEvent: any; isEnabled: boolean; }'.
src/hooks/domains/students/mutations/mutations.ts(804,5): error TS2353: Object literal may only specify known properties, and 'retryDelay' does not exist in type 'UseMutationOptions<{ success: boolean; message: string; auditId: string; }, ApiError, { id: string; reason: string; authorization: string; }>'.
src/hooks/shared/domainHooks.ts(12,87): error TS2307: Cannot find module '../slices/authSlice' or its corresponding type declarations.
src/hooks/shared/reduxHooks.ts(3,87): error TS2307: Cannot find module '../slices/authSlice' or its corresponding type declarations.
src/hooks/usePermissions.ts(8,25): error TS2307: Cannot find module 'react' or its corresponding type declarations.
src/hooks/usePermissions.ts(9,10): error TS2614: Module '"./reduxStore"' has no exported member 'useAppSelector'. Did you mean to use 'import useAppSelector from "./reduxStore"' instead?
src/hooks/usePermissions.ts(17,32): error TS7006: Parameter 'state' implicitly has an 'any' type.
src/hooks/utilities/AuthContext.enhanced.tsx(15,84): error TS2307: Cannot find module 'react' or its corresponding type declarations.
src/hooks/utilities/AuthContext.enhanced.tsx(16,25): error TS2307: Cannot find module '../services/modules/authApi' or its corresponding type declarations.
src/hooks/utilities/AuthContext.enhanced.tsx(19,36): error TS2307: Cannot find module '../services/security/SecureTokenManager' or its corresponding type declarations.
src/hooks/utilities/AuthContext.enhanced.tsx(20,32): error TS2307: Cannot find module '../services/security/CsrfProtection' or its corresponding type declarations.
src/hooks/utilities/AuthContext.enhanced.tsx(21,75): error TS2307: Cannot find module '../services/audit/AuditService' or its corresponding type declarations.
src/hooks/utilities/AuthContext.enhanced.tsx(22,31): error TS2307: Cannot find module '../config/queryClient' or its corresponding type declarations.
src/hooks/utilities/AuthContext.enhanced.tsx(23,19): error TS2307: Cannot find module 'react-hot-toast' or its corresponding type declarations.
src/hooks/utilities/AuthContext.enhanced.tsx(299,5): error TS2875: This JSX tag requires the module path 'react/jsx-runtime' to exist, but none could be found. Make sure you have types for the appropriate package installed.
src/hooks/utilities/AuthContext.tsx(13,71): error TS2307: Cannot find module 'react' or its corresponding type declarations.
src/hooks/utilities/AuthContext.tsx(200,5): error TS2875: This JSX tag requires the module path 'react/jsx-runtime' to exist, but none could be found. Make sure you have types for the appropriate package installed.
src/lib/auth.ts(6,29): error TS2307: Cannot find module 'next/server' or its corresponding type declarations.
src/lib/auth.ts(7,17): error TS2307: Cannot find module 'jsonwebtoken' or its corresponding type declarations.
src/lib/auth.ts(9,20): error TS2580: Cannot find name 'process'. Do you need to install type definitions for node? Try `npm i --save-dev @types/node`.
src/lib/auth.ts(10,28): error TS2580: Cannot find name 'process'. Do you need to install type definitions for node? Try `npm i --save-dev @types/node`.
src/lib/auth.ts(10,62): error TS2580: Cannot find name 'process'. Do you need to install type definitions for node? Try `npm i --save-dev @types/node`.
src/lib/auth/jwtVerifier.ts(150,10): error TS2580: Cannot find name 'process'. Do you need to install type definitions for node? Try `npm i --save-dev @types/node`.
src/lib/middleware/withAuth.ts(6,43): error TS2307: Cannot find module 'next/server' or its corresponding type declarations.
src/lib/query/hooks/useAppointments.ts(94,23): error TS2551: Property 'appointments' does not exist on type '{ readonly AUTH: { readonly LOGIN: "/auth/login"; readonly LOGOUT: "/auth/logout"; readonly REFRESH: "/auth/refresh"; readonly VERIFY: "/auth/verify"; readonly REGISTER: "/auth/register"; readonly PROFILE: "/auth/me"; readonly CHANGE_PASSWORD: "/auth/change-password"; readonly FORGOT_PASSWORD: "/auth/forgot-password...'. Did you mean 'APPOINTMENTS'?
src/lib/query/hooks/useAppointments.ts(118,55): error TS2551: Property 'appointmentById' does not exist on type '{ readonly AUTH: { readonly LOGIN: "/auth/login"; readonly LOGOUT: "/auth/logout"; readonly REFRESH: "/auth/refresh"; readonly VERIFY: "/auth/verify"; readonly REGISTER: "/auth/register"; readonly PROFILE: "/auth/me"; readonly CHANGE_PASSWORD: "/auth/change-password"; readonly FORGOT_PASSWORD: "/auth/forgot-password...'. Did you mean 'APPOINTMENTS'?
src/lib/query/hooks/useAppointments.ts(146,56): error TS2551: Property 'appointments' does not exist on type '{ readonly AUTH: { readonly LOGIN: "/auth/login"; readonly LOGOUT: "/auth/logout"; readonly REFRESH: "/auth/refresh"; readonly VERIFY: "/auth/verify"; readonly REGISTER: "/auth/register"; readonly PROFILE: "/auth/me"; readonly CHANGE_PASSWORD: "/auth/change-password"; readonly FORGOT_PASSWORD: "/auth/forgot-password...'. Did you mean 'APPOINTMENTS'?
src/lib/query/hooks/useAppointments.ts(184,55): error TS2551: Property 'appointmentById' does not exist on type '{ readonly AUTH: { readonly LOGIN: "/auth/login"; readonly LOGOUT: "/auth/logout"; readonly REFRESH: "/auth/refresh"; readonly VERIFY: "/auth/verify"; readonly REGISTER: "/auth/register"; readonly PROFILE: "/auth/me"; readonly CHANGE_PASSWORD: "/auth/change-password"; readonly FORGOT_PASSWORD: "/auth/forgot-password...'. Did you mean 'APPOINTMENTS'?
src/lib/query/hooks/useAppointments.ts(218,41): error TS2551: Property 'appointmentById' does not exist on type '{ readonly AUTH: { readonly LOGIN: "/auth/login"; readonly LOGOUT: "/auth/logout"; readonly REFRESH: "/auth/refresh"; readonly VERIFY: "/auth/verify"; readonly REGISTER: "/auth/register"; readonly PROFILE: "/auth/me"; readonly CHANGE_PASSWORD: "/auth/change-password"; readonly FORGOT_PASSWORD: "/auth/forgot-password...'. Did you mean 'APPOINTMENTS'?
src/lib/query/hooks/useMedications.ts(97,23): error TS2551: Property 'medications' does not exist on type '{ readonly AUTH: { readonly LOGIN: "/auth/login"; readonly LOGOUT: "/auth/logout"; readonly REFRESH: "/auth/refresh"; readonly VERIFY: "/auth/verify"; readonly REGISTER: "/auth/register"; readonly PROFILE: "/auth/me"; readonly CHANGE_PASSWORD: "/auth/change-password"; readonly FORGOT_PASSWORD: "/auth/forgot-password...'. Did you mean 'MEDICATIONS'?
src/lib/query/hooks/useMedications.ts(123,54): error TS2339: Property 'medicationById' does not exist on type '{ readonly AUTH: { readonly LOGIN: "/auth/login"; readonly LOGOUT: "/auth/logout"; readonly REFRESH: "/auth/refresh"; readonly VERIFY: "/auth/verify"; readonly REGISTER: "/auth/register"; readonly PROFILE: "/auth/me"; readonly CHANGE_PASSWORD: "/auth/change-password"; readonly FORGOT_PASSWORD: "/auth/forgot-password...'.
src/lib/query/hooks/useMedications.ts(191,55): error TS2551: Property 'medications' does not exist on type '{ readonly AUTH: { readonly LOGIN: "/auth/login"; readonly LOGOUT: "/auth/logout"; readonly REFRESH: "/auth/refresh"; readonly VERIFY: "/auth/verify"; readonly REGISTER: "/auth/register"; readonly PROFILE: "/auth/me"; readonly CHANGE_PASSWORD: "/auth/change-password"; readonly FORGOT_PASSWORD: "/auth/forgot-password...'. Did you mean 'MEDICATIONS'?
src/lib/query/hooks/useMedications.ts(225,54): error TS2339: Property 'medicationById' does not exist on type '{ readonly AUTH: { readonly LOGIN: "/auth/login"; readonly LOGOUT: "/auth/logout"; readonly REFRESH: "/auth/refresh"; readonly VERIFY: "/auth/verify"; readonly REGISTER: "/auth/register"; readonly PROFILE: "/auth/me"; readonly CHANGE_PASSWORD: "/auth/change-password"; readonly FORGOT_PASSWORD: "/auth/forgot-password...'.
src/lib/query/hooks/useStudents.ts(96,23): error TS2551: Property 'students' does not exist on type '{ readonly AUTH: { readonly LOGIN: "/auth/login"; readonly LOGOUT: "/auth/logout"; readonly REFRESH: "/auth/refresh"; readonly VERIFY: "/auth/verify"; readonly REGISTER: "/auth/register"; readonly PROFILE: "/auth/me"; readonly CHANGE_PASSWORD: "/auth/change-password"; readonly FORGOT_PASSWORD: "/auth/forgot-password...'. Did you mean 'STUDENTS'?
src/lib/query/hooks/useStudents.ts(120,51): error TS2339: Property 'studentById' does not exist on type '{ readonly AUTH: { readonly LOGIN: "/auth/login"; readonly LOGOUT: "/auth/logout"; readonly REFRESH: "/auth/refresh"; readonly VERIFY: "/auth/verify"; readonly REGISTER: "/auth/register"; readonly PROFILE: "/auth/me"; readonly CHANGE_PASSWORD: "/auth/change-password"; readonly FORGOT_PASSWORD: "/auth/forgot-password...'.
src/lib/query/hooks/useStudents.ts(149,52): error TS2551: Property 'students' does not exist on type '{ readonly AUTH: { readonly LOGIN: "/auth/login"; readonly LOGOUT: "/auth/logout"; readonly REFRESH: "/auth/refresh"; readonly VERIFY: "/auth/verify"; readonly REGISTER: "/auth/register"; readonly PROFILE: "/auth/me"; readonly CHANGE_PASSWORD: "/auth/change-password"; readonly FORGOT_PASSWORD: "/auth/forgot-password...'. Did you mean 'STUDENTS'?
src/lib/query/hooks/useStudents.ts(191,51): error TS2339: Property 'studentById' does not exist on type '{ readonly AUTH: { readonly LOGIN: "/auth/login"; readonly LOGOUT: "/auth/logout"; readonly REFRESH: "/auth/refresh"; readonly VERIFY: "/auth/verify"; readonly REGISTER: "/auth/register"; readonly PROFILE: "/auth/me"; readonly CHANGE_PASSWORD: "/auth/change-password"; readonly FORGOT_PASSWORD: "/auth/forgot-password...'.
src/lib/query/hooks/useStudents.ts(260,42): error TS2339: Property 'studentDeactivate' does not exist on type '{ readonly AUTH: { readonly LOGIN: "/auth/login"; readonly LOGOUT: "/auth/logout"; readonly REFRESH: "/auth/refresh"; readonly VERIFY: "/auth/verify"; readonly REGISTER: "/auth/register"; readonly PROFILE: "/auth/me"; readonly CHANGE_PASSWORD: "/auth/change-password"; readonly FORGOT_PASSWORD: "/auth/forgot-password...'.
src/lib/query/hooks/useStudents.ts(301,53): error TS2339: Property 'studentById' does not exist on type '{ readonly AUTH: { readonly LOGIN: "/auth/login"; readonly LOGOUT: "/auth/logout"; readonly REFRESH: "/auth/refresh"; readonly VERIFY: "/auth/verify"; readonly REGISTER: "/auth/register"; readonly PROFILE: "/auth/me"; readonly CHANGE_PASSWORD: "/auth/change-password"; readonly FORGOT_PASSWORD: "/auth/forgot-password...'.
src/lib/query/hooks/useStudents.ts(336,25): error TS2551: Property 'students' does not exist on type '{ readonly AUTH: { readonly LOGIN: "/auth/login"; readonly LOGOUT: "/auth/logout"; readonly REFRESH: "/auth/refresh"; readonly VERIFY: "/auth/verify"; readonly REGISTER: "/auth/register"; readonly PROFILE: "/auth/me"; readonly CHANGE_PASSWORD: "/auth/change-password"; readonly FORGOT_PASSWORD: "/auth/forgot-password...'. Did you mean 'STUDENTS'?
src/lib/server/fetch.ts(125,5): error TS7053: Element implicitly has an 'any' type because expression of type '"Authorization"' can't be used to index type 'HeadersInit'.
  Property 'Authorization' does not exist on type 'HeadersInit'.
src/lib/session.ts(33,34): error TS2307: Cannot find module 'next/headers' or its corresponding type declarations.
src/lib/session.ts(77,11): error TS2580: Cannot find name 'process'. Do you need to install type definitions for node? Try `npm i --save-dev @types/node`.
src/lib/session.ts(557,39): error TS2307: Cannot find module 'next/navigation' or its corresponding type declarations.
src/lib/session.ts(561,10): error TS18047: 'session' is possibly 'null'.
src/middleware/auth.ts(11,43): error TS2307: Cannot find module 'next/server' or its corresponding type declarations.
src/middleware/withAuth.ts(35,43): error TS2307: Cannot find module 'next/server' or its corresponding type declarations.
src/services/core/errors.ts(143,19): error TS2416: Property 'name' in type 'AuthenticationError' is not assignable to the same property in base type 'ApiError'.
  Type '"AuthenticationError"' is not assignable to type '"ApiError"'.
src/services/modules/accessControlApi.ts(257,7): error TS2322: Type 'unknown' is not assignable to type '{ permissions: Permission[]; }'.
src/services/modules/accessControlApi.ts(269,7): error TS2322: Type 'unknown' is not assignable to type '{ permission: Permission; }'.
src/services/modules/accessControlApi.ts(282,7): error TS2322: Type 'unknown' is not assignable to type '{ rolePermission: RolePermission; }'.
src/services/modules/accessControlApi.ts(332,7): error TS2322: Type 'unknown' is not assignable to type 'UserPermissionsResult'.
src/services/modules/accessControlApi.ts(346,7): error TS2322: Type 'unknown' is not assignable to type 'PermissionCheckResponse'.
src/services/modules/accessControlApi.ts(359,7): error TS2322: Type 'unknown' is not assignable to type '{ sessions: Session[]; }'.
src/services/modules/accessControlApi.ts(383,7): error TS2322: Type 'unknown' is not assignable to type 'DeleteSessionsResponse'.
src/services/modules/authApi.ts(110,19): error TS2307: Cannot find module 'zod' or its corresponding type declarations.
src/services/modules/authApi.ts(282,11): error TS18046: 'error' is of type 'unknown'.
src/services/modules/authApi.ts(283,11): error TS18046: 'error' is of type 'unknown'.
src/services/modules/authApi.ts(284,11): error TS18046: 'error' is of type 'unknown'.
src/services/modules/authApi.ts(290,11): error TS2345: Argument of type 'unknown' is not assignable to parameter of type 'Error | undefined'.
src/services/modules/authApi.ts(391,11): error TS18046: 'error' is of type 'unknown'.
src/services/modules/authApi.ts(392,11): error TS18046: 'error' is of type 'unknown'.
src/services/modules/authApi.ts(393,11): error TS18046: 'error' is of type 'unknown'.
src/services/modules/authApi.ts(399,11): error TS2345: Argument of type 'unknown' is not assignable to parameter of type 'Error | undefined'.
src/services/modules/dashboardApi.ts(146,23): error TS2339: Property 'DASHBOARD' does not exist on type '{ readonly AUTH: { readonly LOGIN: "/auth/login"; readonly LOGOUT: "/auth/logout"; readonly REFRESH: "/auth/refresh"; readonly VERIFY: "/auth/verify"; readonly REGISTER: "/auth/register"; readonly PROFILE: "/auth/me"; readonly CHANGE_PASSWORD: "/auth/change-password"; readonly FORGOT_PASSWORD: "/auth/forgot-password...'.
src/services/modules/dashboardApi.ts(207,26): error TS2339: Property 'DASHBOARD' does not exist on type '{ readonly AUTH: { readonly LOGIN: "/auth/login"; readonly LOGOUT: "/auth/logout"; readonly REFRESH: "/auth/refresh"; readonly VERIFY: "/auth/verify"; readonly REGISTER: "/auth/register"; readonly PROFILE: "/auth/me"; readonly CHANGE_PASSWORD: "/auth/change-password"; readonly FORGOT_PASSWORD: "/auth/forgot-password...'.
src/services/modules/dashboardApi.ts(267,26): error TS2339: Property 'DASHBOARD' does not exist on type '{ readonly AUTH: { readonly LOGIN: "/auth/login"; readonly LOGOUT: "/auth/logout"; readonly REFRESH: "/auth/refresh"; readonly VERIFY: "/auth/verify"; readonly REGISTER: "/auth/register"; readonly PROFILE: "/auth/me"; readonly CHANGE_PASSWORD: "/auth/change-password"; readonly FORGOT_PASSWORD: "/auth/forgot-password...'.
src/services/modules/dashboardApi.ts(331,26): error TS2339: Property 'DASHBOARD' does not exist on type '{ readonly AUTH: { readonly LOGIN: "/auth/login"; readonly LOGOUT: "/auth/logout"; readonly REFRESH: "/auth/refresh"; readonly VERIFY: "/auth/verify"; readonly REGISTER: "/auth/register"; readonly PROFILE: "/auth/me"; readonly CHANGE_PASSWORD: "/auth/change-password"; readonly FORGOT_PASSWORD: "/auth/forgot-password...'.
src/services/modules/dashboardApi.ts(537,26): error TS2339: Property 'DASHBOARD' does not exist on type '{ readonly AUTH: { readonly LOGIN: "/auth/login"; readonly LOGOUT: "/auth/logout"; readonly REFRESH: "/auth/refresh"; readonly VERIFY: "/auth/verify"; readonly REGISTER: "/auth/register"; readonly PROFILE: "/auth/me"; readonly CHANGE_PASSWORD: "/auth/change-password"; readonly FORGOT_PASSWORD: "/auth/forgot-password...'.
src/services/modules/purchaseOrderApi.ts(122,25): error TS2339: Property 'PURCHASE_ORDERS' does not exist on type '{ readonly AUTH: { readonly LOGIN: "/auth/login"; readonly LOGOUT: "/auth/logout"; readonly REFRESH: "/auth/refresh"; readonly VERIFY: "/auth/verify"; readonly REGISTER: "/auth/register"; readonly PROFILE: "/auth/me"; readonly CHANGE_PASSWORD: "/auth/change-password"; readonly FORGOT_PASSWORD: "/auth/forgot-password...'.
src/services/modules/purchaseOrderApi.ts(123,25): error TS2339: Property 'PURCHASE_ORDERS' does not exist on type '{ readonly AUTH: { readonly LOGIN: "/auth/login"; readonly LOGOUT: "/auth/logout"; readonly REFRESH: "/auth/refresh"; readonly VERIFY: "/auth/verify"; readonly REGISTER: "/auth/register"; readonly PROFILE: "/auth/me"; readonly CHANGE_PASSWORD: "/auth/change-password"; readonly FORGOT_PASSWORD: "/auth/forgot-password...'.
src/services/modules/purchaseOrderApi.ts(141,23): error TS2339: Property 'PURCHASE_ORDERS' does not exist on type '{ readonly AUTH: { readonly LOGIN: "/auth/login"; readonly LOGOUT: "/auth/logout"; readonly REFRESH: "/auth/refresh"; readonly VERIFY: "/auth/verify"; readonly REGISTER: "/auth/register"; readonly PROFILE: "/auth/me"; readonly CHANGE_PASSWORD: "/auth/change-password"; readonly FORGOT_PASSWORD: "/auth/forgot-password...'.
src/services/modules/purchaseOrderApi.ts(169,23): error TS2339: Property 'PURCHASE_ORDERS' does not exist on type '{ readonly AUTH: { readonly LOGIN: "/auth/login"; readonly LOGOUT: "/auth/logout"; readonly REFRESH: "/auth/refresh"; readonly VERIFY: "/auth/verify"; readonly REGISTER: "/auth/register"; readonly PROFILE: "/auth/me"; readonly CHANGE_PASSWORD: "/auth/change-password"; readonly FORGOT_PASSWORD: "/auth/forgot-password...'.
src/services/modules/purchaseOrderApi.ts(208,23): error TS2339: Property 'PURCHASE_ORDERS' does not exist on type '{ readonly AUTH: { readonly LOGIN: "/auth/login"; readonly LOGOUT: "/auth/logout"; readonly REFRESH: "/auth/refresh"; readonly VERIFY: "/auth/verify"; readonly REGISTER: "/auth/register"; readonly PROFILE: "/auth/me"; readonly CHANGE_PASSWORD: "/auth/change-password"; readonly FORGOT_PASSWORD: "/auth/forgot-password...'.
src/services/modules/purchaseOrderApi.ts(230,23): error TS2339: Property 'PURCHASE_ORDERS' does not exist on type '{ readonly AUTH: { readonly LOGIN: "/auth/login"; readonly LOGOUT: "/auth/logout"; readonly REFRESH: "/auth/refresh"; readonly VERIFY: "/auth/verify"; readonly REGISTER: "/auth/register"; readonly PROFILE: "/auth/me"; readonly CHANGE_PASSWORD: "/auth/change-password"; readonly FORGOT_PASSWORD: "/auth/forgot-password...'.
src/services/modules/purchaseOrderApi.ts(252,23): error TS2339: Property 'PURCHASE_ORDERS' does not exist on type '{ readonly AUTH: { readonly LOGIN: "/auth/login"; readonly LOGOUT: "/auth/logout"; readonly REFRESH: "/auth/refresh"; readonly VERIFY: "/auth/verify"; readonly REGISTER: "/auth/register"; readonly PROFILE: "/auth/me"; readonly CHANGE_PASSWORD: "/auth/change-password"; readonly FORGOT_PASSWORD: "/auth/forgot-password...'.
src/services/modules/purchaseOrderApi.ts(273,23): error TS2339: Property 'PURCHASE_ORDERS' does not exist on type '{ readonly AUTH: { readonly LOGIN: "/auth/login"; readonly LOGOUT: "/auth/logout"; readonly REFRESH: "/auth/refresh"; readonly VERIFY: "/auth/verify"; readonly REGISTER: "/auth/register"; readonly PROFILE: "/auth/me"; readonly CHANGE_PASSWORD: "/auth/change-password"; readonly FORGOT_PASSWORD: "/auth/forgot-password...'.
src/services/modules/purchaseOrderApi.ts(291,23): error TS2339: Property 'PURCHASE_ORDERS' does not exist on type '{ readonly AUTH: { readonly LOGIN: "/auth/login"; readonly LOGOUT: "/auth/logout"; readonly REFRESH: "/auth/refresh"; readonly VERIFY: "/auth/verify"; readonly REGISTER: "/auth/register"; readonly PROFILE: "/auth/me"; readonly CHANGE_PASSWORD: "/auth/change-password"; readonly FORGOT_PASSWORD: "/auth/forgot-password...'.
src/services/modules/purchaseOrderApi.ts(306,23): error TS2339: Property 'PURCHASE_ORDERS' does not exist on type '{ readonly AUTH: { readonly LOGIN: "/auth/login"; readonly LOGOUT: "/auth/logout"; readonly REFRESH: "/auth/refresh"; readonly VERIFY: "/auth/verify"; readonly REGISTER: "/auth/register"; readonly PROFILE: "/auth/me"; readonly CHANGE_PASSWORD: "/auth/change-password"; readonly FORGOT_PASSWORD: "/auth/forgot-password...'.
src/services/modules/purchaseOrderApi.ts(321,23): error TS2339: Property 'PURCHASE_ORDERS' does not exist on type '{ readonly AUTH: { readonly LOGIN: "/auth/login"; readonly LOGOUT: "/auth/logout"; readonly REFRESH: "/auth/refresh"; readonly VERIFY: "/auth/verify"; readonly REGISTER: "/auth/register"; readonly PROFILE: "/auth/me"; readonly CHANGE_PASSWORD: "/auth/change-password"; readonly FORGOT_PASSWORD: "/auth/forgot-password...'.
src/services/modules/purchaseOrderApi.ts(338,23): error TS2339: Property 'PURCHASE_ORDERS' does not exist on type '{ readonly AUTH: { readonly LOGIN: "/auth/login"; readonly LOGOUT: "/auth/logout"; readonly REFRESH: "/auth/refresh"; readonly VERIFY: "/auth/verify"; readonly REGISTER: "/auth/register"; readonly PROFILE: "/auth/me"; readonly CHANGE_PASSWORD: "/auth/change-password"; readonly FORGOT_PASSWORD: "/auth/forgot-password...'.
src/services/modules/purchaseOrderApi.ts(423,23): error TS2339: Property 'PURCHASE_ORDERS' does not exist on type '{ readonly AUTH: { readonly LOGIN: "/auth/login"; readonly LOGOUT: "/auth/logout"; readonly REFRESH: "/auth/refresh"; readonly VERIFY: "/auth/verify"; readonly REGISTER: "/auth/register"; readonly PROFILE: "/auth/me"; readonly CHANGE_PASSWORD: "/auth/change-password"; readonly FORGOT_PASSWORD: "/auth/forgot-password...'.
src/services/modules/purchaseOrderApi.ts(443,23): error TS2339: Property 'PURCHASE_ORDERS' does not exist on type '{ readonly AUTH: { readonly LOGIN: "/auth/login"; readonly LOGOUT: "/auth/logout"; readonly REFRESH: "/auth/refresh"; readonly VERIFY: "/auth/verify"; readonly REGISTER: "/auth/register"; readonly PROFILE: "/auth/me"; readonly CHANGE_PASSWORD: "/auth/change-password"; readonly FORGOT_PASSWORD: "/auth/forgot-password...'.
src/services/modules/purchaseOrderApi.ts(463,23): error TS2339: Property 'PURCHASE_ORDERS' does not exist on type '{ readonly AUTH: { readonly LOGIN: "/auth/login"; readonly LOGOUT: "/auth/logout"; readonly REFRESH: "/auth/refresh"; readonly VERIFY: "/auth/verify"; readonly REGISTER: "/auth/register"; readonly PROFILE: "/auth/me"; readonly CHANGE_PASSWORD: "/auth/change-password"; readonly FORGOT_PASSWORD: "/auth/forgot-password...'.
src/services/modules/purchaseOrderApi.ts(481,23): error TS2339: Property 'PURCHASE_ORDERS' does not exist on type '{ readonly AUTH: { readonly LOGIN: "/auth/login"; readonly LOGOUT: "/auth/logout"; readonly REFRESH: "/auth/refresh"; readonly VERIFY: "/auth/verify"; readonly REGISTER: "/auth/register"; readonly PROFILE: "/auth/me"; readonly CHANGE_PASSWORD: "/auth/change-password"; readonly FORGOT_PASSWORD: "/auth/forgot-password...'.
src/services/modules/purchaseOrderApi.ts(499,23): error TS2339: Property 'PURCHASE_ORDERS' does not exist on type '{ readonly AUTH: { readonly LOGIN: "/auth/login"; readonly LOGOUT: "/auth/logout"; readonly REFRESH: "/auth/refresh"; readonly VERIFY: "/auth/verify"; readonly REGISTER: "/auth/register"; readonly PROFILE: "/auth/me"; readonly CHANGE_PASSWORD: "/auth/change-password"; readonly FORGOT_PASSWORD: "/auth/forgot-password...'.
src/stores/slices/authSlice.ts(86,62): error TS2307: Cannot find module '@reduxjs/toolkit' or its corresponding type declarations.
src/stores/slices/authSlice.ts(90,19): error TS2307: Cannot find module 'react-hot-toast' or its corresponding type declarations.
src/stores/slices/authSlice.ts(91,19): error TS2307: Cannot find module 'debug' or its corresponding type declarations.
src/stores/slices/authSlice.ts(214,43): error TS7031: Binding element 'rejectWithValue' implicitly has an 'any' type.
src/stores/slices/authSlice.ts(285,36): error TS7031: Binding element 'rejectWithValue' implicitly has an 'any' type.
src/stores/slices/authSlice.ts(353,10): error TS7006: Parameter '_' implicitly has an 'any' type.
src/stores/slices/authSlice.ts(353,15): error TS7031: Binding element 'rejectWithValue' implicitly has an 'any' type.
src/stores/slices/authSlice.ts(426,10): error TS7006: Parameter '_' implicitly has an 'any' type.
src/stores/slices/authSlice.ts(426,15): error TS7031: Binding element 'rejectWithValue' implicitly has an 'any' type.
src/stores/slices/authSlice.ts(473,18): error TS7006: Parameter 'state' implicitly has an 'any' type.
src/stores/slices/authSlice.ts(507,15): error TS7006: Parameter 'state' implicitly has an 'any' type.
src/stores/slices/authSlice.ts(513,19): error TS7006: Parameter 'builder' implicitly has an 'any' type.
src/stores/slices/authSlice.ts(519,36): error TS7006: Parameter 'state' implicitly has an 'any' type.
src/stores/slices/authSlice.ts(529,38): error TS7006: Parameter 'state' implicitly has an 'any' type.
src/stores/slices/authSlice.ts(529,45): error TS7006: Parameter 'action' implicitly has an 'any' type.
src/stores/slices/authSlice.ts(542,37): error TS7006: Parameter 'state' implicitly has an 'any' type.
src/stores/slices/authSlice.ts(542,44): error TS7006: Parameter 'action' implicitly has an 'any' type.
src/stores/slices/authSlice.ts(554,39): error TS7006: Parameter 'state' implicitly has an 'any' type.
src/stores/slices/authSlice.ts(564,41): error TS7006: Parameter 'state' implicitly has an 'any' type.
src/stores/slices/authSlice.ts(564,48): error TS7006: Parameter 'action' implicitly has an 'any' type.
src/stores/slices/authSlice.ts(577,40): error TS7006: Parameter 'state' implicitly has an 'any' type.
src/stores/slices/authSlice.ts(577,47): error TS7006: Parameter 'action' implicitly has an 'any' type.
src/stores/slices/authSlice.ts(589,37): error TS7006: Parameter 'state' implicitly has an 'any' type.
src/stores/slices/authSlice.ts(598,39): error TS7006: Parameter 'state' implicitly has an 'any' type.
src/stores/slices/authSlice.ts(613,38): error TS7006: Parameter 'state' implicitly has an 'any' type.
src/stores/slices/authSlice.ts(629,40): error TS7006: Parameter 'state' implicitly has an 'any' type.
src/stores/slices/authSlice.ts(629,47): error TS7006: Parameter 'action' implicitly has an 'any' type.
src/stores/slices/authSlice.ts(640,39): error TS7006: Parameter 'state' implicitly has an 'any' type.
src/stores/slices/slices/authSlice.ts(5,15): error TS2307: Cannot find module '../../stores/slices/authSlice' or its corresponding type declarations.
