src/app/(dashboard)/admin/monitoring/health/_components/SystemHealthDisplay.tsx(122,33): error TS7006: Parameter 'service' implicitly has an 'any' type.
src/app/(dashboard)/admin/monitoring/health/_components/SystemHealthDisplay.tsx(172,33): error TS7006: Parameter 'alert' implicitly has an 'any' type.
src/app/(dashboard)/communications/_components/InboxContent.tsx(374,54): error TS7006: Parameter 'v' implicitly has an 'any' type.
src/app/(dashboard)/communications/broadcasts/_components/BroadcastsContent.tsx(134,54): error TS7006: Parameter 'v' implicitly has an 'any' type.
src/app/(dashboard)/communications/page.old.tsx(244,36): error TS7006: Parameter 'communication' implicitly has an 'any' type.
src/app/(dashboard)/communications/page.old.tsx(288,38): error TS7006: Parameter 'c' implicitly has an 'any' type.
src/app/(dashboard)/communications/page.old.tsx(297,38): error TS7006: Parameter 'c' implicitly has an 'any' type.
src/app/(dashboard)/communications/page.old.tsx(303,38): error TS7006: Parameter 'c' implicitly has an 'any' type.
src/app/(dashboard)/communications/templates/_components/TemplatesContent.tsx(153,52): error TS7006: Parameter 'v' implicitly has an 'any' type.
src/app/(dashboard)/communications/templates/_components/TemplatesContent.tsx(168,56): error TS7006: Parameter 'v' implicitly has an 'any' type.
src/app/(dashboard)/communications/templates/new/_components/NewTemplateContent.tsx(325,49): error TS7006: Parameter 'checked' implicitly has an 'any' type.
src/app/(dashboard)/incidents/[id]/follow-up/page.tsx(183,23): error TS7006: Parameter 'action' implicitly has an 'any' type.
src/app/(dashboard)/incidents/[id]/page.tsx(457,37): error TS7006: Parameter 'tag' implicitly has an 'any' type.
src/app/(dashboard)/incidents/behavioral/page.tsx(35,39): error TS7006: Parameter 'incident' implicitly has an 'any' type.
src/app/(dashboard)/incidents/emergency/page.tsx(35,39): error TS7006: Parameter 'incident' implicitly has an 'any' type.
src/app/(dashboard)/incidents/illness/page.tsx(35,39): error TS7006: Parameter 'incident' implicitly has an 'any' type.
src/app/(dashboard)/incidents/injury/page.tsx(35,39): error TS7006: Parameter 'incident' implicitly has an 'any' type.
src/app/(dashboard)/incidents/pending-review/page.tsx(35,39): error TS7006: Parameter 'incident' implicitly has an 'any' type.
src/app/(dashboard)/incidents/requires-action/page.tsx(35,39): error TS7006: Parameter 'incident' implicitly has an 'any' type.
src/app/(dashboard)/incidents/resolved/page.tsx(35,39): error TS7006: Parameter 'incident' implicitly has an 'any' type.
src/app/(dashboard)/incidents/safety/page.tsx(35,39): error TS7006: Parameter 'incident' implicitly has an 'any' type.
src/app/(dashboard)/incidents/trending/page.tsx(34,46): error TS7006: Parameter 'item' implicitly has an 'any' type.
src/app/(dashboard)/incidents/trending/page.tsx(52,39): error TS7006: Parameter 'item' implicitly has an 'any' type.
src/app/(dashboard)/incidents/trending/page.tsx(65,39): error TS7006: Parameter 'item' implicitly has an 'any' type.
src/app/(dashboard)/incidents/trending/page.tsx(65,45): error TS7006: Parameter 'index' implicitly has an 'any' type.
src/app/(dashboard)/incidents/under-investigation/page.tsx(35,39): error TS7006: Parameter 'incident' implicitly has an 'any' type.
src/app/(dashboard)/inventory/_components/InventoryDashboardContent.tsx(117,50): error TS7006: Parameter 'a' implicitly has an 'any' type.
src/app/(dashboard)/inventory/_components/InventoryDashboardContent.tsx(118,49): error TS7006: Parameter 'a' implicitly has an 'any' type.
src/app/(dashboard)/inventory/_components/InventoryDashboardContent.tsx(235,50): error TS7006: Parameter 'alert' implicitly has an 'any' type.
src/app/(dashboard)/inventory/_components/InventoryDashboardContent.tsx(284,49): error TS7006: Parameter 'alert' implicitly has an 'any' type.
src/app/(dashboard)/inventory/_components/InventoryDashboardContent.tsx(367,45): error TS7006: Parameter 'category' implicitly has an 'any' type.
src/app/inventory/actions.ts(906,46): error TS7006: Parameter 'stock' implicitly has an 'any' type.
src/app/inventory/actions.ts(909,48): error TS7006: Parameter 'stock' implicitly has an 'any' type.
src/app/inventory/actions.ts(913,38): error TS7006: Parameter 'sum' implicitly has an 'any' type.
src/app/inventory/actions.ts(913,43): error TS7006: Parameter 'item' implicitly has an 'any' type.
src/app/inventory/actions.ts(915,29): error TS7006: Parameter 'sum' implicitly has an 'any' type.
src/app/inventory/actions.ts(915,34): error TS7006: Parameter 'stock' implicitly has an 'any' type.
src/app/inventory/actions.ts(927,31): error TS7006: Parameter 'i' implicitly has an 'any' type.
src/app/inventory/actions.ts(928,32): error TS7006: Parameter 'i' implicitly has an 'any' type.
src/app/inventory/actions.ts(929,33): error TS7006: Parameter 'i' implicitly has an 'any' type.
src/app/inventory/actions.ts(930,39): error TS7006: Parameter 'i' implicitly has an 'any' type.
src/app/inventory/actions.ts(931,35): error TS7006: Parameter 'i' implicitly has an 'any' type.
src/app/inventory/actions.ts(932,29): error TS7006: Parameter 'i' implicitly has an 'any' type.
src/app/inventory/actions.ts(935,38): error TS7006: Parameter 'stock' implicitly has an 'any' type.
src/app/inventory/actions.ts(937,38): error TS7006: Parameter 'stock' implicitly has an 'any' type.
src/app/transactions/actions.ts(663,47): error TS7006: Parameter 't' implicitly has an 'any' type.
src/app/transactions/actions.ts(664,45): error TS7006: Parameter 't' implicitly has an 'any' type.
src/app/transactions/actions.ts(665,47): error TS7006: Parameter 't' implicitly has an 'any' type.
src/app/transactions/actions.ts(666,50): error TS7006: Parameter 't' implicitly has an 'any' type.
src/app/transactions/actions.ts(667,50): error TS7006: Parameter 't' implicitly has an 'any' type.
src/app/transactions/actions.ts(668,52): error TS7006: Parameter 't' implicitly has an 'any' type.
src/app/transactions/actions.ts(671,45): error TS7006: Parameter 'sum' implicitly has an 'any' type.
src/app/transactions/actions.ts(671,50): error TS7006: Parameter 't' implicitly has an 'any' type.
src/app/transactions/actions.ts(675,51): error TS7006: Parameter 't' implicitly has an 'any' type.
src/app/transactions/actions.ts(687,34): error TS7006: Parameter 't' implicitly has an 'any' type.
src/app/transactions/actions.ts(815,14): error TS7006: Parameter 'a' implicitly has an 'any' type.
src/app/transactions/actions.ts(815,17): error TS7006: Parameter 'b' implicitly has an 'any' type.
src/app/transactions/actions.ts(818,55): error TS7006: Parameter 'transaction' implicitly has an 'any' type.
src/app/transactions/actions.ts(831,15): error TS7006: Parameter 't' implicitly has an 'any' type.
src/app/transactions/actions.ts(832,14): error TS7006: Parameter 'a' implicitly has an 'any' type.
src/app/transactions/actions.ts(832,17): error TS7006: Parameter 'b' implicitly has an 'any' type.
src/app/transactions/actions.ts(834,12): error TS7006: Parameter 'transaction' implicitly has an 'any' type.
src/app/transactions/actions.ts(845,15): error TS7006: Parameter 't' implicitly has an 'any' type.
src/app/transactions/actions.ts(847,12): error TS7006: Parameter 'transaction' implicitly has an 'any' type.
src/app/transactions/actions.ts(858,53): error TS7006: Parameter 't' implicitly has an 'any' type.
src/app/transactions/actions.ts(859,54): error TS7006: Parameter 't' implicitly has an 'any' type.
src/app/transactions/actions.ts(861,54): error TS7006: Parameter 'sum' implicitly has an 'any' type.
src/app/transactions/actions.ts(861,59): error TS7006: Parameter 't' implicitly has an 'any' type.
src/app/transactions/actions.ts(862,56): error TS7006: Parameter 'sum' implicitly has an 'any' type.
src/app/transactions/actions.ts(862,61): error TS7006: Parameter 't' implicitly has an 'any' type.
src/app/transactions/actions.ts(874,51): error TS7006: Parameter 'acc' implicitly has an 'any' type.
src/app/transactions/actions.ts(874,56): error TS7006: Parameter 'transaction' implicitly has an 'any' type.
src/components/appointments/SchedulingForm.tsx(180,36): error TS7006: Parameter 'err' implicitly has an 'any' type.
src/components/communications/BroadcastManager.tsx(252,54): error TS7006: Parameter 'value' implicitly has an 'any' type.
src/components/communications/MessageComposer.tsx(202,50): error TS7006: Parameter 'v' implicitly has an 'any' type.
src/components/communications/MessageInbox.tsx(277,50): error TS7006: Parameter 'value' implicitly has an 'any' type.
src/components/communications/MessageInbox.tsx(293,48): error TS7006: Parameter 'value' implicitly has an 'any' type.
src/components/communications/MessageList.tsx(121,35): error TS7006: Parameter 'checked' implicitly has an 'any' type.
src/components/features/health-records/components/modals/AllergyModal.tsx(76,34): error TS7006: Parameter 'type' implicitly has an 'any' type.
src/components/features/health-records/components/modals/AllergyModal.tsx(94,36): error TS7006: Parameter 'level' implicitly has an 'any' type.
src/components/features/health-records/components/modals/ConditionModal.tsx(105,36): error TS7006: Parameter 'level' implicitly has an 'any' type.
src/components/medications/forms/AdministrationForm.tsx(113,31): error TS7006: Parameter 'a' implicitly has an 'any' type.
src/components/medications/forms/AdministrationForm.tsx(113,67): error TS7006: Parameter 'a' implicitly has an 'any' type.
src/components/realtime/OfflineQueueIndicator.tsx(116,38): error TS7006: Parameter 'request' implicitly has an 'any' type.
src/components/ui/charts/AreaChart.tsx(103,23): error TS7006: Parameter 'entry' implicitly has an 'any' type.
src/components/ui/charts/AreaChart.tsx(103,30): error TS7006: Parameter 'index' implicitly has an 'any' type.
src/components/ui/charts/BarChart.tsx(108,23): error TS7006: Parameter 'entry' implicitly has an 'any' type.
src/components/ui/charts/BarChart.tsx(108,30): error TS7006: Parameter 'index' implicitly has an 'any' type.
src/components/ui/charts/LineChart.tsx(105,23): error TS7006: Parameter 'entry' implicitly has an 'any' type.
src/components/ui/charts/LineChart.tsx(105,30): error TS7006: Parameter 'index' implicitly has an 'any' type.
src/components/ui/overlays/Modal.test.tsx(297,40): error TS7006: Parameter 'b' implicitly has an 'any' type.
src/components/ui/overlays/Modal.test.tsx(298,39): error TS7006: Parameter 'b' implicitly has an 'any' type.
src/config/queryClient.ts(97,13): error TS7006: Parameter 'failureCount' implicitly has an 'any' type.
src/config/queryClient.ts(97,27): error TS7006: Parameter 'error' implicitly has an 'any' type.
src/config/queryClient.ts(110,18): error TS7006: Parameter 'attemptIndex' implicitly has an 'any' type.
src/config/queryClient.ts(129,13): error TS7006: Parameter 'error' implicitly has an 'any' type.
src/config/queryClient.ts(129,20): error TS7006: Parameter 'query' implicitly has an 'any' type.
src/config/queryClient.ts(156,15): error TS7006: Parameter 'data' implicitly has an 'any' type.
src/config/queryClient.ts(156,21): error TS7006: Parameter 'query' implicitly has an 'any' type.
src/config/queryClient.ts(173,15): error TS7006: Parameter 'data' implicitly has an 'any' type.
src/config/queryClient.ts(173,21): error TS7006: Parameter 'variables' implicitly has an 'any' type.
src/config/queryClient.ts(173,32): error TS7006: Parameter 'context' implicitly has an 'any' type.
src/config/queryClient.ts(173,41): error TS7006: Parameter 'mutation' implicitly has an 'any' type.
src/config/queryClient.ts(191,13): error TS7006: Parameter 'error' implicitly has an 'any' type.
src/config/queryClient.ts(191,20): error TS7006: Parameter 'variables' implicitly has an 'any' type.
src/config/queryClient.ts(191,31): error TS7006: Parameter 'context' implicitly has an 'any' type.
src/config/queryClient.ts(191,40): error TS7006: Parameter 'mutation' implicitly has an 'any' type.
src/config/queryClient.ts(269,17): error TS7006: Parameter 'query' implicitly has an 'any' type.
src/config/queryClient.ts(277,56): error TS7006: Parameter 'query' implicitly has an 'any' type.
src/config/queryClient.ts(301,35): error TS7006: Parameter 'q' implicitly has an 'any' type.
src/config/queryClient.ts(302,34): error TS7006: Parameter 'q' implicitly has an 'any' type.
src/config/queryClient.ts(303,32): error TS7006: Parameter 'q' implicitly has an 'any' type.
src/features/search/hooks/useFilters.ts(110,9): error TS7006: Parameter 'condition' implicitly has an 'any' type.
src/features/search/hooks/useFilters.ts(131,52): error TS7006: Parameter 'condition' implicitly has an 'any' type.
src/features/search/services/filterService.ts(34,42): error TS7006: Parameter 'condition' implicitly has an 'any' type.
src/features/search/services/filterService.ts(46,28): error TS7006: Parameter 'r' implicitly has an 'any' type.
src/features/search/services/filterService.ts(48,27): error TS7006: Parameter 'r' implicitly has an 'any' type.
src/features/search/services/filterService.ts(50,29): error TS7006: Parameter 'r' implicitly has an 'any' type.
src/features/search/services/filterService.ts(418,46): error TS7006: Parameter 'condition' implicitly has an 'any' type.
src/features/search/services/filterService.ts(462,33): error TS7006: Parameter 'condition' implicitly has an 'any' type.
src/features/search/services/filterService.ts(462,44): error TS7006: Parameter 'index' implicitly has an 'any' type.
src/features/search/services/filterService.ts(498,32): error TS7006: Parameter 'condition' implicitly has an 'any' type.
src/features/search/services/filterService.ts(521,32): error TS7006: Parameter 'condition' implicitly has an 'any' type.
src/graphql/hooks/useContacts.ts(165,14): error TS7006: Parameter 'cache' implicitly has an 'any' type.
src/graphql/hooks/useStudents.ts(134,26): error TS7006: Parameter 'variables' implicitly has an 'any' type.
src/graphql/hooks/useStudents.ts(136,14): error TS7006: Parameter 'cache' implicitly has an 'any' type.
src/graphql/hooks/useStudents.ts(191,26): error TS7006: Parameter 'variables' implicitly has an 'any' type.
src/graphql/hooks/useStudents.ts(227,14): error TS7006: Parameter 'cache' implicitly has an 'any' type.
src/graphql/utils/errorHandler.ts(75,34): error TS7006: Parameter 'err' implicitly has an 'any' type.
src/graphql/utils/errorHandler.ts(93,8): error TS7006: Parameter 'err' implicitly has an 'any' type.
src/graphql/utils/errorHandler.ts(110,8): error TS7006: Parameter 'err' implicitly has an 'any' type.
src/graphql/utils/errorHandler.ts(127,8): error TS7006: Parameter 'err' implicitly has an 'any' type.
src/graphql/utils/errorHandler.ts(144,34): error TS7006: Parameter 'err' implicitly has an 'any' type.
src/graphql/utils/errorHandler.ts(160,46): error TS7006: Parameter 'err' implicitly has an 'any' type.
src/hooks/core/useOfflineQueue.ts(144,21): error TS7006: Parameter 'prev' implicitly has an 'any' type.
src/hooks/domains/appointments/mutations/useAppointmentMutations.ts(133,22): error TS7006: Parameter '_newAppointment' implicitly has an 'any' type.
src/hooks/domains/appointments/mutations/useAppointmentMutations.ts(159,29): error TS7006: Parameter '_variables' implicitly has an 'any' type.
src/hooks/domains/appointments/queries/useAppointments.ts(187,22): error TS7006: Parameter 'newAppointment' implicitly has an 'any' type.
src/hooks/domains/appointments/queries/useAppointments.ts(206,15): error TS7006: Parameter 'error' implicitly has an 'any' type.
src/hooks/domains/appointments/queries/useAppointments.ts(206,22): error TS7006: Parameter '_variables' implicitly has an 'any' type.
src/hooks/domains/appointments/queries/useAppointments.ts(206,34): error TS7006: Parameter 'context' implicitly has an 'any' type.
src/hooks/domains/budgets/queries/useBudgetQueries.ts(329,24): error TS7006: Parameter 'lastPage' implicitly has an 'any' type.
src/hooks/domains/budgets/queries/useBudgetQueries.ts(805,24): error TS7006: Parameter 'lastPage' implicitly has an 'any' type.
src/hooks/domains/communication/useMessages.ts(54,24): error TS7006: Parameter 'lastPage' implicitly has an 'any' type.
src/hooks/domains/communication/useMessages.ts(143,50): error TS7006: Parameter 'page' implicitly has an 'any' type.
src/hooks/domains/communication/useSendMessage.ts(32,22): error TS7006: Parameter 'variables' implicitly has an 'any' type.
src/hooks/domains/communication/useSendMessage.ts(89,17): error TS7006: Parameter 'confirmedMessage' implicitly has an 'any' type.
src/hooks/domains/communication/useSendMessage.ts(89,35): error TS7006: Parameter 'variables' implicitly has an 'any' type.
src/hooks/domains/communication/useSendMessage.ts(89,46): error TS7006: Parameter 'context' implicitly has an 'any' type.
src/hooks/domains/communication/useSendMessage.ts(124,15): error TS7006: Parameter 'error' implicitly has an 'any' type.
src/hooks/domains/communication/useSendMessage.ts(124,22): error TS7006: Parameter 'variables' implicitly has an 'any' type.
src/hooks/domains/communication/useSendMessage.ts(124,33): error TS7006: Parameter 'context' implicitly has an 'any' type.
src/hooks/domains/compliance/queries/useComplianceQueries.ts(264,55): error TS7006: Parameter 'r' implicitly has an 'any' type.
src/hooks/domains/compliance/queries/useComplianceQueries.ts(265,54): error TS7006: Parameter 'r' implicitly has an 'any' type.
src/hooks/domains/documents/composites/useDocumentComposites.ts(443,28): error TS7006: Parameter 'query' implicitly has an 'any' type.
src/hooks/domains/documents/composites/useDocumentComposites.ts(446,29): error TS7006: Parameter 'query' implicitly has an 'any' type.
src/hooks/domains/documents/composites/useDocumentComposites.ts(447,32): error TS7006: Parameter 'query' implicitly has an 'any' type.
src/hooks/domains/documents/composites/useDocumentComposites.ts(448,34): error TS7006: Parameter 'query' implicitly has an 'any' type.
src/hooks/domains/documents/composites/useDocumentComposites.ts(451,28): error TS7006: Parameter 'query' implicitly has an 'any' type.
src/hooks/domains/documents/composites/useDocumentComposites.ts(452,25): error TS7006: Parameter 'query' implicitly has an 'any' type.
src/hooks/domains/documents/composites/useDocumentComposites.ts(453,32): error TS7006: Parameter 'query' implicitly has an 'any' type.
src/hooks/domains/documents/composites/useDocumentComposites.ts(456,34): error TS7006: Parameter 'query' implicitly has an 'any' type.
src/hooks/domains/documents/composites/useDocumentComposites.ts(457,32): error TS7006: Parameter 'query' implicitly has an 'any' type.
src/hooks/domains/documents/composites/useDocumentComposites.ts(464,23): error TS7006: Parameter 'query' implicitly has an 'any' type.
src/hooks/domains/documents/composites/useSignatureWorkflow.ts(225,44): error TS7006: Parameter 'p' implicitly has an 'any' type.
src/hooks/domains/documents/composites/useSignatureWorkflow.ts(233,48): error TS7006: Parameter 'p' implicitly has an 'any' type.
src/hooks/domains/emergency/useEmergencyContacts.ts(304,15): error TS7006: Parameter 'error' implicitly has an 'any' type.
src/hooks/domains/emergency/useEmergencyContacts.ts(304,22): error TS7006: Parameter 'variables' implicitly has an 'any' type.
src/hooks/domains/emergency/useEmergencyContacts.ts(304,33): error TS7006: Parameter 'context' implicitly has an 'any' type.
src/hooks/domains/health/queries/useHealthRecords.ts(630,31): error TS7006: Parameter 'allergy' implicitly has an 'any' type.
src/hooks/domains/health/queries/useHealthRecords.ts(874,32): error TS7006: Parameter 'condition' implicitly has an 'any' type.
src/hooks/domains/health/queries/useHealthRecords.ts(1119,45): error TS7006: Parameter 'v' implicitly has an 'any' type.
src/hooks/domains/health/queries/useHealthRecords.ts(1154,17): error TS7006: Parameter 'v' implicitly has an 'any' type.
src/hooks/domains/health/queries/useHealthRecords.ts(1155,16): error TS7006: Parameter 'a' implicitly has an 'any' type.
src/hooks/domains/health/queries/useHealthRecords.ts(1155,19): error TS7006: Parameter 'b' implicitly has an 'any' type.
src/hooks/domains/incidents/FollowUpActionContext.tsx(350,15): error TS7006: Parameter 'err' implicitly has an 'any' type.
src/hooks/domains/incidents/FollowUpActionContext.tsx(350,20): error TS7006: Parameter 'variables' implicitly has an 'any' type.
src/hooks/domains/incidents/FollowUpActionContext.tsx(350,31): error TS7006: Parameter 'context' implicitly has an 'any' type.
src/hooks/domains/incidents/FollowUpActionContext.tsx(366,22): error TS7006: Parameter 'id' implicitly has an 'any' type.
src/hooks/domains/incidents/FollowUpActionContext.tsx(382,15): error TS7006: Parameter 'err' implicitly has an 'any' type.
src/hooks/domains/incidents/FollowUpActionContext.tsx(382,20): error TS7006: Parameter 'variables' implicitly has an 'any' type.
src/hooks/domains/incidents/FollowUpActionContext.tsx(382,31): error TS7006: Parameter 'context' implicitly has an 'any' type.
src/hooks/domains/incidents/FollowUpActionContext.tsx(437,13): error TS7006: Parameter 'action' implicitly has an 'any' type.
src/hooks/domains/incidents/FollowUpActionContext.tsx(445,14): error TS7006: Parameter 'a' implicitly has an 'any' type.
src/hooks/domains/incidents/FollowUpActionContext.tsx(445,17): error TS7006: Parameter 'b' implicitly has an 'any' type.
src/hooks/domains/incidents/FollowUpActionContext.tsx(454,32): error TS7006: Parameter 'a' implicitly has an 'any' type.
src/hooks/domains/incidents/FollowUpActionContext.tsx(455,35): error TS7006: Parameter 'a' implicitly has an 'any' type.
src/hooks/domains/incidents/FollowUpActionContext.tsx(456,34): error TS7006: Parameter 'a' implicitly has an 'any' type.
src/hooks/domains/incidents/FollowUpActionContext.tsx(457,34): error TS7006: Parameter 'a' implicitly has an 'any' type.
src/hooks/domains/incidents/FollowUpActionContext.tsx(655,30): error TS7006: Parameter 'action' implicitly has an 'any' type.
src/hooks/domains/incidents/FollowUpActionContext.tsx(665,30): error TS7006: Parameter 'action' implicitly has an 'any' type.
src/hooks/domains/medications/mutations/useMedicationAdministration.ts(482,31): error TS7006: Parameter 'err' implicitly has an 'any' type.
src/hooks/domains/reports/queries/useReportsQueries.ts(258,23): error TS7006: Parameter 'data' implicitly has an 'any' type.
src/hooks/domains/reports/useAnalytics.ts(221,18): error TS7006: Parameter 'attemptIndex' implicitly has an 'any' type.
src/hooks/domains/reports/useReportData.ts(175,18): error TS7006: Parameter 'attemptIndex' implicitly has an 'any' type.
src/hooks/domains/students/composites/composite.ts(219,58): error TS7006: Parameter 's' implicitly has an 'any' type.
src/hooks/domains/students/composites/composite.ts(494,37): error TS7006: Parameter 'record' implicitly has an 'any' type.
src/hooks/domains/students/composites/composite.ts(507,39): error TS7006: Parameter 'incident' implicitly has an 'any' type.
src/hooks/domains/students/composites/composite.ts(675,31): error TS7006: Parameter 'id' implicitly has an 'any' type.
src/hooks/domains/students/composites/composite.ts(681,31): error TS7006: Parameter 'id' implicitly has an 'any' type.
src/hooks/domains/students/mutations/useStudentMutations.ts(278,29): error TS7006: Parameter 'id' implicitly has an 'any' type.
src/hooks/domains/students/queries/coreQueries.ts(203,51): error TS7006: Parameter 'previousData' implicitly has an 'any' type.
src/hooks/domains/students/queries/coreQueries.ts(468,24): error TS7006: Parameter 'lastPage' implicitly has an 'any' type.
src/hooks/domains/students/queries/coreQueries.ts(490,44): error TS7006: Parameter 'page' implicitly has an 'any' type.
src/hooks/domains/students/queries/coreQueries.ts(494,34): error TS7006: Parameter 'error' implicitly has an 'any' type.
src/hooks/domains/students/queries/useStudentDetails.ts(155,13): error TS7006: Parameter 'failureCount' implicitly has an 'any' type.
src/hooks/domains/students/queries/useStudentDetails.ts(166,18): error TS7006: Parameter 'attemptIndex' implicitly has an 'any' type.
src/hooks/domains/students/queries/useStudents.ts(283,23): error TS7006: Parameter 'previousData' implicitly has an 'any' type.
src/hooks/domains/students/queries/useStudentsList.ts(120,13): error TS7006: Parameter 'failureCount' implicitly has an 'any' type.
src/hooks/domains/students/queries/useStudentsList.ts(127,18): error TS7006: Parameter 'attemptIndex' implicitly has an 'any' type.
src/hooks/domains/vendors/queries/useVendorQueries.ts(180,24): error TS7006: Parameter 'lastPage' implicitly has an 'any' type.
src/hooks/shared/advancedHooks.ts(559,55): error TS7006: Parameter 'alert' implicitly has an 'any' type.
src/hooks/shared/advancedHooks.ts(560,51): error TS7006: Parameter 'alert' implicitly has an 'any' type.
src/hooks/shared/advancedHooks.ts(621,13): error TS7006: Parameter 'entry' implicitly has an 'any' type.
src/hooks/shared/store-hooks-index.ts(105,12): error TS7006: Parameter 'id' implicitly has an 'any' type.
src/hooks/shared/store-hooks-index.ts(106,16): error TS7006: Parameter 'entity' implicitly has an 'any' type.
src/hooks/shared/useAudit.ts(127,34): error TS7006: Parameter 'error' implicitly has an 'any' type.
src/hooks/shared/useCacheManager.ts(163,27): error TS7006: Parameter 'query' implicitly has an 'any' type.
src/hooks/shared/useCacheManager.ts(164,37): error TS7006: Parameter 'k' implicitly has an 'any' type.
src/hooks/shared/useCacheManager.ts(202,19): error TS7006: Parameter 'query' implicitly has an 'any' type.
src/hooks/shared/useCacheManager.ts(257,34): error TS7006: Parameter 'q' implicitly has an 'any' type.
src/hooks/shared/useCacheManager.ts(258,36): error TS7006: Parameter 'q' implicitly has an 'any' type.
src/hooks/shared/useCacheManager.ts(259,38): error TS7006: Parameter 'q' implicitly has an 'any' type.
src/hooks/utilities/routeValidation.ts(748,74): error TS7006: Parameter 'err' implicitly has an 'any' type.
src/hooks/utilities/studentUtils.ts(421,43): error TS7006: Parameter 'query' implicitly has an 'any' type.
src/hooks/utilities/studentUtils.ts(428,43): error TS7006: Parameter 'q' implicitly has an 'any' type.
src/hooks/utilities/studentUtils.ts(429,43): error TS7006: Parameter 'q' implicitly has an 'any' type.
src/hooks/utilities/studentUtils.ts(430,43): error TS7006: Parameter 'q' implicitly has an 'any' type.
src/hooks/utilities/studentUtils.ts(431,45): error TS7006: Parameter 'q' implicitly has an 'any' type.
src/hooks/utilities/studentUtils.ts(432,52): error TS7006: Parameter 'q' implicitly has an 'any' type.
src/hooks/utilities/useStudentsRoute.ts(148,18): error TS7006: Parameter 'attemptIndex' implicitly has an 'any' type.
src/hooks/utilities/useStudentsRoute.ts(166,17): error TS7006: Parameter 'student' implicitly has an 'any' type.
src/hooks/utilities/useStudentsRoute.ts(170,15): error TS7006: Parameter 'error' implicitly has an 'any' type.
src/hooks/utilities/useStudentsRoute.ts(176,17): error TS7006: Parameter 'student' implicitly has an 'any' type.
src/hooks/utilities/useStudentsRoute.ts(180,15): error TS7006: Parameter 'error' implicitly has an 'any' type.
src/hooks/utilities/useStudentsRoute.ts(186,17): error TS7006: Parameter 'student' implicitly has an 'any' type.
src/hooks/utilities/useStudentsRoute.ts(190,15): error TS7006: Parameter 'error' implicitly has an 'any' type.
src/hooks/utilities/useStudentsRoute.ts(196,17): error TS7006: Parameter 'student' implicitly has an 'any' type.
src/hooks/utilities/useStudentsRoute.ts(199,15): error TS7006: Parameter 'error' implicitly has an 'any' type.
src/hooks/utilities/useStudentsRoute.ts(205,17): error TS7006: Parameter 'student' implicitly has an 'any' type.
src/hooks/utilities/useStudentsRoute.ts(209,15): error TS7006: Parameter 'error' implicitly has an 'any' type.
src/hooks/utilities/useStudentsRoute.ts(219,15): error TS7006: Parameter 'error' implicitly has an 'any' type.
src/hooks/utilities/useStudentsRoute.ts(235,37): error TS7006: Parameter 'student' implicitly has an 'any' type.
src/hooks/utilities/useStudentsRoute.ts(246,34): error TS7006: Parameter 's' implicitly has an 'any' type.
src/hooks/utilities/useStudentsRoute.ts(249,34): error TS7006: Parameter 's' implicitly has an 'any' type.
src/hooks/utilities/useStudentsRoute.ts(252,34): error TS7006: Parameter 's' implicitly has an 'any' type.
src/hooks/utilities/useStudentsRoute.ts(257,34): error TS7006: Parameter 's' implicitly has an 'any' type.
src/hooks/utilities/useStudentsRoute.ts(262,22): error TS7006: Parameter 'a' implicitly has an 'any' type.
src/hooks/utilities/useStudentsRoute.ts(262,25): error TS7006: Parameter 'b' implicitly has an 'any' type.
src/hooks/utilities/useStudentsRouteEnhanced.ts(111,40): error TS7006: Parameter 'state' implicitly has an 'any' type.
src/hooks/utilities/useStudentsRouteEnhanced.ts(112,37): error TS7006: Parameter 'state' implicitly has an 'any' type.
src/hooks/utilities/useStudentsRouteEnhanced.ts(144,16): error TS7006: Parameter 'filters' implicitly has an 'any' type.
src/hooks/utilities/useStudentsRouteEnhanced.ts(218,17): error TS7006: Parameter 'student' implicitly has an 'any' type.
src/hooks/utilities/useStudentsRouteEnhanced.ts(225,15): error TS7006: Parameter 'error' implicitly has an 'any' type.
src/hooks/utilities/useStudentsRouteEnhanced.ts(231,17): error TS7006: Parameter 'student' implicitly has an 'any' type.
src/hooks/utilities/useStudentsRouteEnhanced.ts(236,15): error TS7006: Parameter 'error' implicitly has an 'any' type.
src/hooks/utilities/useStudentsRouteEnhanced.ts(242,17): error TS7006: Parameter 'student' implicitly has an 'any' type.
src/hooks/utilities/useStudentsRouteEnhanced.ts(252,15): error TS7006: Parameter 'error' implicitly has an 'any' type.
src/hooks/utilities/useStudentsRouteEnhanced.ts(258,17): error TS7006: Parameter 'student' implicitly has an 'any' type.
src/hooks/utilities/useStudentsRouteEnhanced.ts(265,15): error TS7006: Parameter 'error' implicitly has an 'any' type.
src/hooks/utilities/useStudentsRouteEnhanced.ts(271,17): error TS7006: Parameter 'student' implicitly has an 'any' type.
src/hooks/utilities/useStudentsRouteEnhanced.ts(276,15): error TS7006: Parameter 'error' implicitly has an 'any' type.
src/hooks/utilities/useStudentsRouteEnhanced.ts(282,17): error TS7006: Parameter 'student' implicitly has an 'any' type.
src/hooks/utilities/useStudentsRouteEnhanced.ts(287,15): error TS7006: Parameter 'error' implicitly has an 'any' type.
src/hooks/utilities/useStudentsRouteEnhanced.ts(310,37): error TS7006: Parameter 'student' implicitly has an 'any' type.
src/hooks/utilities/useStudentsRouteEnhanced.ts(331,22): error TS7006: Parameter 'a' implicitly has an 'any' type.
src/hooks/utilities/useStudentsRouteEnhanced.ts(331,25): error TS7006: Parameter 'b' implicitly has an 'any' type.
src/hooks/utilities/useStudentsRouteEnhanced.ts(406,18): error TS7006: Parameter 'prev' implicitly has an 'any' type.
src/hooks/utilities/useStudentsRouteEnhanced.ts(483,48): error TS7006: Parameter 's' implicitly has an 'any' type.
src/lib/performance/web-vitals.ts(174,22): error TS7006: Parameter 'metric' implicitly has an 'any' type.
src/lib/performance/web-vitals.ts(206,22): error TS7006: Parameter 'metric' implicitly has an 'any' type.
src/lib/query/hooks/useAppointments.ts(148,17): error TS7006: Parameter 'newAppointment' implicitly has an 'any' type.
src/lib/query/hooks/useAppointments.ts(148,33): error TS7006: Parameter 'variables' implicitly has an 'any' type.
src/lib/query/hooks/useAppointments.ts(148,44): error TS7006: Parameter 'context' implicitly has an 'any' type.
src/lib/query/hooks/useAppointments.ts(161,15): error TS7006: Parameter 'error' implicitly has an 'any' type.
src/lib/query/hooks/useAppointments.ts(161,22): error TS7006: Parameter 'variables' implicitly has an 'any' type.
src/lib/query/hooks/useAppointments.ts(161,33): error TS7006: Parameter 'context' implicitly has an 'any' type.
src/lib/query/hooks/useAppointments.ts(186,17): error TS7006: Parameter 'updatedAppointment' implicitly has an 'any' type.
src/lib/query/hooks/useAppointments.ts(186,37): error TS7006: Parameter 'variables' implicitly has an 'any' type.
src/lib/query/hooks/useAppointments.ts(186,48): error TS7006: Parameter 'context' implicitly has an 'any' type.
src/lib/query/hooks/useAppointments.ts(196,15): error TS7006: Parameter 'error' implicitly has an 'any' type.
src/lib/query/hooks/useAppointments.ts(196,22): error TS7006: Parameter 'variables' implicitly has an 'any' type.
src/lib/query/hooks/useAppointments.ts(196,33): error TS7006: Parameter 'context' implicitly has an 'any' type.
src/lib/query/hooks/useAppointments.ts(222,17): error TS7006: Parameter 'data' implicitly has an 'any' type.
src/lib/query/hooks/useAppointments.ts(222,23): error TS7006: Parameter 'id' implicitly has an 'any' type.
src/lib/query/hooks/useAppointments.ts(222,27): error TS7006: Parameter 'context' implicitly has an 'any' type.
src/lib/query/hooks/useAppointments.ts(229,15): error TS7006: Parameter 'error' implicitly has an 'any' type.
src/lib/query/hooks/useAppointments.ts(229,22): error TS7006: Parameter 'variables' implicitly has an 'any' type.
src/lib/query/hooks/useAppointments.ts(229,33): error TS7006: Parameter 'context' implicitly has an 'any' type.
src/lib/query/hooks/useMedications.ts(156,17): error TS7006: Parameter 'administration' implicitly has an 'any' type.
src/lib/query/hooks/useMedications.ts(156,33): error TS7006: Parameter 'variables' implicitly has an 'any' type.
src/lib/query/hooks/useMedications.ts(156,44): error TS7006: Parameter 'context' implicitly has an 'any' type.
src/lib/query/hooks/useMedications.ts(168,15): error TS7006: Parameter 'error' implicitly has an 'any' type.
src/lib/query/hooks/useMedications.ts(168,22): error TS7006: Parameter 'variables' implicitly has an 'any' type.
src/lib/query/hooks/useMedications.ts(168,33): error TS7006: Parameter 'context' implicitly has an 'any' type.
src/lib/query/hooks/useMedications.ts(193,17): error TS7006: Parameter 'newMedication' implicitly has an 'any' type.
src/lib/query/hooks/useMedications.ts(193,32): error TS7006: Parameter 'variables' implicitly has an 'any' type.
src/lib/query/hooks/useMedications.ts(193,43): error TS7006: Parameter 'context' implicitly has an 'any' type.
src/lib/query/hooks/useMedications.ts(203,15): error TS7006: Parameter 'error' implicitly has an 'any' type.
src/lib/query/hooks/useMedications.ts(203,22): error TS7006: Parameter 'variables' implicitly has an 'any' type.
src/lib/query/hooks/useMedications.ts(203,33): error TS7006: Parameter 'context' implicitly has an 'any' type.
src/lib/query/hooks/useMedications.ts(227,17): error TS7006: Parameter 'updatedMedication' implicitly has an 'any' type.
src/lib/query/hooks/useMedications.ts(227,36): error TS7006: Parameter 'variables' implicitly has an 'any' type.
src/lib/query/hooks/useMedications.ts(227,47): error TS7006: Parameter 'context' implicitly has an 'any' type.
src/lib/query/hooks/useMedications.ts(237,15): error TS7006: Parameter 'error' implicitly has an 'any' type.
src/lib/query/hooks/useMedications.ts(237,22): error TS7006: Parameter 'variables' implicitly has an 'any' type.
src/lib/query/hooks/useMedications.ts(237,33): error TS7006: Parameter 'context' implicitly has an 'any' type.
src/lib/query/hooks/useStudents.ts(151,17): error TS7006: Parameter 'newStudent' implicitly has an 'any' type.
src/lib/query/hooks/useStudents.ts(151,29): error TS7006: Parameter 'variables' implicitly has an 'any' type.
src/lib/query/hooks/useStudents.ts(151,40): error TS7006: Parameter 'context' implicitly has an 'any' type.
src/lib/query/hooks/useStudents.ts(166,15): error TS7006: Parameter 'error' implicitly has an 'any' type.
src/lib/query/hooks/useStudents.ts(166,22): error TS7006: Parameter 'variables' implicitly has an 'any' type.
src/lib/query/hooks/useStudents.ts(166,33): error TS7006: Parameter 'context' implicitly has an 'any' type.
src/lib/query/hooks/useStudents.ts(193,22): error TS7006: Parameter 'variables' implicitly has an 'any' type.
src/lib/query/hooks/useStudents.ts(214,15): error TS7006: Parameter 'error' implicitly has an 'any' type.
src/lib/query/hooks/useStudents.ts(214,22): error TS7006: Parameter 'variables' implicitly has an 'any' type.
src/lib/query/hooks/useStudents.ts(214,33): error TS7006: Parameter 'context' implicitly has an 'any' type.
src/lib/query/hooks/useStudents.ts(227,17): error TS7006: Parameter 'updatedStudent' implicitly has an 'any' type.
src/lib/query/hooks/useStudents.ts(227,33): error TS7006: Parameter 'variables' implicitly has an 'any' type.
src/lib/query/hooks/useStudents.ts(227,44): error TS7006: Parameter 'context' implicitly has an 'any' type.
src/lib/query/hooks/useStudents.ts(262,17): error TS7006: Parameter 'data' implicitly has an 'any' type.
src/lib/query/hooks/useStudents.ts(262,23): error TS7006: Parameter 'id' implicitly has an 'any' type.
src/lib/query/hooks/useStudents.ts(262,27): error TS7006: Parameter 'context' implicitly has an 'any' type.
src/lib/query/hooks/useStudents.ts(272,15): error TS7006: Parameter 'error' implicitly has an 'any' type.
src/lib/query/hooks/useStudents.ts(272,22): error TS7006: Parameter 'variables' implicitly has an 'any' type.
src/lib/query/hooks/useStudents.ts(272,33): error TS7006: Parameter 'context' implicitly has an 'any' type.
src/lib/react-query/serverQuery.ts(148,28): error TS7006: Parameter 'query' implicitly has an 'any' type.
src/lib/utils/sanitization.ts(261,35): error TS7006: Parameter 'item' implicitly has an 'any' type.
src/services/core/QueryHooksFactory.ts(357,31): error TS7006: Parameter 'data' implicitly has an 'any' type.
src/services/core/QueryHooksFactory.ts(358,19): error TS7006: Parameter 'data' implicitly has an 'any' type.
src/services/core/QueryHooksFactory.ts(358,25): error TS7006: Parameter 'variables' implicitly has an 'any' type.
src/services/core/QueryHooksFactory.ts(358,36): error TS7006: Parameter 'context' implicitly has an 'any' type.
src/services/core/QueryHooksFactory.ts(364,17): error TS7006: Parameter 'error' implicitly has an 'any' type.
src/services/core/QueryHooksFactory.ts(364,24): error TS7006: Parameter 'variables' implicitly has an 'any' type.
src/services/core/QueryHooksFactory.ts(364,35): error TS7006: Parameter 'context' implicitly has an 'any' type.
src/services/core/QueryHooksFactory.ts(391,31): error TS7006: Parameter 'variables' implicitly has an 'any' type.
src/services/core/QueryHooksFactory.ts(392,19): error TS7006: Parameter 'data' implicitly has an 'any' type.
src/services/core/QueryHooksFactory.ts(392,25): error TS7006: Parameter 'variables' implicitly has an 'any' type.
src/services/core/QueryHooksFactory.ts(392,36): error TS7006: Parameter 'context' implicitly has an 'any' type.
src/services/core/QueryHooksFactory.ts(402,17): error TS7006: Parameter 'error' implicitly has an 'any' type.
src/services/core/QueryHooksFactory.ts(402,24): error TS7006: Parameter 'variables' implicitly has an 'any' type.
src/services/core/QueryHooksFactory.ts(402,35): error TS7006: Parameter 'context' implicitly has an 'any' type.
src/services/core/QueryHooksFactory.ts(428,31): error TS7006: Parameter 'id' implicitly has an 'any' type.
src/services/core/QueryHooksFactory.ts(429,19): error TS7006: Parameter 'data' implicitly has an 'any' type.
src/services/core/QueryHooksFactory.ts(429,25): error TS7006: Parameter 'id' implicitly has an 'any' type.
src/services/core/QueryHooksFactory.ts(429,29): error TS7006: Parameter 'context' implicitly has an 'any' type.
src/services/core/QueryHooksFactory.ts(436,17): error TS7006: Parameter 'error' implicitly has an 'any' type.
src/services/core/QueryHooksFactory.ts(436,24): error TS7006: Parameter 'variables' implicitly has an 'any' type.
src/services/core/QueryHooksFactory.ts(436,35): error TS7006: Parameter 'context' implicitly has an 'any' type.
src/services/core/QueryHooksFactory.ts(455,19): error TS7006: Parameter 'data' implicitly has an 'any' type.
src/services/core/QueryHooksFactory.ts(455,25): error TS7006: Parameter 'variables' implicitly has an 'any' type.
src/services/core/QueryHooksFactory.ts(455,36): error TS7006: Parameter 'context' implicitly has an 'any' type.
src/services/core/QueryHooksFactory.ts(461,17): error TS7006: Parameter 'error' implicitly has an 'any' type.
src/services/core/QueryHooksFactory.ts(461,24): error TS7006: Parameter 'variables' implicitly has an 'any' type.
src/services/core/QueryHooksFactory.ts(461,35): error TS7006: Parameter 'context' implicitly has an 'any' type.
src/services/core/QueryHooksFactory.ts(480,19): error TS7006: Parameter 'data' implicitly has an 'any' type.
src/services/core/QueryHooksFactory.ts(480,25): error TS7006: Parameter 'ids' implicitly has an 'any' type.
src/services/core/QueryHooksFactory.ts(480,30): error TS7006: Parameter 'context' implicitly has an 'any' type.
src/services/core/QueryHooksFactory.ts(483,23): error TS7006: Parameter 'id' implicitly has an 'any' type.
src/services/core/QueryHooksFactory.ts(489,17): error TS7006: Parameter 'error' implicitly has an 'any' type.
src/services/core/QueryHooksFactory.ts(489,24): error TS7006: Parameter 'variables' implicitly has an 'any' type.
src/services/core/QueryHooksFactory.ts(489,35): error TS7006: Parameter 'context' implicitly has an 'any' type.
src/services/modules/contactsApi.ts(407,32): error TS7006: Parameter 'acc' implicitly has an 'any' type.
src/services/modules/contactsApi.ts(407,37): error TS7006: Parameter 'err' implicitly has an 'any' type.
src/services/modules/contactsApi.ts(438,32): error TS7006: Parameter 'acc' implicitly has an 'any' type.
src/services/modules/contactsApi.ts(438,37): error TS7006: Parameter 'err' implicitly has an 'any' type.
src/services/modules/documentsApi.ts(871,66): error TS7006: Parameter 'id' implicitly has an 'any' type.
src/services/modules/inventoryApi.ts(528,32): error TS7006: Parameter 'acc' implicitly has an 'any' type.
src/services/modules/inventoryApi.ts(528,37): error TS7006: Parameter 'err' implicitly has an 'any' type.
src/services/modules/inventoryApi.ts(629,32): error TS7006: Parameter 'acc' implicitly has an 'any' type.
src/services/modules/inventoryApi.ts(629,37): error TS7006: Parameter 'err' implicitly has an 'any' type.
src/services/modules/inventoryApi.ts(660,32): error TS7006: Parameter 'acc' implicitly has an 'any' type.
src/services/modules/inventoryApi.ts(660,37): error TS7006: Parameter 'err' implicitly has an 'any' type.
src/services/modules/inventoryApi.ts(902,32): error TS7006: Parameter 'acc' implicitly has an 'any' type.
src/services/modules/inventoryApi.ts(902,37): error TS7006: Parameter 'err' implicitly has an 'any' type.
src/services/modules/inventoryApi.ts(1040,32): error TS7006: Parameter 'acc' implicitly has an 'any' type.
src/services/modules/inventoryApi.ts(1040,37): error TS7006: Parameter 'err' implicitly has an 'any' type.
src/services/modules/medication/api/AdministrationApi.ts(320,32): error TS7006: Parameter 'acc' implicitly has an 'any' type.
src/services/modules/medication/api/AdministrationApi.ts(320,37): error TS7006: Parameter 'err' implicitly has an 'any' type.
src/services/modules/medication/api/MedicationFormularyApi.ts(409,32): error TS7006: Parameter 'acc' implicitly has an 'any' type.
src/services/modules/medication/api/MedicationFormularyApi.ts(409,37): error TS7006: Parameter 'err' implicitly has an 'any' type.
src/services/modules/medication/api/PrescriptionApi.ts(236,32): error TS7006: Parameter 'acc' implicitly has an 'any' type.
src/services/modules/medication/api/PrescriptionApi.ts(236,37): error TS7006: Parameter 'err' implicitly has an 'any' type.
src/services/modules/validation.ts(213,38): error TS7006: Parameter 'err' implicitly has an 'any' type.
src/services/modules/validation.ts(232,15): error TS7006: Parameter 'err' implicitly has an 'any' type.
src/services/modules/validation.ts(253,15): error TS7006: Parameter 'err' implicitly has an 'any' type.
src/services/modules/validation.ts(274,15): error TS7006: Parameter 'err' implicitly has an 'any' type.
src/services/modules/validation.ts(298,15): error TS7006: Parameter 'err' implicitly has an 'any' type.
src/services/modules/validation.ts(323,15): error TS7006: Parameter 'err' implicitly has an 'any' type.
