archive/middleware-variants/middleware.enhanced.ts(20,53): error TS2307: Cannot find module './lib/security/config' or its corresponding type declarations.
archive/middleware-variants/middleware.enhanced.ts(21,35): error TS2307: Cannot find module './lib/security/csrf' or its corresponding type declarations.
src/app/(dashboard)/billing/invoices/[id]/page.tsx(11,26): error TS2307: Cannot find module '@/hooks/use-toast' or its corresponding type declarations.
src/app/(dashboard)/billing/invoices/page.tsx(12,26): error TS2307: Cannot find module '@/hooks/use-toast' or its corresponding type declarations.
src/app/(dashboard)/billing/payments/page.tsx(13,26): error TS2307: Cannot find module '@/hooks/use-toast' or its corresponding type declarations.
src/app/(dashboard)/billing/reports/page.tsx(11,26): error TS2307: Cannot find module '@/hooks/use-toast' or its corresponding type declarations.
src/app/(dashboard)/budget/tracking/page.tsx(33,3): error TS2305: Module '"@/types/budget"' has no exported member 'BudgetVariance'.
src/app/(dashboard)/communications/_components/InboxContent.tsx(93,26): error TS2307: Cannot find module '@/hooks/use-toast' or its corresponding type declarations.
src/app/(dashboard)/communications/broadcasts/[id]/_components/BroadcastDetailContent.tsx(23,26): error TS2307: Cannot find module '@/hooks/use-toast' or its corresponding type declarations.
src/app/(dashboard)/communications/broadcasts/_components/BroadcastsContent.tsx(25,26): error TS2307: Cannot find module '@/hooks/use-toast' or its corresponding type declarations.
src/app/(dashboard)/communications/messages/[id]/_components/MessageDetailContent.tsx(25,26): error TS2307: Cannot find module '@/hooks/use-toast' or its corresponding type declarations.
src/app/(dashboard)/communications/notifications/_components/NotificationsContent.tsx(30,26): error TS2307: Cannot find module '@/hooks/use-toast' or its corresponding type declarations.
src/app/(dashboard)/communications/notifications/settings/_components/NotificationSettingsContent.tsx(22,26): error TS2307: Cannot find module '@/hooks/use-toast' or its corresponding type declarations.
src/app/(dashboard)/communications/templates/_components/TemplatesContent.tsx(29,26): error TS2307: Cannot find module '@/hooks/use-toast' or its corresponding type declarations.
src/app/(dashboard)/communications/templates/new/_components/NewTemplateContent.tsx(40,26): error TS2307: Cannot find module '@/hooks/use-toast' or its corresponding type declarations.
src/app/(dashboard)/incidents/[id]/edit/page.tsx(148,29): error TS2307: Cannot find module '@/actions/incidents.actions' or its corresponding type declarations.
src/app/(dashboard)/incidents/[id]/follow-up/page.tsx(109,37): error TS2307: Cannot find module '@/actions/incidents.actions' or its corresponding type declarations.
src/app/(dashboard)/incidents/[id]/page.tsx(132,29): error TS2307: Cannot find module '@/actions/incidents.actions' or its corresponding type declarations.
src/app/(dashboard)/incidents/analytics/page.tsx(8,38): error TS2307: Cannot find module '@/actions/incidents.actions' or its corresponding type declarations.
src/app/(dashboard)/incidents/behavioral/page.tsx(8,31): error TS2307: Cannot find module '@/actions/incidents.actions' or its corresponding type declarations.
src/app/(dashboard)/incidents/emergency/page.tsx(8,31): error TS2307: Cannot find module '@/actions/incidents.actions' or its corresponding type declarations.
src/app/(dashboard)/incidents/illness/page.tsx(8,31): error TS2307: Cannot find module '@/actions/incidents.actions' or its corresponding type declarations.
src/app/(dashboard)/incidents/injury/page.tsx(8,31): error TS2307: Cannot find module '@/actions/incidents.actions' or its corresponding type declarations.
src/app/(dashboard)/incidents/pending-review/page.tsx(8,31): error TS2307: Cannot find module '@/actions/incidents.actions' or its corresponding type declarations.
src/app/(dashboard)/incidents/requires-action/page.tsx(8,31): error TS2307: Cannot find module '@/actions/incidents.actions' or its corresponding type declarations.
src/app/(dashboard)/incidents/resolved/page.tsx(8,31): error TS2307: Cannot find module '@/actions/incidents.actions' or its corresponding type declarations.
src/app/(dashboard)/incidents/safety/page.tsx(8,31): error TS2307: Cannot find module '@/actions/incidents.actions' or its corresponding type declarations.
src/app/(dashboard)/incidents/trending/page.tsx(8,38): error TS2307: Cannot find module '@/actions/incidents.actions' or its corresponding type declarations.
src/app/(dashboard)/incidents/under-investigation/page.tsx(8,31): error TS2307: Cannot find module '@/actions/incidents.actions' or its corresponding type declarations.
src/app/(dashboard)/inventory/_components/InventoryDashboardContent.tsx(39,44): error TS2307: Cannot find module '@/actions/alerts.actions' or its corresponding type declarations.
src/app/(dashboard)/inventory/_components/InventoryDashboardContent.tsx(40,56): error TS2307: Cannot find module '@/actions/alerts.actions' or its corresponding type declarations.
src/app/(dashboard)/medications/page.tsx(68,26): error TS2307: Cannot find module '@/hooks/useToast' or its corresponding type declarations.
src/app/(dashboard)/reports/page.tsx(11,26): error TS2307: Cannot find module '@/hooks/use-toast' or its corresponding type declarations.
src/app/(dashboard)/students/[id]/edit/page.tsx(12,32): error TS2307: Cannot find module '../../actions' or its corresponding type declarations.
src/app/(dashboard)/students/[id]/page.tsx(12,32): error TS2307: Cannot find module '../actions' or its corresponding type declarations.
src/app/settings/actions.ts(35,3): error TS2305: Module '"@/schemas/settings.schemas"' has no exported member 'updateProfileSchema'.
src/app/settings/actions.ts(36,3): error TS2305: Module '"@/schemas/settings.schemas"' has no exported member 'changeEmailSchema'.
src/app/settings/actions.ts(37,3): error TS2305: Module '"@/schemas/settings.schemas"' has no exported member 'verifyEmailSchema'.
src/app/settings/actions.ts(38,3): error TS2305: Module '"@/schemas/settings.schemas"' has no exported member 'changePasswordSchema'.
src/app/settings/actions.ts(39,3): error TS2305: Module '"@/schemas/settings.schemas"' has no exported member 'setupMFASchema'.
src/app/settings/actions.ts(40,3): error TS2305: Module '"@/schemas/settings.schemas"' has no exported member 'updateNotificationPreferencesSchema'.
src/app/settings/actions.ts(41,3): error TS2305: Module '"@/schemas/settings.schemas"' has no exported member 'updatePrivacySettingsSchema'.
src/app/settings/actions.ts(42,3): error TS2305: Module '"@/schemas/settings.schemas"' has no exported member 'exportUserDataSchema'.
src/app/settings/actions.ts(43,8): error TS2305: Module '"@/schemas/settings.schemas"' has no exported member 'UpdateProfileInput'.
src/app/settings/actions.ts(44,8): error TS2305: Module '"@/schemas/settings.schemas"' has no exported member 'ChangePasswordInput'.
src/components/appointments/AppointmentCalendar.tsx(27,39): error TS2307: Cannot find module '@/actions/appointments.actions' or its corresponding type declarations.
src/components/appointments/SchedulingForm.tsx(18,54): error TS2307: Cannot find module '@/actions/appointments.actions' or its corresponding type declarations.
src/components/auth/PermissionGate.tsx(14,28): error TS2307: Cannot find module '@/hooks/usePermissions' or its corresponding type declarations.
src/components/communications/BroadcastForm.tsx(45,26): error TS2307: Cannot find module '@/hooks/use-toast' or its corresponding type declarations.
src/components/communications/BroadcastManager.tsx(48,8): error TS2307: Cannot find module '@/components/ui/dropdown-menu' or its corresponding type declarations.
src/components/communications/BroadcastManager.tsx(56,8): error TS2307: Cannot find module '@/components/ui/table' or its corresponding type declarations.
src/components/communications/BroadcastManager.tsx(60,33): error TS2305: Module '"@/lib/actions/communications.actions"' has no exported member 'deleteBroadcastAction'.
src/components/communications/MessageComposer.tsx(29,26): error TS2307: Cannot find module '@/hooks/use-toast' or its corresponding type declarations.
src/components/communications/MessageInbox.tsx(43,8): error TS2307: Cannot find module '@/components/ui/dropdown-menu' or its corresponding type declarations.
src/components/communications/MessageInbox.tsx(49,10): error TS2305: Module '"@/lib/actions/communications.actions"' has no exported member 'markAsReadAction'.
src/components/communications/MessageThread.tsx(35,8): error TS2307: Cannot find module '@/components/ui/dropdown-menu' or its corresponding type declarations.
src/components/communications/NotificationBell.tsx(21,8): error TS2307: Cannot find module '@/components/ui/dropdown-menu' or its corresponding type declarations.
src/components/compliance/AuditLogViewer.tsx(11,8): error TS2307: Cannot find module '@/components/ui/table' or its corresponding type declarations.
src/components/development/examples/StateSyncExample.tsx(29,15): error TS2305: Module '"@/stores/reduxStore"' has no exported member 'RootState'.
src/components/development/examples/StateSyncExample.tsx(37,10): error TS2305: Module '"@/stores/reduxStore"' has no exported member 'getStorageStats'.
src/components/documents/DocumentUploader.tsx(13,35): error TS2307: Cannot find module '@/hooks/documents' or its corresponding type declarations.
src/components/documents/DocumentUploader.tsx(14,15): error TS2305: Module '"@/types/documents"' has no exported member 'DocumentMetadata'.
src/components/features/dashboard/index.ts(39,29): error TS2307: Cannot find module '../../../pages/dashboard/components/StatsWidget' or its corresponding type declarations.
src/components/features/health-records/index.ts(30,10): error TS2305: Module '"./components/modals/AllergyModal"' has no exported member 'default'.
src/components/features/health-records/index.ts(31,10): error TS2305: Module '"./components/modals/CarePlanModal"' has no exported member 'default'.
src/components/features/health-records/index.ts(32,10): error TS2305: Module '"./components/modals/ConditionModal"' has no exported member 'default'.
src/components/features/health-records/index.ts(33,10): error TS2305: Module '"./components/modals/ConfirmationModal"' has no exported member 'default'.
src/components/features/health-records/index.ts(34,10): error TS2305: Module '"./components/modals/DetailsModal"' has no exported member 'default'.
src/components/features/health-records/index.ts(35,10): error TS2305: Module '"./components/modals/MeasurementModal"' has no exported member 'default'.
src/components/features/health-records/index.ts(36,10): error TS2305: Module '"./components/modals/VaccinationModal"' has no exported member 'default'.
src/components/features/inventory/components/InventoryAlerts.tsx(17,32): error TS2307: Cannot find module '@/pages/inventory/store/inventorySlice' or its corresponding type declarations.
src/components/incidents/FollowUpForm.tsx(19,38): error TS2307: Cannot find module '@/actions/incidents.actions' or its corresponding type declarations.
src/components/incidents/IncidentReportForm.tsx(33,48): error TS2307: Cannot find module '@/actions/incidents.actions' or its corresponding type declarations.
src/components/incidents/WitnessStatementForm.tsx(17,40): error TS2307: Cannot find module '@/actions/incidents.actions' or its corresponding type declarations.
src/components/medications/forms/AdministrationForm.tsx(28,37): error TS2307: Cannot find module '@/hooks/useStudentAllergies' or its corresponding type declarations.
src/components/medications/forms/AdministrationForm.tsx(29,33): error TS2307: Cannot find module '@/hooks/useStudentPhoto' or its corresponding type declarations.
src/components/medications/forms/MedicationForm.tsx(21,28): error TS2307: Cannot find module '@/components/ui/Inputs/DatePicker' or its corresponding type declarations.
src/components/realtime/ConnectionStatus.tsx(12,38): error TS2307: Cannot find module '@/hooks/useConnectionMonitor' or its corresponding type declarations.
src/components/realtime/OfflineQueueIndicator.tsx(14,33): error TS2307: Cannot find module '@/hooks/useOfflineQueue' or its corresponding type declarations.
src/components/ui/Badge.tsx(8,17): error TS2305: Module '"./display/Badge"' has no exported member 'default'.
src/components/ui/Checkbox.tsx(8,20): error TS2305: Module '"./inputs/Checkbox"' has no exported member 'default'.
src/components/ui/SearchInput.tsx(8,23): error TS2305: Module '"./inputs/SearchInput"' has no exported member 'default'.
src/components/ui/Switch.tsx(8,18): error TS2305: Module '"./inputs/Switch"' has no exported member 'default'.
src/components/ui/display/Avatar.tsx(13,20): error TS2307: Cannot find module '../../../utils/cn' or its corresponding type declarations.
src/components/ui/display/Badge.tsx(16,20): error TS2307: Cannot find module '../../../utils/cn' or its corresponding type declarations.
src/components/ui/feedback/Alert.tsx(16,20): error TS2307: Cannot find module '../../../utils/cn' or its corresponding type declarations.
src/components/ui/feedback/Progress.tsx(252,20): error TS2307: Cannot find module '../../../utils/cn' or its corresponding type declarations.
src/components/ui/inputs/Input.test.tsx(7,32): error TS2307: Cannot find module '@/test/utils/test-utils' or its corresponding type declarations.
src/components/ui/inputs/Radio.tsx(384,20): error TS2307: Cannot find module '../../../utils/cn' or its corresponding type declarations.
src/components/ui/inputs/Switch.tsx(339,20): error TS2307: Cannot find module '../../../utils/cn' or its corresponding type declarations.
src/components/ui/navigation/Breadcrumbs.tsx(29,34): error TS2307: Cannot find module '../../../routes/routeUtils' or its corresponding type declarations.
src/components/ui/navigation/Breadcrumbs.tsx(31,33): error TS2307: Cannot find module '../../../routes/routeUtils' or its corresponding type declarations.
src/components/ui/navigation/Tabs.tsx(17,20): error TS2307: Cannot find module '../../../utils/cn' or its corresponding type declarations.
src/components/ui/overlays/Modal.test.tsx(7,41): error TS2307: Cannot find module '@/test/utils/test-utils' or its corresponding type declarations.
src/components/ui/overlays/Modal.tsx(17,20): error TS2307: Cannot find module '../../../utils/cn' or its corresponding type declarations.
src/config/queryClient.ts(19,23): error TS2305: Module '"@tanstack/react-query"' has no exported member 'QueryCache'.
src/config/queryClient.ts(19,35): error TS2305: Module '"@tanstack/react-query"' has no exported member 'MutationCache'.
src/config/queryClient.ts(19,50): error TS2305: Module '"@tanstack/react-query"' has no exported member 'DefaultOptions'.
src/graphql/client/ApolloProvider.tsx(16,10): error TS2305: Module '"@apollo/client"' has no exported member 'ApolloProvider'.
src/graphql/client/apolloClient.ts(26,3): error TS2305: Module '"@apollo/client"' has no exported member 'NextLink'.
src/graphql/hooks/useContacts.ts(13,10): error TS2305: Module '"@apollo/client"' has no exported member 'useQuery'.
src/graphql/hooks/useContacts.ts(13,20): error TS2305: Module '"@apollo/client"' has no exported member 'useMutation'.
src/graphql/hooks/useContacts.ts(13,33): error TS2305: Module '"@apollo/client"' has no exported member 'ApolloError'.
src/graphql/hooks/useMedications.ts(12,10): error TS2305: Module '"@apollo/client"' has no exported member 'useQuery'.
src/graphql/hooks/useMedications.ts(12,20): error TS2305: Module '"@apollo/client"' has no exported member 'useMutation'.
src/graphql/hooks/useMedications.ts(12,33): error TS2305: Module '"@apollo/client"' has no exported member 'useSubscription'.
src/graphql/hooks/useMedications.ts(12,50): error TS2305: Module '"@apollo/client"' has no exported member 'ApolloError'.
src/graphql/hooks/useNotifications.ts(12,10): error TS2305: Module '"@apollo/client"' has no exported member 'useSubscription'.
src/graphql/hooks/useNotifications.ts(12,27): error TS2305: Module '"@apollo/client"' has no exported member 'ApolloError'.
src/graphql/hooks/useStudents.ts(12,10): error TS2305: Module '"@apollo/client"' has no exported member 'useQuery'.
src/graphql/hooks/useStudents.ts(12,20): error TS2305: Module '"@apollo/client"' has no exported member 'useMutation'.
src/graphql/hooks/useStudents.ts(12,33): error TS2305: Module '"@apollo/client"' has no exported member 'useSubscription'.
src/graphql/hooks/useStudents.ts(12,50): error TS2305: Module '"@apollo/client"' has no exported member 'ApolloError'.
src/graphql/utils/errorHandler.ts(10,10): error TS2305: Module '"@apollo/client"' has no exported member 'ApolloError'.
src/hooks/core/useConnectionMonitor.ts(38,8): error TS2307: Cannot find module '../services/offline/ConnectionMonitor' or its corresponding type declarations.
src/hooks/core/useOfflineQueue.ts(48,8): error TS2307: Cannot find module '../services/offline/OfflineQueueManager' or its corresponding type declarations.
src/hooks/core/useRouteState.ts(193,8): error TS2307: Cannot find module './utilities/useRouteState' or its corresponding type declarations.
src/hooks/core/useRouteState.ts(205,8): error TS2307: Cannot find module './utilities/useRouteState' or its corresponding type declarations.
src/hooks/core/useWebSocket.ts(41,8): error TS2307: Cannot find module '../services/websocket/WebSocketService' or its corresponding type declarations.
src/hooks/core/useWebSocket.ts(42,36): error TS2307: Cannot find module '../services/security/SecureTokenManager' or its corresponding type declarations.
src/hooks/domains/budgets/queries/useBudgetQueries.ts(34,20): error TS2305: Module '"@tanstack/react-query"' has no exported member 'useInfiniteQuery'.
src/hooks/domains/communication/useMessages.ts(8,10): error TS2305: Module '"@tanstack/react-query"' has no exported member 'useInfiniteQuery'.
src/hooks/domains/documents/composites/useSignatureWorkflow.ts(13,3): error TS2305: Module '"@/types/documents"' has no exported member 'SignatureWorkflow'.
src/hooks/domains/documents/composites/useSignatureWorkflow.ts(14,3): error TS2305: Module '"@/types/documents"' has no exported member 'Signature'.
src/hooks/domains/documents/composites/useSignatureWorkflow.ts(15,3): error TS2305: Module '"@/types/documents"' has no exported member 'SignatureStatus'.
src/hooks/domains/documents/composites/useSignatureWorkflow.ts(16,3): error TS2305: Module '"@/types/documents"' has no exported member 'WorkflowStatus'.
src/hooks/domains/documents/mutations/useDocumentUpload.ts(13,41): error TS2305: Module '"@/types/documents"' has no exported member 'DocumentMetadata'.
src/hooks/domains/documents/mutations/useDocumentUpload.ts(14,31): error TS2307: Cannot find module './useDocuments' or its corresponding type declarations.
src/hooks/domains/documents/queries/useDocuments.ts(14,3): error TS2305: Module '"@/types/documents"' has no exported member 'DocumentListResponse'.
src/hooks/domains/health/queries/useHealthQueries.ts(6,20): error TS2305: Module '"@tanstack/react-query"' has no exported member 'useInfiniteQuery'.
src/hooks/domains/incidents/mutations/useOptimisticIncidents.ts(16,8): error TS2307: Cannot find module './domains/incidents/mutations/useOptimisticIncidents' or its corresponding type declarations.
src/hooks/domains/medications/mutations/useOptimisticMedications.ts(20,8): error TS2307: Cannot find module './domains/medications/mutations/useOptimisticMedications' or its corresponding type declarations.
src/hooks/domains/medications/queries/useMedicationFormulary.ts(29,3): error TS2305: Module '"../api"' has no exported member 'FormularyFilters'.
src/hooks/domains/medications/queries/useMedicationFormulary.ts(30,3): error TS2305: Module '"../api"' has no exported member 'DrugInteraction'.
src/hooks/domains/medications/queries/useMedicationFormulary.ts(31,3): error TS2305: Module '"../api"' has no exported member 'DrugMonograph'.
src/hooks/domains/medications/queries/useMedicationFormulary.ts(32,3): error TS2305: Module '"../api"' has no exported member 'BarcodeResult'.
src/hooks/domains/medications/queries/useMedicationFormulary.ts(33,3): error TS2305: Module '"../api"' has no exported member 'LASAMedication'.
src/hooks/domains/medications/queries/useMedicationsData.ts(17,3): error TS2305: Module '"../types/api"' has no exported member 'Medication'.
src/hooks/domains/medications/queries/useMedicationsData.ts(18,3): error TS2305: Module '"../types/api"' has no exported member 'MedicationInventory'.
src/hooks/domains/medications/queries/useMedicationsData.ts(19,3): error TS2305: Module '"../types/api"' has no exported member 'MedicationReminder'.
src/hooks/domains/medications/queries/useMedicationsData.ts(20,3): error TS2305: Module '"../types/api"' has no exported member 'AdverseReaction'.
src/hooks/domains/medications/queries/useMedicationsData.ts(23,3): error TS2305: Module '"../types/api"' has no exported member 'AdverseReactionFormData'.
src/hooks/domains/medications/queries/useMedicationsData.ts(24,3): error TS2305: Module '"../types/api"' has no exported member 'MedicationAlert'.
src/hooks/domains/students/mutations/useOptimisticStudents.ts(20,8): error TS2307: Cannot find module './domains/students/mutations/useOptimisticStudents' or its corresponding type declarations.
src/hooks/domains/students/mutations/useOptimisticStudents.ts(23,50): error TS2307: Cannot find module './domains/students/mutations/useOptimisticStudents' or its corresponding type declarations.
src/hooks/domains/students/queries/coreQueries.ts(14,3): error TS2305: Module '"@tanstack/react-query"' has no exported member 'useInfiniteQuery'.
src/hooks/domains/students/queries/coreQueries.ts(17,8): error TS2305: Module '"@tanstack/react-query"' has no exported member 'UseInfiniteQueryResult'.
src/hooks/domains/vendors/queries/useVendorQueries.ts(35,20): error TS2305: Module '"@tanstack/react-query"' has no exported member 'useInfiniteQuery'.
src/hooks/legacy/advancedApiIntegration.ts(58,8): error TS2307: Cannot find module '../../stores/shared/api/advancedApiIntegration' or its corresponding type declarations.
src/hooks/legacy/analyticsEngine.ts(226,8): error TS2307: Cannot find module '../../stores/domains/administration/analytics/analyticsEngine' or its corresponding type declarations.
src/hooks/legacy/crossDomainOrchestration.ts(204,8): error TS2307: Cannot find module '../../stores/shared/orchestration/crossDomainOrchestration' or its corresponding type declarations.
src/hooks/legacy/documents-index.ts(8,15): error TS2307: Cannot find module './useDocuments' or its corresponding type declarations.
src/hooks/legacy/documents-index.ts(9,15): error TS2307: Cannot find module './useDocumentUpload' or its corresponding type declarations.
src/hooks/legacy/documents-index.ts(10,15): error TS2307: Cannot find module './useSignatureWorkflow' or its corresponding type declarations.
src/hooks/legacy/enterpriseFeatures.ts(253,8): error TS2307: Cannot find module '../../stores/shared/enterprise/enterpriseFeatures' or its corresponding type declarations.
src/hooks/reduxStore.ts(10,3): error TS2305: Module '"../stores/reduxStore"' has no exported member 'store'.
src/hooks/reduxStore.ts(11,8): error TS2305: Module '"../stores/reduxStore"' has no exported member 'RootState'.
src/hooks/reduxStore.ts(12,8): error TS2305: Module '"../stores/reduxStore"' has no exported member 'AppDispatch'.
src/hooks/reduxStore.ts(13,3): error TS2305: Module '"../stores/reduxStore"' has no exported member 'isValidRootState'.
src/hooks/reduxStore.ts(15,3): error TS2305: Module '"../stores/reduxStore"' has no exported member 'getStorageStats'.
src/hooks/reduxStore.ts(19,10): error TS2305: Module '"../stores/reduxStore"' has no exported member 'store'.
src/hooks/shared/advancedHooks.ts(30,8): error TS2307: Cannot find module '../analytics/analyticsEngine' or its corresponding type declarations.
src/hooks/shared/advancedHooks.ts(38,8): error TS2307: Cannot find module '../enterprise/enterpriseFeatures' or its corresponding type declarations.
src/hooks/shared/advancedHooks.ts(43,8): error TS2307: Cannot find module '../orchestration/crossDomainOrchestration' or its corresponding type declarations.
src/hooks/shared/advancedHooks.ts(57,8): error TS2307: Cannot find module '../api/advancedApiIntegration' or its corresponding type declarations.
src/hooks/shared/allDomainHooks.ts(23,8): error TS2307: Cannot find module '../slices/usersSlice' or its corresponding type declarations.
src/hooks/shared/allDomainHooks.ts(35,8): error TS2307: Cannot find module '../slices/studentsSlice' or its corresponding type declarations.
src/hooks/shared/allDomainHooks.ts(44,8): error TS2307: Cannot find module '../slices/healthRecordsSlice' or its corresponding type declarations.
src/hooks/shared/allDomainHooks.ts(53,8): error TS2307: Cannot find module '../slices/medicationsSlice' or its corresponding type declarations.
src/hooks/shared/allDomainHooks.ts(62,8): error TS2307: Cannot find module '../slices/appointmentsSlice' or its corresponding type declarations.
src/hooks/shared/allDomainHooks.ts(70,8): error TS2307: Cannot find module '../slices/emergencyContactsSlice' or its corresponding type declarations.
src/hooks/shared/allDomainHooks.ts(78,8): error TS2307: Cannot find module '../slices/documentsSlice' or its corresponding type declarations.
src/hooks/shared/allDomainHooks.ts(86,8): error TS2307: Cannot find module '../slices/communicationSlice' or its corresponding type declarations.
src/hooks/shared/allDomainHooks.ts(94,8): error TS2307: Cannot find module '../slices/inventorySlice' or its corresponding type declarations.
src/hooks/shared/allDomainHooks.ts(102,8): error TS2307: Cannot find module '../slices/reportsSlice' or its corresponding type declarations.
src/hooks/shared/allDomainHooks.ts(108,8): error TS2307: Cannot find module '../slices/settingsSlice' or its corresponding type declarations.
src/hooks/shared/allDomainHooks.ts(115,8): error TS2307: Cannot find module '../slices/districtsSlice' or its corresponding type declarations.
src/hooks/shared/allDomainHooks.ts(123,8): error TS2307: Cannot find module '../slices/schoolsSlice' or its corresponding type declarations.
src/hooks/shared/domainHooks.ts(12,87): error TS2307: Cannot find module '../slices/authSlice' or its corresponding type declarations.
src/hooks/shared/domainHooks.ts(35,8): error TS2307: Cannot find module '../slices/incidentReportsSlice' or its corresponding type declarations.
src/hooks/shared/reduxHooks.ts(3,87): error TS2307: Cannot find module '../slices/authSlice' or its corresponding type declarations.
src/hooks/shared/reduxHooks.ts(26,8): error TS2307: Cannot find module '../slices/incidentReportsSlice' or its corresponding type declarations.
src/hooks/shared/store-hooks-index.ts(17,27): error TS2305: Module '"../types/entityTypes"' has no exported member 'StandardEntityState'.
src/hooks/shared/store-hooks-index.ts(17,48): error TS2305: Module '"../types/entityTypes"' has no exported member 'LoadingState'.
src/hooks/shared/useAudit.ts(46,10): error TS2305: Module '"../../stores/reduxStore"' has no exported member 'RootState'.
src/hooks/ui/useMedicationToast.ts(5,15): error TS2307: Cannot find module './domains/medications/mutations/useMedicationToast' or its corresponding type declarations.
src/hooks/utilities/AuthContext.enhanced.tsx(16,25): error TS2307: Cannot find module '../services/modules/authApi' or its corresponding type declarations.
src/hooks/utilities/AuthContext.enhanced.tsx(19,36): error TS2307: Cannot find module '../services/security/SecureTokenManager' or its corresponding type declarations.
src/hooks/utilities/AuthContext.enhanced.tsx(20,32): error TS2307: Cannot find module '../services/security/CsrfProtection' or its corresponding type declarations.
src/hooks/utilities/AuthContext.enhanced.tsx(21,75): error TS2307: Cannot find module '../services/audit/AuditService' or its corresponding type declarations.
src/hooks/utilities/AuthContext.enhanced.tsx(22,31): error TS2307: Cannot find module '../config/queryClient' or its corresponding type declarations.
src/hooks/utilities/legacy-contextMigration.tsx(10,45): error TS2307: Cannot find module '../../reduxStore' or its corresponding type declarations.
src/hooks/utilities/studentUtils.ts(15,8): error TS2305: Module '"@tanstack/react-query"' has no exported member 'InfiniteData'.
src/hooks/utilities/useCommunicationOptions.ts(23,29): error TS2307: Cannot find module '../services/config/apiConfig' or its corresponding type declarations.
src/hooks/utilities/useMedicationsRoute.ts(27,26): error TS2307: Cannot find module '@/hooks/useToast' or its corresponding type declarations.
src/hooks/utilities/useOfflineQueue.ts(27,10): error TS2305: Module '"../api"' has no exported member 'administrationApi'.
src/hooks/utilities/useOfflineQueue.ts(28,15): error TS2305: Module '"../api"' has no exported member 'AdministrationRecord'.
src/hooks/utilities/useOfflineQueue.ts(28,37): error TS2305: Module '"../api"' has no exported member 'AdministrationLog'.
src/hooks/utilities/useReminderManagement.ts(14,32): error TS2307: Cannot find module '../services/api' or its corresponding type declarations.
src/hooks/utilities/useStudentsRoute.ts(23,8): error TS2307: Cannot find module '@/hooks/useOptimisticStudents' or its corresponding type declarations.
src/hooks/utilities/useStudentsRoute.ts(24,31): error TS2307: Cannot find module '@/hooks/useRouteState' or its corresponding type declarations.
src/hooks/utilities/useStudentsRoute.ts(25,26): error TS2307: Cannot find module '@/hooks/useToast' or its corresponding type declarations.
src/hooks/utilities/useStudentsRoute.ts(33,3): error TS2305: Module '"@/types/student.types"' has no exported member 'StudentSortColumn'.
src/hooks/utilities/useStudentsRouteEnhanced.ts(27,8): error TS2307: Cannot find module '@/stores' or its corresponding type declarations.
src/hooks/utilities/useStudentsRouteEnhanced.ts(36,8): error TS2307: Cannot find module '@/hooks/useOptimisticStudents' or its corresponding type declarations.
src/hooks/utilities/useStudentsRouteEnhanced.ts(37,65): error TS2307: Cannot find module '@/hooks/useRouteState' or its corresponding type declarations.
src/hooks/utilities/useStudentsRouteEnhanced.ts(38,26): error TS2307: Cannot find module '@/hooks/useToast' or its corresponding type declarations.
src/hooks/utilities/useSystemHealth.ts(21,35): error TS2307: Cannot find module '../../api' or its corresponding type declarations.
src/lib/actions/communications.actions.ts(59,32): error TS2307: Cannot find module '@/types/actions' or its corresponding type declarations.
src/lib/messaging/socketSync.ts(16,29): error TS2307: Cannot find module '@/hooks/queries/useMessages' or its corresponding type declarations.
src/lib/messaging/socketSync.ts(17,34): error TS2307: Cannot find module '@/hooks/queries/useConversations' or its corresponding type declarations.
src/lib/react-query/QueryProvider.tsx(37,31): error TS2305: Module '"@tanstack/react-query"' has no exported member 'HydrationBoundary'.
src/lib/react-query/index.ts(36,3): error TS2305: Module '"@tanstack/react-query"' has no exported member 'useIsFetching'.
src/lib/react-query/index.ts(38,3): error TS2305: Module '"@tanstack/react-query"' has no exported member 'useSuspenseQuery'.
src/lib/react-query/index.ts(39,3): error TS2305: Module '"@tanstack/react-query"' has no exported member 'useInfiniteQuery'.
src/lib/react-query/index.ts(40,3): error TS2305: Module '"@tanstack/react-query"' has no exported member 'useSuspenseInfiniteQuery'.
src/lib/react-query/serverQuery.ts(33,23): error TS2305: Module '"@tanstack/react-query"' has no exported member 'dehydrate'.
src/lib/react-query/serverQuery.ts(33,34): error TS2305: Module '"@tanstack/react-query"' has no exported member 'DehydratedState'.
src/lib/server-actions/cache-actions.ts(11,28): error TS2307: Cannot find module '../cache-invalidation' or its corresponding type declarations.
src/monitoring/performance.ts(7,24): error TS2305: Module '"web-vitals"' has no exported member 'onFID'.
src/schemas/documents.ts(15,3): error TS2305: Module '"@/types/documents"' has no exported member 'TemplateFieldType'.
src/schemas/documents.ts(16,3): error TS2305: Module '"@/types/documents"' has no exported member 'TemplateStatus'.
src/services/audit/__tests__/AuditService.test.ts(9,83): error TS2307: Cannot find module '@/__tests__/utils/testHelpers' or its corresponding type declarations.
src/services/audit/__tests__/useAudit.test.tsx(10,26): error TS2307: Cannot find module '../useAudit' or its corresponding type declarations.
src/services/audit/__tests__/useAudit.test.tsx(14,32): error TS2307: Cannot find module '@/__tests__/utils/testHelpers' or its corresponding type declarations.
src/services/core/__tests__/ApiClient.test.ts(8,24): error TS2307: Cannot find module '@/test/mocks/server' or its corresponding type declarations.
src/services/documents/index.ts(14,25): error TS2305: Module '"@/types/documents"' has no exported member 'DocumentMetadata'.
src/services/documents/index.ts(14,43): error TS2305: Module '"@/types/documents"' has no exported member 'FileMetadata'.
src/services/documents/uploadService.ts(8,26): error TS2305: Module '"@/types/documents"' has no exported member 'ChunkedUploadSession'.
src/services/modules/__tests__/authApi.test.ts(8,24): error TS2307: Cannot find module '@/test/mocks/server' or its corresponding type declarations.
src/services/modules/__tests__/studentsApi.test.ts(8,24): error TS2307: Cannot find module '@/test/mocks/server' or its corresponding type declarations.
src/services/modules/communicationApi.ts(68,15): error TS2305: Module '"../types"' has no exported member 'ICommunicationApi'.
src/services/modules/complianceApi.ts(105,15): error TS2305: Module '"../types"' has no exported member 'IComplianceApi'.
src/services/modules/complianceApi.ts(107,3): error TS2305: Module '"../types"' has no exported member 'ComplianceReport'.
src/services/modules/complianceApi.ts(108,3): error TS2305: Module '"../types"' has no exported member 'ChecklistItem'.
src/services/modules/complianceApi.ts(109,3): error TS2305: Module '"../types"' has no exported member 'ConsentForm'.
src/services/modules/complianceApi.ts(110,3): error TS2305: Module '"../types"' has no exported member 'PolicyDocument'.
src/services/modules/incidentsApi.ts(18,15): error TS2305: Module '"../types"' has no exported member 'IIncidentsApi'.
src/services/modules/incidentsApi.ts(23,3): error TS2305: Module '"../types"' has no exported member 'CreateIncidentReportRequest'.
src/services/modules/incidentsApi.ts(24,3): error TS2305: Module '"../types"' has no exported member 'UpdateIncidentReportRequest'.
src/services/modules/incidentsApi.ts(26,3): error TS2305: Module '"../types"' has no exported member 'CreateWitnessStatementRequest'.
src/services/modules/incidentsApi.ts(27,3): error TS2305: Module '"../types"' has no exported member 'UpdateWitnessStatementRequest'.
src/services/modules/incidentsApi.ts(28,3): error TS2305: Module '"../types"' has no exported member 'CreateFollowUpActionRequest'.
src/services/modules/incidentsApi.ts(29,3): error TS2305: Module '"../types"' has no exported member 'UpdateFollowUpActionRequest'.
src/services/modules/incidentsApi.ts(30,3): error TS2305: Module '"../types"' has no exported member 'MarkParentNotifiedRequest'.
src/services/modules/incidentsApi.ts(31,3): error TS2305: Module '"../types"' has no exported member 'AddFollowUpNotesRequest'.
src/services/modules/incidentsApi.ts(32,3): error TS2305: Module '"../types"' has no exported member 'NotifyParentRequest'.
src/services/modules/incidentsApi.ts(33,3): error TS2305: Module '"../types"' has no exported member 'AddEvidenceRequest'.
src/services/modules/incidentsApi.ts(34,3): error TS2305: Module '"../types"' has no exported member 'UpdateInsuranceClaimRequest'.
src/services/modules/incidentsApi.ts(35,3): error TS2305: Module '"../types"' has no exported member 'UpdateComplianceStatusRequest'.
src/services/modules/incidentsApi.ts(36,3): error TS2305: Module '"../types"' has no exported member 'IncidentStatisticsFilters'.
src/services/modules/incidentsApi.ts(41,3): error TS2305: Module '"../types"' has no exported member 'WitnessStatementListResponse'.
src/services/modules/incidentsApi.ts(43,3): error TS2305: Module '"../types"' has no exported member 'FollowUpActionListResponse'.
src/services/modules/incidentsApi.ts(44,3): error TS2305: Module '"../types"' has no exported member 'IncidentStatistics'.
src/services/modules/incidentsApi.ts(45,3): error TS2305: Module '"../types"' has no exported member 'IncidentReportDocument'.
src/services/modules/incidentsApi.ts(46,3): error TS2305: Module '"../types"' has no exported member 'InsuranceSubmissionResponse'.
src/services/modules/incidentsApi.ts(47,3): error TS2305: Module '"../types"' has no exported member 'InsuranceSubmissionsResponse'.
src/services/modules/incidentsApi.ts(48,3): error TS2305: Module '"../types"' has no exported member 'ActionStatus'.
src/services/modules/incidentsApi.ts(51,3): error TS2305: Module '"../types"' has no exported member 'CommentResponse'.
src/services/modules/incidentsApi.ts(52,3): error TS2305: Module '"../types"' has no exported member 'CommentListResponse'.
src/services/modules/reportsApi.ts(131,3): error TS2305: Module '"../../types"' has no exported member 'ReportData'.
src/services/modules/reportsApi.ts(134,3): error TS2305: Module '"../../types"' has no exported member 'IncidentStatisticsReport'.
src/services/modules/reportsApi.ts(135,3): error TS2305: Module '"../../types"' has no exported member 'AttendanceCorrelationReport'.
src/services/modules/reportsApi.ts(136,3): error TS2305: Module '"../../types"' has no exported member 'ComplianceReport'.
src/services/modules/reportsApi.ts(137,3): error TS2305: Module '"../../types"' has no exported member 'DashboardMetrics'.
src/services/modules/reportsApi.ts(138,3): error TS2305: Module '"../../types"' has no exported member 'DashboardData'.
src/services/modules/reportsApi.ts(140,3): error TS2305: Module '"../../types"' has no exported member 'ReportType'.
src/services/modules/reportsApi.ts(141,3): error TS2305: Module '"../../types"' has no exported member 'ReportFormat'.
src/services/modules/reportsApi.ts(143,3): error TS2305: Module '"../../types"' has no exported member 'ExportRequest'.
src/services/modules/reportsApi.ts(144,3): error TS2305: Module '"../../types"' has no exported member 'ReportTemplate'.
src/services/modules/reportsApi.ts(145,3): error TS2305: Module '"../../types"' has no exported member 'ScheduledReport'.
src/services/modules/reportsApi.ts(146,3): error TS2305: Module '"../../types"' has no exported member 'ReportHistory'.
src/services/modules/reportsApi.ts(151,3): error TS2305: Module '"../../types"' has no exported member 'ReportFilters'.
src/services/modules/reportsApi.ts(154,3): error TS2305: Module '"../../types"' has no exported member 'IncidentStatistics'.
src/services/modules/reportsApi.ts(155,3): error TS2305: Module '"../../types"' has no exported member 'AttendanceCorrelationData'.
src/services/modules/reportsApi.ts(157,3): error TS2305: Module '"../../types"' has no exported member 'DashboardData'.
src/services/modules/types.ts(14,3): error TS2305: Module '"../../types/reports"' has no exported member 'HealthMetrics'.
src/services/modules/types.ts(15,3): error TS2305: Module '"../../types/reports"' has no exported member 'HealthTrends'.
src/services/modules/types.ts(16,3): error TS2305: Module '"../../types/reports"' has no exported member 'IncidentTrends'.
src/services/modules/types.ts(17,3): error TS2305: Module '"../../types/reports"' has no exported member 'IncidentLocationData'.
src/services/modules/types.ts(19,3): error TS2305: Module '"../../types/reports"' has no exported member 'MedicationAdherence'.
src/services/modules/types.ts(20,3): error TS2305: Module '"../../types/reports"' has no exported member 'AppointmentTrends'.
src/services/modules/types.ts(21,3): error TS2305: Module '"../../types/reports"' has no exported member 'NoShowRate'.
src/services/modules/types.ts(22,3): error TS2305: Module '"../../types/reports"' has no exported member 'AnalyticsSummary'.
src/services/modules/types.ts(25,3): error TS2305: Module '"../../types/reports"' has no exported member 'NurseDashboard'.
src/services/modules/types.ts(26,3): error TS2305: Module '"../../types/reports"' has no exported member 'AdminDashboard'.
src/services/modules/types.ts(27,3): error TS2305: Module '"../../types/reports"' has no exported member 'SchoolDashboard'.
src/services/modules/types.ts(31,3): error TS2305: Module '"../../types/reports"' has no exported member 'CustomReport'.
src/services/modules/types.ts(34,3): error TS2305: Module '"../../types/reports"' has no exported member 'ReportListResponse'.
src/services/modules/types.ts(35,3): error TS2305: Module '"../../types/reports"' has no exported member 'ReportSchedule'.
src/services/modules/types.ts(36,3): error TS2305: Module '"../../types/reports"' has no exported member 'CreateReportScheduleRequest'.
src/services/modules/types.ts(39,3): error TS2305: Module '"../../types/reports"' has no exported member 'AnalyticsQueryParams'.
src/services/modules/types.ts(40,3): error TS2305: Module '"../../types/reports"' has no exported member 'PaginationParams'.
src/services/modules/types.ts(44,3): error TS2305: Module '"../../types/reports"' has no exported member 'ChartConfiguration'.
src/services/modules/types.ts(48,3): error TS2305: Module '"../../types/reports"' has no exported member 'DateGrouping'.
src/services/modules/types.ts(49,3): error TS2305: Module '"../../types/reports"' has no exported member 'ComparisonPeriod'.
src/services/monitoring/ErrorTracker.ts(158,47): error TS2307: Cannot find module '@sentry/tracing' or its corresponding type declarations.
src/services/resilience/__tests__/CircuitBreaker.test.ts(9,38): error TS2307: Cannot find module '@/__tests__/utils/testHelpers' or its corresponding type declarations.
src/services/security/__tests__/CsrfProtection.test.ts(14,8): error TS2307: Cannot find module '@/__tests__/utils/testHelpers' or its corresponding type declarations.
src/services/security/__tests__/SecureTokenManager.test.ts(14,8): error TS2307: Cannot find module '@/__tests__/utils/testHelpers' or its corresponding type declarations.
src/stores/slices/slices/authSlice.ts(5,15): error TS2307: Cannot find module '../../stores/slices/authSlice' or its corresponding type declarations.
src/stores/slices/slices/communicationSlice.ts(5,15): error TS2307: Cannot find module '../../stores/slices/communicationSlice' or its corresponding type declarations.
src/utils/medications.ts(20,8): error TS2307: Cannot find module '../constants/medications' or its corresponding type declarations.
src/utils/sanitization.ts(14,10): error TS2305: Module '"../constants/config"' has no exported member 'VALIDATION_CONFIG'.
tests/utils/test-utils.tsx(20,26): error TS2305: Module '"@reduxjs/toolkit"' has no exported member 'PreloadedState'.
