src/app/(auth)/login/page.tsx(389,28): error TS7006: Parameter 'e' implicitly has an 'any' type.
src/app/(auth)/login/page.tsx(410,28): error TS7006: Parameter 'e' implicitly has an 'any' type.
src/app/(auth)/login/page.tsx(446,28): error TS7006: Parameter 'e' implicitly has an 'any' type.
src/app/(dashboard)/analytics/appointment-analytics/page.tsx(210,27): error TS7031: Binding element 'percent' implicitly has an 'any' type.
src/app/(dashboard)/analytics/custom-reports/page.tsx(147,20): error TS2345: Argument of type '{}' is not assignable to parameter of type 'any[] | ((prev: any[]) => any[])'.
src/app/(dashboard)/analytics/error.tsx(82,7): error TS2322: Type 'Element' is not assignable to type 'ReactNode'.
src/app/(dashboard)/analytics/export/page.tsx(262,28): error TS7006: Parameter 'e' implicitly has an 'any' type.
src/app/(dashboard)/analytics/export/page.tsx(271,28): error TS7006: Parameter 'e' implicitly has an 'any' type.
src/app/(dashboard)/analytics/export/page.tsx(320,9): error TS2322: Type '{ id: number; studentName: string; date: string; metricType: string; value: string; }[] | { id: number; studentName: string; medication: string; date: string; status: string; }[]' is not assignable to type '{ id: number; studentName: string; date: string; metricType: string; value: string; }[]'.
src/app/(dashboard)/analytics/health-metrics/page.tsx(228,28): error TS7006: Parameter 'e' implicitly has an 'any' type.
src/app/(dashboard)/analytics/health-metrics/page.tsx(237,28): error TS7006: Parameter 'e' implicitly has an 'any' type.
src/app/(dashboard)/analytics/inventory-analytics/page.tsx(236,27): error TS7031: Binding element 'percent' implicitly has an 'any' type.
src/app/(dashboard)/analytics/medication-compliance/page.tsx(206,28): error TS7006: Parameter 'e' implicitly has an 'any' type.
src/app/(dashboard)/analytics/medication-compliance/page.tsx(215,28): error TS7006: Parameter 'e' implicitly has an 'any' type.
src/app/(dashboard)/appointments/calendar/page.tsx(56,10): error TS2305: Module '"react"' has no exported member 'Suspense'.
src/app/(dashboard)/appointments/calendar/page.tsx(58,10): error TS2614: Module '"@/components/appointments/AppointmentCalendar"' has no exported member 'AppointmentCalendar'. Did you mean to use 'import AppointmentCalendar from "@/components/appointments/AppointmentCalendar"' instead?
src/app/(dashboard)/appointments/calendar/page.tsx(166,25): error TS2554: Expected 1 arguments, but got 0.
src/app/(dashboard)/appointments/calendar/page.tsx(167,17): error TS2339: Property 'user' does not exist on type 'AuthenticatedUser'.
src/app/(dashboard)/appointments/calendar/page.tsx(231,5): error TS2353: Object literal may only specify known properties, and 'startDate' does not exist in type '{ studentId?: string | undefined; status?: string | undefined; dateFrom?: string | undefined; dateTo?: string | undefined; page?: number | undefined; limit?: number | undefined; }'.
src/app/(dashboard)/appointments/error.tsx(85,7): error TS2322: Type 'Element' is not assignable to type 'ReactNode'.
src/app/(dashboard)/appointments/list/page.tsx(59,10): error TS2305: Module '"react"' has no exported member 'Suspense'.
src/app/(dashboard)/appointments/list/page.tsx(188,25): error TS2554: Expected 1 arguments, but got 0.
src/app/(dashboard)/appointments/list/page.tsx(189,17): error TS2339: Property 'user' does not exist on type 'AuthenticatedUser'.
src/app/(dashboard)/appointments/list/page.tsx(247,5): error TS2353: Object literal may only specify known properties, and 'offset' does not exist in type '{ studentId?: string | undefined; status?: string | undefined; dateFrom?: string | undefined; dateTo?: string | undefined; page?: number | undefined; limit?: number | undefined; }'.
src/app/(dashboard)/appointments/list/page.tsx(275,12): error TS2322: Type '{ children: Element; asChild: true; variant: "outline"; }' is not assignable to type 'ButtonProps'.
src/app/(dashboard)/appointments/list/page.tsx(278,12): error TS2322: Type '{ children: string; variant: "outline"; }' is not assignable to type 'ButtonProps'.
src/app/(dashboard)/appointments/list/page.tsx(279,12): error TS2322: Type '{ children: string; variant: "outline"; }' is not assignable to type 'ButtonProps'.
src/app/(dashboard)/appointments/list/page.tsx(342,14): error TS2322: Type '{ children: string; className: string; }' is not assignable to type 'ButtonProps'.
src/app/(dashboard)/appointments/list/page.tsx(389,13): error TS2322: Type 'import("/home/user/white-cross/frontend/src/actions/appointments.actions").Appointment[]' is not assignable to type 'Appointment[]'.
src/app/(dashboard)/appointments/list/page.tsx(411,14): error TS2322: Type '{ children: Element; variant: "outline"; disabled: boolean; asChild: boolean; }' is not assignable to type 'ButtonProps'.
src/app/(dashboard)/appointments/list/page.tsx(424,14): error TS2322: Type '{ children: Element; variant: "outline"; disabled: boolean; asChild: boolean; }' is not assignable to type 'ButtonProps'.
src/app/(dashboard)/appointments/new/page.tsx(55,9): error TS2322: Type '{ title: string; description: string; backLink: string; backLabel: string; }' is not assignable to type 'PageHeaderProps'.
src/app/(dashboard)/appointments/new/page.tsx(62,11): error TS2322: Type 'Element' is not assignable to type 'ReactNode'.
src/app/(dashboard)/appointments/new/page.tsx(199,16): error TS2322: Type '{ children: string; type: string; variant: "secondary"; onClick: () => void; disabled: boolean; }' is not assignable to type 'ButtonProps'.
src/app/(dashboard)/appointments/new/page.tsx(207,16): error TS2322: Type '{ children: string; type: string; variant: "primary"; disabled: boolean; }' is not assignable to type 'ButtonProps'.
src/app/(dashboard)/appointments/recurring/page.tsx(71,10): error TS2305: Module '"react"' has no exported member 'Suspense'.
src/app/(dashboard)/appointments/recurring/page.tsx(136,25): error TS2554: Expected 1 arguments, but got 0.
src/app/(dashboard)/appointments/recurring/page.tsx(137,17): error TS2339: Property 'user' does not exist on type 'AuthenticatedUser'.
src/app/(dashboard)/appointments/recurring/page.tsx(153,10): error TS2322: Type '{ children: Element; asChild: true; }' is not assignable to type 'ButtonProps'.
src/app/(dashboard)/appointments/recurring/page.tsx(213,56): error TS2339: Property 'user' does not exist on type 'AuthenticatedUser'.
src/app/(dashboard)/appointments/today/page.tsx(56,10): error TS2305: Module '"react"' has no exported member 'Suspense'.
src/app/(dashboard)/appointments/today/page.tsx(123,25): error TS2554: Expected 1 arguments, but got 0.
src/app/(dashboard)/appointments/today/page.tsx(124,17): error TS2339: Property 'user' does not exist on type 'AuthenticatedUser'.
src/app/(dashboard)/appointments/today/page.tsx(145,5): error TS2353: Object literal may only specify known properties, and 'startDate' does not exist in type '{ studentId?: string | undefined; status?: string | undefined; dateFrom?: string | undefined; dateTo?: string | undefined; page?: number | undefined; limit?: number | undefined; }'.
src/app/(dashboard)/appointments/today/page.tsx(192,12): error TS2322: Type '{ children: Element; asChild: true; variant: "outline"; }' is not assignable to type 'ButtonProps'.
src/app/(dashboard)/appointments/today/page.tsx(195,12): error TS2322: Type '{ children: string; variant: "outline"; }' is not assignable to type 'ButtonProps'.
src/app/(dashboard)/appointments/today/page.tsx(241,36): error TS2739: Type 'Appointment' is missing the following properties from type 'Appointment': scheduledTime, duration, priority
src/app/(dashboard)/appointments/today/page.tsx(260,36): error TS2739: Type 'Appointment' is missing the following properties from type 'Appointment': scheduledTime, duration, priority
src/app/(dashboard)/appointments/today/page.tsx(279,36): error TS2739: Type 'Appointment' is missing the following properties from type 'Appointment': scheduledTime, duration, priority
src/app/(dashboard)/appointments/today/page.tsx(310,14): error TS2322: Type '{ children: Element; asChild: true; }' is not assignable to type 'ButtonProps'.
src/app/(dashboard)/appointments/upcoming/page.tsx(70,10): error TS2305: Module '"react"' has no exported member 'Suspense'.
src/app/(dashboard)/appointments/upcoming/page.tsx(166,25): error TS2554: Expected 1 arguments, but got 0.
src/app/(dashboard)/appointments/upcoming/page.tsx(167,17): error TS2339: Property 'user' does not exist on type 'AuthenticatedUser'.
src/app/(dashboard)/appointments/upcoming/page.tsx(194,5): error TS2353: Object literal may only specify known properties, and 'startDate' does not exist in type '{ studentId?: string | undefined; status?: string | undefined; dateFrom?: string | undefined; dateTo?: string | undefined; page?: number | undefined; limit?: number | undefined; }'.
src/app/(dashboard)/appointments/upcoming/page.tsx(237,12): error TS2322: Type '{ children: Element; asChild: true; variant: "outline"; }' is not assignable to type 'ButtonProps'.
src/app/(dashboard)/appointments/upcoming/page.tsx(240,12): error TS2322: Type '{ children: string; variant: "outline"; }' is not assignable to type 'ButtonProps'.
src/app/(dashboard)/appointments/upcoming/page.tsx(241,12): error TS2322: Type '{ children: string; variant: "outline"; }' is not assignable to type 'ButtonProps'.
src/app/(dashboard)/appointments/upcoming/page.tsx(362,14): error TS2322: Type '{ children: Element; asChild: true; }' is not assignable to type 'ButtonProps'.
src/app/(dashboard)/billing/invoices/[id]/page.tsx(110,68): error TS2345: Argument of type 'string | undefined' is not assignable to parameter of type 'string'.
src/app/(dashboard)/billing/invoices/page.tsx(70,11): error TS2322: Type 'Element' is not assignable to type 'ReactNode'.
src/app/(dashboard)/billing/invoices/page.tsx(104,11): error TS2322: Type 'Element' is not assignable to type 'ReactNode'.
src/app/(dashboard)/billing/invoices/page.tsx(117,15): error TS2322: Type 'Element' is not assignable to type 'ReactNode'.
src/app/(dashboard)/billing/outstanding/page.tsx(11,9): error TS2322: Type '{ title: string; description: string; backLink: string; backLabel: string; }' is not assignable to type 'PageHeaderProps'.
src/app/(dashboard)/billing/outstanding/page.tsx(17,9): error TS2322: Type 'Element' is not assignable to type 'ReactNode'.
src/app/(dashboard)/communications/_components/InboxContent.tsx(188,44): error TS2345: Argument of type '{ status: "read" | "delivered" | "deleted" | "archived" | "draft" | "sent" | undefined; search: string | undefined; limit: number; sortBy: "createdAt"; sortOrder: "desc"; }' is not assignable to parameter of type '{ limit: number; offset: number; sortBy: "createdAt" | "priority" | "subject" | "sentAt"; sortOrder: "desc" | "asc"; status?: "read" | "delivered" | "deleted" | "archived" | "draft" | "sent" | undefined; ... 10 more ...; dateTo?: Date | undefined; }'.
src/app/(dashboard)/communications/_components/InboxContent.tsx(352,10): error TS2322: Type '{ children: (string | Element)[]; onClick: () => void; }' is not assignable to type 'ButtonProps'.
src/app/(dashboard)/communications/_components/InboxContent.tsx(367,26): error TS7006: Parameter 'e' implicitly has an 'any' type.
src/app/(dashboard)/communications/_components/InboxContent.tsx(374,10): error TS2741: Property 'options' is missing in type '{ children: Element[]; value: "read" | "all" | "delivered" | "deleted" | "archived" | "draft" | "sent"; onValueChange: (v: any) => void; }' but required in type 'SelectProps'.
src/app/(dashboard)/communications/_components/InboxContent.tsx(374,54): error TS7006: Parameter 'v' implicitly has an 'any' type.
src/app/(dashboard)/communications/_components/InboxContent.tsx(391,14): error TS2322: Type '{ children: (string | Element)[]; variant: "outline"; size: "sm"; onClick: () => Promise<void>; }' is not assignable to type 'ButtonProps'.
src/app/(dashboard)/communications/_components/InboxContent.tsx(395,14): error TS2322: Type '{ children: (string | Element)[]; variant: "outline"; size: "sm"; onClick: () => Promise<void>; }' is not assignable to type 'ButtonProps'.
src/app/(dashboard)/communications/_components/InboxContent.tsx(408,25): error TS2322: Type '{ key: number; className: string; }' is not assignable to type 'SkeletonProps'.
src/app/(dashboard)/communications/_tabs/CommunicationBroadcastTab.tsx(97,14): error TS2322: Type '({ className, onBroadcastSent, }: CommunicationBroadcastTabProps) => Element' is not assignable to type 'FC<CommunicationBroadcastTabProps>'.
src/app/(dashboard)/communications/_tabs/CommunicationBroadcastTab.tsx(228,10): error TS2322: Type '{ children: string; variant: "outline"; onClick: () => void; disabled: boolean; }' is not assignable to type 'ButtonProps'.
src/app/(dashboard)/communications/_tabs/CommunicationBroadcastTab.tsx(236,11): error TS2322: Type 'Element' is not assignable to type 'string'.
src/app/(dashboard)/communications/_tabs/CommunicationBroadcastTab.tsx(236,69): error TS2322: Type 'number' is not assignable to type 'string'.
src/app/(dashboard)/communications/_tabs/CommunicationBroadcastTab.tsx(244,11): error TS2322: Type 'Element' is not assignable to type 'string'.
src/app/(dashboard)/communications/_tabs/CommunicationBroadcastTab.tsx(251,9): error TS2322: Type 'Element' is not assignable to type 'ReactNode'.
src/app/(dashboard)/communications/_tabs/CommunicationBroadcastTab.tsx(280,20): error TS2322: Type '{ children: string; variant: "ghost"; size: "sm"; onClick: () => void; }' is not assignable to type 'ButtonProps'.
src/app/(dashboard)/communications/_tabs/CommunicationBroadcastTab.tsx(305,29): error TS2322: Type 'number' is not assignable to type 'string'.
src/app/(dashboard)/communications/_tabs/CommunicationBroadcastTab.tsx(319,24): error TS7006: Parameter 'e' implicitly has an 'any' type.
src/app/(dashboard)/communications/_tabs/CommunicationBroadcastTab.tsx(329,24): error TS7006: Parameter 'e' implicitly has an 'any' type.
src/app/(dashboard)/communications/_tabs/CommunicationBroadcastTab.tsx(351,30): error TS7006: Parameter 'e' implicitly has an 'any' type.
src/app/(dashboard)/communications/_tabs/CommunicationBroadcastTab.tsx(367,30): error TS7006: Parameter 'e' implicitly has an 'any' type.
src/app/(dashboard)/communications/_tabs/CommunicationBroadcastTab.tsx(383,30): error TS7006: Parameter 'e' implicitly has an 'any' type.
src/app/(dashboard)/communications/_tabs/CommunicationBroadcastTab.tsx(407,28): error TS7006: Parameter 'e' implicitly has an 'any' type.
src/app/(dashboard)/communications/_tabs/CommunicationBroadcastTab.tsx(420,30): error TS7006: Parameter 'e' implicitly has an 'any' type.
src/app/(dashboard)/communications/_tabs/CommunicationBroadcastTab.tsx(432,30): error TS7006: Parameter 'e' implicitly has an 'any' type.
src/app/(dashboard)/communications/_tabs/CommunicationBroadcastTab.tsx(445,9): error TS2322: Type 'Element' is not assignable to type 'string'.
src/app/(dashboard)/communications/_tabs/CommunicationBroadcastTab.tsx(446,9): error TS2322: Type 'Element' is not assignable to type 'string'.
src/app/(dashboard)/communications/_tabs/CommunicationBroadcastTab.tsx(484,10): error TS2322: Type '{ children: string; variant: "outline"; onClick: () => void; }' is not assignable to type 'ButtonProps'.
src/app/(dashboard)/communications/_tabs/CommunicationBroadcastTab.tsx(500,12): error TS2322: Type '{ children: string; variant: "outline"; onClick: () => void; }' is not assignable to type 'ButtonProps'.
src/app/(dashboard)/communications/_tabs/CommunicationBroadcastTab.tsx(506,12): error TS2322: Type '{ children: string; variant: "primary"; onClick: () => Promise<void>; loading: boolean; disabled: boolean; }' is not assignable to type 'ButtonProps'.
src/app/(dashboard)/communications/_tabs/CommunicationComposeTab.tsx(99,14): error TS2322: Type '({ className, onMessageSent, }: CommunicationComposeTabProps) => Element' is not assignable to type 'FC<CommunicationComposeTabProps>'.
src/app/(dashboard)/communications/_tabs/CommunicationComposeTab.tsx(253,12): error TS2322: Type '{ children: string; variant: "outline"; onClick: () => void; disabled: boolean; }' is not assignable to type 'ButtonProps'.
src/app/(dashboard)/communications/_tabs/CommunicationComposeTab.tsx(256,12): error TS2322: Type '{ children: string; variant: "ghost"; onClick: () => void; }' is not assignable to type 'ButtonProps'.
src/app/(dashboard)/communications/_tabs/CommunicationComposeTab.tsx(264,9): error TS2322: Type 'Element' is not assignable to type 'string'.
src/app/(dashboard)/communications/_tabs/CommunicationComposeTab.tsx(270,9): error TS2322: Type 'Element' is not assignable to type 'ReactNode'.
src/app/(dashboard)/communications/_tabs/CommunicationComposeTab.tsx(290,24): error TS7006: Parameter 'e' implicitly has an 'any' type.
src/app/(dashboard)/communications/_tabs/CommunicationComposeTab.tsx(309,24): error TS7006: Parameter 'e' implicitly has an 'any' type.
src/app/(dashboard)/communications/_tabs/CommunicationComposeTab.tsx(337,20): error TS2322: Type '{ children: Element; variant: "outline"; size: "sm"; asChild: true; }' is not assignable to type 'ButtonProps'.
src/app/(dashboard)/communications/_tabs/CommunicationComposeTab.tsx(384,28): error TS7006: Parameter 'e' implicitly has an 'any' type.
src/app/(dashboard)/communications/_tabs/CommunicationComposeTab.tsx(395,28): error TS7006: Parameter 'e' implicitly has an 'any' type.
src/app/(dashboard)/communications/_tabs/CommunicationComposeTab.tsx(408,30): error TS7006: Parameter 'e' implicitly has an 'any' type.
src/app/(dashboard)/communications/_tabs/CommunicationComposeTab.tsx(421,11): error TS2322: Type 'Element' is not assignable to type 'string'.
src/app/(dashboard)/communications/_tabs/CommunicationComposeTab.tsx(422,11): error TS2322: Type 'Element' is not assignable to type 'string'.
src/app/(dashboard)/communications/_tabs/CommunicationComposeTab.tsx(442,17): error TS2345: Argument of type 'false | "text-red-600 dark:text-red-400"' is not assignable to parameter of type 'string | undefined'.
src/app/(dashboard)/communications/_tabs/CommunicationComposeTab.tsx(471,10): error TS2322: Type '{ children: string; variant: "outline"; onClick: () => void; }' is not assignable to type 'ButtonProps'.
src/app/(dashboard)/communications/_tabs/CommunicationComposeTab.tsx(487,10): error TS2322: Type '{ children: string; variant: "primary" | "danger"; onClick: () => Promise<void>; loading: boolean; disabled: boolean; }' is not assignable to type 'ButtonProps'.
src/app/(dashboard)/communications/_tabs/CommunicationEmergencyTab.tsx(149,14): error TS2322: Type '({ className, onEmergencyAlertSent, }: CommunicationEmergencyTabProps) => Element' is not assignable to type 'FC<CommunicationEmergencyTabProps>'.
src/app/(dashboard)/communications/_tabs/CommunicationEmergencyTab.tsx(317,9): error TS2322: Type 'Element' is not assignable to type 'ReactNode'.
src/app/(dashboard)/communications/_tabs/CommunicationEmergencyTab.tsx(332,15): error TS2345: Argument of type 'false | "bg-red-50 dark:bg-red-900/20 border-red-300 dark:border-red-700"' is not assignable to parameter of type 'string | undefined'.
src/app/(dashboard)/communications/_tabs/CommunicationEmergencyTab.tsx(353,9): error TS2322: Type 'Element' is not assignable to type 'ReactNode'.
src/app/(dashboard)/communications/_tabs/CommunicationEmergencyTab.tsx(364,30): error TS7006: Parameter 'e' implicitly has an 'any' type.
src/app/(dashboard)/communications/_tabs/CommunicationEmergencyTab.tsx(374,30): error TS7006: Parameter 'e' implicitly has an 'any' type.
src/app/(dashboard)/communications/_tabs/CommunicationEmergencyTab.tsx(412,9): error TS2322: Type 'Element' is not assignable to type 'ReactNode'.
src/app/(dashboard)/communications/_tabs/CommunicationEmergencyTab.tsx(416,24): error TS7006: Parameter 'e' implicitly has an 'any' type.
src/app/(dashboard)/communications/_tabs/CommunicationEmergencyTab.tsx(425,24): error TS7006: Parameter 'e' implicitly has an 'any' type.
src/app/(dashboard)/communications/_tabs/CommunicationEmergencyTab.tsx(441,9): error TS2322: Type 'Element' is not assignable to type 'ReactNode'.
src/app/(dashboard)/communications/_tabs/CommunicationEmergencyTab.tsx(451,30): error TS7006: Parameter 'e' implicitly has an 'any' type.
src/app/(dashboard)/communications/_tabs/CommunicationEmergencyTab.tsx(467,30): error TS7006: Parameter 'e' implicitly has an 'any' type.
src/app/(dashboard)/communications/_tabs/CommunicationEmergencyTab.tsx(483,30): error TS7006: Parameter 'e' implicitly has an 'any' type.
src/app/(dashboard)/communications/_tabs/CommunicationEmergencyTab.tsx(499,30): error TS7006: Parameter 'e' implicitly has an 'any' type.
src/app/(dashboard)/communications/_tabs/CommunicationEmergencyTab.tsx(522,28): error TS7006: Parameter 'e' implicitly has an 'any' type.
src/app/(dashboard)/communications/_tabs/CommunicationEmergencyTab.tsx(533,28): error TS7006: Parameter 'e' implicitly has an 'any' type.
src/app/(dashboard)/communications/_tabs/CommunicationEmergencyTab.tsx(546,11): error TS2322: Type 'Element' is not assignable to type 'string'.
src/app/(dashboard)/communications/_tabs/CommunicationEmergencyTab.tsx(553,10): error TS2322: Type '{ children: string; variant: "outline"; onClick: () => void; }' is not assignable to type 'ButtonProps'.
src/app/(dashboard)/communications/_tabs/CommunicationEmergencyTab.tsx(569,10): error TS2322: Type '{ children: (string | Element)[]; variant: "danger"; onClick: () => Promise<void>; loading: boolean; disabled: boolean; className: string; }' is not assignable to type 'ButtonProps'.
src/app/(dashboard)/communications/_tabs/CommunicationHistoryTab.tsx(176,14): error TS2322: Type '({ className, }: CommunicationHistoryTabProps) => Element' is not assignable to type 'FC<CommunicationHistoryTabProps>'.
src/app/(dashboard)/communications/_tabs/CommunicationHistoryTab.tsx(311,10): error TS2322: Type '{ children: (string | Element)[]; variant: "outline"; onClick: () => void; }' is not assignable to type 'ButtonProps'.
src/app/(dashboard)/communications/_tabs/CommunicationHistoryTab.tsx(321,9): error TS2322: Type 'Element' is not assignable to type 'string'.
src/app/(dashboard)/communications/_tabs/CommunicationHistoryTab.tsx(325,24): error TS7006: Parameter 'e' implicitly has an 'any' type.
src/app/(dashboard)/communications/_tabs/CommunicationHistoryTab.tsx(327,13): error TS2322: Type 'Element' is not assignable to type 'ReactNode'.
src/app/(dashboard)/communications/_tabs/CommunicationHistoryTab.tsx(357,9): error TS2322: Type 'Element' is not assignable to type 'string'.
src/app/(dashboard)/communications/_tabs/CommunicationHistoryTab.tsx(362,14): error TS2322: Type '{ children: string; variant: "ghost"; size: "sm"; onClick: () => void; }' is not assignable to type 'ButtonProps'.
src/app/(dashboard)/communications/_tabs/CommunicationHistoryTab.tsx(382,13): error TS2322: Type 'Element' is not assignable to type 'string'.
src/app/(dashboard)/communications/_tabs/CommunicationHistoryTab.tsx(385,13): error TS2322: Type 'Element' is not assignable to type 'string'.
src/app/(dashboard)/communications/_tabs/CommunicationHistoryTab.tsx(386,13): error TS2322: Type 'Element' is not assignable to type 'string'.
src/app/(dashboard)/communications/_tabs/CommunicationHistoryTab.tsx(398,17): error TS2345: Argument of type 'false | "ring-2 ring-primary-500"' is not assignable to parameter of type 'string | undefined'.
src/app/(dashboard)/communications/_tabs/CommunicationHistoryTab.tsx(402,15): error TS2322: Type 'Element' is not assignable to type 'string'.
src/app/(dashboard)/communications/_tabs/CommunicationHistoryTab.tsx(406,23): error TS2322: Type 'string | boolean' is not assignable to type 'string'.
src/app/(dashboard)/communications/_tabs/CommunicationHistoryTab.tsx(407,23): error TS2322: Type 'string | boolean' is not assignable to type 'string'.
src/app/(dashboard)/communications/_tabs/CommunicationHistoryTab.tsx(408,23): error TS2322: Type 'string | boolean' is not assignable to type 'string'.
src/app/(dashboard)/communications/_tabs/CommunicationHistoryTab.tsx(459,20): error TS2322: Type '{ children: string; variant: "ghost"; size: "sm"; onClick: (e: any) => void; }' is not assignable to type 'ButtonProps'.
src/app/(dashboard)/communications/_tabs/CommunicationHistoryTab.tsx(462,31): error TS7006: Parameter 'e' implicitly has an 'any' type.
src/app/(dashboard)/communications/_tabs/CommunicationHistoryTab.tsx(472,15): error TS2322: Type 'false | Element' is not assignable to type 'string'.
src/app/(dashboard)/communications/_tabs/CommunicationHistoryTab.tsx(473,15): error TS2322: Type 'false | Element' is not assignable to type 'string'.
src/app/(dashboard)/communications/_tabs/CommunicationHistoryTab.tsx(519,24): error TS2322: Type '{ children: string; variant: "primary"; size: "sm"; onClick: () => void; }' is not assignable to type 'ButtonProps'.
src/app/(dashboard)/communications/_tabs/CommunicationTemplatesTab.tsx(195,14): error TS2322: Type '({ className, onTemplateSelected, }: CommunicationTemplatesTabProps) => Element' is not assignable to type 'FC<CommunicationTemplatesTabProps>'.
src/app/(dashboard)/communications/_tabs/CommunicationTemplatesTab.tsx(316,10): error TS2322: Type '{ children: (string | Element)[]; variant: "primary"; onClick: () => void; }' is not assignable to type 'ButtonProps'.
src/app/(dashboard)/communications/_tabs/CommunicationTemplatesTab.tsx(326,9): error TS2322: Type 'Element' is not assignable to type 'string'.
src/app/(dashboard)/communications/_tabs/CommunicationTemplatesTab.tsx(330,24): error TS7006: Parameter 'e' implicitly has an 'any' type.
src/app/(dashboard)/communications/_tabs/CommunicationTemplatesTab.tsx(332,13): error TS2322: Type 'Element' is not assignable to type 'ReactNode'.
src/app/(dashboard)/communications/_tabs/CommunicationTemplatesTab.tsx(348,9): error TS2322: Type 'Element' is not assignable to type 'string'.
src/app/(dashboard)/communications/_tabs/CommunicationTemplatesTab.tsx(358,15): error TS2322: Type 'Element' is not assignable to type 'string'.
src/app/(dashboard)/communications/_tabs/CommunicationTemplatesTab.tsx(361,15): error TS2322: Type 'Element' is not assignable to type 'string'.
src/app/(dashboard)/communications/_tabs/CommunicationTemplatesTab.tsx(362,15): error TS2322: Type 'Element' is not assignable to type 'string'.
src/app/(dashboard)/communications/_tabs/CommunicationTemplatesTab.tsx(372,15): error TS2322: Type 'Element' is not assignable to type 'string'.
src/app/(dashboard)/communications/_tabs/CommunicationTemplatesTab.tsx(388,15): error TS2322: Type 'Element' is not assignable to type 'string'.
src/app/(dashboard)/communications/_tabs/CommunicationTemplatesTab.tsx(416,15): error TS2322: Type 'Element' is not assignable to type 'string'.
src/app/(dashboard)/communications/_tabs/CommunicationTemplatesTab.tsx(423,15): error TS2322: Type 'Element' is not assignable to type 'string'.
src/app/(dashboard)/communications/_tabs/CommunicationTemplatesTab.tsx(424,18): error TS2322: Type '{ children: string; variant: "primary"; size: "sm"; fullWidth: true; onClick: () => void; }' is not assignable to type 'ButtonProps'.
src/app/(dashboard)/communications/_tabs/CommunicationTemplatesTab.tsx(432,18): error TS2322: Type '{ children: Element; variant: "outline"; size: "sm"; onClick: () => void; }' is not assignable to type 'ButtonProps'.
src/app/(dashboard)/communications/_tabs/CommunicationTemplatesTab.tsx(445,18): error TS2322: Type '{ children: Element; variant: "ghost"; size: "sm"; onClick: () => void; }' is not assignable to type 'ButtonProps'.
src/app/(dashboard)/communications/_tabs/CommunicationTemplatesTab.tsx(457,18): error TS2322: Type '{ children: Element; variant: "ghost"; size: "sm"; onClick: () => void; }' is not assignable to type 'ButtonProps'.
src/app/(dashboard)/communications/_tabs/CommunicationTemplatesTab.tsx(479,9): error TS2322: Type 'Element' is not assignable to type 'ReactNode'.
src/app/(dashboard)/communications/_tabs/CommunicationTemplatesTab.tsx(483,24): error TS7006: Parameter 'e' implicitly has an 'any' type.
src/app/(dashboard)/communications/_tabs/CommunicationTemplatesTab.tsx(499,24): error TS7006: Parameter 'e' implicitly has an 'any' type.
src/app/(dashboard)/communications/_tabs/CommunicationTemplatesTab.tsx(507,24): error TS7006: Parameter 'e' implicitly has an 'any' type.
src/app/(dashboard)/communications/_tabs/CommunicationTemplatesTab.tsx(521,26): error TS7006: Parameter 'e' implicitly has an 'any' type.
src/app/(dashboard)/communications/_tabs/CommunicationTemplatesTab.tsx(548,14): error TS2322: Type '{ children: string; variant: "outline"; onClick: () => void; }' is not assignable to type 'ButtonProps'.
src/app/(dashboard)/communications/_tabs/CommunicationTemplatesTab.tsx(551,14): error TS2322: Type '{ children: string; variant: "primary"; onClick: () => void; disabled: boolean; }' is not assignable to type 'ButtonProps'.
src/app/(dashboard)/communications/_tabs/CommunicationTemplatesTab.tsx(570,11): error TS2322: Type 'Element' is not assignable to type 'ReactNode'.
src/app/(dashboard)/communications/_tabs/CommunicationTemplatesTab.tsx(626,16): error TS2322: Type '{ children: string; variant: "outline"; onClick: () => void; }' is not assignable to type 'ButtonProps'.
src/app/(dashboard)/communications/_tabs/CommunicationTemplatesTab.tsx(629,16): error TS2322: Type '{ children: string; variant: "primary"; onClick: () => void; }' is not assignable to type 'ButtonProps'.
src/app/(dashboard)/communications/broadcasts/[id]/_components/BroadcastDetailContent.tsx(118,13): error TS2322: Type '"icon"' is not assignable to type '"xs" | "sm" | "lg" | "xl" | "md" | undefined'.
src/app/(dashboard)/communications/broadcasts/[id]/_components/BroadcastDetailContent.tsx(138,14): error TS2322: Type '{ children: (string | Element)[]; variant: "outline"; size: "sm"; onClick: () => void; }' is not assignable to type 'ButtonProps'.
src/app/(dashboard)/communications/broadcasts/[id]/_components/BroadcastDetailContent.tsx(148,14): error TS2322: Type '{ children: (string | Element)[]; variant: "outline"; size: "sm"; onClick: () => Promise<void>; }' is not assignable to type 'ButtonProps'.
src/app/(dashboard)/communications/broadcasts/[id]/_components/BroadcastDetailContent.tsx(158,14): error TS2322: Type '{ children: (string | Element)[]; size: "sm"; onClick: () => Promise<void>; }' is not assignable to type 'ButtonProps'.
src/app/(dashboard)/communications/broadcasts/[id]/_components/BroadcastDetailContent.tsx(173,11): error TS2322: Type 'Element' is not assignable to type 'string'.
src/app/(dashboard)/communications/broadcasts/[id]/_components/BroadcastDetailContent.tsx(174,13): error TS2322: Type 'Element' is not assignable to type 'ReactNode'.
src/app/(dashboard)/communications/broadcasts/[id]/_components/BroadcastDetailContent.tsx(180,24): error TS2322: Type '"outline" | "destructive"' is not assignable to type '"error" | "success" | "warning" | "info" | "default" | "primary" | "secondary" | "danger" | undefined'.
src/app/(dashboard)/communications/broadcasts/[id]/_components/BroadcastDetailContent.tsx(183,24): error TS2322: Type '"outline"' is not assignable to type '"error" | "success" | "warning" | "info" | "default" | "primary" | "secondary" | "danger" | undefined'.
src/app/(dashboard)/communications/broadcasts/[id]/_components/BroadcastDetailContent.tsx(187,11): error TS2322: Type 'Element' is not assignable to type 'string'.
src/app/(dashboard)/communications/broadcasts/[id]/_components/BroadcastDetailContent.tsx(188,13): error TS2322: Type 'Element' is not assignable to type 'ReactNode'.
src/app/(dashboard)/communications/broadcasts/[id]/_components/BroadcastDetailContent.tsx(197,13): error TS2322: Type 'Element' is not assignable to type 'string'.
src/app/(dashboard)/communications/broadcasts/[id]/_components/BroadcastDetailContent.tsx(198,15): error TS2322: Type 'Element' is not assignable to type 'ReactNode'.
src/app/(dashboard)/communications/broadcasts/[id]/_components/BroadcastDetailContent.tsx(200,13): error TS2322: Type 'Element' is not assignable to type 'string'.
src/app/(dashboard)/communications/broadcasts/[id]/_components/BroadcastDetailContent.tsx(201,15): error TS2322: Type 'Element' is not assignable to type 'string'.
src/app/(dashboard)/communications/broadcasts/[id]/_components/BroadcastDetailContent.tsx(212,15): error TS2322: Type 'Element' is not assignable to type 'string'.
src/app/(dashboard)/communications/broadcasts/[id]/_components/BroadcastDetailContent.tsx(223,15): error TS2322: Type 'false | Element' is not assignable to type 'string'.
src/app/(dashboard)/communications/broadcasts/[id]/_components/BroadcastDetailContent.tsx(236,15): error TS2322: Type 'Element' is not assignable to type 'string'.
src/app/(dashboard)/communications/broadcasts/[id]/_components/BroadcastDetailContent.tsx(238,15): error TS2322: Type 'Element' is not assignable to type 'string'.
src/app/(dashboard)/communications/broadcasts/[id]/_components/BroadcastDetailContent.tsx(258,11): error TS2322: Type 'Element' is not assignable to type 'string'.
src/app/(dashboard)/communications/broadcasts/[id]/_components/BroadcastDetailContent.tsx(259,13): error TS2322: Type 'Element' is not assignable to type 'ReactNode'.
src/app/(dashboard)/communications/broadcasts/[id]/_components/BroadcastDetailContent.tsx(261,11): error TS2322: Type 'Element' is not assignable to type 'string'.
src/app/(dashboard)/communications/broadcasts/[id]/_components/BroadcastDetailContent.tsx(262,13): error TS2322: Type 'Element' is not assignable to type 'string'.
src/app/(dashboard)/communications/broadcasts/[id]/_components/BroadcastDetailContent.tsx(268,13): error TS2322: Type 'Element' is not assignable to type 'string'.
src/app/(dashboard)/communications/broadcasts/[id]/_components/BroadcastDetailContent.tsx(270,13): error TS2322: Type 'Element' is not assignable to type 'string'.
src/app/(dashboard)/communications/broadcasts/[id]/_components/BroadcastDetailContent.tsx(273,53): error TS2322: Type '"outline"' is not assignable to type '"error" | "success" | "warning" | "info" | "default" | "primary" | "secondary" | "danger" | undefined'.
src/app/(dashboard)/communications/broadcasts/[id]/_components/BroadcastDetailContent.tsx(274,53): error TS2322: Type '"outline"' is not assignable to type '"error" | "success" | "warning" | "info" | "default" | "primary" | "secondary" | "danger" | undefined'.
src/app/(dashboard)/communications/broadcasts/[id]/_components/BroadcastDetailContent.tsx(275,51): error TS2322: Type '"outline"' is not assignable to type '"error" | "success" | "warning" | "info" | "default" | "primary" | "secondary" | "danger" | undefined'.
src/app/(dashboard)/communications/broadcasts/[id]/_components/BroadcastDetailContent.tsx(276,52): error TS2322: Type '"outline"' is not assignable to type '"error" | "success" | "warning" | "info" | "default" | "primary" | "secondary" | "danger" | undefined'.
src/app/(dashboard)/communications/broadcasts/[id]/_components/BroadcastDetailContent.tsx(280,13): error TS2322: Type 'Element' is not assignable to type 'string'.
src/app/(dashboard)/communications/broadcasts/[id]/_components/BroadcastDetailContent.tsx(282,13): error TS2322: Type 'Element' is not assignable to type 'string'.
src/app/(dashboard)/communications/broadcasts/[id]/_components/BroadcastDetailContent.tsx(287,13): error TS2322: Type 'Element' is not assignable to type 'string'.
src/app/(dashboard)/communications/broadcasts/[id]/_components/BroadcastDetailContent.tsx(289,13): error TS2322: Type 'Element' is not assignable to type 'string'.
src/app/(dashboard)/communications/broadcasts/_components/BroadcastsContent.tsx(44,40): error TS2345: Argument of type '{ status: "failed" | "cancelled" | "scheduled" | "draft" | "sent" | "sending" | undefined; search: string | undefined; limit: number; sortBy: "createdAt"; sortOrder: "desc"; }' is not assignable to parameter of type '{ limit: number; offset: number; sortBy: "createdAt" | "title" | "priority" | "sentAt"; sortOrder: "desc" | "asc"; status?: "failed" | "cancelled" | "scheduled" | "draft" | "sent" | "sending" | undefined; ... 5 more ...; search?: string | undefined; }'.
src/app/(dashboard)/communications/broadcasts/_components/BroadcastsContent.tsx(73,23): error TS2322: Type '"outline"' is not assignable to type '"error" | "success" | "warning" | "info" | "default" | "primary" | "secondary" | "danger" | undefined'.
src/app/(dashboard)/communications/broadcasts/_components/BroadcastsContent.tsx(81,23): error TS2322: Type '"destructive"' is not assignable to type '"error" | "success" | "warning" | "info" | "default" | "primary" | "secondary" | "danger" | undefined'.
src/app/(dashboard)/communications/broadcasts/_components/BroadcastsContent.tsx(83,23): error TS2322: Type '"destructive"' is not assignable to type '"error" | "success" | "warning" | "info" | "default" | "primary" | "secondary" | "danger" | undefined'.
src/app/(dashboard)/communications/broadcasts/_components/BroadcastsContent.tsx(92,23): error TS2322: Type '"destructive"' is not assignable to type '"error" | "success" | "warning" | "info" | "default" | "primary" | "secondary" | "danger" | undefined'.
src/app/(dashboard)/communications/broadcasts/_components/BroadcastsContent.tsx(94,23): error TS2322: Type '"destructive"' is not assignable to type '"error" | "success" | "warning" | "info" | "default" | "primary" | "secondary" | "danger" | undefined'.
src/app/(dashboard)/communications/broadcasts/_components/BroadcastsContent.tsx(112,10): error TS2322: Type '{ children: (string | Element)[]; onClick: () => void; }' is not assignable to type 'ButtonProps'.
src/app/(dashboard)/communications/broadcasts/_components/BroadcastsContent.tsx(127,26): error TS7006: Parameter 'e' implicitly has an 'any' type.
src/app/(dashboard)/communications/broadcasts/_components/BroadcastsContent.tsx(134,10): error TS2741: Property 'options' is missing in type '{ children: Element[]; value: "all" | "failed" | "cancelled" | "scheduled" | "draft" | "sent" | "sending"; onValueChange: (v: any) => void; }' but required in type 'SelectProps'.
src/app/(dashboard)/communications/broadcasts/_components/BroadcastsContent.tsx(134,54): error TS7006: Parameter 'v' implicitly has an 'any' type.
src/app/(dashboard)/communications/broadcasts/_components/BroadcastsContent.tsx(154,23): error TS2322: Type '{ key: number; className: string; }' is not assignable to type 'SkeletonProps'.
src/app/(dashboard)/communications/broadcasts/_components/BroadcastsContent.tsx(159,11): error TS2322: Type 'Element' is not assignable to type 'ReactNode'.
src/app/(dashboard)/communications/broadcasts/_components/BroadcastsContent.tsx(160,13): error TS2322: Type 'Element' is not assignable to type 'string'.
src/app/(dashboard)/communications/broadcasts/_components/BroadcastsContent.tsx(161,13): error TS2322: Type 'Element' is not assignable to type 'string'.
src/app/(dashboard)/communications/broadcasts/_components/BroadcastsContent.tsx(162,13): error TS2322: Type 'Element' is not assignable to type 'string'.
src/app/(dashboard)/communications/broadcasts/_components/BroadcastsContent.tsx(165,13): error TS2322: Type 'Element' is not assignable to type 'string'.
src/app/(dashboard)/communications/broadcasts/_components/BroadcastsContent.tsx(165,14): error TS2322: Type '{ children: (string | Element)[]; className: string; onClick: () => void; }' is not assignable to type 'ButtonProps'.
src/app/(dashboard)/communications/broadcasts/_components/BroadcastsContent.tsx(182,15): error TS2322: Type 'Element' is not assignable to type 'string'.
src/app/(dashboard)/communications/broadcasts/_components/BroadcastsContent.tsx(183,17): error TS2322: Type 'Element' is not assignable to type 'ReactNode'.
src/app/(dashboard)/communications/broadcasts/_components/BroadcastsContent.tsx(196,15): error TS2322: Type 'Element' is not assignable to type 'string'.
src/app/(dashboard)/communications/broadcasts/_components/BroadcastsContent.tsx(197,17): error TS2322: Type 'Element' is not assignable to type 'ReactNode'.
src/app/(dashboard)/communications/broadcasts/new/_components/NewBroadcastContent.tsx(25,11): error TS2322: Type '"icon"' is not assignable to type '"xs" | "sm" | "lg" | "xl" | "md" | undefined'.
src/app/(dashboard)/communications/broadcasts/new/_components/NewBroadcastContent.tsx(40,9): error TS2322: Type 'Element' is not assignable to type 'string'.
src/app/(dashboard)/communications/broadcasts/new/_components/NewBroadcastContent.tsx(41,11): error TS2322: Type 'Element' is not assignable to type 'ReactNode'.
src/app/(dashboard)/communications/broadcasts/new/_components/NewBroadcastContent.tsx(43,9): error TS2322: Type 'Element' is not assignable to type 'string'.
src/app/(dashboard)/communications/broadcasts/new/_components/NewBroadcastContent.tsx(44,11): error TS2322: Type 'Element' is not assignable to type 'ReactNode'.
src/app/(dashboard)/communications/compose/_components/ComposeContent.tsx(30,11): error TS2322: Type '"icon"' is not assignable to type '"xs" | "sm" | "lg" | "xl" | "md" | undefined'.
src/app/(dashboard)/communications/compose/_components/ComposeContent.tsx(45,9): error TS2322: Type 'Element' is not assignable to type 'string'.
src/app/(dashboard)/communications/compose/_components/ComposeContent.tsx(46,11): error TS2322: Type 'Element' is not assignable to type 'ReactNode'.
src/app/(dashboard)/communications/compose/_components/ComposeContent.tsx(48,9): error TS2322: Type 'Element' is not assignable to type 'string'.
src/app/(dashboard)/communications/compose/_components/ComposeContent.tsx(49,11): error TS2322: Type 'Element' is not assignable to type 'string'.
src/app/(dashboard)/communications/compose/_components/ComposeContent.tsx(50,11): error TS2322: Type 'Element' is not assignable to type 'string'.
src/app/(dashboard)/communications/compose/_components/ComposeContent.tsx(51,14): error TS2322: Type '{ children: string; htmlFor: string; }' is not assignable to type 'LabelProps'.
src/app/(dashboard)/communications/compose/_components/ComposeContent.tsx(56,26): error TS7006: Parameter 'e' implicitly has an 'any' type.
src/app/(dashboard)/communications/compose/_components/ComposeContent.tsx(61,26): error TS2322: Type '{ children: string[]; key: string; variant: "secondary"; }' is not assignable to type 'BadgeProps'.
src/app/(dashboard)/communications/compose/_components/ComposeContent.tsx(72,11): error TS2322: Type 'undefined' is not assignable to type 'string'.
src/app/(dashboard)/communications/compose/_components/ComposeContent.tsx(73,11): error TS2322: Type 'Element' is not assignable to type 'string'.
src/app/(dashboard)/communications/error.tsx(104,7): error TS2322: Type 'Element' is not assignable to type 'ReactNode'.
src/app/(dashboard)/communications/messages/[id]/_components/MessageDetailContent.tsx(111,23): error TS2322: Type '"destructive"' is not assignable to type '"error" | "success" | "warning" | "info" | "default" | "primary" | "secondary" | "danger" | undefined'.
src/app/(dashboard)/communications/messages/[id]/_components/MessageDetailContent.tsx(117,23): error TS2322: Type '"outline"' is not assignable to type '"error" | "success" | "warning" | "info" | "default" | "primary" | "secondary" | "danger" | undefined'.
src/app/(dashboard)/communications/messages/[id]/_components/MessageDetailContent.tsx(143,13): error TS2322: Type '"icon"' is not assignable to type '"xs" | "sm" | "lg" | "xl" | "md" | undefined'.
src/app/(dashboard)/communications/messages/[id]/_components/MessageDetailContent.tsx(158,12): error TS2322: Type '{ children: (string | Element)[]; variant: "outline"; size: "sm"; onClick: () => void; }' is not assignable to type 'ButtonProps'.
src/app/(dashboard)/communications/messages/[id]/_components/MessageDetailContent.tsx(166,12): error TS2322: Type '{ children: (string | Element)[]; variant: "outline"; size: "sm"; onClick: () => Promise<void>; }' is not assignable to type 'ButtonProps'.
src/app/(dashboard)/communications/messages/[id]/_components/MessageDetailContent.tsx(174,12): error TS2322: Type '{ children: (string | Element)[]; variant: "outline"; size: "sm"; onClick: () => Promise<void>; }' is not assignable to type 'ButtonProps'.
src/app/(dashboard)/communications/messages/[id]/_components/MessageDetailContent.tsx(187,9): error TS2322: Type 'Element' is not assignable to type 'ReactNode'.
src/app/(dashboard)/communications/messages/[id]/_components/MessageDetailContent.tsx(188,11): error TS2322: Type 'Element' is not assignable to type 'string'.
src/app/(dashboard)/communications/messages/[id]/_components/MessageDetailContent.tsx(189,11): error TS2322: Type 'Element' is not assignable to type 'string'.
src/app/(dashboard)/communications/messages/[id]/_components/MessageDetailContent.tsx(192,17): error TS2322: Type 'Element' is not assignable to type 'string'.
src/app/(dashboard)/communications/messages/[id]/_components/MessageDetailContent.tsx(193,17): error TS2322: Type 'Element' is not assignable to type 'string'.
src/app/(dashboard)/communications/messages/[id]/_components/MessageDetailContent.tsx(212,11): error TS2322: Type 'Element' is not assignable to type 'string'.
src/app/(dashboard)/communications/messages/[id]/_components/MessageDetailContent.tsx(214,11): error TS2322: Type 'false | Element' is not assignable to type 'string'.
src/app/(dashboard)/communications/messages/[id]/_components/MessageDetailContent.tsx(215,11): error TS2322: Type 'Element' is not assignable to type 'string'.
src/app/(dashboard)/communications/messages/[id]/_components/MessageDetailContent.tsx(220,11): error TS2322: Type 'undefined' is not assignable to type 'string'.
src/app/(dashboard)/communications/messages/[id]/_components/MessageDetailContent.tsx(221,11): error TS2322: Type 'false | Element' is not assignable to type 'string'.
src/app/(dashboard)/communications/messages/[id]/_components/MessageDetailContent.tsx(238,24): error TS2322: Type '{ children: Element; variant: "ghost"; size: "sm"; }' is not assignable to type 'ButtonProps'.
src/app/(dashboard)/communications/messages/[id]/_components/MessageDetailContent.tsx(248,11): error TS2322: Type 'undefined' is not assignable to type 'string'.
src/app/(dashboard)/communications/messages/[id]/_components/MessageDetailContent.tsx(249,11): error TS2322: Type 'false | Element' is not assignable to type 'string'.
src/app/(dashboard)/communications/messages/[id]/_components/MessageDetailContent.tsx(270,11): error TS2322: Type 'Element' is not assignable to type 'ReactNode'.
src/app/(dashboard)/communications/messages/[id]/_components/MessageDetailContent.tsx(271,13): error TS2322: Type 'Element' is not assignable to type 'ReactNode'.
src/app/(dashboard)/communications/notifications/_components/NotificationsContent.tsx(55,43): error TS2345: Argument of type '{ type: "message" | "system" | "appointment" | "medication" | "incident" | "broadcast" | "reply" | "reminder" | "health_alert" | "mention" | undefined; limit: number; sortBy: "createdAt"; sortOrder: "desc"; }' is not assignable to parameter of type '{ limit: number; offset: number; sortBy: "type" | "createdAt" | "priority"; sortOrder: "desc" | "asc"; grouped: boolean; status?: "read" | "deleted" | "archived" | "unread" | undefined; ... 5 more ...; dateTo?: Date | undefined; }'.
src/app/(dashboard)/communications/notifications/_components/NotificationsContent.tsx(170,10): error TS2322: Type '{ children: (string | Element)[]; variant: "outline"; onClick: () => void; }' is not assignable to type 'ButtonProps'.
src/app/(dashboard)/communications/notifications/_components/NotificationsContent.tsx(182,10): error TS2741: Property 'options' is missing in type '{ children: Element[]; value: "message" | "system" | "all" | "appointment" | "medication" | "incident" | "broadcast" | "reply" | "reminder" | "health_alert" | "mention"; onValueChange: (v: any) => void; }' but required in type 'SelectProps'.
src/app/(dashboard)/communications/notifications/_components/NotificationsContent.tsx(182,52): error TS7006: Parameter 'v' implicitly has an 'any' type.
src/app/(dashboard)/communications/notifications/_components/NotificationsContent.tsx(202,12): error TS2322: Type '{ children: (string | Element)[]; variant: "outline"; size: "sm"; onClick: () => Promise<void>; }' is not assignable to type 'ButtonProps'.
src/app/(dashboard)/communications/notifications/_components/NotificationsContent.tsx(208,16): error TS2322: Type '{ children: (string | number | Element)[]; variant: "outline"; size: "sm"; onClick: () => Promise<void>; }' is not assignable to type 'ButtonProps'.
src/app/(dashboard)/communications/notifications/_components/NotificationsContent.tsx(212,16): error TS2322: Type '{ children: (string | number | Element)[]; variant: "outline"; size: "sm"; onClick: () => Promise<void>; }' is not assignable to type 'ButtonProps'.
src/app/(dashboard)/communications/notifications/_components/NotificationsContent.tsx(226,25): error TS2322: Type '{ key: number; className: string; }' is not assignable to type 'SkeletonProps'.
src/app/(dashboard)/communications/notifications/_components/NotificationsContent.tsx(281,29): error TS2322: Type '"default" | "outline"' is not assignable to type '"success" | "warning" | "info" | "link" | "primary" | "secondary" | "danger" | "ghost" | "outline" | "outline-primary" | "destructive" | undefined'.
src/app/(dashboard)/communications/notifications/_components/NotificationsContent.tsx(283,39): error TS7006: Parameter 'e' implicitly has an 'any' type.
src/app/(dashboard)/communications/notifications/settings/_components/NotificationSettingsContent.tsx(97,13): error TS2322: Type '"icon"' is not assignable to type '"xs" | "sm" | "lg" | "xl" | "md" | undefined'.
src/app/(dashboard)/communications/notifications/settings/_components/NotificationSettingsContent.tsx(109,10): error TS2322: Type '{ children: (string | Element)[]; onClick: () => Promise<void>; disabled: boolean; }' is not assignable to type 'ButtonProps'.
src/app/(dashboard)/communications/notifications/settings/_components/NotificationSettingsContent.tsx(117,9): error TS2322: Type 'Element' is not assignable to type 'string'.
src/app/(dashboard)/communications/notifications/settings/_components/NotificationSettingsContent.tsx(118,11): error TS2322: Type 'Element' is not assignable to type 'string'.
src/app/(dashboard)/communications/notifications/settings/_components/NotificationSettingsContent.tsx(119,11): error TS2322: Type 'Element' is not assignable to type 'string'.
src/app/(dashboard)/communications/notifications/settings/_components/NotificationSettingsContent.tsx(123,9): error TS2322: Type 'Element' is not assignable to type 'string'.
src/app/(dashboard)/communications/notifications/settings/_components/NotificationSettingsContent.tsx(124,11): error TS2322: Type 'Element' is not assignable to type 'ReactNode'.
src/app/(dashboard)/communications/notifications/settings/_components/NotificationSettingsContent.tsx(125,14): error TS2322: Type '{ children: string; htmlFor: string; }' is not assignable to type 'LabelProps'.
src/app/(dashboard)/communications/notifications/settings/_components/NotificationSettingsContent.tsx(129,33): error TS7006: Parameter 'checked' implicitly has an 'any' type.
src/app/(dashboard)/communications/notifications/settings/_components/NotificationSettingsContent.tsx(139,9): error TS2322: Type 'Element' is not assignable to type 'string'.
src/app/(dashboard)/communications/notifications/settings/_components/NotificationSettingsContent.tsx(140,11): error TS2322: Type 'Element' is not assignable to type 'string'.
src/app/(dashboard)/communications/notifications/settings/_components/NotificationSettingsContent.tsx(141,11): error TS2322: Type 'Element' is not assignable to type 'string'.
src/app/(dashboard)/communications/notifications/settings/_components/NotificationSettingsContent.tsx(145,9): error TS2322: Type 'Element' is not assignable to type 'string'.
src/app/(dashboard)/communications/notifications/settings/_components/NotificationSettingsContent.tsx(146,11): error TS2322: Type 'Element' is not assignable to type 'string'.
src/app/(dashboard)/communications/notifications/settings/_components/NotificationSettingsContent.tsx(148,16): error TS2322: Type '{ children: string; htmlFor: string; }' is not assignable to type 'LabelProps'.
src/app/(dashboard)/communications/notifications/settings/_components/NotificationSettingsContent.tsx(156,33): error TS7006: Parameter 'checked' implicitly has an 'any' type.
src/app/(dashboard)/communications/notifications/settings/_components/NotificationSettingsContent.tsx(164,11): error TS2322: Type 'Element' is not assignable to type 'string'.
src/app/(dashboard)/communications/notifications/settings/_components/NotificationSettingsContent.tsx(165,11): error TS2322: Type 'Element' is not assignable to type 'string'.
src/app/(dashboard)/communications/notifications/settings/_components/NotificationSettingsContent.tsx(167,16): error TS2322: Type '{ children: string; htmlFor: string; }' is not assignable to type 'LabelProps'.
src/app/(dashboard)/communications/notifications/settings/_components/NotificationSettingsContent.tsx(175,33): error TS7006: Parameter 'checked' implicitly has an 'any' type.
src/app/(dashboard)/communications/notifications/settings/_components/NotificationSettingsContent.tsx(183,11): error TS2322: Type 'Element' is not assignable to type 'string'.
src/app/(dashboard)/communications/notifications/settings/_components/NotificationSettingsContent.tsx(184,11): error TS2322: Type 'Element' is not assignable to type 'string'.
src/app/(dashboard)/communications/notifications/settings/_components/NotificationSettingsContent.tsx(186,16): error TS2322: Type '{ children: string; htmlFor: string; }' is not assignable to type 'LabelProps'.
src/app/(dashboard)/communications/notifications/settings/_components/NotificationSettingsContent.tsx(194,33): error TS7006: Parameter 'checked' implicitly has an 'any' type.
src/app/(dashboard)/communications/notifications/settings/_components/NotificationSettingsContent.tsx(202,11): error TS2322: Type 'Element' is not assignable to type 'string'.
src/app/(dashboard)/communications/notifications/settings/_components/NotificationSettingsContent.tsx(203,11): error TS2322: Type 'Element' is not assignable to type 'string'.
src/app/(dashboard)/communications/notifications/settings/_components/NotificationSettingsContent.tsx(205,16): error TS2322: Type '{ children: string; htmlFor: string; }' is not assignable to type 'LabelProps'.
src/app/(dashboard)/communications/notifications/settings/_components/NotificationSettingsContent.tsx(213,33): error TS7006: Parameter 'checked' implicitly has an 'any' type.
src/app/(dashboard)/communications/notifications/settings/_components/NotificationSettingsContent.tsx(226,9): error TS2322: Type 'Element' is not assignable to type 'string'.
src/app/(dashboard)/communications/notifications/settings/_components/NotificationSettingsContent.tsx(227,11): error TS2322: Type 'Element' is not assignable to type 'string'.
src/app/(dashboard)/communications/notifications/settings/_components/NotificationSettingsContent.tsx(228,11): error TS2322: Type 'Element' is not assignable to type 'string'.
src/app/(dashboard)/communications/notifications/settings/_components/NotificationSettingsContent.tsx(232,9): error TS2322: Type 'Element' is not assignable to type 'string'.
src/app/(dashboard)/communications/notifications/settings/_components/NotificationSettingsContent.tsx(233,11): error TS2322: Type 'Element' is not assignable to type 'string'.
src/app/(dashboard)/communications/notifications/settings/_components/NotificationSettingsContent.tsx(234,11): error TS2322: Type 'Element' is not assignable to type 'string'.
src/app/(dashboard)/communications/notifications/settings/_components/NotificationSettingsContent.tsx(236,16): error TS2559: Type '{ children: string; }' has no properties in common with type 'LabelProps'.
src/app/(dashboard)/communications/notifications/settings/_components/NotificationSettingsContent.tsx(239,35): error TS7006: Parameter 'checked' implicitly has an 'any' type.
src/app/(dashboard)/communications/notifications/settings/_components/NotificationSettingsContent.tsx(257,37): error TS7006: Parameter 'checked' implicitly has an 'any' type.
src/app/(dashboard)/communications/notifications/settings/_components/NotificationSettingsContent.tsx(279,11): error TS2322: Type 'Element' is not assignable to type 'string'.
src/app/(dashboard)/communications/notifications/settings/_components/NotificationSettingsContent.tsx(281,11): error TS2322: Type 'Element' is not assignable to type 'string'.
src/app/(dashboard)/communications/notifications/settings/_components/NotificationSettingsContent.tsx(282,11): error TS2322: Type 'Element' is not assignable to type 'string'.
src/app/(dashboard)/communications/notifications/settings/_components/NotificationSettingsContent.tsx(284,16): error TS2559: Type '{ children: string; }' has no properties in common with type 'LabelProps'.
src/app/(dashboard)/communications/notifications/settings/_components/NotificationSettingsContent.tsx(287,35): error TS7006: Parameter 'checked' implicitly has an 'any' type.
src/app/(dashboard)/communications/notifications/settings/_components/NotificationSettingsContent.tsx(303,11): error TS2322: Type 'Element' is not assignable to type 'string'.
src/app/(dashboard)/communications/notifications/settings/_components/NotificationSettingsContent.tsx(305,11): error TS2322: Type 'undefined' is not assignable to type 'string'.
src/app/(dashboard)/communications/notifications/settings/_components/NotificationSettingsContent.tsx(306,11): error TS2322: Type 'Element' is not assignable to type 'string'.
src/app/(dashboard)/communications/notifications/settings/_components/NotificationSettingsContent.tsx(308,16): error TS2559: Type '{ children: string; }' has no properties in common with type 'LabelProps'.
src/app/(dashboard)/communications/notifications/settings/_components/NotificationSettingsContent.tsx(311,35): error TS7006: Parameter 'checked' implicitly has an 'any' type.
src/app/(dashboard)/communications/templates/_components/TemplatesContent.tsx(49,39): error TS2345: Argument of type '{ type: "message" | "email" | "sms" | "broadcast" | undefined; category: "custom" | "appointment" | "emergency" | "health" | "medication" | "general" | "incident" | "reminder" | "announcement" | undefined; search: string | undefined; limit: number; sortBy: "createdAt"; sortOrder: "desc"; }' is not assignable to parameter of type '{ limit: number; offset: number; sortBy: "name" | "createdAt" | "usageCount" | "lastUsedAt"; sortOrder: "desc" | "asc"; type?: "message" | "email" | "sms" | "broadcast" | undefined; ... 5 more ...; search?: string | undefined; }'.
src/app/(dashboard)/communications/templates/_components/TemplatesContent.tsx(131,10): error TS2322: Type '{ children: (string | Element)[]; onClick: () => void; }' is not assignable to type 'ButtonProps'.
src/app/(dashboard)/communications/templates/_components/TemplatesContent.tsx(146,26): error TS7006: Parameter 'e' implicitly has an 'any' type.
src/app/(dashboard)/communications/templates/_components/TemplatesContent.tsx(153,10): error TS2741: Property 'options' is missing in type '{ children: Element[]; value: "message" | "all" | "email" | "sms" | "broadcast"; onValueChange: (v: any) => void; }' but required in type 'SelectProps'.
src/app/(dashboard)/communications/templates/_components/TemplatesContent.tsx(153,52): error TS7006: Parameter 'v' implicitly has an 'any' type.
src/app/(dashboard)/communications/templates/_components/TemplatesContent.tsx(168,10): error TS2741: Property 'options' is missing in type '{ children: Element[]; value: "custom" | "all" | "appointment" | "emergency" | "health" | "medication" | "general" | "incident" | "reminder" | "announcement"; onValueChange: (v: any) => void; }' but required in type 'SelectProps'.
src/app/(dashboard)/communications/templates/_components/TemplatesContent.tsx(168,56): error TS7006: Parameter 'v' implicitly has an 'any' type.
src/app/(dashboard)/communications/templates/_components/TemplatesContent.tsx(190,23): error TS2322: Type '{ key: number; className: string; }' is not assignable to type 'SkeletonProps'.
src/app/(dashboard)/communications/templates/_components/TemplatesContent.tsx(195,11): error TS2322: Type 'Element' is not assignable to type 'ReactNode'.
src/app/(dashboard)/communications/templates/_components/TemplatesContent.tsx(196,13): error TS2322: Type 'Element' is not assignable to type 'string'.
src/app/(dashboard)/communications/templates/_components/TemplatesContent.tsx(197,13): error TS2322: Type 'Element' is not assignable to type 'string'.
src/app/(dashboard)/communications/templates/_components/TemplatesContent.tsx(198,13): error TS2322: Type 'Element' is not assignable to type 'string'.
src/app/(dashboard)/communications/templates/_components/TemplatesContent.tsx(201,13): error TS2322: Type 'Element' is not assignable to type 'string'.
src/app/(dashboard)/communications/templates/_components/TemplatesContent.tsx(201,14): error TS2322: Type '{ children: (string | Element)[]; className: string; onClick: () => void; }' is not assignable to type 'ButtonProps'.
src/app/(dashboard)/communications/templates/_components/TemplatesContent.tsx(218,15): error TS2322: Type 'Element' is not assignable to type 'string'.
src/app/(dashboard)/communications/templates/_components/TemplatesContent.tsx(219,17): error TS2322: Type 'Element' is not assignable to type 'string'.
src/app/(dashboard)/communications/templates/_components/TemplatesContent.tsx(229,17): error TS2322: Type 'Element' is not assignable to type 'string'.
src/app/(dashboard)/communications/templates/_components/TemplatesContent.tsx(230,26): error TS2322: Type '"outline"' is not assignable to type '"error" | "success" | "warning" | "info" | "default" | "primary" | "secondary" | "danger" | undefined'.
src/app/(dashboard)/communications/templates/_components/TemplatesContent.tsx(233,48): error TS2322: Type '"outline"' is not assignable to type '"error" | "success" | "warning" | "info" | "default" | "primary" | "secondary" | "danger" | undefined'.
src/app/(dashboard)/communications/templates/_components/TemplatesContent.tsx(236,15): error TS2322: Type 'Element' is not assignable to type 'string'.
src/app/(dashboard)/communications/templates/_components/TemplatesContent.tsx(237,17): error TS2322: Type 'Element' is not assignable to type 'ReactNode'.
src/app/(dashboard)/communications/templates/_components/TemplatesContent.tsx(245,91): error TS7006: Parameter 'e' implicitly has an 'any' type.
src/app/(dashboard)/communications/templates/_components/TemplatesContent.tsx(248,23): error TS2322: Type '"icon"' is not assignable to type '"xs" | "sm" | "lg" | "xl" | "md" | undefined'.
src/app/(dashboard)/communications/templates/_components/TemplatesContent.tsx(257,25): error TS2322: Type '"icon"' is not assignable to type '"xs" | "sm" | "lg" | "xl" | "md" | undefined'.
src/app/(dashboard)/communications/templates/new/_components/NewTemplateContent.tsx(48,5): error TS2719: Type 'import("/home/user/white-cross/frontend/node_modules/react-hook-form/dist/types/resolvers").Resolver<{ name: string; type: "message" | "email" | "sms" | "broadcast"; category: "custom" | "appointment" | "emergency" | "health" | "medication" | "general" | "incident" | "reminder" | "announcement"; ... 8 more ...; broa...' is not assignable to type 'import("/home/user/white-cross/frontend/node_modules/react-hook-form/dist/types/resolvers").Resolver<{ name: string; type: "message" | "email" | "sms" | "broadcast"; category: "custom" | "appointment" | "emergency" | "health" | "medication" | "general" | "incident" | "reminder" | "announcement"; ... 8 more ...; broa...'. Two different types with this name exist, but they are unrelated.
src/app/(dashboard)/communications/templates/new/_components/NewTemplateContent.tsx(109,11): error TS2322: Type '"icon"' is not assignable to type '"xs" | "sm" | "lg" | "xl" | "md" | undefined'.
src/app/(dashboard)/communications/templates/new/_components/NewTemplateContent.tsx(123,8): error TS2559: Type '{ children: Element; watch: UseFormWatch<{ name: string; type: "message" | "email" | "sms" | "broadcast"; category: "custom" | "appointment" | "emergency" | "health" | "medication" | "general" | "incident" | "reminder" | "announcement"; ... 8 more ...; broadcastCategory?: "other" | ... 7 more ... | undefined; }>; .....' has no properties in common with type 'FormProps'.
src/app/(dashboard)/communications/templates/new/_components/NewTemplateContent.tsx(124,43): error TS2345: Argument of type '(data: CreateTemplateInput) => Promise<void>' is not assignable to parameter of type 'SubmitHandler<TFieldValues>'.
src/app/(dashboard)/communications/templates/new/_components/NewTemplateContent.tsx(126,13): error TS2322: Type 'Element' is not assignable to type 'string'.
src/app/(dashboard)/communications/templates/new/_components/NewTemplateContent.tsx(127,15): error TS2322: Type 'Element' is not assignable to type 'ReactNode'.
src/app/(dashboard)/communications/templates/new/_components/NewTemplateContent.tsx(129,13): error TS2322: Type 'Element' is not assignable to type 'string'.
src/app/(dashboard)/communications/templates/new/_components/NewTemplateContent.tsx(130,15): error TS2322: Type 'Element' is not assignable to type 'string'.
src/app/(dashboard)/communications/templates/new/_components/NewTemplateContent.tsx(131,15): error TS2322: Type 'Element' is not assignable to type 'string'.
src/app/(dashboard)/communications/templates/new/_components/NewTemplateContent.tsx(132,17): error TS2322: Type '{ control: Control<{ name: string; type: "message" | "email" | "sms" | "broadcast"; category: "custom" | "appointment" | "emergency" | "health" | "medication" | "general" | "incident" | "reminder" | "announcement"; ... 8 more ...; broadcastCategory?: "other" | ... 7 more ... | undefined; }, any, TFieldValues>; name:...' is not assignable to type 'FormFieldProps'.
src/app/(dashboard)/communications/templates/new/_components/NewTemplateContent.tsx(134,28): error TS7031: Binding element 'field' implicitly has an 'any' type.
src/app/(dashboard)/communications/templates/new/_components/NewTemplateContent.tsx(145,15): error TS2322: Type 'Element' is not assignable to type 'string'.
src/app/(dashboard)/communications/templates/new/_components/NewTemplateContent.tsx(146,15): error TS2322: Type 'Element' is not assignable to type 'string'.
src/app/(dashboard)/communications/templates/new/_components/NewTemplateContent.tsx(147,17): error TS2322: Type '{ control: Control<{ name: string; type: "message" | "email" | "sms" | "broadcast"; category: "custom" | "appointment" | "emergency" | "health" | "medication" | "general" | "incident" | "reminder" | "announcement"; ... 8 more ...; broadcastCategory?: "other" | ... 7 more ... | undefined; }, any, TFieldValues>; name:...' is not assignable to type 'FormFieldProps'.
src/app/(dashboard)/communications/templates/new/_components/NewTemplateContent.tsx(149,28): error TS7031: Binding element 'field' implicitly has an 'any' type.
src/app/(dashboard)/communications/templates/new/_components/NewTemplateContent.tsx(164,15): error TS2322: Type 'Element' is not assignable to type 'string'.
src/app/(dashboard)/communications/templates/new/_components/NewTemplateContent.tsx(165,15): error TS2322: Type 'Element' is not assignable to type 'string'.
src/app/(dashboard)/communications/templates/new/_components/NewTemplateContent.tsx(167,19): error TS2322: Type '{ control: Control<{ name: string; type: "message" | "email" | "sms" | "broadcast"; category: "custom" | "appointment" | "emergency" | "health" | "medication" | "general" | "incident" | "reminder" | "announcement"; ... 8 more ...; broadcastCategory?: "other" | ... 7 more ... | undefined; }, any, TFieldValues>; name:...' is not assignable to type 'FormFieldProps'.
src/app/(dashboard)/communications/templates/new/_components/NewTemplateContent.tsx(169,30): error TS7031: Binding element 'field' implicitly has an 'any' type.
src/app/(dashboard)/communications/templates/new/_components/NewTemplateContent.tsx(172,24): error TS2741: Property 'options' is missing in type '{ children: Element[]; value: any; onValueChange: any; }' but required in type 'SelectProps'.
src/app/(dashboard)/communications/templates/new/_components/NewTemplateContent.tsx(191,19): error TS2322: Type '{ control: Control<{ name: string; type: "message" | "email" | "sms" | "broadcast"; category: "custom" | "appointment" | "emergency" | "health" | "medication" | "general" | "incident" | "reminder" | "announcement"; ... 8 more ...; broadcastCategory?: "other" | ... 7 more ... | undefined; }, any, TFieldValues>; name:...' is not assignable to type 'FormFieldProps'.
src/app/(dashboard)/communications/templates/new/_components/NewTemplateContent.tsx(193,30): error TS7031: Binding element 'field' implicitly has an 'any' type.
src/app/(dashboard)/communications/templates/new/_components/NewTemplateContent.tsx(196,24): error TS2741: Property 'options' is missing in type '{ children: Element[]; value: any; onValueChange: any; }' but required in type 'SelectProps'.
src/app/(dashboard)/communications/templates/new/_components/NewTemplateContent.tsx(220,15): error TS2322: Type 'undefined' is not assignable to type 'string'.
src/app/(dashboard)/communications/templates/new/_components/NewTemplateContent.tsx(221,15): error TS2322: Type 'Element' is not assignable to type 'string'.
src/app/(dashboard)/communications/templates/new/_components/NewTemplateContent.tsx(222,17): error TS2322: Type '{ control: Control<{ name: string; type: "message" | "email" | "sms" | "broadcast"; category: "custom" | "appointment" | "emergency" | "health" | "medication" | "general" | "incident" | "reminder" | "announcement"; ... 8 more ...; broadcastCategory?: "other" | ... 7 more ... | undefined; }, any, TFieldValues>; name:...' is not assignable to type 'FormFieldProps'.
src/app/(dashboard)/communications/templates/new/_components/NewTemplateContent.tsx(224,28): error TS7031: Binding element 'field' implicitly has an 'any' type.
src/app/(dashboard)/communications/templates/new/_components/NewTemplateContent.tsx(238,15): error TS2322: Type 'undefined' is not assignable to type 'string'.
src/app/(dashboard)/communications/templates/new/_components/NewTemplateContent.tsx(239,15): error TS2322: Type 'Element' is not assignable to type 'string'.
src/app/(dashboard)/communications/templates/new/_components/NewTemplateContent.tsx(240,17): error TS2322: Type '{ control: Control<{ name: string; type: "message" | "email" | "sms" | "broadcast"; category: "custom" | "appointment" | "emergency" | "health" | "medication" | "general" | "incident" | "reminder" | "announcement"; ... 8 more ...; broadcastCategory?: "other" | ... 7 more ... | undefined; }, any, TFieldValues>; name:...' is not assignable to type 'FormFieldProps'.
src/app/(dashboard)/communications/templates/new/_components/NewTemplateContent.tsx(242,28): error TS7031: Binding element 'field' implicitly has an 'any' type.
src/app/(dashboard)/communications/templates/new/_components/NewTemplateContent.tsx(260,15): error TS2322: Type 'undefined' is not assignable to type 'string'.
src/app/(dashboard)/communications/templates/new/_components/NewTemplateContent.tsx(261,15): error TS2322: Type 'Element' is not assignable to type 'string'.
src/app/(dashboard)/communications/templates/new/_components/NewTemplateContent.tsx(263,19): error TS2322: Type '{ control: Control<{ name: string; type: "message" | "email" | "sms" | "broadcast"; category: "custom" | "appointment" | "emergency" | "health" | "medication" | "general" | "incident" | "reminder" | "announcement"; ... 8 more ...; broadcastCategory?: "other" | ... 7 more ... | undefined; }, any, TFieldValues>; name:...' is not assignable to type 'FormFieldProps'.
src/app/(dashboard)/communications/templates/new/_components/NewTemplateContent.tsx(265,30): error TS7031: Binding element 'field' implicitly has an 'any' type.
src/app/(dashboard)/communications/templates/new/_components/NewTemplateContent.tsx(285,13): error TS2322: Type 'Element' is not assignable to type 'string'.
src/app/(dashboard)/communications/templates/new/_components/NewTemplateContent.tsx(286,15): error TS2322: Type 'Element' is not assignable to type 'ReactNode'.
src/app/(dashboard)/communications/templates/new/_components/NewTemplateContent.tsx(288,18): error TS2322: Type '{ children: (string | Element)[]; type: string; variant: "outline"; size: "sm"; onClick: () => void; }' is not assignable to type 'ButtonProps'.
src/app/(dashboard)/communications/templates/new/_components/NewTemplateContent.tsx(294,13): error TS2322: Type 'Element' is not assignable to type 'string'.
src/app/(dashboard)/communications/templates/new/_components/NewTemplateContent.tsx(295,15): error TS2322: Type 'Element' is not assignable to type 'ReactNode'.
src/app/(dashboard)/communications/templates/new/_components/NewTemplateContent.tsx(309,40): error TS7006: Parameter 'e' implicitly has an 'any' type.
src/app/(dashboard)/communications/templates/new/_components/NewTemplateContent.tsx(317,40): error TS7006: Parameter 'e' implicitly has an 'any' type.
src/app/(dashboard)/communications/templates/new/_components/NewTemplateContent.tsx(325,49): error TS7006: Parameter 'checked' implicitly has an 'any' type.
src/app/(dashboard)/communications/templates/new/_components/NewTemplateContent.tsx(333,25): error TS2322: Type '"icon"' is not assignable to type '"xs" | "sm" | "lg" | "xl" | "md" | undefined'.
src/app/(dashboard)/communications/templates/new/_components/NewTemplateContent.tsx(347,14): error TS2322: Type '{ children: string; type: string; variant: "outline"; onClick: () => void; }' is not assignable to type 'ButtonProps'.
src/app/(dashboard)/communications/templates/new/_components/NewTemplateContent.tsx(354,14): error TS2322: Type '{ children: (string | false | Element)[]; type: string; disabled: boolean; }' is not assignable to type 'ButtonProps'.
src/app/(dashboard)/compliance/audits/page.tsx(37,10): error TS2305: Module '"react"' has no exported member 'Suspense'.
src/app/(dashboard)/compliance/audits/page.tsx(177,12): error TS2322: Type '{ children: (string | Element)[]; variant: "outline"; }' is not assignable to type 'ButtonProps'.
src/app/(dashboard)/compliance/audits/page.tsx(181,12): error TS2322: Type '{ children: (string | Element)[]; variant: "outline"; }' is not assignable to type 'ButtonProps'.
src/app/(dashboard)/compliance/audits/page.tsx(190,9): error TS2322: Type 'Element' is not assignable to type 'ReactNode'.
src/app/(dashboard)/compliance/audits/page.tsx(191,11): error TS2322: Type 'Element' is not assignable to type 'ReactNode'.
src/app/(dashboard)/compliance/audits/page.tsx(209,20): error TS2322: Type '"default" | "destructive"' is not assignable to type '"error" | "success" | "warning" | "info" | "default" | "primary" | "secondary" | "danger" | undefined'.
src/app/(dashboard)/compliance/audits/page.tsx(210,15): error TS2322: Type 'Element' is not assignable to type 'string'.
src/app/(dashboard)/compliance/audits/page.tsx(220,11): error TS2322: Type 'Element' is not assignable to type 'ReactNode'.
src/app/(dashboard)/compliance/audits/page.tsx(221,13): error TS2322: Type 'Element' is not assignable to type 'ReactNode'.
src/app/(dashboard)/compliance/audits/page.tsx(226,19): error TS2322: Type 'Element' is not assignable to type 'string'.
src/app/(dashboard)/compliance/audits/page.tsx(232,19): error TS2322: Type 'Element' is not assignable to type 'string'.
src/app/(dashboard)/compliance/audits/page.tsx(238,19): error TS2322: Type 'Element' is not assignable to type 'string'.
src/app/(dashboard)/compliance/audits/page.tsx(241,16): error TS2322: Type '{ children: string; variant: "ghost"; size: "sm"; }' is not assignable to type 'ButtonProps'.
src/app/(dashboard)/compliance/audits/page.tsx(251,9): error TS2322: Type 'Element' is not assignable to type 'string'.
src/app/(dashboard)/compliance/audits/page.tsx(252,11): error TS2322: Type 'Element' is not assignable to type 'ReactNode'.
src/app/(dashboard)/compliance/audits/page.tsx(259,9): error TS2322: Type 'Element' is not assignable to type 'string'.
src/app/(dashboard)/compliance/audits/page.tsx(260,11): error TS2322: Type 'Element' is not assignable to type 'string'.
src/app/(dashboard)/compliance/audits/page.tsx(282,30): error TS2322: Type '"default" | "secondary" | "outline" | "destructive"' is not assignable to type '"error" | "success" | "warning" | "info" | "default" | "primary" | "secondary" | "danger" | undefined'.
src/app/(dashboard)/compliance/audits/page.tsx(287,32): error TS2322: Type '"outline"' is not assignable to type '"error" | "success" | "warning" | "info" | "default" | "primary" | "secondary" | "danger" | undefined'.
src/app/(dashboard)/compliance/audits/page.tsx(292,32): error TS2322: Type '"outline"' is not assignable to type '"error" | "success" | "warning" | "info" | "default" | "primary" | "secondary" | "danger" | undefined'.
src/app/(dashboard)/compliance/audits/page.tsx(342,28): error TS2322: Type '"default" | "destructive"' is not assignable to type '"error" | "success" | "warning" | "info" | "default" | "primary" | "secondary" | "danger" | undefined'.
src/app/(dashboard)/compliance/audits/page.tsx(351,11): error TS2322: Type 'Element' is not assignable to type 'string'.
src/app/(dashboard)/compliance/audits/page.tsx(352,11): error TS2322: Type 'Element' is not assignable to type 'string'.
src/app/(dashboard)/compliance/audits/page.tsx(357,16): error TS2322: Type '{ children: Element; variant: "outline"; size: "sm"; disabled: boolean; asChild: boolean; }' is not assignable to type 'ButtonProps'.
src/app/(dashboard)/compliance/audits/page.tsx(369,16): error TS2322: Type '{ children: Element; variant: "outline"; size: "sm"; disabled: boolean; asChild: boolean; }' is not assignable to type 'ButtonProps'.
src/app/(dashboard)/compliance/error.tsx(94,7): error TS2322: Type 'Element' is not assignable to type 'ReactNode'.
src/app/(dashboard)/compliance/policies/page.tsx(149,10): error TS2559: Type '{ children: (string | Element)[]; }' has no properties in common with type 'ButtonProps'.
src/app/(dashboard)/compliance/policies/page.tsx(158,11): error TS2322: Type 'Element' is not assignable to type 'string'.
src/app/(dashboard)/compliance/policies/page.tsx(159,13): error TS2322: Type 'Element' is not assignable to type 'string'.
src/app/(dashboard)/compliance/policies/page.tsx(160,13): error TS2322: Type 'Element' is not assignable to type 'string'.
src/app/(dashboard)/compliance/policies/page.tsx(162,11): error TS2322: Type 'Element' is not assignable to type 'string'.
src/app/(dashboard)/compliance/policies/page.tsx(163,13): error TS2322: Type 'Element' is not assignable to type 'string'.
src/app/(dashboard)/compliance/policies/page.tsx(164,13): error TS2322: Type 'Element' is not assignable to type 'string'.
src/app/(dashboard)/compliance/policies/page.tsx(171,11): error TS2322: Type 'Element' is not assignable to type 'string'.
src/app/(dashboard)/compliance/policies/page.tsx(172,13): error TS2322: Type 'Element' is not assignable to type 'string'.
src/app/(dashboard)/compliance/policies/page.tsx(173,13): error TS2322: Type 'Element' is not assignable to type 'string'.
src/app/(dashboard)/compliance/policies/page.tsx(175,11): error TS2322: Type 'Element' is not assignable to type 'string'.
src/app/(dashboard)/compliance/policies/page.tsx(176,13): error TS2322: Type 'Element' is not assignable to type 'string'.
src/app/(dashboard)/compliance/policies/page.tsx(177,13): error TS2322: Type 'Element' is not assignable to type 'string'.
src/app/(dashboard)/compliance/policies/page.tsx(184,11): error TS2322: Type 'Element' is not assignable to type 'string'.
src/app/(dashboard)/compliance/policies/page.tsx(185,13): error TS2322: Type 'Element' is not assignable to type 'string'.
src/app/(dashboard)/compliance/policies/page.tsx(186,13): error TS2322: Type 'Element' is not assignable to type 'string'.
src/app/(dashboard)/compliance/policies/page.tsx(188,11): error TS2322: Type 'Element' is not assignable to type 'string'.
src/app/(dashboard)/compliance/policies/page.tsx(189,13): error TS2322: Type 'Element' is not assignable to type 'string'.
src/app/(dashboard)/compliance/policies/page.tsx(190,13): error TS2322: Type 'Element' is not assignable to type 'string'.
src/app/(dashboard)/compliance/policies/page.tsx(197,11): error TS2322: Type 'Element' is not assignable to type 'string'.
src/app/(dashboard)/compliance/policies/page.tsx(198,13): error TS2322: Type 'Element' is not assignable to type 'string'.
src/app/(dashboard)/compliance/policies/page.tsx(199,13): error TS2322: Type 'Element' is not assignable to type 'string'.
src/app/(dashboard)/compliance/policies/page.tsx(201,11): error TS2322: Type 'Element' is not assignable to type 'string'.
src/app/(dashboard)/compliance/policies/page.tsx(202,13): error TS2322: Type 'Element' is not assignable to type 'string'.
src/app/(dashboard)/compliance/policies/page.tsx(203,13): error TS2322: Type 'Element' is not assignable to type 'string'.
src/app/(dashboard)/compliance/policies/page.tsx(212,9): error TS2322: Type 'Element' is not assignable to type 'string'.
src/app/(dashboard)/compliance/policies/page.tsx(213,11): error TS2322: Type 'Element' is not assignable to type 'ReactNode'.
src/app/(dashboard)/compliance/policies/page.tsx(216,16): error TS2322: Type '{ children: string; variant: "outline"; size: "sm"; }' is not assignable to type 'ButtonProps'.
src/app/(dashboard)/compliance/policies/page.tsx(219,16): error TS2322: Type '{ children: string; variant: "outline"; size: "sm"; }' is not assignable to type 'ButtonProps'.
src/app/(dashboard)/compliance/policies/page.tsx(225,9): error TS2322: Type 'Element' is not assignable to type 'string'.
src/app/(dashboard)/compliance/policies/page.tsx(226,11): error TS2322: Type 'Element' is not assignable to type 'ReactNode'.
src/app/(dashboard)/compliance/policies/page.tsx(238,32): error TS2322: Type '"default" | "secondary" | "outline" | "destructive"' is not assignable to type '"error" | "success" | "warning" | "info" | "default" | "primary" | "secondary" | "danger" | undefined'.
src/app/(dashboard)/compliance/policies/page.tsx(241,32): error TS2322: Type '"outline"' is not assignable to type '"error" | "success" | "warning" | "info" | "default" | "primary" | "secondary" | "danger" | undefined'.
src/app/(dashboard)/compliance/policies/page.tsx(268,20): error TS2322: Type '{ children: string; variant: "outline"; size: "sm"; }' is not assignable to type 'ButtonProps'.
src/app/(dashboard)/compliance/policies/page.tsx(271,20): error TS2322: Type '{ children: string; variant: "outline"; size: "sm"; }' is not assignable to type 'ButtonProps'.
src/app/(dashboard)/compliance/reports/page.tsx(120,10): error TS2559: Type '{ children: (string | Element)[]; }' has no properties in common with type 'ButtonProps'.
src/app/(dashboard)/compliance/reports/page.tsx(130,13): error TS2322: Type 'Element' is not assignable to type 'string'.
src/app/(dashboard)/compliance/reports/page.tsx(131,15): error TS2322: Type 'Element' is not assignable to type 'ReactNode'.
src/app/(dashboard)/compliance/reports/page.tsx(132,17): error TS2322: Type 'Element' is not assignable to type 'string'.
src/app/(dashboard)/compliance/reports/page.tsx(136,13): error TS2322: Type 'Element' is not assignable to type 'string'.
src/app/(dashboard)/compliance/reports/page.tsx(137,15): error TS2322: Type 'Element' is not assignable to type 'string'.
src/app/(dashboard)/compliance/reports/page.tsx(140,15): error TS2322: Type 'Element' is not assignable to type 'string'.
src/app/(dashboard)/compliance/reports/page.tsx(140,16): error TS2322: Type '{ children: string; size: "sm"; className: string; }' is not assignable to type 'ButtonProps'.
src/app/(dashboard)/compliance/reports/page.tsx(150,9): error TS2322: Type 'Element' is not assignable to type 'string'.
src/app/(dashboard)/compliance/reports/page.tsx(151,11): error TS2322: Type 'Element' is not assignable to type 'ReactNode'.
src/app/(dashboard)/compliance/reports/page.tsx(153,14): error TS2322: Type '{ children: string; variant: "outline"; size: "sm"; }' is not assignable to type 'ButtonProps'.
src/app/(dashboard)/compliance/reports/page.tsx(158,9): error TS2322: Type 'Element' is not assignable to type 'string'.
src/app/(dashboard)/compliance/reports/page.tsx(159,11): error TS2322: Type 'Element' is not assignable to type 'ReactNode'.
src/app/(dashboard)/compliance/reports/page.tsx(170,30): error TS2322: Type '"default" | "secondary" | "outline" | "destructive"' is not assignable to type '"error" | "success" | "warning" | "info" | "default" | "primary" | "secondary" | "danger" | undefined'.
src/app/(dashboard)/compliance/reports/page.tsx(182,18): error TS2322: Type '{ children: (string | Element)[]; variant: "outline"; size: "sm"; }' is not assignable to type 'ButtonProps'.
src/app/(dashboard)/compliance/training/page.tsx(133,10): error TS2559: Type '{ children: string; }' has no properties in common with type 'ButtonProps'.
src/app/(dashboard)/compliance/training/page.tsx(141,11): error TS2322: Type 'Element' is not assignable to type 'string'.
src/app/(dashboard)/compliance/training/page.tsx(142,13): error TS2322: Type 'Element' is not assignable to type 'string'.
src/app/(dashboard)/compliance/training/page.tsx(143,13): error TS2322: Type 'Element' is not assignable to type 'string'.
src/app/(dashboard)/compliance/training/page.tsx(145,11): error TS2322: Type 'Element' is not assignable to type 'string'.
src/app/(dashboard)/compliance/training/page.tsx(146,13): error TS2322: Type 'Element' is not assignable to type 'string'.
src/app/(dashboard)/compliance/training/page.tsx(147,13): error TS2322: Type 'Element' is not assignable to type 'string'.
src/app/(dashboard)/compliance/training/page.tsx(154,11): error TS2322: Type 'Element' is not assignable to type 'string'.
src/app/(dashboard)/compliance/training/page.tsx(155,13): error TS2322: Type 'Element' is not assignable to type 'string'.
src/app/(dashboard)/compliance/training/page.tsx(156,13): error TS2322: Type 'Element' is not assignable to type 'string'.
src/app/(dashboard)/compliance/training/page.tsx(158,11): error TS2322: Type 'Element' is not assignable to type 'string'.
src/app/(dashboard)/compliance/training/page.tsx(159,13): error TS2322: Type 'Element' is not assignable to type 'string'.
src/app/(dashboard)/compliance/training/page.tsx(160,13): error TS2322: Type 'Element' is not assignable to type 'string'.
src/app/(dashboard)/compliance/training/page.tsx(167,11): error TS2322: Type 'Element' is not assignable to type 'string'.
src/app/(dashboard)/compliance/training/page.tsx(168,13): error TS2322: Type 'Element' is not assignable to type 'string'.
src/app/(dashboard)/compliance/training/page.tsx(169,13): error TS2322: Type 'Element' is not assignable to type 'string'.
src/app/(dashboard)/compliance/training/page.tsx(171,11): error TS2322: Type 'Element' is not assignable to type 'string'.
src/app/(dashboard)/compliance/training/page.tsx(172,13): error TS2322: Type 'Element' is not assignable to type 'string'.
src/app/(dashboard)/compliance/training/page.tsx(173,13): error TS2322: Type 'Element' is not assignable to type 'string'.
src/app/(dashboard)/compliance/training/page.tsx(180,11): error TS2322: Type 'Element' is not assignable to type 'string'.
src/app/(dashboard)/compliance/training/page.tsx(181,13): error TS2322: Type 'Element' is not assignable to type 'string'.
src/app/(dashboard)/compliance/training/page.tsx(182,13): error TS2322: Type 'Element' is not assignable to type 'string'.
src/app/(dashboard)/compliance/training/page.tsx(184,11): error TS2322: Type 'Element' is not assignable to type 'string'.
src/app/(dashboard)/compliance/training/page.tsx(185,13): error TS2322: Type 'Element' is not assignable to type 'string'.
src/app/(dashboard)/compliance/training/page.tsx(186,13): error TS2322: Type 'Element' is not assignable to type 'string'.
src/app/(dashboard)/compliance/training/page.tsx(195,9): error TS2322: Type 'Element' is not assignable to type 'string'.
src/app/(dashboard)/compliance/training/page.tsx(196,11): error TS2322: Type 'Element' is not assignable to type 'ReactNode'.
src/app/(dashboard)/compliance/training/page.tsx(198,9): error TS2322: Type 'Element' is not assignable to type 'string'.
src/app/(dashboard)/compliance/training/page.tsx(199,11): error TS2322: Type 'Element' is not assignable to type 'ReactNode'.
src/app/(dashboard)/compliance/training/page.tsx(208,28): error TS2322: Type '"default" | "outline" | "destructive"' is not assignable to type '"error" | "success" | "warning" | "info" | "default" | "primary" | "secondary" | "danger" | undefined'.
src/app/(dashboard)/compliance/training/page.tsx(230,18): error TS2322: Type '{ children: string; variant: "outline"; size: "sm"; }' is not assignable to type 'ButtonProps'.
src/app/(dashboard)/compliance/training/page.tsx(241,9): error TS2322: Type 'Element' is not assignable to type 'string'.
src/app/(dashboard)/compliance/training/page.tsx(242,11): error TS2322: Type 'Element' is not assignable to type 'ReactNode'.
src/app/(dashboard)/compliance/training/page.tsx(244,14): error TS2322: Type '{ children: string; variant: "outline"; size: "sm"; }' is not assignable to type 'ButtonProps'.
src/app/(dashboard)/compliance/training/page.tsx(249,9): error TS2322: Type 'Element' is not assignable to type 'string'.
src/app/(dashboard)/compliance/training/page.tsx(250,11): error TS2322: Type 'Element' is not assignable to type 'ReactNode'.
src/app/(dashboard)/compliance/training/page.tsx(261,30): error TS2322: Type '"outline"' is not assignable to type '"error" | "success" | "warning" | "info" | "default" | "primary" | "secondary" | "danger" | undefined'.
src/app/(dashboard)/compliance/training/page.tsx(274,26): error TS2322: Type '"default" | "secondary" | "outline" | "destructive"' is not assignable to type '"error" | "success" | "warning" | "info" | "default" | "primary" | "secondary" | "danger" | undefined'.
src/app/(dashboard)/compliance/training/page.tsx(277,20): error TS2322: Type '{ children: string; variant: "outline"; size: "sm"; }' is not assignable to type 'ButtonProps'.
src/app/(dashboard)/dashboard/error.tsx(23,7): error TS2322: Type 'Element' is not assignable to type 'ReactNode'.
src/app/(dashboard)/dashboard/page.tsx(64,7): error TS2322: Type 'Element' is not assignable to type 'ReactNode'.
src/app/(dashboard)/documents/[id]/page.tsx(46,10): error TS2305: Module '"react"' has no exported member 'Suspense'.
src/app/(dashboard)/documents/[id]/sign/page.tsx(60,10): error TS2305: Module '"react"' has no exported member 'Suspense'.
src/app/(dashboard)/documents/error.tsx(107,7): error TS2322: Type 'Element' is not assignable to type 'ReactNode'.
src/app/(dashboard)/documents/page.tsx(41,10): error TS2305: Module '"react"' has no exported member 'Suspense'.
src/app/(dashboard)/documents/page.tsx(118,10): error TS2741: Property 'documents' is missing in type '{}' but required in type 'DocumentsListProps'.
src/app/(dashboard)/documents/templates/[id]/edit/page.tsx(70,10): error TS2305: Module '"react"' has no exported member 'Suspense'.
src/app/(dashboard)/documents/templates/page.tsx(61,10): error TS2305: Module '"react"' has no exported member 'Suspense'.
src/app/(dashboard)/documents/upload/page.tsx(106,10): error TS2305: Module '"react"' has no exported member 'Suspense'.
src/app/(dashboard)/forms/[id]/edit/page.tsx(87,10): error TS2305: Module '"react"' has no exported member 'Suspense'.
src/app/(dashboard)/forms/[id]/responses/page.tsx(97,10): error TS2305: Module '"react"' has no exported member 'Suspense'.
src/app/(dashboard)/forms/loading.tsx(93,7): error TS2322: Type 'Element' is not assignable to type 'ReactNode'.
src/app/(dashboard)/forms/new/page.tsx(107,10): error TS2305: Module '"react"' has no exported member 'Suspense'.
src/app/(dashboard)/forms/page.tsx(82,10): error TS2305: Module '"react"' has no exported member 'Suspense'.
src/app/(dashboard)/immunizations/due/page.tsx(178,14): error TS2322: Type '{ children: (string | Element)[]; variant: "primary"; className: string; }' is not assignable to type 'ButtonProps'.
src/app/(dashboard)/immunizations/due/page.tsx(206,11): error TS2322: Type 'Element' is not assignable to type 'ReactNode'.
src/app/(dashboard)/immunizations/due/page.tsx(220,11): error TS2322: Type 'Element' is not assignable to type 'ReactNode'.
src/app/(dashboard)/immunizations/due/page.tsx(234,11): error TS2322: Type 'Element' is not assignable to type 'ReactNode'.
src/app/(dashboard)/immunizations/due/page.tsx(248,11): error TS2322: Type 'Element' is not assignable to type 'ReactNode'.
src/app/(dashboard)/immunizations/due/page.tsx(264,9): error TS2322: Type 'Element' is not assignable to type 'ReactNode'.
src/app/(dashboard)/immunizations/due/page.tsx(275,28): error TS7006: Parameter 'e' implicitly has an 'any' type.
src/app/(dashboard)/immunizations/due/page.tsx(285,14): error TS2741: Property 'options' is missing in type '{ children: Element[]; value: string; onChange: (e: string | number | (string | number)[]) => void; }' but required in type 'SelectProps'.
src/app/(dashboard)/immunizations/due/page.tsx(287,50): error TS2339: Property 'target' does not exist on type 'string | number | (string | number)[]'.
src/app/(dashboard)/immunizations/due/page.tsx(299,14): error TS2741: Property 'options' is missing in type '{ children: Element[]; value: string; onChange: (e: string | number | (string | number)[]) => void; }' but required in type 'SelectProps'.
src/app/(dashboard)/immunizations/due/page.tsx(301,49): error TS2339: Property 'target' does not exist on type 'string | number | (string | number)[]'.
src/app/(dashboard)/immunizations/due/page.tsx(324,9): error TS2322: Type 'Element' is not assignable to type 'string'.
src/app/(dashboard)/immunizations/due/page.tsx(328,9): error TS2322: Type 'Element' is not assignable to type 'string'.
src/app/(dashboard)/immunizations/due/page.tsx(398,22): error TS2322: Type '{ children: string; variant: "primary"; size: "sm"; onClick: (e: any) => void; }' is not assignable to type 'ButtonProps'.
src/app/(dashboard)/immunizations/due/page.tsx(401,33): error TS7006: Parameter 'e' implicitly has an 'any' type.
src/app/(dashboard)/immunizations/page.tsx(171,14): error TS2322: Type '{ children: (string | Element)[]; variant: "outline"; className: string; }' is not assignable to type 'ButtonProps'.
src/app/(dashboard)/immunizations/page.tsx(177,14): error TS2322: Type '{ children: (string | Element)[]; variant: "primary"; className: string; }' is not assignable to type 'ButtonProps'.
src/app/(dashboard)/immunizations/page.tsx(188,11): error TS2322: Type 'Element' is not assignable to type 'ReactNode'.
src/app/(dashboard)/immunizations/page.tsx(202,11): error TS2322: Type 'Element' is not assignable to type 'ReactNode'.
src/app/(dashboard)/immunizations/page.tsx(216,11): error TS2322: Type 'Element' is not assignable to type 'ReactNode'.
src/app/(dashboard)/immunizations/page.tsx(230,11): error TS2322: Type 'Element' is not assignable to type 'ReactNode'.
src/app/(dashboard)/immunizations/page.tsx(246,9): error TS2322: Type 'Element' is not assignable to type 'ReactNode'.
src/app/(dashboard)/immunizations/page.tsx(257,28): error TS7006: Parameter 'e' implicitly has an 'any' type.
src/app/(dashboard)/immunizations/page.tsx(267,14): error TS2741: Property 'options' is missing in type '{ children: Element[]; value: string; onChange: (e: string | number | (string | number)[]) => void; }' but required in type 'SelectProps'.
src/app/(dashboard)/immunizations/page.tsx(269,50): error TS2339: Property 'target' does not exist on type 'string | number | (string | number)[]'.
src/app/(dashboard)/immunizations/page.tsx(283,14): error TS2741: Property 'options' is missing in type '{ children: Element[]; value: string; onChange: (e: string | number | (string | number)[]) => void; }' but required in type 'SelectProps'.
src/app/(dashboard)/immunizations/page.tsx(285,55): error TS2339: Property 'target' does not exist on type 'string | number | (string | number)[]'.
src/app/(dashboard)/immunizations/page.tsx(305,9): error TS2322: Type 'Element' is not assignable to type 'string'.
src/app/(dashboard)/immunizations/page.tsx(309,9): error TS2322: Type 'Element' is not assignable to type 'string'.
src/app/(dashboard)/immunizations/page.tsx(318,16): error TS2322: Type '{ children: string; variant: "outline"; className: string; }' is not assignable to type 'ButtonProps'.
src/app/(dashboard)/incidents/[id]/follow-up/[followUpId]/page.tsx(135,14): error TS2322: Type '{ children: string; variant: "secondary"; }' is not assignable to type 'ButtonProps'.
src/app/(dashboard)/incidents/[id]/follow-up/[followUpId]/page.tsx(137,12): error TS2559: Type '{ children: string; }' has no properties in common with type 'ButtonProps'.
src/app/(dashboard)/incidents/[id]/follow-up/[followUpId]/page.tsx(142,9): error TS2322: Type 'Element' is not assignable to type 'string'.
src/app/(dashboard)/incidents/[id]/follow-up/[followUpId]/page.tsx(144,18): error TS2322: Type '{ children: string; color: string; }' is not assignable to type 'BadgeProps'.
src/app/(dashboard)/incidents/[id]/follow-up/[followUpId]/page.tsx(146,9): error TS2322: Type 'Element' is not assignable to type 'string'.
src/app/(dashboard)/incidents/[id]/follow-up/[followUpId]/page.tsx(149,9): error TS2322: Type 'Element' is not assignable to type 'string'.
src/app/(dashboard)/incidents/[id]/follow-up/page.tsx(174,14): error TS2322: Type '{ children: string; variant: "secondary"; }' is not assignable to type 'ButtonProps'.
src/app/(dashboard)/incidents/[id]/follow-up/page.tsx(177,14): error TS2559: Type '{ children: string; }' has no properties in common with type 'ButtonProps'.
src/app/(dashboard)/incidents/[id]/follow-up/page.tsx(186,15): error TS2322: Type 'Element' is not assignable to type 'string'.
src/app/(dashboard)/incidents/[id]/follow-up/page.tsx(194,19): error TS2322: Type '{ children: "PENDING" | "VERIFIED" | "IN_PROGRESS" | "COMPLETED" | "OVERDUE" | "CANCELLED" | "DEFERRED" | "BLOCKED"; color: string; }' is not assignable to type 'BadgeProps'.
src/app/(dashboard)/incidents/[id]/follow-up/page.tsx(206,15): error TS2322: Type 'Element' is not assignable to type 'string'.
src/app/(dashboard)/incidents/[id]/follow-up/page.tsx(212,15): error TS2322: Type 'Element' is not assignable to type 'string'.
src/app/(dashboard)/incidents/[id]/follow-up/page.tsx(229,13): error TS2322: Type 'Element' is not assignable to type 'string'.
src/app/(dashboard)/incidents/[id]/follow-up/page.tsx(230,13): error TS2322: Type 'Element' is not assignable to type 'string'.
src/app/(dashboard)/incidents/[id]/follow-up/page.tsx(231,16): error TS2322: Type '{ children: string; className: string; }' is not assignable to type 'ButtonProps'.
src/app/(dashboard)/incidents/[id]/page.tsx(244,20): error TS2322: Type '{ children: string; color: "blue" | "green" | "yellow" | "gray" | "orange"; }' is not assignable to type 'BadgeProps'.
src/app/(dashboard)/incidents/[id]/page.tsx(247,20): error TS2322: Type '{ children: "CRITICAL" | "MODERATE" | "LIFE_THREATENING" | "MINOR" | "SERIOUS"; color: "green" | "red" | "yellow" | "orange"; }' is not assignable to type 'BadgeProps'.
src/app/(dashboard)/incidents/[id]/page.tsx(258,14): error TS2322: Type '{ children: string; variant: "secondary"; }' is not assignable to type 'ButtonProps'.
src/app/(dashboard)/incidents/[id]/page.tsx(261,14): error TS2322: Type '{ children: string; variant: "secondary"; }' is not assignable to type 'ButtonProps'.
src/app/(dashboard)/incidents/[id]/page.tsx(264,14): error TS2559: Type '{ children: string; }' has no properties in common with type 'ButtonProps'.
src/app/(dashboard)/incidents/[id]/page.tsx(274,13): error TS2322: Type 'Element' is not assignable to type 'string'.
src/app/(dashboard)/incidents/[id]/page.tsx(276,13): error TS2322: Type 'Element' is not assignable to type 'string'.
src/app/(dashboard)/incidents/[id]/page.tsx(299,13): error TS2322: Type 'Element' is not assignable to type 'string'.
src/app/(dashboard)/incidents/[id]/page.tsx(306,13): error TS2322: Type 'Element' is not assignable to type 'string'.
src/app/(dashboard)/incidents/[id]/page.tsx(307,13): error TS2322: Type 'Element' is not assignable to type 'string'.
src/app/(dashboard)/incidents/[id]/page.tsx(314,15): error TS2322: Type 'Element' is not assignable to type 'string'.
src/app/(dashboard)/incidents/[id]/page.tsx(315,15): error TS2322: Type 'Element' is not assignable to type 'string'.
src/app/(dashboard)/incidents/[id]/page.tsx(334,15): error TS2322: Type 'Element' is not assignable to type 'string'.
src/app/(dashboard)/incidents/[id]/page.tsx(335,15): error TS2322: Type 'Element' is not assignable to type 'string'.
src/app/(dashboard)/incidents/[id]/page.tsx(358,13): error TS2322: Type 'Element' is not assignable to type 'string'.
src/app/(dashboard)/incidents/[id]/page.tsx(359,13): error TS2322: Type 'Element' is not assignable to type 'string'.
src/app/(dashboard)/incidents/[id]/page.tsx(361,18): error TS2322: Type '{ children: string; className: string; size: "sm"; variant: "secondary"; }' is not assignable to type 'ButtonProps'.
src/app/(dashboard)/incidents/[id]/page.tsx(366,18): error TS2322: Type '{ children: string; className: string; size: "sm"; variant: "secondary"; }' is not assignable to type 'ButtonProps'.
src/app/(dashboard)/incidents/[id]/page.tsx(370,16): error TS2322: Type '{ children: string; className: string; size: "sm"; variant: "secondary"; }' is not assignable to type 'ButtonProps'.
src/app/(dashboard)/incidents/[id]/page.tsx(373,16): error TS2322: Type '{ children: string; className: string; size: "sm"; variant: "secondary"; }' is not assignable to type 'ButtonProps'.
src/app/(dashboard)/incidents/[id]/page.tsx(380,13): error TS2322: Type 'Element' is not assignable to type 'string'.
src/app/(dashboard)/incidents/[id]/page.tsx(381,13): error TS2322: Type 'Element' is not assignable to type 'string'.
src/app/(dashboard)/incidents/[id]/page.tsx(418,15): error TS2322: Type 'Element' is not assignable to type 'string'.
src/app/(dashboard)/incidents/[id]/page.tsx(419,15): error TS2322: Type 'Element' is not assignable to type 'string'.
src/app/(dashboard)/incidents/[id]/page.tsx(421,26): error TS2322: Type '{ children: string; key: string; color: string; }' is not assignable to type 'BadgeProps'.
src/app/(dashboard)/incidents/[id]/page.tsx(431,15): error TS2322: Type 'Element' is not assignable to type 'string'.
src/app/(dashboard)/incidents/[id]/page.tsx(432,15): error TS2322: Type 'Element' is not assignable to type 'string'.
src/app/(dashboard)/incidents/[id]/witnesses/[witnessId]/page.tsx(73,12): error TS2559: Type '{ children: string; }' has no properties in common with type 'ButtonProps'.
src/app/(dashboard)/incidents/[id]/witnesses/page.tsx(132,14): error TS2322: Type '{ children: string; variant: "secondary"; }' is not assignable to type 'ButtonProps'.
src/app/(dashboard)/incidents/[id]/witnesses/page.tsx(135,14): error TS2559: Type '{ children: string; }' has no properties in common with type 'ButtonProps'.
src/app/(dashboard)/incidents/[id]/witnesses/page.tsx(144,15): error TS2322: Type 'Element' is not assignable to type 'string'.
src/app/(dashboard)/incidents/[id]/witnesses/page.tsx(151,24): error TS2322: Type '{ children: string; color: string; }' is not assignable to type 'BadgeProps'.
src/app/(dashboard)/incidents/[id]/witnesses/page.tsx(156,15): error TS2322: Type 'false | Element' is not assignable to type 'string'.
src/app/(dashboard)/incidents/[id]/witnesses/page.tsx(160,31): error TS7006: Parameter 'e' implicitly has an 'any' type.
src/app/(dashboard)/incidents/[id]/witnesses/page.tsx(162,22): error TS2322: Type '{ children: string; size: "sm"; variant: "secondary"; }' is not assignable to type 'ButtonProps'.
src/app/(dashboard)/incidents/[id]/witnesses/page.tsx(174,13): error TS2322: Type 'Element' is not assignable to type 'string'.
src/app/(dashboard)/incidents/[id]/witnesses/page.tsx(175,13): error TS2322: Type 'Element' is not assignable to type 'string'.
src/app/(dashboard)/incidents/[id]/witnesses/page.tsx(176,16): error TS2322: Type '{ children: string; className: string; }' is not assignable to type 'ButtonProps'.
src/app/(dashboard)/incidents/analytics/page.tsx(33,15): error TS2322: Type 'Element' is not assignable to type 'string'.
src/app/(dashboard)/incidents/analytics/page.tsx(36,15): error TS2322: Type 'Element' is not assignable to type 'string'.
src/app/(dashboard)/incidents/analytics/page.tsx(40,15): error TS2322: Type 'Element' is not assignable to type 'string'.
src/app/(dashboard)/incidents/analytics/page.tsx(43,15): error TS2322: Type 'Element' is not assignable to type 'string'.
src/app/(dashboard)/incidents/analytics/page.tsx(49,15): error TS2322: Type 'Element' is not assignable to type 'string'.
src/app/(dashboard)/incidents/analytics/page.tsx(52,15): error TS2322: Type 'Element' is not assignable to type 'string'.
src/app/(dashboard)/incidents/analytics/page.tsx(58,15): error TS2322: Type 'Element' is not assignable to type 'string'.
src/app/(dashboard)/incidents/analytics/page.tsx(61,15): error TS2322: Type 'Element' is not assignable to type 'string'.
src/app/(dashboard)/incidents/analytics/page.tsx(70,15): error TS2322: Type 'Element' is not assignable to type 'string'.
src/app/(dashboard)/incidents/analytics/page.tsx(71,15): error TS2322: Type 'Element' is not assignable to type 'string'.
src/app/(dashboard)/incidents/analytics/page.tsx(82,15): error TS2322: Type 'Element' is not assignable to type 'string'.
src/app/(dashboard)/incidents/analytics/page.tsx(83,15): error TS2322: Type 'Element' is not assignable to type 'string'.
src/app/(dashboard)/incidents/analytics/page.tsx(88,23): error TS2322: Type '{ children: number; color: string; }' is not assignable to type 'BadgeProps'.
src/app/(dashboard)/incidents/analytics/page.tsx(106,13): error TS2322: Type 'Element' is not assignable to type 'string'.
src/app/(dashboard)/incidents/analytics/page.tsx(107,13): error TS2322: Type 'Element' is not assignable to type 'string'.
src/app/(dashboard)/incidents/behavioral/page.tsx(22,38): error TS2345: Argument of type '{ type: "BEHAVIORAL"; }' is not assignable to parameter of type '{ page: number; limit: number; sortBy: "status" | "type" | "severity" | "createdAt" | "incidentDate"; sortOrder: "desc" | "asc"; type?: "OTHER" | "INJURY" | "ILLNESS" | "BEHAVIORAL" | ... 8 more ... | undefined; ... 7 more ...; search?: string | undefined; }'.
src/app/(dashboard)/incidents/behavioral/page.tsx(29,12): error TS2559: Type '{ children: string; }' has no properties in common with type 'ButtonProps'.
src/app/(dashboard)/incidents/behavioral/page.tsx(36,27): error TS2322: Type '{ key: string | undefined; incident: { status: "RESOLVED" | "PENDING_REVIEW" | "UNDER_INVESTIGATION" | "REQUIRES_ACTION" | "ARCHIVED"; severity: "CRITICAL" | "MODERATE" | "LIFE_THREATENING" | "MINOR" | "SERIOUS"; ... 42 more ...; safetyEquipmentDetails?: string | undefined; } | ... 4 more ... | { ...; }; }' is not assignable to type 'IncidentCardProps'.
src/app/(dashboard)/incidents/emergency/page.tsx(22,38): error TS2345: Argument of type '{ type: "EMERGENCY"; }' is not assignable to parameter of type '{ page: number; limit: number; sortBy: "status" | "type" | "severity" | "createdAt" | "incidentDate"; sortOrder: "desc" | "asc"; type?: "OTHER" | "INJURY" | "ILLNESS" | "BEHAVIORAL" | ... 8 more ... | undefined; ... 7 more ...; search?: string | undefined; }'.
src/app/(dashboard)/incidents/emergency/page.tsx(29,12): error TS2559: Type '{ children: string; }' has no properties in common with type 'ButtonProps'.
src/app/(dashboard)/incidents/emergency/page.tsx(36,27): error TS2322: Type '{ key: string | undefined; incident: { status: "RESOLVED" | "PENDING_REVIEW" | "UNDER_INVESTIGATION" | "REQUIRES_ACTION" | "ARCHIVED"; severity: "CRITICAL" | "MODERATE" | "LIFE_THREATENING" | "MINOR" | "SERIOUS"; ... 42 more ...; safetyEquipmentDetails?: string | undefined; } | ... 4 more ... | { ...; }; }' is not assignable to type 'IncidentCardProps'.
src/app/(dashboard)/incidents/error.tsx(113,7): error TS2322: Type 'Element' is not assignable to type 'ReactNode'.
src/app/(dashboard)/incidents/illness/page.tsx(22,38): error TS2345: Argument of type '{ type: "ILLNESS"; }' is not assignable to parameter of type '{ page: number; limit: number; sortBy: "status" | "type" | "severity" | "createdAt" | "incidentDate"; sortOrder: "desc" | "asc"; type?: "OTHER" | "INJURY" | "ILLNESS" | "BEHAVIORAL" | ... 8 more ... | undefined; ... 7 more ...; search?: string | undefined; }'.
src/app/(dashboard)/incidents/illness/page.tsx(29,12): error TS2559: Type '{ children: string; }' has no properties in common with type 'ButtonProps'.
src/app/(dashboard)/incidents/illness/page.tsx(36,27): error TS2322: Type '{ key: string | undefined; incident: { status: "RESOLVED" | "PENDING_REVIEW" | "UNDER_INVESTIGATION" | "REQUIRES_ACTION" | "ARCHIVED"; severity: "CRITICAL" | "MODERATE" | "LIFE_THREATENING" | "MINOR" | "SERIOUS"; ... 42 more ...; safetyEquipmentDetails?: string | undefined; } | ... 4 more ... | { ...; }; }' is not assignable to type 'IncidentCardProps'.
src/app/(dashboard)/incidents/injury/page.tsx(22,38): error TS2345: Argument of type '{ type: "INJURY"; }' is not assignable to parameter of type '{ page: number; limit: number; sortBy: "status" | "type" | "severity" | "createdAt" | "incidentDate"; sortOrder: "desc" | "asc"; type?: "OTHER" | "INJURY" | "ILLNESS" | "BEHAVIORAL" | ... 8 more ... | undefined; ... 7 more ...; search?: string | undefined; }'.
src/app/(dashboard)/incidents/injury/page.tsx(29,12): error TS2559: Type '{ children: string; }' has no properties in common with type 'ButtonProps'.
src/app/(dashboard)/incidents/injury/page.tsx(36,27): error TS2322: Type '{ key: string | undefined; incident: { status: "RESOLVED" | "PENDING_REVIEW" | "UNDER_INVESTIGATION" | "REQUIRES_ACTION" | "ARCHIVED"; severity: "CRITICAL" | "MODERATE" | "LIFE_THREATENING" | "MINOR" | "SERIOUS"; ... 42 more ...; safetyEquipmentDetails?: string | undefined; } | ... 4 more ... | { ...; }; }' is not assignable to type 'IncidentCardProps'.
src/app/(dashboard)/incidents/page.tsx(142,38): error TS2345: Argument of type '{ limit: number; sortBy: "incidentDate"; sortOrder: "desc"; }' is not assignable to parameter of type '{ page: number; limit: number; sortBy: "status" | "type" | "severity" | "createdAt" | "incidentDate"; sortOrder: "desc" | "asc"; type?: "OTHER" | "INJURY" | "ILLNESS" | "BEHAVIORAL" | ... 8 more ... | undefined; ... 7 more ...; search?: string | undefined; }'.
src/app/(dashboard)/incidents/page.tsx(164,14): error TS2322: Type '{ children: string; variant: "secondary"; }' is not assignable to type 'ButtonProps'.
src/app/(dashboard)/incidents/page.tsx(167,14): error TS2322: Type '{ children: string; variant: "secondary"; }' is not assignable to type 'ButtonProps'.
src/app/(dashboard)/incidents/page.tsx(170,14): error TS2559: Type '{ children: string; }' has no properties in common with type 'ButtonProps'.
src/app/(dashboard)/incidents/page.tsx(178,11): error TS2322: Type 'Element' is not assignable to type 'string'.
src/app/(dashboard)/incidents/page.tsx(179,11): error TS2322: Type 'Element' is not assignable to type 'string'.
src/app/(dashboard)/incidents/page.tsx(182,11): error TS2322: Type 'Element' is not assignable to type 'string'.
src/app/(dashboard)/incidents/page.tsx(183,11): error TS2322: Type 'Element' is not assignable to type 'string'.
src/app/(dashboard)/incidents/page.tsx(185,20): error TS2322: Type '{ children: string; color: string; }' is not assignable to type 'BadgeProps'.
src/app/(dashboard)/incidents/page.tsx(189,11): error TS2322: Type 'Element' is not assignable to type 'string'.
src/app/(dashboard)/incidents/page.tsx(190,11): error TS2322: Type 'Element' is not assignable to type 'string'.
src/app/(dashboard)/incidents/page.tsx(192,20): error TS2322: Type '{ children: string; color: string; }' is not assignable to type 'BadgeProps'.
src/app/(dashboard)/incidents/page.tsx(196,11): error TS2322: Type 'Element' is not assignable to type 'string'.
src/app/(dashboard)/incidents/page.tsx(197,11): error TS2322: Type 'Element' is not assignable to type 'string'.
src/app/(dashboard)/incidents/page.tsx(199,20): error TS2322: Type '{ children: string; color: string; }' is not assignable to type 'BadgeProps'.
src/app/(dashboard)/incidents/page.tsx(209,20): error TS2322: Type '{ children: string; color: string; className: string; }' is not assignable to type 'BadgeProps'.
src/app/(dashboard)/incidents/page.tsx(214,20): error TS2322: Type '{ children: string; color: string; className: string; }' is not assignable to type 'BadgeProps'.
src/app/(dashboard)/incidents/page.tsx(219,20): error TS2322: Type '{ children: string; color: string; className: string; }' is not assignable to type 'BadgeProps'.
src/app/(dashboard)/incidents/page.tsx(224,20): error TS2322: Type '{ children: string; color: string; className: string; }' is not assignable to type 'BadgeProps'.
src/app/(dashboard)/incidents/page.tsx(229,20): error TS2322: Type '{ children: string; color: string; className: string; }' is not assignable to type 'BadgeProps'.
src/app/(dashboard)/incidents/page.tsx(235,20): error TS2322: Type '{ children: string; color: string; className: string; }' is not assignable to type 'BadgeProps'.
src/app/(dashboard)/incidents/page.tsx(240,20): error TS2322: Type '{ children: string; color: string; className: string; }' is not assignable to type 'BadgeProps'.
src/app/(dashboard)/incidents/page.tsx(245,20): error TS2322: Type '{ children: string; color: string; className: string; }' is not assignable to type 'BadgeProps'.
src/app/(dashboard)/incidents/page.tsx(250,20): error TS2322: Type '{ children: string; color: string; className: string; }' is not assignable to type 'BadgeProps'.
src/app/(dashboard)/incidents/page.tsx(261,27): error TS2322: Type '{ key: string | undefined; incident: { status: "RESOLVED" | "PENDING_REVIEW" | "UNDER_INVESTIGATION" | "REQUIRES_ACTION" | "ARCHIVED"; severity: "CRITICAL" | "MODERATE" | "LIFE_THREATENING" | "MINOR" | "SERIOUS"; ... 42 more ...; safetyEquipmentDetails?: string | undefined; } | ... 4 more ... | { ...; }; }' is not assignable to type 'IncidentCardProps'.
src/app/(dashboard)/incidents/page.tsx(266,11): error TS2322: Type 'Element' is not assignable to type 'string'.
src/app/(dashboard)/incidents/page.tsx(267,11): error TS2322: Type 'Element' is not assignable to type 'string'.
src/app/(dashboard)/incidents/page.tsx(268,14): error TS2559: Type '{ children: string; }' has no properties in common with type 'ButtonProps'.
src/app/(dashboard)/incidents/pending-review/page.tsx(22,38): error TS2345: Argument of type '{ status: "PENDING_REVIEW"; }' is not assignable to parameter of type '{ page: number; limit: number; sortBy: "status" | "type" | "severity" | "createdAt" | "incidentDate"; sortOrder: "desc" | "asc"; type?: "OTHER" | "INJURY" | "ILLNESS" | "BEHAVIORAL" | ... 8 more ... | undefined; ... 7 more ...; search?: string | undefined; }'.
src/app/(dashboard)/incidents/pending-review/page.tsx(29,12): error TS2559: Type '{ children: string; }' has no properties in common with type 'ButtonProps'.
src/app/(dashboard)/incidents/pending-review/page.tsx(36,27): error TS2322: Type '{ key: string | undefined; incident: { status: "RESOLVED" | "PENDING_REVIEW" | "UNDER_INVESTIGATION" | "REQUIRES_ACTION" | "ARCHIVED"; severity: "CRITICAL" | "MODERATE" | "LIFE_THREATENING" | "MINOR" | "SERIOUS"; ... 42 more ...; safetyEquipmentDetails?: string | undefined; } | ... 4 more ... | { ...; }; }' is not assignable to type 'IncidentCardProps'.
src/app/(dashboard)/incidents/reports/page.tsx(26,11): error TS2322: Type 'Element' is not assignable to type 'string'.
src/app/(dashboard)/incidents/reports/page.tsx(27,11): error TS2322: Type 'Element' is not assignable to type 'string'.
src/app/(dashboard)/incidents/reports/page.tsx(30,11): error TS2322: Type 'Element' is not assignable to type 'string'.
src/app/(dashboard)/incidents/reports/page.tsx(30,12): error TS2322: Type '{ children: string; size: "sm"; }' is not assignable to type 'ButtonProps'.
src/app/(dashboard)/incidents/reports/page.tsx(34,11): error TS2322: Type 'Element' is not assignable to type 'string'.
src/app/(dashboard)/incidents/reports/page.tsx(35,11): error TS2322: Type 'Element' is not assignable to type 'string'.
src/app/(dashboard)/incidents/reports/page.tsx(38,11): error TS2322: Type 'Element' is not assignable to type 'string'.
src/app/(dashboard)/incidents/reports/page.tsx(38,12): error TS2322: Type '{ children: string; size: "sm"; }' is not assignable to type 'ButtonProps'.
src/app/(dashboard)/incidents/reports/page.tsx(42,11): error TS2322: Type 'Element' is not assignable to type 'string'.
src/app/(dashboard)/incidents/reports/page.tsx(43,11): error TS2322: Type 'Element' is not assignable to type 'string'.
src/app/(dashboard)/incidents/reports/page.tsx(46,11): error TS2322: Type 'Element' is not assignable to type 'string'.
src/app/(dashboard)/incidents/reports/page.tsx(46,12): error TS2322: Type '{ children: string; size: "sm"; }' is not assignable to type 'ButtonProps'.
src/app/(dashboard)/incidents/reports/page.tsx(50,11): error TS2322: Type 'Element' is not assignable to type 'string'.
src/app/(dashboard)/incidents/reports/page.tsx(51,11): error TS2322: Type 'Element' is not assignable to type 'string'.
src/app/(dashboard)/incidents/reports/page.tsx(54,11): error TS2322: Type 'Element' is not assignable to type 'string'.
src/app/(dashboard)/incidents/reports/page.tsx(54,12): error TS2322: Type '{ children: string; size: "sm"; }' is not assignable to type 'ButtonProps'.
src/app/(dashboard)/incidents/reports/page.tsx(58,11): error TS2322: Type 'Element' is not assignable to type 'string'.
src/app/(dashboard)/incidents/reports/page.tsx(59,11): error TS2322: Type 'Element' is not assignable to type 'string'.
src/app/(dashboard)/incidents/reports/page.tsx(62,11): error TS2322: Type 'Element' is not assignable to type 'string'.
src/app/(dashboard)/incidents/reports/page.tsx(62,12): error TS2322: Type '{ children: string; size: "sm"; }' is not assignable to type 'ButtonProps'.
src/app/(dashboard)/incidents/reports/page.tsx(66,11): error TS2322: Type 'Element' is not assignable to type 'string'.
src/app/(dashboard)/incidents/reports/page.tsx(67,11): error TS2322: Type 'Element' is not assignable to type 'string'.
src/app/(dashboard)/incidents/reports/page.tsx(70,11): error TS2322: Type 'Element' is not assignable to type 'string'.
src/app/(dashboard)/incidents/reports/page.tsx(70,12): error TS2322: Type '{ children: string; size: "sm"; }' is not assignable to type 'ButtonProps'.
src/app/(dashboard)/incidents/requires-action/page.tsx(22,38): error TS2345: Argument of type '{ status: "REQUIRES_ACTION"; }' is not assignable to parameter of type '{ page: number; limit: number; sortBy: "status" | "type" | "severity" | "createdAt" | "incidentDate"; sortOrder: "desc" | "asc"; type?: "OTHER" | "INJURY" | "ILLNESS" | "BEHAVIORAL" | ... 8 more ... | undefined; ... 7 more ...; search?: string | undefined; }'.
src/app/(dashboard)/incidents/requires-action/page.tsx(29,12): error TS2559: Type '{ children: string; }' has no properties in common with type 'ButtonProps'.
src/app/(dashboard)/incidents/requires-action/page.tsx(36,27): error TS2322: Type '{ key: string | undefined; incident: { status: "RESOLVED" | "PENDING_REVIEW" | "UNDER_INVESTIGATION" | "REQUIRES_ACTION" | "ARCHIVED"; severity: "CRITICAL" | "MODERATE" | "LIFE_THREATENING" | "MINOR" | "SERIOUS"; ... 42 more ...; safetyEquipmentDetails?: string | undefined; } | ... 4 more ... | { ...; }; }' is not assignable to type 'IncidentCardProps'.
src/app/(dashboard)/incidents/resolved/page.tsx(22,38): error TS2345: Argument of type '{ status: "RESOLVED"; }' is not assignable to parameter of type '{ page: number; limit: number; sortBy: "status" | "type" | "severity" | "createdAt" | "incidentDate"; sortOrder: "desc" | "asc"; type?: "OTHER" | "INJURY" | "ILLNESS" | "BEHAVIORAL" | ... 8 more ... | undefined; ... 7 more ...; search?: string | undefined; }'.
src/app/(dashboard)/incidents/resolved/page.tsx(29,12): error TS2559: Type '{ children: string; }' has no properties in common with type 'ButtonProps'.
src/app/(dashboard)/incidents/resolved/page.tsx(36,27): error TS2322: Type '{ key: string | undefined; incident: { status: "RESOLVED" | "PENDING_REVIEW" | "UNDER_INVESTIGATION" | "REQUIRES_ACTION" | "ARCHIVED"; severity: "CRITICAL" | "MODERATE" | "LIFE_THREATENING" | "MINOR" | "SERIOUS"; ... 42 more ...; safetyEquipmentDetails?: string | undefined; } | ... 4 more ... | { ...; }; }' is not assignable to type 'IncidentCardProps'.
src/app/(dashboard)/incidents/safety/page.tsx(22,38): error TS2345: Argument of type '{ type: "SAFETY"; }' is not assignable to parameter of type '{ page: number; limit: number; sortBy: "status" | "type" | "severity" | "createdAt" | "incidentDate"; sortOrder: "desc" | "asc"; type?: "OTHER" | "INJURY" | "ILLNESS" | "BEHAVIORAL" | ... 8 more ... | undefined; ... 7 more ...; search?: string | undefined; }'.
src/app/(dashboard)/incidents/safety/page.tsx(29,12): error TS2559: Type '{ children: string; }' has no properties in common with type 'ButtonProps'.
src/app/(dashboard)/incidents/safety/page.tsx(36,27): error TS2322: Type '{ key: string | undefined; incident: { status: "RESOLVED" | "PENDING_REVIEW" | "UNDER_INVESTIGATION" | "REQUIRES_ACTION" | "ARCHIVED"; severity: "CRITICAL" | "MODERATE" | "LIFE_THREATENING" | "MINOR" | "SERIOUS"; ... 42 more ...; safetyEquipmentDetails?: string | undefined; } | ... 4 more ... | { ...; }; }' is not assignable to type 'IncidentCardProps'.
src/app/(dashboard)/incidents/settings/page.tsx(26,11): error TS2322: Type 'Element' is not assignable to type 'string'.
src/app/(dashboard)/incidents/settings/page.tsx(27,11): error TS2322: Type 'Element' is not assignable to type 'string'.
src/app/(dashboard)/incidents/settings/page.tsx(44,11): error TS2322: Type 'Element' is not assignable to type 'string'.
src/app/(dashboard)/incidents/settings/page.tsx(45,11): error TS2322: Type 'Element' is not assignable to type 'string'.
src/app/(dashboard)/incidents/settings/page.tsx(48,11): error TS2322: Type 'Element' is not assignable to type 'string'.
src/app/(dashboard)/incidents/settings/page.tsx(48,12): error TS2322: Type '{ children: string; size: "sm"; }' is not assignable to type 'ButtonProps'.
src/app/(dashboard)/incidents/settings/page.tsx(52,11): error TS2322: Type 'Element' is not assignable to type 'string'.
src/app/(dashboard)/incidents/settings/page.tsx(53,11): error TS2322: Type 'Element' is not assignable to type 'string'.
src/app/(dashboard)/incidents/settings/page.tsx(56,11): error TS2322: Type 'Element' is not assignable to type 'string'.
src/app/(dashboard)/incidents/settings/page.tsx(63,14): error TS2322: Type '{ children: string; size: "sm"; }' is not assignable to type 'ButtonProps'.
src/app/(dashboard)/incidents/settings/page.tsx(68,11): error TS2322: Type 'Element' is not assignable to type 'string'.
src/app/(dashboard)/incidents/settings/page.tsx(69,11): error TS2322: Type 'Element' is not assignable to type 'string'.
src/app/(dashboard)/incidents/settings/page.tsx(72,11): error TS2322: Type 'Element' is not assignable to type 'string'.
src/app/(dashboard)/incidents/settings/page.tsx(72,12): error TS2322: Type '{ children: string; size: "sm"; }' is not assignable to type 'ButtonProps'.
src/app/(dashboard)/incidents/trending/page.tsx(32,13): error TS2322: Type 'Element' is not assignable to type 'string'.
src/app/(dashboard)/incidents/trending/page.tsx(33,13): error TS2322: Type 'Element' is not assignable to type 'string'.
src/app/(dashboard)/incidents/trending/page.tsx(41,22): error TS2322: Type 'number' is not assignable to type 'string'.
src/app/(dashboard)/incidents/trending/page.tsx(50,13): error TS2322: Type 'Element' is not assignable to type 'string'.
src/app/(dashboard)/incidents/trending/page.tsx(51,13): error TS2322: Type 'Element' is not assignable to type 'string'.
src/app/(dashboard)/incidents/trending/page.tsx(63,13): error TS2322: Type 'Element' is not assignable to type 'string'.
src/app/(dashboard)/incidents/trending/page.tsx(64,13): error TS2322: Type 'Element' is not assignable to type 'string'.
src/app/(dashboard)/incidents/under-investigation/page.tsx(22,38): error TS2345: Argument of type '{ status: "UNDER_INVESTIGATION"; }' is not assignable to parameter of type '{ page: number; limit: number; sortBy: "status" | "type" | "severity" | "createdAt" | "incidentDate"; sortOrder: "desc" | "asc"; type?: "OTHER" | "INJURY" | "ILLNESS" | "BEHAVIORAL" | ... 8 more ... | undefined; ... 7 more ...; search?: string | undefined; }'.
src/app/(dashboard)/incidents/under-investigation/page.tsx(29,12): error TS2559: Type '{ children: string; }' has no properties in common with type 'ButtonProps'.
src/app/(dashboard)/incidents/under-investigation/page.tsx(36,27): error TS2322: Type '{ key: string | undefined; incident: { status: "RESOLVED" | "PENDING_REVIEW" | "UNDER_INVESTIGATION" | "REQUIRES_ACTION" | "ARCHIVED"; severity: "CRITICAL" | "MODERATE" | "LIFE_THREATENING" | "MINOR" | "SERIOUS"; ... 42 more ...; safetyEquipmentDetails?: string | undefined; } | ... 4 more ... | { ...; }; }' is not assignable to type 'IncidentCardProps'.
src/app/(dashboard)/inventory/_components/InventoryDashboardContent.tsx(95,14): error TS2322: Type '"destructive"' is not assignable to type '"error" | "success" | "warning" | "info" | "default" | "primary" | "danger" | undefined'.
src/app/(dashboard)/inventory/_components/InventoryDashboardContent.tsx(96,9): error TS2322: Type 'Element' is not assignable to type 'string'.
src/app/(dashboard)/inventory/_components/InventoryDashboardContent.tsx(97,9): error TS2322: Type 'Element' is not assignable to type 'string'.
src/app/(dashboard)/inventory/_components/InventoryDashboardContent.tsx(98,52): error TS2322: Type 'string | undefined' is not assignable to type 'string'.
src/app/(dashboard)/inventory/_components/InventoryDashboardContent.tsx(132,16): error TS2322: Type '"destructive"' is not assignable to type '"error" | "success" | "warning" | "info" | "default" | "primary" | "danger" | undefined'.
src/app/(dashboard)/inventory/_components/InventoryDashboardContent.tsx(133,11): error TS2322: Type 'Element' is not assignable to type 'string'.
src/app/(dashboard)/inventory/_components/InventoryDashboardContent.tsx(134,11): error TS2322: Type 'Element' is not assignable to type 'string'.
src/app/(dashboard)/inventory/_components/InventoryDashboardContent.tsx(135,13): error TS2322: Type 'false | Element' is not assignable to type 'string'.
src/app/(dashboard)/inventory/_components/InventoryDashboardContent.tsx(138,13): error TS2322: Type 'false | Element' is not assignable to type 'string'.
src/app/(dashboard)/inventory/_components/InventoryDashboardContent.tsx(139,13): error TS2322: Type 'false | Element' is not assignable to type 'string'.
src/app/(dashboard)/inventory/_components/InventoryDashboardContent.tsx(151,11): error TS2322: Type 'Element' is not assignable to type 'string'.
src/app/(dashboard)/inventory/_components/InventoryDashboardContent.tsx(152,13): error TS2322: Type 'Element' is not assignable to type 'string'.
src/app/(dashboard)/inventory/_components/InventoryDashboardContent.tsx(153,13): error TS2322: Type 'Element' is not assignable to type 'string'.
src/app/(dashboard)/inventory/_components/InventoryDashboardContent.tsx(155,11): error TS2322: Type 'Element' is not assignable to type 'string'.
src/app/(dashboard)/inventory/_components/InventoryDashboardContent.tsx(156,13): error TS2322: Type 'Element' is not assignable to type 'string'.
src/app/(dashboard)/inventory/_components/InventoryDashboardContent.tsx(157,13): error TS2322: Type 'Element' is not assignable to type 'string'.
src/app/(dashboard)/inventory/_components/InventoryDashboardContent.tsx(165,11): error TS2322: Type 'Element' is not assignable to type 'string'.
src/app/(dashboard)/inventory/_components/InventoryDashboardContent.tsx(166,13): error TS2322: Type 'Element' is not assignable to type 'string'.
src/app/(dashboard)/inventory/_components/InventoryDashboardContent.tsx(167,13): error TS2322: Type 'Element' is not assignable to type 'string'.
src/app/(dashboard)/inventory/_components/InventoryDashboardContent.tsx(169,11): error TS2322: Type 'Element' is not assignable to type 'string'.
src/app/(dashboard)/inventory/_components/InventoryDashboardContent.tsx(170,13): error TS2322: Type 'Element' is not assignable to type 'string'.
src/app/(dashboard)/inventory/_components/InventoryDashboardContent.tsx(173,13): error TS2322: Type 'Element' is not assignable to type 'string'.
src/app/(dashboard)/inventory/_components/InventoryDashboardContent.tsx(181,11): error TS2322: Type 'Element' is not assignable to type 'string'.
src/app/(dashboard)/inventory/_components/InventoryDashboardContent.tsx(182,13): error TS2322: Type 'Element' is not assignable to type 'string'.
src/app/(dashboard)/inventory/_components/InventoryDashboardContent.tsx(183,13): error TS2322: Type 'Element' is not assignable to type 'string'.
src/app/(dashboard)/inventory/_components/InventoryDashboardContent.tsx(185,11): error TS2322: Type 'Element' is not assignable to type 'string'.
src/app/(dashboard)/inventory/_components/InventoryDashboardContent.tsx(186,13): error TS2322: Type 'Element' is not assignable to type 'string'.
src/app/(dashboard)/inventory/_components/InventoryDashboardContent.tsx(187,13): error TS2322: Type 'Element' is not assignable to type 'string'.
src/app/(dashboard)/inventory/_components/InventoryDashboardContent.tsx(190,13): error TS2322: Type 'Element' is not assignable to type 'string'.
src/app/(dashboard)/inventory/_components/InventoryDashboardContent.tsx(201,11): error TS2322: Type 'Element' is not assignable to type 'string'.
src/app/(dashboard)/inventory/_components/InventoryDashboardContent.tsx(202,13): error TS2322: Type 'Element' is not assignable to type 'string'.
src/app/(dashboard)/inventory/_components/InventoryDashboardContent.tsx(203,13): error TS2322: Type 'Element' is not assignable to type 'string'.
src/app/(dashboard)/inventory/_components/InventoryDashboardContent.tsx(205,11): error TS2322: Type 'Element' is not assignable to type 'string'.
src/app/(dashboard)/inventory/_components/InventoryDashboardContent.tsx(206,13): error TS2322: Type 'Element' is not assignable to type 'string'.
src/app/(dashboard)/inventory/_components/InventoryDashboardContent.tsx(207,13): error TS2322: Type 'Element' is not assignable to type 'string'.
src/app/(dashboard)/inventory/_components/InventoryDashboardContent.tsx(210,13): error TS2322: Type 'Element' is not assignable to type 'string'.
src/app/(dashboard)/inventory/_components/InventoryDashboardContent.tsx(224,11): error TS2322: Type 'Element' is not assignable to type 'string'.
src/app/(dashboard)/inventory/_components/InventoryDashboardContent.tsx(225,13): error TS2322: Type 'Element' is not assignable to type 'string'.
src/app/(dashboard)/inventory/_components/InventoryDashboardContent.tsx(226,13): error TS2322: Type 'Element' is not assignable to type 'string'.
src/app/(dashboard)/inventory/_components/InventoryDashboardContent.tsx(228,11): error TS2322: Type 'Element' is not assignable to type 'string'.
src/app/(dashboard)/inventory/_components/InventoryDashboardContent.tsx(229,13): error TS2322: Type 'Element' is not assignable to type 'ReactNode'.
src/app/(dashboard)/inventory/_components/InventoryDashboardContent.tsx(249,28): error TS2322: Type '"default" | "secondary" | "destructive"' is not assignable to type '"error" | "success" | "warning" | "info" | "default" | "primary" | "secondary" | "danger" | undefined'.
src/app/(dashboard)/inventory/_components/InventoryDashboardContent.tsx(273,11): error TS2322: Type 'Element' is not assignable to type 'string'.
src/app/(dashboard)/inventory/_components/InventoryDashboardContent.tsx(274,13): error TS2322: Type 'Element' is not assignable to type 'string'.
src/app/(dashboard)/inventory/_components/InventoryDashboardContent.tsx(275,13): error TS2322: Type 'Element' is not assignable to type 'string'.
src/app/(dashboard)/inventory/_components/InventoryDashboardContent.tsx(277,11): error TS2322: Type 'Element' is not assignable to type 'string'.
src/app/(dashboard)/inventory/_components/InventoryDashboardContent.tsx(278,13): error TS2322: Type 'Element' is not assignable to type 'ReactNode'.
src/app/(dashboard)/inventory/_components/InventoryDashboardContent.tsx(299,28): error TS2322: Type '"default" | "secondary" | "destructive"' is not assignable to type '"error" | "success" | "warning" | "info" | "default" | "primary" | "secondary" | "danger" | undefined'.
src/app/(dashboard)/inventory/_components/InventoryDashboardContent.tsx(304,23): error TS2322: Type 'number' is not assignable to type 'string'.
src/app/(dashboard)/inventory/_components/InventoryDashboardContent.tsx(324,9): error TS2322: Type 'Element' is not assignable to type 'string'.
src/app/(dashboard)/inventory/_components/InventoryDashboardContent.tsx(325,11): error TS2322: Type 'Element' is not assignable to type 'string'.
src/app/(dashboard)/inventory/_components/InventoryDashboardContent.tsx(326,11): error TS2322: Type 'Element' is not assignable to type 'string'.
src/app/(dashboard)/inventory/_components/InventoryDashboardContent.tsx(328,9): error TS2322: Type 'Element' is not assignable to type 'string'.
src/app/(dashboard)/inventory/_components/InventoryDashboardContent.tsx(329,11): error TS2322: Type 'Element' is not assignable to type 'ReactNode'.
src/app/(dashboard)/inventory/_components/InventoryDashboardContent.tsx(359,15): error TS2339: Property 'categoryBreakdown' does not exist on type '{ totalItems: number; totalLocations: number; totalValue: number; inStockItems: number; lowStockItems: number; outOfStockItems: number; activeAlerts: number; criticalAlerts: number; expiringItems: number; ... 4 more ...; topUsedItems?: { ...; }[] | undefined; }'.
src/app/(dashboard)/inventory/_components/InventoryDashboardContent.tsx(359,42): error TS2339: Property 'categoryBreakdown' does not exist on type '{ totalItems: number; totalLocations: number; totalValue: number; inStockItems: number; lowStockItems: number; outOfStockItems: number; activeAlerts: number; criticalAlerts: number; expiringItems: number; ... 4 more ...; topUsedItems?: { ...; }[] | undefined; }'.
src/app/(dashboard)/inventory/_components/InventoryDashboardContent.tsx(361,11): error TS2322: Type 'Element' is not assignable to type 'string'.
src/app/(dashboard)/inventory/_components/InventoryDashboardContent.tsx(362,13): error TS2322: Type 'Element' is not assignable to type 'string'.
src/app/(dashboard)/inventory/_components/InventoryDashboardContent.tsx(363,13): error TS2322: Type 'Element' is not assignable to type 'string'.
src/app/(dashboard)/inventory/_components/InventoryDashboardContent.tsx(365,11): error TS2322: Type 'Element' is not assignable to type 'string'.
src/app/(dashboard)/inventory/_components/InventoryDashboardContent.tsx(366,13): error TS2322: Type 'Element' is not assignable to type 'ReactNode'.
src/app/(dashboard)/inventory/_components/InventoryDashboardContent.tsx(367,22): error TS2339: Property 'categoryBreakdown' does not exist on type '{ totalItems: number; totalLocations: number; totalValue: number; inStockItems: number; lowStockItems: number; outOfStockItems: number; activeAlerts: number; criticalAlerts: number; expiringItems: number; ... 4 more ...; topUsedItems?: { ...; }[] | undefined; }'.
src/app/(dashboard)/inventory/_components/InventoryDashboardContent.tsx(367,45): error TS7006: Parameter 'category' implicitly has an 'any' type.
src/app/(dashboard)/inventory/categories/_components/InventoryCategoriesContent.tsx(154,28): error TS7006: Parameter 'e' implicitly has an 'any' type.
src/app/(dashboard)/inventory/categories/_components/InventoryCategoriesContent.tsx(163,28): error TS7006: Parameter 'e' implicitly has an 'any' type.
src/app/(dashboard)/inventory/categories/_components/InventoryCategoriesContent.tsx(173,28): error TS7006: Parameter 'e' implicitly has an 'any' type.
src/app/(dashboard)/inventory/categories/page.tsx(62,10): error TS2614: Module '"./_components/InventoryCategoriesContent"' has no exported member 'InventoryCategoriesContent'. Did you mean to use 'import InventoryCategoriesContent from "./_components/InventoryCategoriesContent"' instead?
src/app/(dashboard)/inventory/counts/_components/PhysicalCountsContent.tsx(209,36): error TS7006: Parameter 'e' implicitly has an 'any' type.
src/app/(dashboard)/inventory/counts/page.tsx(90,10): error TS2614: Module '"./_components/PhysicalCountsContent"' has no exported member 'PhysicalCountsContent'. Did you mean to use 'import PhysicalCountsContent from "./_components/PhysicalCountsContent"' instead?
src/app/(dashboard)/inventory/error.tsx(84,7): error TS2322: Type 'Element' is not assignable to type 'ReactNode'.
src/app/(dashboard)/inventory/expiring/_components/ExpiringItemsContent.tsx(277,26): error TS7006: Parameter 'e' implicitly has an 'any' type.
src/app/(dashboard)/inventory/expiring/page.tsx(80,10): error TS2614: Module '"./_components/ExpiringItemsContent"' has no exported member 'ExpiringItemsContent'. Did you mean to use 'import ExpiringItemsContent from "./_components/ExpiringItemsContent"' instead?
src/app/(dashboard)/inventory/items/[id]/edit/page.tsx(58,10): error TS2724: '"./_components/EditInventoryItemContent"' has no exported member named 'EditInventoryItemContent'. Did you mean 'EditInventoryItemContentProps'?
src/app/(dashboard)/inventory/items/[id]/page.tsx(49,10): error TS2724: '"./_components/InventoryItemDetailContent"' has no exported member named 'InventoryItemDetailContent'. Did you mean 'InventoryItemDetailContentProps'?
src/app/(dashboard)/inventory/items/_components/InventoryItemsContent.tsx(276,26): error TS7006: Parameter 'e' implicitly has an 'any' type.
src/app/(dashboard)/inventory/items/_components/InventoryItemsContent.tsx(285,26): error TS7006: Parameter 'e' implicitly has an 'any' type.
src/app/(dashboard)/inventory/items/_components/InventoryItemsContent.tsx(299,26): error TS7006: Parameter 'e' implicitly has an 'any' type.
src/app/(dashboard)/inventory/items/_components/InventoryItemsContent.tsx(313,26): error TS7006: Parameter 'e' implicitly has an 'any' type.
src/app/(dashboard)/inventory/items/_components/InventoryItemsContent.tsx(330,26): error TS7006: Parameter 'e' implicitly has an 'any' type.
src/app/(dashboard)/inventory/items/new/page.tsx(53,10): error TS2614: Module '"./_components/NewInventoryItemContent"' has no exported member 'NewInventoryItemContent'. Did you mean to use 'import NewInventoryItemContent from "./_components/NewInventoryItemContent"' instead?
src/app/(dashboard)/inventory/locations/_components/InventoryLocationsContent.tsx(161,30): error TS7006: Parameter 'e' implicitly has an 'any' type.
src/app/(dashboard)/inventory/locations/_components/InventoryLocationsContent.tsx(170,30): error TS7006: Parameter 'e' implicitly has an 'any' type.
src/app/(dashboard)/inventory/locations/_components/InventoryLocationsContent.tsx(186,28): error TS7006: Parameter 'e' implicitly has an 'any' type.
src/app/(dashboard)/inventory/locations/_components/InventoryLocationsContent.tsx(196,30): error TS7006: Parameter 'e' implicitly has an 'any' type.
src/app/(dashboard)/inventory/locations/_components/InventoryLocationsContent.tsx(205,30): error TS7006: Parameter 'e' implicitly has an 'any' type.
src/app/(dashboard)/inventory/locations/page.tsx(77,10): error TS2724: '"./_components/InventoryLocationsContent"' has no exported member named 'InventoryLocationsContent'. Did you mean 'InventoryLocation'?
src/app/(dashboard)/inventory/low-stock/_components/LowStockAlertsContent.tsx(248,26): error TS7006: Parameter 'e' implicitly has an 'any' type.
src/app/(dashboard)/inventory/low-stock/page.tsx(72,10): error TS2614: Module '"./_components/LowStockAlertsContent"' has no exported member 'LowStockAlertsContent'. Did you mean to use 'import LowStockAlertsContent from "./_components/LowStockAlertsContent"' instead?
src/app/(dashboard)/inventory/reports/page.tsx(118,10): error TS2614: Module '"./_components/InventoryReportsContent"' has no exported member 'InventoryReportsContent'. Did you mean to use 'import InventoryReportsContent from "./_components/InventoryReportsContent"' instead?
src/app/(dashboard)/inventory/settings/_components/InventorySettingsContent.tsx(112,28): error TS7006: Parameter 'e' implicitly has an 'any' type.
src/app/(dashboard)/inventory/settings/_components/InventorySettingsContent.tsx(128,28): error TS7006: Parameter 'e' implicitly has an 'any' type.
src/app/(dashboard)/inventory/settings/_components/InventorySettingsContent.tsx(143,28): error TS7006: Parameter 'e' implicitly has an 'any' type.
src/app/(dashboard)/inventory/settings/_components/InventorySettingsContent.tsx(160,28): error TS7006: Parameter 'e' implicitly has an 'any' type.
src/app/(dashboard)/inventory/settings/_components/InventorySettingsContent.tsx(182,28): error TS7006: Parameter 'e' implicitly has an 'any' type.
src/app/(dashboard)/inventory/settings/_components/InventorySettingsContent.tsx(196,28): error TS7006: Parameter 'e' implicitly has an 'any' type.
src/app/(dashboard)/inventory/settings/_components/InventorySettingsContent.tsx(215,28): error TS7006: Parameter 'e' implicitly has an 'any' type.
src/app/(dashboard)/inventory/settings/_components/InventorySettingsContent.tsx(235,28): error TS7006: Parameter 'e' implicitly has an 'any' type.
src/app/(dashboard)/inventory/settings/_components/InventorySettingsContent.tsx(253,28): error TS7006: Parameter 'e' implicitly has an 'any' type.
src/app/(dashboard)/inventory/settings/_components/InventorySettingsContent.tsx(274,28): error TS7006: Parameter 'e' implicitly has an 'any' type.
src/app/(dashboard)/inventory/settings/_components/InventorySettingsContent.tsx(296,28): error TS7006: Parameter 'e' implicitly has an 'any' type.
src/app/(dashboard)/inventory/settings/_components/InventorySettingsContent.tsx(311,28): error TS7006: Parameter 'e' implicitly has an 'any' type.
src/app/(dashboard)/inventory/settings/_components/InventorySettingsContent.tsx(328,28): error TS7006: Parameter 'e' implicitly has an 'any' type.
src/app/(dashboard)/inventory/settings/page.tsx(126,10): error TS2724: '"./_components/InventorySettingsContent"' has no exported member named 'InventorySettingsContent'. Did you mean 'InventorySettings'?
src/app/(dashboard)/inventory/stock/_components/StockLevelsContent.tsx(309,26): error TS7006: Parameter 'e' implicitly has an 'any' type.
src/app/(dashboard)/inventory/stock/_components/StockLevelsContent.tsx(323,26): error TS7006: Parameter 'e' implicitly has an 'any' type.
src/app/(dashboard)/inventory/stock/adjust/page.tsx(41,10): error TS2614: Module '"./_components/StockAdjustmentContent"' has no exported member 'StockAdjustmentContent'. Did you mean to use 'import StockAdjustmentContent from "./_components/StockAdjustmentContent"' instead?
src/app/(dashboard)/inventory/stock/issue/page.tsx(45,10): error TS2614: Module '"./_components/IssueStockContent"' has no exported member 'IssueStockContent'. Did you mean to use 'import IssueStockContent from "./_components/IssueStockContent"' instead?
src/app/(dashboard)/inventory/stock/page.tsx(35,10): error TS2614: Module '"./_components/StockLevelsContent"' has no exported member 'StockLevelsContent'. Did you mean to use 'import StockLevelsContent from "./_components/StockLevelsContent"' instead?
src/app/(dashboard)/inventory/stock/receive/page.tsx(49,10): error TS2614: Module '"./_components/ReceiveStockContent"' has no exported member 'ReceiveStockContent'. Did you mean to use 'import ReceiveStockContent from "./_components/ReceiveStockContent"' instead?
src/app/(dashboard)/inventory/stock/transfer/page.tsx(60,10): error TS2614: Module '"./_components/TransferStockContent"' has no exported member 'TransferStockContent'. Did you mean to use 'import TransferStockContent from "./_components/TransferStockContent"' instead?
src/app/(dashboard)/inventory/transactions/[id]/page.tsx(56,10): error TS2724: '"./_components/TransactionDetailContent"' has no exported member named 'TransactionDetailContent'. Did you mean 'TransactionDetailContentProps'?
src/app/(dashboard)/inventory/transactions/_components/TransactionHistoryContent.tsx(202,26): error TS7006: Parameter 'e' implicitly has an 'any' type.
src/app/(dashboard)/inventory/transactions/_components/TransactionHistoryContent.tsx(211,26): error TS7006: Parameter 'e' implicitly has an 'any' type.
src/app/(dashboard)/inventory/transactions/_components/TransactionHistoryContent.tsx(226,26): error TS7006: Parameter 'e' implicitly has an 'any' type.
src/app/(dashboard)/inventory/transactions/page.tsx(60,10): error TS2614: Module '"./_components/TransactionHistoryContent"' has no exported member 'TransactionHistoryContent'. Did you mean to use 'import TransactionHistoryContent from "./_components/TransactionHistoryContent"' instead?
src/app/(dashboard)/medications/[id]/administration-log/[logId]/page.tsx(8,10): error TS2305: Module '"react"' has no exported member 'Suspense'.
src/app/(dashboard)/medications/[id]/administration-log/[logId]/page.tsx(41,10): error TS18046: 'response' is of type 'unknown'.
src/app/(dashboard)/medications/[id]/administration-log/[logId]/page.tsx(42,11): error TS18046: 'response' is of type 'unknown'.
src/app/(dashboard)/medications/[id]/administration-log/[logId]/page.tsx(46,12): error TS18046: 'response' is of type 'unknown'.
src/app/(dashboard)/medications/[id]/administration-log/[logId]/page.tsx(67,9): error TS2322: Type '{ title: string; description: string; backLink: string; backLabel: string; }' is not assignable to type 'PageHeaderProps'.
src/app/(dashboard)/medications/[id]/administration-log/[logId]/page.tsx(73,53): error TS2322: Type '{ record: any; medicationId: string; }' is not assignable to type 'AdministrationRecordDetailProps'.
src/app/(dashboard)/medications/[id]/administration-log/page.tsx(8,10): error TS2305: Module '"react"' has no exported member 'Suspense'.
src/app/(dashboard)/medications/[id]/administration-log/page.tsx(50,10): error TS18046: 'medicationRes' is of type 'unknown'.
src/app/(dashboard)/medications/[id]/administration-log/page.tsx(52,30): error TS18046: 'medicationRes' is of type 'unknown'.
src/app/(dashboard)/medications/[id]/administration-log/page.tsx(53,17): error TS18046: 'logRes' is of type 'unknown'.
src/app/(dashboard)/medications/[id]/administration-log/page.tsx(53,35): error TS18046: 'logRes' is of type 'unknown'.
src/app/(dashboard)/medications/[id]/administration-log/page.tsx(83,9): error TS2322: Type '{ title: string; description: string; backLink: string; backLabel: string; }' is not assignable to type 'PageHeaderProps'.
src/app/(dashboard)/medications/[id]/administration-log/page.tsx(91,11): error TS2322: Type '{ medicationId: string; medicationName: any; records: any; total: any; }' is not assignable to type 'AdministrationLogProps'.
src/app/(dashboard)/medications/[id]/administrations/page.tsx(8,10): error TS2305: Module '"react"' has no exported member 'Suspense'.
src/app/(dashboard)/medications/[id]/administrations/page.tsx(61,10): error TS18046: 'response' is of type 'unknown'.
src/app/(dashboard)/medications/[id]/administrations/page.tsx(62,11): error TS18046: 'response' is of type 'unknown'.
src/app/(dashboard)/medications/[id]/administrations/page.tsx(68,12): error TS18046: 'response' is of type 'unknown'.
src/app/(dashboard)/medications/[id]/administrations/page.tsx(93,10): error TS18046: 'response' is of type 'unknown'.
src/app/(dashboard)/medications/[id]/administrations/page.tsx(97,12): error TS18046: 'response' is of type 'unknown'.
src/app/(dashboard)/medications/[id]/administrations/page.tsx(118,10): error TS18046: 'response' is of type 'unknown'.
src/app/(dashboard)/medications/[id]/administrations/page.tsx(122,12): error TS18046: 'response' is of type 'unknown'.
src/app/(dashboard)/medications/[id]/administrations/page.tsx(155,9): error TS2322: Type '{ title: string; description: string; backLink: string; backLabel: string; action: Element; }' is not assignable to type 'PageHeaderProps'.
src/app/(dashboard)/medications/[id]/administrations/page.tsx(159,39): error TS2322: Type 'Element' is not assignable to type 'ReactNode'.
src/app/(dashboard)/medications/[id]/administrations/page.tsx(242,13): error TS2322: Type '{ medicationId: string; dateRange: number; }' is not assignable to type 'AdherenceTrackerProps'.
src/app/(dashboard)/medications/[id]/administrations/page.tsx(255,13): error TS2322: Type '{ medicationId: string; initialData: any; pagination: any; stats: any; searchParams: { page?: string | undefined; limit?: string | undefined; startDate?: string | undefined; endDate?: string | undefined; status?: string | undefined; }; realtime: boolean; }' is not assignable to type 'AdministrationLogProps'.
src/app/(dashboard)/medications/[id]/edit/page.tsx(99,10): error TS2305: Module '"react"' has no exported member 'Suspense'.
src/app/(dashboard)/medications/[id]/edit/page.tsx(130,10): error TS18046: 'response' is of type 'unknown'.
src/app/(dashboard)/medications/[id]/edit/page.tsx(131,11): error TS18046: 'response' is of type 'unknown'.
src/app/(dashboard)/medications/[id]/edit/page.tsx(135,12): error TS18046: 'response' is of type 'unknown'.
src/app/(dashboard)/medications/[id]/edit/page.tsx(158,9): error TS2322: Type '{ title: string; description: string; backLink: string; backLabel: string; }' is not assignable to type 'PageHeaderProps'.
src/app/(dashboard)/medications/[id]/edit/page.tsx(167,13): error TS2322: Type '{ mode: "edit"; medicationId: string; initialData: any; }' is not assignable to type 'MedicationFormProps'.
src/app/(dashboard)/medications/[id]/page.tsx(92,10): error TS2305: Module '"react"' has no exported member 'Suspense'.
src/app/(dashboard)/medications/[id]/page.tsx(231,10): error TS18046: 'response' is of type 'unknown'.
src/app/(dashboard)/medications/[id]/page.tsx(232,11): error TS18046: 'response' is of type 'unknown'.
src/app/(dashboard)/medications/[id]/page.tsx(238,12): error TS18046: 'response' is of type 'unknown'.
src/app/(dashboard)/medications/[id]/page.tsx(318,10): error TS18046: 'response' is of type 'unknown'.
src/app/(dashboard)/medications/[id]/page.tsx(322,12): error TS18046: 'response' is of type 'unknown'.
src/app/(dashboard)/medications/[id]/page.tsx(434,9): error TS2322: Type '{ title: any; description: any; backLink: string; backLabel: string; action: Element; }' is not assignable to type 'PageHeaderProps'.
src/app/(dashboard)/medications/[id]/page.tsx(439,43): error TS2322: Type 'Element' is not assignable to type 'ReactNode'.
src/app/(dashboard)/medications/[id]/page.tsx(444,41): error TS2322: Type 'Element' is not assignable to type 'ReactNode'.
src/app/(dashboard)/medications/[id]/page.tsx(451,17): error TS2322: Type 'Element' is not assignable to type 'ReactNode'.
src/app/(dashboard)/medications/[id]/page.tsx(483,17): error TS2322: Type '{ medicationId: string; initialData: any; limit: number; }' is not assignable to type 'AdministrationLogProps'.
src/app/(dashboard)/medications/administration-calendar/page.tsx(65,9): error TS2322: Type '{ title: string; description: string; backLink: string; backLabel: string; }' is not assignable to type 'PageHeaderProps'.
src/app/(dashboard)/medications/administration-calendar/page.tsx(79,11): error TS2322: Type '{ medications: any; stats: any; }' is not assignable to type 'MedicationCalendarProps'.
src/app/(dashboard)/medications/administration-completed/page.tsx(8,10): error TS2305: Module '"react"' has no exported member 'Suspense'.
src/app/(dashboard)/medications/administration-completed/page.tsx(46,10): error TS18046: 'response' is of type 'unknown'.
src/app/(dashboard)/medications/administration-completed/page.tsx(50,12): error TS18046: 'response' is of type 'unknown'.
src/app/(dashboard)/medications/administration-completed/page.tsx(70,9): error TS2322: Type '{ title: string; description: string; backLink: string; backLabel: string; }' is not assignable to type 'PageHeaderProps'.
src/app/(dashboard)/medications/administration-completed/page.tsx(98,11): error TS2322: Type '{ completed: any; stats: any; total: any; selectedDate: string; }' is not assignable to type 'CompletedMedicationsListProps'.
src/app/(dashboard)/medications/administration-due/page.tsx(8,10): error TS2305: Module '"react"' has no exported member 'Suspense'.
src/app/(dashboard)/medications/administration-due/page.tsx(33,10): error TS18046: 'response' is of type 'unknown'.
src/app/(dashboard)/medications/administration-due/page.tsx(37,12): error TS18046: 'response' is of type 'unknown'.
src/app/(dashboard)/medications/administration-due/page.tsx(57,9): error TS2322: Type '{ title: string; description: string; backLink: string; backLabel: string; }' is not assignable to type 'PageHeaderProps'.
src/app/(dashboard)/medications/administration-due/page.tsx(86,11): error TS2322: Type '{ dueMedications: any; upcomingMedications: any; stats: any; }' is not assignable to type 'DueMedicationsDashboardProps'.
src/app/(dashboard)/medications/administration-missed/page.tsx(8,10): error TS2305: Module '"react"' has no exported member 'Suspense'.
src/app/(dashboard)/medications/administration-missed/page.tsx(50,10): error TS18046: 'response' is of type 'unknown'.
src/app/(dashboard)/medications/administration-missed/page.tsx(54,12): error TS18046: 'response' is of type 'unknown'.
src/app/(dashboard)/medications/administration-missed/page.tsx(74,9): error TS2322: Type '{ title: string; description: string; backLink: string; backLabel: string; }' is not assignable to type 'PageHeaderProps'.
src/app/(dashboard)/medications/administration-missed/page.tsx(103,11): error TS2322: Type '{ missedDoses: any; stats: any; total: any; }' is not assignable to type 'MissedDosesListProps'.
src/app/(dashboard)/medications/administration-overdue/page.tsx(8,10): error TS2305: Module '"react"' has no exported member 'Suspense'.
src/app/(dashboard)/medications/administration-overdue/page.tsx(33,10): error TS18046: 'response' is of type 'unknown'.
src/app/(dashboard)/medications/administration-overdue/page.tsx(37,12): error TS18046: 'response' is of type 'unknown'.
src/app/(dashboard)/medications/administration-overdue/page.tsx(57,9): error TS2322: Type '{ title: string; description: string; backLink: string; backLabel: string; }' is not assignable to type 'PageHeaderProps'.
src/app/(dashboard)/medications/administration-overdue/page.tsx(104,33): error TS2322: Type '{ medications: any; stats: any; }' is not assignable to type 'OverdueMedicationsListProps'.
src/app/(dashboard)/medications/administration-rules/page.tsx(8,10): error TS2305: Module '"react"' has no exported member 'Suspense'.
src/app/(dashboard)/medications/administration-rules/page.tsx(33,10): error TS18046: 'response' is of type 'unknown'.
src/app/(dashboard)/medications/administration-rules/page.tsx(37,12): error TS18046: 'response' is of type 'unknown'.
src/app/(dashboard)/medications/administration-rules/page.tsx(54,9): error TS2322: Type '{ title: string; description: string; backLink: string; backLabel: string; }' is not assignable to type 'PageHeaderProps'.
src/app/(dashboard)/medications/administration-rules/page.tsx(104,44): error TS2322: Type '{ rules: any; defaults: any; }' is not assignable to type 'AdministrationRulesProps'.
src/app/(dashboard)/medications/administration-schedule/page.tsx(8,10): error TS2305: Module '"react"' has no exported member 'Suspense'.
src/app/(dashboard)/medications/administration-schedule/page.tsx(45,10): error TS18046: 'response' is of type 'unknown'.
src/app/(dashboard)/medications/administration-schedule/page.tsx(49,12): error TS18046: 'response' is of type 'unknown'.
src/app/(dashboard)/medications/administration-schedule/page.tsx(70,9): error TS2322: Type '{ title: string; description: string; backLink: string; backLabel: string; }' is not assignable to type 'PageHeaderProps'.
src/app/(dashboard)/medications/administration-schedule/page.tsx(77,11): error TS2322: Type '{ schedule: any; selectedDate: string; }' is not assignable to type 'AdministrationScheduleProps'.
src/app/(dashboard)/medications/as-needed/page.tsx(79,11): error TS2322: Type '{ title: string; description: string; backLink: string; backLabel: string; }' is not assignable to type 'PageHeaderProps'.
src/app/(dashboard)/medications/as-needed/page.tsx(98,9): error TS2322: Type 'Element' is not assignable to type 'ReactNode'.
src/app/(dashboard)/medications/as-needed/page.tsx(130,8): error TS2304: Cannot find name 'Suspense'.
src/app/(dashboard)/medications/as-needed/page.tsx(132,11): error TS2322: Type '{ medications: any[]; total: number; stats: any; }' is not assignable to type 'PRNMedicationsListProps'.
src/app/(dashboard)/medications/as-needed/page.tsx(136,9): error TS2304: Cannot find name 'Suspense'.
src/app/(dashboard)/medications/categories/page.tsx(8,10): error TS2305: Module '"react"' has no exported member 'Suspense'.
src/app/(dashboard)/medications/categories/page.tsx(33,10): error TS18046: 'response' is of type 'unknown'.
src/app/(dashboard)/medications/categories/page.tsx(37,12): error TS18046: 'response' is of type 'unknown'.
src/app/(dashboard)/medications/categories/page.tsx(54,9): error TS2322: Type '{ title: string; description: string; backLink: string; backLabel: string; }' is not assignable to type 'PageHeaderProps'.
src/app/(dashboard)/medications/categories/page.tsx(79,55): error TS2322: Type '{ categories: any; stats: any; }' is not assignable to type 'MedicationCategoriesProps'.
src/app/(dashboard)/medications/controlled-substances/page.tsx(8,10): error TS2305: Module '"react"' has no exported member 'Suspense'.
src/app/(dashboard)/medications/controlled-substances/page.tsx(10,10): error TS2614: Module '"next/link"' has no exported member 'Link'. Did you mean to use 'import Link from "next/link"' instead?
src/app/(dashboard)/medications/controlled-substances/page.tsx(34,10): error TS18046: 'response' is of type 'unknown'.
src/app/(dashboard)/medications/controlled-substances/page.tsx(38,12): error TS18046: 'response' is of type 'unknown'.
src/app/(dashboard)/medications/controlled-substances/page.tsx(61,9): error TS2322: Type 'Element' is not assignable to type 'ReactNode'.
src/app/(dashboard)/medications/controlled-substances/page.tsx(96,11): error TS2322: Type '{ medications: any; total: any; inventoryStats: any; }' is not assignable to type 'ControlledSubstancesListProps'.
src/app/(dashboard)/medications/emergency/page.tsx(8,10): error TS2305: Module '"react"' has no exported member 'Suspense'.
src/app/(dashboard)/medications/emergency/page.tsx(10,10): error TS2614: Module '"next/link"' has no exported member 'Link'. Did you mean to use 'import Link from "next/link"' instead?
src/app/(dashboard)/medications/emergency/page.tsx(34,10): error TS18046: 'response' is of type 'unknown'.
src/app/(dashboard)/medications/emergency/page.tsx(38,12): error TS18046: 'response' is of type 'unknown'.
src/app/(dashboard)/medications/emergency/page.tsx(61,9): error TS2322: Type 'Element' is not assignable to type 'ReactNode'.
src/app/(dashboard)/medications/emergency/page.tsx(118,11): error TS2322: Type '{ medications: any; total: any; expirationAlerts: any; }' is not assignable to type 'EmergencyMedicationsListProps'.
src/app/(dashboard)/medications/error.tsx(23,7): error TS2322: Type 'Element' is not assignable to type 'ReactNode'.
src/app/(dashboard)/medications/interactions/page.tsx(8,10): error TS2305: Module '"react"' has no exported member 'Suspense'.
src/app/(dashboard)/medications/interactions/page.tsx(43,9): error TS2322: Type '{ title: string; description: string; backLink: string; backLabel: string; }' is not assignable to type 'PageHeaderProps'.
src/app/(dashboard)/medications/interactions/page.tsx(112,13): error TS2322: Type '{ initialMedicationId: string | undefined; initialStudentId: string | undefined; }' is not assignable to type 'DrugInteractionCheckerProps'.
src/app/(dashboard)/medications/inventory/[id]/adjust/page.tsx(8,10): error TS2305: Module '"react"' has no exported member 'Suspense'.
src/app/(dashboard)/medications/inventory/[id]/adjust/page.tsx(40,10): error TS18046: 'response' is of type 'unknown'.
src/app/(dashboard)/medications/inventory/[id]/adjust/page.tsx(41,11): error TS18046: 'response' is of type 'unknown'.
src/app/(dashboard)/medications/inventory/[id]/adjust/page.tsx(45,12): error TS18046: 'response' is of type 'unknown'.
src/app/(dashboard)/medications/inventory/[id]/adjust/page.tsx(66,9): error TS2322: Type '{ title: string; description: string; backLink: string; backLabel: string; }' is not assignable to type 'PageHeaderProps'.
src/app/(dashboard)/medications/inventory/[id]/adjust/page.tsx(96,13): error TS2322: Type '{ medicationId: string; currentQuantity: any; quantityUnit: any; isControlledSubstance: any; medicationName: any; }' is not assignable to type 'StockAdjustmentFormProps'.
src/app/(dashboard)/medications/inventory/[id]/page.tsx(8,10): error TS2305: Module '"react"' has no exported member 'Suspense'.
src/app/(dashboard)/medications/inventory/[id]/page.tsx(11,10): error TS2614: Module '"next/link"' has no exported member 'Link'. Did you mean to use 'import Link from "next/link"' instead?
src/app/(dashboard)/medications/inventory/[id]/page.tsx(41,10): error TS18046: 'response' is of type 'unknown'.
src/app/(dashboard)/medications/inventory/[id]/page.tsx(42,11): error TS18046: 'response' is of type 'unknown'.
src/app/(dashboard)/medications/inventory/[id]/page.tsx(46,12): error TS18046: 'response' is of type 'unknown'.
src/app/(dashboard)/medications/inventory/[id]/page.tsx(71,9): error TS2322: Type 'Element' is not assignable to type 'ReactNode'.
src/app/(dashboard)/medications/inventory/expiring/page.tsx(8,10): error TS2305: Module '"react"' has no exported member 'Suspense'.
src/app/(dashboard)/medications/inventory/expiring/page.tsx(43,10): error TS18046: 'response' is of type 'unknown'.
src/app/(dashboard)/medications/inventory/expiring/page.tsx(47,12): error TS18046: 'response' is of type 'unknown'.
src/app/(dashboard)/medications/inventory/expiring/page.tsx(64,9): error TS2322: Type '{ title: string; description: string; backLink: string; backLabel: string; }' is not assignable to type 'PageHeaderProps'.
src/app/(dashboard)/medications/inventory/expiring/page.tsx(113,11): error TS2322: Type '{ expired: any; expiring30: any; expiring60: any; expiring90: any; total: any; }' is not assignable to type 'ExpiringMedicationsListProps'.
src/app/(dashboard)/medications/inventory/low-stock/page.tsx(8,10): error TS2305: Module '"react"' has no exported member 'Suspense'.
src/app/(dashboard)/medications/inventory/low-stock/page.tsx(33,10): error TS18046: 'response' is of type 'unknown'.
src/app/(dashboard)/medications/inventory/low-stock/page.tsx(37,12): error TS18046: 'response' is of type 'unknown'.
src/app/(dashboard)/medications/inventory/low-stock/page.tsx(54,9): error TS2322: Type '{ title: string; description: string; backLink: string; backLabel: string; }' is not assignable to type 'PageHeaderProps'.
src/app/(dashboard)/medications/inventory/low-stock/page.tsx(120,23): error TS2322: Type '{ items: any; total: any; criticalCount: any; }' is not assignable to type 'LowStockListProps'.
src/app/(dashboard)/medications/inventory/page.tsx(8,10): error TS2305: Module '"react"' has no exported member 'Suspense'.
src/app/(dashboard)/medications/inventory/page.tsx(10,10): error TS2614: Module '"next/link"' has no exported member 'Link'. Did you mean to use 'import Link from "next/link"' instead?
src/app/(dashboard)/medications/inventory/page.tsx(47,10): error TS18046: 'response' is of type 'unknown'.
src/app/(dashboard)/medications/inventory/page.tsx(51,12): error TS18046: 'response' is of type 'unknown'.
src/app/(dashboard)/medications/inventory/page.tsx(72,9): error TS2322: Type 'Element' is not assignable to type 'ReactNode'.
src/app/(dashboard)/medications/inventory/page.tsx(111,11): error TS2322: Type '{ inventory: any; stats: any; total: any; }' is not assignable to type 'InventoryListProps'.
src/app/(dashboard)/medications/new/page.tsx(111,10): error TS2305: Module '"react"' has no exported member 'Suspense'.
src/app/(dashboard)/medications/new/page.tsx(172,9): error TS2322: Type '{ title: string; description: string; backLink: string; backLabel: string; }' is not assignable to type 'PageHeaderProps'.
src/app/(dashboard)/medications/new/page.tsx(179,12): error TS2741: Property 'onSubmit' is missing in type '{ mode: "create"; }' but required in type 'MedicationFormProps'.
src/app/(dashboard)/medications/over-the-counter/page.tsx(8,10): error TS2305: Module '"react"' has no exported member 'Suspense'.
src/app/(dashboard)/medications/over-the-counter/page.tsx(10,10): error TS2614: Module '"next/link"' has no exported member 'Link'. Did you mean to use 'import Link from "next/link"' instead?
src/app/(dashboard)/medications/over-the-counter/page.tsx(34,10): error TS18046: 'response' is of type 'unknown'.
src/app/(dashboard)/medications/over-the-counter/page.tsx(38,12): error TS18046: 'response' is of type 'unknown'.
src/app/(dashboard)/medications/over-the-counter/page.tsx(59,9): error TS2322: Type 'Element' is not assignable to type 'ReactNode'.
src/app/(dashboard)/medications/over-the-counter/page.tsx(89,11): error TS2322: Type '{ medications: any; total: any; filterType: string; showConsentStatus: true; }' is not assignable to type 'MedicationListProps'.
src/app/(dashboard)/medications/page.tsx(225,9): error TS2322: Type 'Element' is not assignable to type 'ReactNode'.
src/app/(dashboard)/medications/page.tsx(227,14): error TS2322: Type '{ children: string; variant: "primary"; }' is not assignable to type 'ButtonProps'.
src/app/(dashboard)/medications/page.tsx(299,20): error TS2322: Type '{ children: string; variant: "primary"; }' is not assignable to type 'ButtonProps'.
src/app/(dashboard)/medications/page.tsx(307,19): error TS2322: Type '{ key: string; medication: Medication; }' is not assignable to type '{ medication: Medication; }'.
src/app/(dashboard)/medications/prescriptions/[id]/page.tsx(8,10): error TS2305: Module '"react"' has no exported member 'Suspense'.
src/app/(dashboard)/medications/prescriptions/[id]/page.tsx(11,10): error TS2614: Module '"next/link"' has no exported member 'Link'. Did you mean to use 'import Link from "next/link"' instead?
src/app/(dashboard)/medications/prescriptions/[id]/page.tsx(41,10): error TS18046: 'response' is of type 'unknown'.
src/app/(dashboard)/medications/prescriptions/[id]/page.tsx(42,11): error TS18046: 'response' is of type 'unknown'.
src/app/(dashboard)/medications/prescriptions/[id]/page.tsx(46,12): error TS18046: 'response' is of type 'unknown'.
src/app/(dashboard)/medications/prescriptions/[id]/page.tsx(71,9): error TS2322: Type 'Element' is not assignable to type 'ReactNode'.
src/app/(dashboard)/medications/prescriptions/[id]/refill/page.tsx(8,10): error TS2305: Module '"react"' has no exported member 'Suspense'.
src/app/(dashboard)/medications/prescriptions/[id]/refill/page.tsx(40,10): error TS18046: 'response' is of type 'unknown'.
src/app/(dashboard)/medications/prescriptions/[id]/refill/page.tsx(41,11): error TS18046: 'response' is of type 'unknown'.
src/app/(dashboard)/medications/prescriptions/[id]/refill/page.tsx(45,12): error TS18046: 'response' is of type 'unknown'.
src/app/(dashboard)/medications/prescriptions/[id]/refill/page.tsx(68,11): error TS2322: Type '{ title: string; description: string; backLink: string; backLabel: string; }' is not assignable to type 'PageHeaderProps'.
src/app/(dashboard)/medications/prescriptions/[id]/refill/page.tsx(99,9): error TS2322: Type '{ title: string; description: string; backLink: string; backLabel: string; }' is not assignable to type 'PageHeaderProps'.
src/app/(dashboard)/medications/prescriptions/[id]/refill/page.tsx(106,30): error TS2322: Type '{ prescription: any; prescriptionId: string; }' is not assignable to type 'RefillRequestFormProps'.
src/app/(dashboard)/medications/prescriptions/new/page.tsx(8,10): error TS2305: Module '"react"' has no exported member 'Suspense'.
src/app/(dashboard)/medications/prescriptions/new/page.tsx(31,9): error TS2322: Type '{ title: string; description: string; backLink: string; backLabel: string; }' is not assignable to type 'PageHeaderProps'.
src/app/(dashboard)/medications/prescriptions/new/page.tsx(38,29): error TS2322: Type '{ mode: string; }' is not assignable to type 'PrescriptionFormProps'.
src/app/(dashboard)/medications/prescriptions/page.tsx(8,10): error TS2305: Module '"react"' has no exported member 'Suspense'.
src/app/(dashboard)/medications/prescriptions/page.tsx(10,10): error TS2614: Module '"next/link"' has no exported member 'Link'. Did you mean to use 'import Link from "next/link"' instead?
src/app/(dashboard)/medications/prescriptions/page.tsx(49,10): error TS18046: 'response' is of type 'unknown'.
src/app/(dashboard)/medications/prescriptions/page.tsx(53,12): error TS18046: 'response' is of type 'unknown'.
src/app/(dashboard)/medications/prescriptions/page.tsx(76,9): error TS2322: Type 'Element' is not assignable to type 'ReactNode'.
src/app/(dashboard)/medications/prescriptions/page.tsx(90,11): error TS2322: Type '{ prescriptions: any; total: any; stats: any; }' is not assignable to type 'PrescriptionsListProps'.
src/app/(dashboard)/medications/reports/administration/page.tsx(8,10): error TS2305: Module '"react"' has no exported member 'Suspense'.
src/app/(dashboard)/medications/reports/administration/page.tsx(51,10): error TS18046: 'response' is of type 'unknown'.
src/app/(dashboard)/medications/reports/administration/page.tsx(55,12): error TS18046: 'response' is of type 'unknown'.
src/app/(dashboard)/medications/reports/administration/page.tsx(72,9): error TS2322: Type '{ title: string; description: string; backLink: string; backLabel: string; }' is not assignable to type 'PageHeaderProps'.
src/app/(dashboard)/medications/reports/administration/page.tsx(78,31): error TS2322: Type '{ data: any; filters: { startDate?: string | undefined; endDate?: string | undefined; studentId?: string | undefined; medicationId?: string | undefined; administeredBy?: string | undefined; }; }' is not assignable to type 'AdministrationReportProps'.
src/app/(dashboard)/medications/reports/compliance/page.tsx(8,10): error TS2305: Module '"react"' has no exported member 'Suspense'.
src/app/(dashboard)/medications/reports/compliance/page.tsx(47,10): error TS18046: 'response' is of type 'unknown'.
src/app/(dashboard)/medications/reports/compliance/page.tsx(51,12): error TS18046: 'response' is of type 'unknown'.
src/app/(dashboard)/medications/reports/compliance/page.tsx(70,9): error TS2322: Type '{ title: string; description: string; backLink: string; backLabel: string; }' is not assignable to type 'PageHeaderProps'.
src/app/(dashboard)/medications/reports/compliance/page.tsx(97,27): error TS2322: Type '{ data: any; filters: { startDate?: string | undefined; endDate?: string | undefined; studentId?: string | undefined; }; }' is not assignable to type 'ComplianceReportProps'.
src/app/(dashboard)/medications/reports/expiration/page.tsx(8,10): error TS2305: Module '"react"' has no exported member 'Suspense'.
src/app/(dashboard)/medications/reports/expiration/page.tsx(43,10): error TS18046: 'response' is of type 'unknown'.
src/app/(dashboard)/medications/reports/expiration/page.tsx(47,12): error TS18046: 'response' is of type 'unknown'.
src/app/(dashboard)/medications/reports/expiration/page.tsx(64,9): error TS2322: Type '{ title: string; description: string; backLink: string; backLabel: string; }' is not assignable to type 'PageHeaderProps'.
src/app/(dashboard)/medications/reports/expiration/page.tsx(112,27): error TS2322: Type '{ data: any; filters: { days?: string | undefined; }; }' is not assignable to type 'ExpirationReportProps'.
src/app/(dashboard)/medications/reports/inventory/page.tsx(8,10): error TS2305: Module '"react"' has no exported member 'Suspense'.
src/app/(dashboard)/medications/reports/inventory/page.tsx(33,10): error TS18046: 'response' is of type 'unknown'.
src/app/(dashboard)/medications/reports/inventory/page.tsx(37,12): error TS18046: 'response' is of type 'unknown'.
src/app/(dashboard)/medications/reports/inventory/page.tsx(54,9): error TS2322: Type '{ title: string; description: string; backLink: string; backLabel: string; }' is not assignable to type 'PageHeaderProps'.
src/app/(dashboard)/medications/reports/inventory/page.tsx(81,26): error TS2322: Type '{ data: any; }' is not assignable to type 'InventoryReportProps'.
src/app/(dashboard)/medications/reports/page.tsx(8,10): error TS2305: Module '"react"' has no exported member 'Suspense'.
src/app/(dashboard)/medications/reports/page.tsx(10,10): error TS2614: Module '"next/link"' has no exported member 'Link'. Did you mean to use 'import Link from "next/link"' instead?
src/app/(dashboard)/medications/reports/page.tsx(73,9): error TS2322: Type '{ title: string; description: string; backLink: string; backLabel: string; }' is not assignable to type 'PageHeaderProps'.
src/app/(dashboard)/medications/reports/page.tsx(79,27): error TS2322: Type '{ reports: { id: string; title: string; description: string; icon: string; href: string; color: string; }[]; }' is not assignable to type 'ReportsDashboardProps'.
src/app/(dashboard)/medications/reports/refills/page.tsx(8,10): error TS2305: Module '"react"' has no exported member 'Suspense'.
src/app/(dashboard)/medications/reports/refills/page.tsx(33,10): error TS18046: 'response' is of type 'unknown'.
src/app/(dashboard)/medications/reports/refills/page.tsx(37,12): error TS18046: 'response' is of type 'unknown'.
src/app/(dashboard)/medications/reports/refills/page.tsx(54,9): error TS2322: Type '{ title: string; description: string; backLink: string; backLabel: string; }' is not assignable to type 'PageHeaderProps'.
src/app/(dashboard)/medications/reports/refills/page.tsx(102,24): error TS2322: Type '{ data: any; }' is not assignable to type 'RefillsReportProps'.
src/app/(dashboard)/medications/schedule/page.tsx(8,10): error TS2305: Module '"react"' has no exported member 'Suspense'.
src/app/(dashboard)/medications/schedule/page.tsx(50,10): error TS18046: 'response' is of type 'unknown'.
src/app/(dashboard)/medications/schedule/page.tsx(54,12): error TS18046: 'response' is of type 'unknown'.
src/app/(dashboard)/medications/schedule/page.tsx(75,10): error TS18046: 'response' is of type 'unknown'.
src/app/(dashboard)/medications/schedule/page.tsx(79,12): error TS18046: 'response' is of type 'unknown'.
src/app/(dashboard)/medications/schedule/page.tsx(104,9): error TS2322: Type '{ title: string; description: string; action: Element; }' is not assignable to type 'PageHeaderProps'.
src/app/(dashboard)/medications/schedule/page.tsx(110,17): error TS2322: Type 'Element' is not assignable to type 'ReactNode'.
src/app/(dashboard)/medications/schedule/page.tsx(116,41): error TS2322: Type 'Element' is not assignable to type 'ReactNode'.
src/app/(dashboard)/medications/schedule/page.tsx(157,17): error TS2322: Type '{ events: any; view: "day" | "week" | "month"; initialDate: string | undefined; }' is not assignable to type 'MedicationScheduleProps'.
src/app/(dashboard)/medications/settings/page.tsx(8,10): error TS2305: Module '"react"' has no exported member 'Suspense'.
src/app/(dashboard)/medications/settings/page.tsx(10,10): error TS2614: Module '"next/link"' has no exported member 'Link'. Did you mean to use 'import Link from "next/link"' instead?
src/app/(dashboard)/medications/settings/page.tsx(34,10): error TS18046: 'response' is of type 'unknown'.
src/app/(dashboard)/medications/settings/page.tsx(38,12): error TS18046: 'response' is of type 'unknown'.
src/app/(dashboard)/medications/settings/page.tsx(74,9): error TS2322: Type '{ title: string; description: string; backLink: string; backLabel: string; }' is not assignable to type 'PageHeaderProps'.
src/app/(dashboard)/medications/settings/page.tsx(113,49): error TS2322: Type '{ settings: any; defaults: any; }' is not assignable to type 'MedicationSettingsProps'.
src/app/(dashboard)/messages/new/page.tsx(63,9): error TS2322: Type '{ title: string; description: string; backLink: string; backLabel: string; }' is not assignable to type 'PageHeaderProps'.
src/app/(dashboard)/messages/new/page.tsx(70,11): error TS2322: Type 'Element' is not assignable to type 'ReactNode'.
src/app/(dashboard)/messages/new/page.tsx(178,16): error TS2322: Type '{ children: string; type: string; variant: "secondary"; onClick: () => void; disabled: boolean; }' is not assignable to type 'ButtonProps'.
src/app/(dashboard)/messages/new/page.tsx(186,16): error TS2322: Type '{ children: Element; type: string; variant: "primary"; disabled: boolean; }' is not assignable to type 'ButtonProps'.
src/app/(dashboard)/messages/page.tsx(36,9): error TS2322: Type 'Element' is not assignable to type 'ReactNode'.
src/app/(dashboard)/messages/page.tsx(37,12): error TS2322: Type '{ children: (string | Element)[]; variant: "primary"; }' is not assignable to type 'ButtonProps'.
src/app/(dashboard)/messages/page.tsx(47,11): error TS2322: Type 'Element' is not assignable to type 'ReactNode'.
src/app/(dashboard)/messages/page.tsx(59,11): error TS2322: Type 'Element' is not assignable to type 'ReactNode'.
src/app/(dashboard)/messages/page.tsx(71,11): error TS2322: Type 'Element' is not assignable to type 'ReactNode'.
src/app/(dashboard)/messages/page.tsx(83,11): error TS2322: Type 'Element' is not assignable to type 'ReactNode'.
src/app/(dashboard)/messages/page.tsx(97,9): error TS2322: Type 'Element' is not assignable to type 'ReactNode'.
src/app/(dashboard)/messages/page.tsx(145,16): error TS2786: 'SearchInput' cannot be used as a JSX component.
src/app/(dashboard)/messages/page.tsx(157,9): error TS2322: Type 'Element' is not assignable to type 'ReactNode'.
src/app/(dashboard)/messages/page.tsx(172,18): error TS2322: Type '{ children: (string | Element)[]; variant: "primary"; className: string; }' is not assignable to type 'ButtonProps'.
src/app/(dashboard)/profile/page.tsx(23,9): error TS2322: Type '{ title: string; description: string; }' is not assignable to type 'PageHeaderProps'.
src/app/(dashboard)/profile/page.tsx(29,11): error TS2322: Type 'Element' is not assignable to type 'ReactNode'.
src/app/(dashboard)/profile/page.tsx(63,11): error TS2322: Type 'Element' is not assignable to type 'ReactNode'.
src/app/(dashboard)/profile/page.tsx(105,9): error TS2322: Type 'Element' is not assignable to type 'ReactNode'.
src/app/(dashboard)/reports/page.tsx(348,37): error TS7006: Parameter 'e' implicitly has an 'any' type.
src/app/admin/monitoring/health/page.tsx(25,10): error TS2305: Module '"react"' has no exported member 'Suspense'.
src/app/admin/settings/audit-logs/page.tsx(113,28): error TS7006: Parameter 'e' implicitly has an 'any' type.
src/app/admin/settings/audit-logs/page.tsx(122,24): error TS7006: Parameter 'e' implicitly has an 'any' type.
src/app/admin/settings/audit-logs/page.tsx(136,24): error TS7006: Parameter 'e' implicitly has an 'any' type.
src/app/admin/settings/configuration/page.tsx(81,26): error TS7006: Parameter 'e' implicitly has an 'any' type.
src/app/admin/settings/configuration/page.tsx(92,26): error TS7006: Parameter 'e' implicitly has an 'any' type.
src/app/admin/settings/configuration/page.tsx(100,26): error TS7006: Parameter 'e' implicitly has an 'any' type.
src/app/admin/settings/configuration/page.tsx(114,26): error TS7006: Parameter 'e' implicitly has an 'any' type.
src/app/admin/settings/configuration/page.tsx(131,26): error TS7006: Parameter 'e' implicitly has an 'any' type.
src/app/admin/settings/configuration/page.tsx(143,26): error TS7006: Parameter 'e' implicitly has an 'any' type.
src/app/admin/settings/configuration/page.tsx(154,26): error TS7006: Parameter 'e' implicitly has an 'any' type.
src/app/admin/settings/configuration/page.tsx(165,26): error TS7006: Parameter 'e' implicitly has an 'any' type.
src/app/admin/settings/configuration/page.tsx(190,24): error TS7006: Parameter 'e' implicitly has an 'any' type.
src/app/admin/settings/districts/page.tsx(96,24): error TS7006: Parameter 'e' implicitly has an 'any' type.
src/app/admin/settings/page.tsx(11,10): error TS2305: Module '"react"' has no exported member 'Suspense'.
src/app/admin/settings/schools/page.tsx(103,26): error TS7006: Parameter 'e' implicitly has an 'any' type.
src/app/admin/settings/schools/page.tsx(109,24): error TS7006: Parameter 'e' implicitly has an 'any' type.
src/app/admin/settings/users/page.tsx(231,28): error TS7006: Parameter 'e' implicitly has an 'any' type.
src/app/admin/settings/users/page.tsx(241,26): error TS7006: Parameter 'e' implicitly has an 'any' type.
src/app/admin/settings/users/page.tsx(246,39): error TS2339: Property 'DISTRICT_ADMIN' does not exist on type 'typeof UserRole'.
src/app/admin/settings/users/page.tsx(247,39): error TS2339: Property 'SCHOOL_ADMIN' does not exist on type 'typeof UserRole'.
src/app/admin/settings/users/page.tsx(257,26): error TS7006: Parameter 'e' implicitly has an 'any' type.
src/app/api/appointments/[id]/route.ts(51,9): error TS2554: Expected 2 arguments, but got 1.
src/app/api/appointments/[id]/route.ts(52,9): error TS2554: Expected 2 arguments, but got 1.
src/app/api/appointments/[id]/route.ts(81,9): error TS2554: Expected 2 arguments, but got 1.
src/app/api/appointments/[id]/route.ts(82,9): error TS2554: Expected 2 arguments, but got 1.
src/app/api/appointments/availability/route.ts(50,27): error TS2554: Expected 1 arguments, but got 0.
src/app/api/appointments/availability/route.ts(51,19): error TS2339: Property 'user' does not exist on type 'AuthenticatedUser'.
src/app/api/appointments/availability/route.ts(61,55): error TS2339: Property 'user' does not exist on type 'AuthenticatedUser'.
src/app/api/appointments/availability/route.ts(73,37): error TS2339: Property 'errors' does not exist on type 'ZodError<{ date: string; duration: number; nurseId?: string | undefined; studentId?: string | undefined; }>'.
src/app/api/appointments/availability/route.ts(86,7): error TS2322: Type 'string | undefined' is not assignable to type 'string'.
src/app/api/appointments/availability/route.ts(95,27): error TS2339: Property 'suggested' does not exist on type 'AvailableSlots'.
src/app/api/appointments/reminders/route.ts(49,27): error TS2554: Expected 1 arguments, but got 0.
src/app/api/appointments/reminders/route.ts(50,19): error TS2339: Property 'user' does not exist on type 'AuthenticatedUser'.
src/app/api/appointments/reminders/route.ts(66,37): error TS2339: Property 'errors' does not exist on type 'ZodError<{ appointmentId: string; method: "email" | "sms" | "both"; customMessage?: string | undefined; }>'.
src/app/api/appointments/reminders/route.ts(75,26): error TS2554: Expected 2-3 arguments, but got 1.
src/app/api/appointments/reminders/route.ts(79,23): error TS2339: Property 'user' does not exist on type 'AuthenticatedUser'.
src/app/api/appointments/reminders/route.ts(82,17): error TS2339: Property 'success' does not exist on type '{ sent: boolean; error?: string | undefined; }'.
src/app/api/appointments/reminders/route.ts(99,28): error TS2339: Property 'reminderId' does not exist on type '{ sent: boolean; error?: string | undefined; }'.
src/app/api/appointments/reminders/route.ts(141,27): error TS2554: Expected 1 arguments, but got 0.
src/app/api/appointments/reminders/route.ts(142,19): error TS2339: Property 'user' does not exist on type 'AuthenticatedUser'.
src/app/api/appointments/reminders/route.ts(161,37): error TS2339: Property 'errors' does not exist on type 'ZodError<{ appointmentId: string; }>'.
src/app/api/appointments/reminders/route.ts(170,46): error TS2345: Argument of type '{ appointmentId: string; }' is not assignable to parameter of type 'string'.
src/app/api/appointments/route.ts(49,66): error TS2339: Property 'id' does not exist on type 'JWTPayload'.
src/app/api/appointments/route.ts(58,7): error TS2554: Expected 2 arguments, but got 1.
src/app/api/auth/login/__tests__/route.test.ts(9,28): error TS2307: Cannot find module '../../../../../tests/utils/test-factories' or its corresponding type declarations.
src/app/api/auth/login/__tests__/route.test.ts(82,30): error TS2554: Expected 2 arguments, but got 1.
src/app/api/auth/login/__tests__/route.test.ts(123,13): error TS2554: Expected 2 arguments, but got 1.
src/app/api/auth/login/__tests__/route.test.ts(161,30): error TS2554: Expected 2 arguments, but got 1.
src/app/api/auth/login/__tests__/route.test.ts(194,13): error TS2554: Expected 2 arguments, but got 1.
src/app/api/auth/login/__tests__/route.test.ts(232,30): error TS2554: Expected 2 arguments, but got 1.
src/app/api/auth/login/__tests__/route.test.ts(266,30): error TS2554: Expected 2 arguments, but got 1.
src/app/api/auth/login/__tests__/route.test.ts(287,30): error TS2554: Expected 2 arguments, but got 1.
src/app/api/auth/login/__tests__/route.test.ts(309,13): error TS2554: Expected 2 arguments, but got 1.
src/app/api/auth/login/__tests__/route.test.ts(337,30): error TS2554: Expected 2 arguments, but got 1.
src/app/api/auth/login/__tests__/route.test.ts(367,13): error TS2554: Expected 2 arguments, but got 1.
src/app/api/auth/login/__tests__/route.test.ts(372,24): error TS2339: Property 'timestamp' does not exist on type 'AuditLogEntry'.
src/app/api/auth/login/__tests__/route.test.ts(396,13): error TS2554: Expected 2 arguments, but got 1.
src/app/api/auth/login/__tests__/route.test.ts(423,30): error TS2554: Expected 2 arguments, but got 1.
src/app/api/auth/login/__tests__/route.test.ts(451,30): error TS2554: Expected 2 arguments, but got 1.
src/app/api/auth/login/__tests__/route.test.ts(487,30): error TS2554: Expected 2 arguments, but got 1.
src/app/api/auth/login/__tests__/route.test.ts(527,30): error TS2554: Expected 2 arguments, but got 1.
src/app/api/auth/login/__tests__/route.test.ts(561,30): error TS2554: Expected 2 arguments, but got 1.
src/app/api/auth/logout/route.ts(73,64): error TS2339: Property 'id' does not exist on type 'JWTPayload'.
src/app/api/auth/logout/route.ts(78,29): error TS2339: Property 'id' does not exist on type 'JWTPayload'.
src/app/api/communications/broadcasts/route.ts(43,66): error TS2339: Property 'id' does not exist on type 'JWTPayload'.
src/app/api/communications/broadcasts/route.ts(52,7): error TS2554: Expected 2 arguments, but got 1.
src/app/api/communications/messages/route.ts(43,66): error TS2339: Property 'id' does not exist on type 'JWTPayload'.
src/app/api/communications/messages/route.ts(52,7): error TS2554: Expected 2 arguments, but got 1.
src/app/api/compliance/reports/route.ts(42,66): error TS2339: Property 'id' does not exist on type 'JWTPayload'.
src/app/api/health-records/[id]/route.ts(81,9): error TS2554: Expected 2 arguments, but got 1.
src/app/api/health-records/[id]/route.ts(82,9): error TS2554: Expected 2 arguments, but got 1.
src/app/api/health-records/[id]/route.ts(84,11): error TS2554: Expected 2 arguments, but got 1.
src/app/api/health-records/[id]/route.ts(126,9): error TS2554: Expected 2 arguments, but got 1.
src/app/api/health-records/[id]/route.ts(127,9): error TS2554: Expected 2 arguments, but got 1.
src/app/api/health-records/route.ts(29,64): error TS2339: Property 'id' does not exist on type 'JWTPayload'.
src/app/api/health-records/route.ts(61,66): error TS2339: Property 'id' does not exist on type 'JWTPayload'.
src/app/api/health-records/route.ts(71,7): error TS2554: Expected 2 arguments, but got 1.
src/app/api/health-records/route.ts(73,9): error TS2554: Expected 2 arguments, but got 1.
src/app/api/health-records/route.ts(74,9): error TS2554: Expected 2 arguments, but got 1.
src/app/api/incidents/[id]/route.ts(81,9): error TS2554: Expected 2 arguments, but got 1.
src/app/api/incidents/[id]/route.ts(82,9): error TS2554: Expected 2 arguments, but got 1.
src/app/api/incidents/[id]/route.ts(123,9): error TS2554: Expected 2 arguments, but got 1.
src/app/api/incidents/[id]/route.ts(124,9): error TS2554: Expected 2 arguments, but got 1.
src/app/api/incidents/route.ts(29,64): error TS2339: Property 'id' does not exist on type 'JWTPayload'.
src/app/api/incidents/route.ts(61,66): error TS2339: Property 'id' does not exist on type 'JWTPayload'.
src/app/api/incidents/route.ts(71,7): error TS2554: Expected 2 arguments, but got 1.
src/app/api/medications/[id]/administer/route.ts(48,9): error TS2554: Expected 2 arguments, but got 1.
src/app/api/medications/[id]/administer/route.ts(49,9): error TS2554: Expected 2 arguments, but got 1.
src/app/api/medications/[id]/route.ts(81,9): error TS2554: Expected 2 arguments, but got 1.
src/app/api/medications/[id]/route.ts(82,9): error TS2554: Expected 2 arguments, but got 1.
src/app/api/medications/[id]/route.ts(123,9): error TS2554: Expected 2 arguments, but got 1.
src/app/api/medications/[id]/route.ts(124,9): error TS2554: Expected 2 arguments, but got 1.
src/app/api/medications/__tests__/route.test.ts(9,72): error TS2307: Cannot find module '../../../../../../tests/utils/test-factories' or its corresponding type declarations.
src/app/api/medications/__tests__/route.test.ts(10,32): error TS2307: Cannot find module '../../../../../../tests/utils/hipaa-test-utils' or its corresponding type declarations.
src/app/api/medications/route.ts(29,64): error TS2339: Property 'id' does not exist on type 'JWTPayload'.
src/app/api/medications/route.ts(61,66): error TS2339: Property 'id' does not exist on type 'JWTPayload'.
src/app/api/medications/route.ts(71,7): error TS2554: Expected 2 arguments, but got 1.
src/app/api/proxy/[...path]/__tests__/route.test.ts(52,45): error TS2739: Type '{ path: string[]; }' is missing the following properties from type 'Promise<{ path: string[]; }>': then, catch, finally, [Symbol.toStringTag]
src/app/api/proxy/[...path]/__tests__/route.test.ts(80,28): error TS2739: Type '{ path: string[]; }' is missing the following properties from type 'Promise<{ path: string[]; }>': then, catch, finally, [Symbol.toStringTag]
src/app/api/proxy/[...path]/__tests__/route.test.ts(104,28): error TS2739: Type '{ path: string[]; }' is missing the following properties from type 'Promise<{ path: string[]; }>': then, catch, finally, [Symbol.toStringTag]
src/app/api/proxy/[...path]/__tests__/route.test.ts(147,46): error TS2739: Type '{ path: string[]; }' is missing the following properties from type 'Promise<{ path: string[]; }>': then, catch, finally, [Symbol.toStringTag]
src/app/api/proxy/[...path]/__tests__/route.test.ts(178,29): error TS2739: Type '{ path: string[]; }' is missing the following properties from type 'Promise<{ path: string[]; }>': then, catch, finally, [Symbol.toStringTag]
src/app/api/proxy/[...path]/__tests__/route.test.ts(211,45): error TS2739: Type '{ path: string[]; }' is missing the following properties from type 'Promise<{ path: string[]; }>': then, catch, finally, [Symbol.toStringTag]
src/app/api/proxy/[...path]/__tests__/route.test.ts(239,48): error TS2739: Type '{ path: string[]; }' is missing the following properties from type 'Promise<{ path: string[]; }>': then, catch, finally, [Symbol.toStringTag]
src/app/api/proxy/[...path]/__tests__/route.test.ts(265,31): error TS2739: Type '{ path: string[]; }' is missing the following properties from type 'Promise<{ path: string[]; }>': then, catch, finally, [Symbol.toStringTag]
src/app/api/proxy/[...path]/__tests__/route.test.ts(298,47): error TS2739: Type '{ path: string[]; }' is missing the following properties from type 'Promise<{ path: string[]; }>': then, catch, finally, [Symbol.toStringTag]
src/app/api/proxy/[...path]/__tests__/route.test.ts(337,45): error TS2739: Type '{ path: string[]; }' is missing the following properties from type 'Promise<{ path: string[]; }>': then, catch, finally, [Symbol.toStringTag]
src/app/api/proxy/[...path]/__tests__/route.test.ts(351,45): error TS2739: Type '{ path: string[]; }' is missing the following properties from type 'Promise<{ path: string[]; }>': then, catch, finally, [Symbol.toStringTag]
src/app/api/proxy/[...path]/__tests__/route.test.ts(366,45): error TS2739: Type '{ path: string[]; }' is missing the following properties from type 'Promise<{ path: string[]; }>': then, catch, finally, [Symbol.toStringTag]
src/app/api/proxy/[...path]/__tests__/route.test.ts(392,28): error TS2739: Type '{ path: string[]; }' is missing the following properties from type 'Promise<{ path: string[]; }>': then, catch, finally, [Symbol.toStringTag]
src/app/api/proxy/[...path]/__tests__/route.test.ts(402,19): error TS2540: Cannot assign to 'NODE_ENV' because it is a read-only property.
src/app/api/proxy/[...path]/__tests__/route.test.ts(415,45): error TS2739: Type '{ path: string[]; }' is missing the following properties from type 'Promise<{ path: string[]; }>': then, catch, finally, [Symbol.toStringTag]
src/app/api/proxy/[...path]/__tests__/route.test.ts(436,28): error TS2739: Type '{ path: string[]; }' is missing the following properties from type 'Promise<{ path: string[]; }>': then, catch, finally, [Symbol.toStringTag]
src/app/api/students/[id]/route.ts(81,9): error TS2554: Expected 2 arguments, but got 1.
src/app/api/students/[id]/route.ts(82,9): error TS2554: Expected 2 arguments, but got 1.
src/app/api/students/[id]/route.ts(123,9): error TS2554: Expected 2 arguments, but got 1.
src/app/api/students/[id]/route.ts(124,9): error TS2554: Expected 2 arguments, but got 1.
src/app/api/students/__tests__/route.test.ts(9,69): error TS2307: Cannot find module '../../../../../../tests/utils/test-factories' or its corresponding type declarations.
src/app/api/students/__tests__/route.test.ts(10,45): error TS2307: Cannot find module '../../../../../../tests/utils/hipaa-test-utils' or its corresponding type declarations.
src/app/api/students/route.ts(29,64): error TS2339: Property 'id' does not exist on type 'JWTPayload'.
src/app/api/students/route.ts(61,66): error TS2339: Property 'id' does not exist on type 'JWTPayload'.
src/app/api/students/route.ts(71,7): error TS2554: Expected 2 arguments, but got 1.
src/app/api/upload/route.ts(95,64): error TS2339: Property 'id' does not exist on type 'JWTPayload'.
src/app/apple-icon.tsx(24,7): error TS2345: Argument of type 'Element' is not assignable to parameter of type 'ReactElement'.
src/app/budget/page.tsx(201,24): error TS7006: Parameter 'e' implicitly has an 'any' type.
src/app/budget/page.tsx(357,30): error TS7006: Parameter 'e' implicitly has an 'any' type.
src/app/budget/page.tsx(363,28): error TS7006: Parameter 'e' implicitly has an 'any' type.
src/app/budget/page.tsx(481,33): error TS7006: Parameter 'e' implicitly has an 'any' type.
src/app/budget/page.tsx(490,33): error TS7006: Parameter 'e' implicitly has an 'any' type.
src/app/budget/tracking/page.tsx(33,3): error TS2305: Module '"@/types/budget"' has no exported member 'BudgetVariance'.
src/app/budget/tracking/page.tsx(76,5): error TS2353: Object literal may only specify known properties, and 'budgetId' does not exist in type 'BudgetTransaction'.
src/app/budget/tracking/page.tsx(100,5): error TS2353: Object literal may only specify known properties, and 'budgetId' does not exist in type 'BudgetTransaction'.
src/app/budget/tracking/page.tsx(207,26): error TS7006: Parameter 'e' implicitly has an 'any' type.
src/app/budget/tracking/page.tsx(222,26): error TS7006: Parameter 'e' implicitly has an 'any' type.
src/app/budget/tracking/page.tsx(240,26): error TS7006: Parameter 'e' implicitly has an 'any' type.
src/app/budget/tracking/page.tsx(249,26): error TS7006: Parameter 'e' implicitly has an 'any' type.
src/app/budget/tracking/page.tsx(462,45): error TS2339: Property 'date' does not exist on type 'BudgetTransaction'.
src/app/budget/tracking/page.tsx(470,34): error TS2551: Property 'reference' does not exist on type 'BudgetTransaction'. Did you mean 'referenceId'?
src/app/budget/tracking/page.tsx(475,37): error TS2339: Property 'type' does not exist on type 'BudgetTransaction'.
src/app/budget/tracking/page.tsx(480,36): error TS2339: Property 'type' does not exist on type 'BudgetTransaction'.
src/app/budget/tracking/page.tsx(485,34): error TS2339: Property 'type' does not exist on type 'BudgetTransaction'.
src/app/budget/tracking/page.tsx(490,37): error TS2339: Property 'status' does not exist on type 'BudgetTransaction'.
src/app/budget/tracking/page.tsx(492,41): error TS2339: Property 'status' does not exist on type 'BudgetTransaction'.
src/app/budget/tracking/page.tsx(497,36): error TS2339: Property 'status' does not exist on type 'BudgetTransaction'.
src/app/budget/tracking/page.tsx(501,34): error TS2339: Property 'createdBy' does not exist on type 'BudgetTransaction'.
src/app/export/page.tsx(219,32): error TS7006: Parameter 'e' implicitly has an 'any' type.
src/app/export/page.tsx(236,34): error TS7006: Parameter 'e' implicitly has an 'any' type.
src/app/export/page.tsx(273,34): error TS7006: Parameter 'e' implicitly has an 'any' type.
src/app/export/page.tsx(301,32): error TS7006: Parameter 'e' implicitly has an 'any' type.
src/app/export/page.tsx(319,32): error TS7006: Parameter 'e' implicitly has an 'any' type.
src/app/icon.tsx(24,7): error TS2345: Argument of type 'Element' is not assignable to parameter of type 'ReactElement'.
src/app/import/page.tsx(164,34): error TS7006: Parameter 'e' implicitly has an 'any' type.
src/app/layout.tsx(299,11): error TS2322: Type 'ReactNode' is not assignable to type 'string'.
src/app/layout.tsx(300,11): error TS2322: Type 'Element' is not assignable to type 'string'.
src/app/notifications/history/page.tsx(86,15): error TS2322: Type '(variables: { id: string; snoozedUntil: Date; }) => void' is not assignable to type '(id: string, until: Date) => void'.
src/app/notifications/page.tsx(132,36): error TS7006: Parameter 'e' implicitly has an 'any' type.
src/app/notifications/page.tsx(154,34): error TS2554: Expected 1 arguments, but got 0.
src/app/notifications/page.tsx(176,19): error TS2322: Type '(variables: { id: string; snoozedUntil: Date; }) => void' is not assignable to type '(id: string, until: Date) => void'.
src/app/opengraph-image.tsx(25,7): error TS2345: Argument of type 'Element' is not assignable to parameter of type 'ReactElement'.
src/app/providers.tsx(35,7): error TS2322: Type 'Element' is not assignable to type 'ReactNode'.
src/app/providers.tsx(35,8): error TS2786: 'QueryClientProvider' cannot be used as a JSX component.
src/app/providers.tsx(36,9): error TS2322: Type 'Element' is not assignable to type 'ReactNode'.
src/app/providers.tsx(37,11): error TS2322: Type 'Element' is not assignable to type 'ReactNode'.
src/app/providers.tsx(38,13): error TS2322: Type 'Element' is not assignable to type 'ReactNode'.
src/app/providers.tsx(42,11): error TS2322: Type 'false | Element' is not assignable to type 'ReactNode'.
src/app/purchase-orders/page.tsx(65,7): error TS2322: Type 'string' is not assignable to type 'number'.
src/app/purchase-orders/page.tsx(107,7): error TS2322: Type 'string' is not assignable to type 'number'.
src/app/purchase-orders/page.tsx(355,26): error TS7006: Parameter 'e' implicitly has an 'any' type.
src/app/purchase-orders/page.tsx(362,24): error TS7006: Parameter 'e' implicitly has an 'any' type.
src/app/purchase-orders/page.tsx(378,24): error TS7006: Parameter 'e' implicitly has an 'any' type.
src/app/purchase-orders/page.tsx(489,35): error TS7006: Parameter 'e' implicitly has an 'any' type.
src/app/purchase-orders/page.tsx(500,37): error TS7006: Parameter 'e' implicitly has an 'any' type.
src/app/purchase-orders/page.tsx(513,37): error TS7006: Parameter 'e' implicitly has an 'any' type.
src/app/reminders/page.tsx(159,19): error TS2322: Type '(variables: { id: string; snoozedUntil: Date; }) => void' is not assignable to type '(id: string, until: Date) => void'.
src/app/students/__tests__/page.test.tsx(8,24): error TS2307: Cannot find module '@/tests/mocks/server' or its corresponding type declarations.
src/app/students/__tests__/page.test.tsx(44,14): error TS2345: Argument of type 'Element' is not assignable to parameter of type 'ReactNode'.
src/app/students/__tests__/page.test.tsx(77,14): error TS2345: Argument of type 'Element' is not assignable to parameter of type 'ReactNode'.
src/app/students/__tests__/page.test.tsx(93,14): error TS2345: Argument of type 'Element' is not assignable to parameter of type 'ReactNode'.
src/app/students/__tests__/page.test.tsx(113,14): error TS2345: Argument of type 'Element' is not assignable to parameter of type 'ReactNode'.
src/app/students/__tests__/page.test.tsx(122,14): error TS2345: Argument of type 'Element' is not assignable to parameter of type 'ReactNode'.
src/app/students/__tests__/page.test.tsx(164,14): error TS2345: Argument of type 'Element' is not assignable to parameter of type 'ReactNode'.
src/app/students/__tests__/page.test.tsx(188,14): error TS2345: Argument of type 'Element' is not assignable to parameter of type 'ReactNode'.
src/app/students/__tests__/page.test.tsx(197,14): error TS2345: Argument of type 'Element' is not assignable to parameter of type 'ReactNode'.
src/app/students/__tests__/page.test.tsx(231,14): error TS2345: Argument of type 'Element' is not assignable to parameter of type 'ReactNode'.
src/app/students/__tests__/page.test.tsx(246,14): error TS2345: Argument of type 'Element' is not assignable to parameter of type 'ReactNode'.
src/app/students/__tests__/page.test.tsx(284,14): error TS2345: Argument of type 'Element' is not assignable to parameter of type 'ReactNode'.
src/app/students/__tests__/page.test.tsx(296,14): error TS2345: Argument of type 'Element' is not assignable to parameter of type 'ReactNode'.
src/app/students/__tests__/page.test.tsx(315,14): error TS2345: Argument of type 'Element' is not assignable to parameter of type 'ReactNode'.
src/app/students/__tests__/page.test.tsx(340,14): error TS2345: Argument of type 'Element' is not assignable to parameter of type 'ReactNode'.
src/app/students/__tests__/page.test.tsx(371,14): error TS2345: Argument of type 'Element' is not assignable to parameter of type 'ReactNode'.
src/app/students/__tests__/page.test.tsx(379,14): error TS2345: Argument of type 'Element' is not assignable to parameter of type 'ReactNode'.
src/app/students/__tests__/page.test.tsx(390,14): error TS2345: Argument of type 'Element' is not assignable to parameter of type 'ReactNode'.
src/app/students/__tests__/page.test.tsx(422,14): error TS2345: Argument of type 'Element' is not assignable to parameter of type 'ReactNode'.
src/app/students/__tests__/page.test.tsx(430,14): error TS2345: Argument of type 'Element' is not assignable to parameter of type 'ReactNode'.
src/app/students/__tests__/page.test.tsx(439,14): error TS2345: Argument of type 'Element' is not assignable to parameter of type 'ReactNode'.
src/app/students/__tests__/page.test.tsx(455,14): error TS2345: Argument of type 'Element' is not assignable to parameter of type 'ReactNode'.
src/app/students/_components/StudentsFilters.tsx(62,7): error TS2322: Type 'Element' is not assignable to type 'ReactNode'.
src/app/students/_components/StudentsFilters.tsx(72,24): error TS7006: Parameter 'e' implicitly has an 'any' type.
src/app/students/_components/StudentsFilters.tsx(81,24): error TS7006: Parameter 'e' implicitly has an 'any' type.
src/app/students/_components/StudentsTable.tsx(43,7): error TS2353: Object literal may only specify known properties, and 'initialData' does not exist in type 'Omit<UseQueryOptions<PaginatedStudentsResponse, unknown>, "queryKey" | "queryFn">'.
src/app/students/_components/StudentsTable.tsx(67,26): error TS2322: Type '{}' is not assignable to type 'string | Error | { message: string; name?: string | undefined; }'.
src/app/students/_components/StudentsTable.tsx(76,7): error TS2322: Type 'Element' is not assignable to type 'string'.
src/app/students/_components/StudentsTable.tsx(203,7): error TS2322: Type 'false | Element' is not assignable to type 'string'.
src/app/students/_components/StudentsTable.tsx(204,7): error TS2322: Type 'false | Element' is not assignable to type 'string'.
src/app/students/actions.ts(71,5): error TS7053: Element implicitly has an 'any' type because expression of type '"Authorization"' can't be used to index type 'HeadersInit'.
src/app/students/actions.ts(141,5): error TS2554: Expected 2 arguments, but got 1.
src/app/students/actions.ts(202,5): error TS2554: Expected 2 arguments, but got 1.
src/app/students/actions.ts(203,5): error TS2554: Expected 2 arguments, but got 1.
src/app/students/actions.ts(264,5): error TS2554: Expected 2 arguments, but got 1.
src/app/students/actions.ts(265,5): error TS2554: Expected 2 arguments, but got 1.
src/app/students/actions.ts(308,5): error TS2554: Expected 2 arguments, but got 1.
src/app/students/actions.ts(354,28): error TS2339: Property 'error' does not exist on type 'ZodSafeParseError<{ page: number; limit: number; search?: string | undefined; grade?: string | undefined; isActive?: boolean | undefined; includeInactive?: boolean | undefined; nurseId?: string | undefined; hasAllergies?: boolean | undefined; hasMedications?: boolean | undefined; gender?: "MALE" | ... 3 more ... | u...'.
src/app/students/actions.ts(479,5): error TS2554: Expected 2 arguments, but got 1.
src/app/students/actions.ts(480,5): error TS2554: Expected 2 arguments, but got 1.
src/app/students/not-found.tsx(23,9): error TS2322: Type 'Element' is not assignable to type 'ReactNode'.
src/app/students/not-found.tsx(38,16): error TS2322: Type '{ children: (string | Element)[]; variant: "primary"; }' is not assignable to type 'ButtonProps'.
src/app/students/not-found.tsx(44,16): error TS2322: Type '{ children: string; variant: "secondary"; }' is not assignable to type 'ButtonProps'.
src/app/students/page.tsx(214,13): error TS2322: Type 'Element' is not assignable to type 'string'.
src/app/students/page.tsx(218,13): error TS2322: Type 'Element' is not assignable to type 'string'.
src/app/students/page.tsx(222,13): error TS2322: Type 'Element' is not assignable to type 'string'.
src/app/students/page.tsx(223,16): error TS2322: Type '{ children: string; variant: "secondary"; onClick: () => void; disabled: boolean; }' is not assignable to type 'ButtonProps'.
src/app/students/page.tsx(233,16): error TS2322: Type '{ children: string; variant: "destructive"; onClick: () => Promise<void>; disabled: boolean; }' is not assignable to type 'ButtonProps'.
src/app/students/page.tsx(248,62): error TS2322: Type 'Element' is not assignable to type 'ReactNode'.
src/app/students/page.tsx(253,23): error TS2322: Type 'Element' is not assignable to type 'ReactNode'.
src/app/students/page.tsx(261,9): error TS2322: Type 'Element' is not assignable to type 'ReactNode'.
src/app/students/page.tsx(271,26): error TS7006: Parameter 'e' implicitly has an 'any' type.
src/app/students/page.tsx(280,26): error TS7006: Parameter 'e' implicitly has an 'any' type.
src/app/students/page.tsx(302,9): error TS2322: Type 'Element' is not assignable to type 'string'.
src/app/students/page.tsx(423,9): error TS2322: Type 'false | Element' is not assignable to type 'string'.
src/app/students/page.tsx(424,9): error TS2322: Type 'false | Element' is not assignable to type 'string'.
src/app/template.tsx(27,7): error TS2322: Type 'Element' is not assignable to type 'ReactNode'.
src/app/twitter-image.tsx(25,7): error TS2345: Argument of type 'Element' is not assignable to parameter of type 'ReactElement'.
src/app/vendors/page.tsx(46,5): error TS2322: Type 'string' is not assignable to type 'number'.
src/app/vendors/page.tsx(130,5): error TS2322: Type 'string' is not assignable to type 'number'.
src/app/vendors/page.tsx(224,12): error TS7053: Element implicitly has an 'any' type because expression of type 'VendorRating' can't be used to index type '{ EXCELLENT: string; GOOD: string; AVERAGE: string; POOR: string; UNRATED: string; }'.
src/app/vendors/page.tsx(234,12): error TS7053: Element implicitly has an 'any' type because expression of type 'VendorStatus' can't be used to index type '{ ACTIVE: string; INACTIVE: string; SUSPENDED: string; BLACKLISTED: string; }'.
src/app/vendors/page.tsx(250,42): error TS2339: Property 'categories' does not exist on type 'Vendor'.
src/app/vendors/page.tsx(257,16): error TS2339: Property 'vendorNumber' does not exist on type 'Vendor'.
src/app/vendors/page.tsx(259,42): error TS2339: Property 'status' does not exist on type 'Vendor'.
src/app/vendors/page.tsx(263,44): error TS2339: Property 'categories' does not exist on type 'Vendor'.
src/app/vendors/page.tsx(318,44): error TS2339: Property 'status' does not exist on type 'Vendor'.
src/app/vendors/page.tsx(328,42): error TS2367: This comparison appears to be unintentional because the types 'number | null | undefined' and 'string' have no overlap.
src/app/vendors/page.tsx(339,37): error TS2339: Property 'certifications' does not exist on type 'Vendor'.
src/app/vendors/page.tsx(357,26): error TS7006: Parameter 'e' implicitly has an 'any' type.
src/app/vendors/page.tsx(364,24): error TS7006: Parameter 'e' implicitly has an 'any' type.
src/app/vendors/page.tsx(376,24): error TS7006: Parameter 'e' implicitly has an 'any' type.
src/app/vendors/page.tsx(389,24): error TS7006: Parameter 'e' implicitly has an 'any' type.
src/app/vendors/page.tsx(420,32): error TS2339: Property 'status' does not exist on type 'Vendor'.
src/app/vendors/page.tsx(423,31): error TS2339: Property 'status' does not exist on type 'Vendor'.
src/app/vendors/page.tsx(427,29): error TS2339: Property 'vendorNumber' does not exist on type 'Vendor'.
src/app/vendors/page.tsx(429,27): error TS2339: Property 'performance' does not exist on type 'Vendor'.
src/app/vendors/page.tsx(431,46): error TS2339: Property 'performance' does not exist on type 'Vendor'.
src/app/vendors/page.tsx(433,33): error TS2339: Property 'performance' does not exist on type 'Vendor'.
src/app/vendors/page.tsx(440,21): error TS2345: Argument of type 'number | null | undefined' is not assignable to parameter of type 'VendorRating'.
src/app/vendors/page.tsx(448,23): error TS2339: Property 'contacts' does not exist on type 'Vendor'.
src/app/vendors/page.tsx(448,38): error TS7006: Parameter 'c' implicitly has an 'any' type.
src/app/vendors/page.tsx(452,29): error TS2339: Property 'contacts' does not exist on type 'Vendor'.
src/app/vendors/page.tsx(452,44): error TS7006: Parameter 'c' implicitly has an 'any' type.
src/app/vendors/page.tsx(456,29): error TS2339: Property 'contacts' does not exist on type 'Vendor'.
src/app/vendors/page.tsx(456,44): error TS7006: Parameter 'c' implicitly has an 'any' type.
src/app/vendors/page.tsx(458,27): error TS2551: Property 'addresses' does not exist on type 'Vendor'. Did you mean 'address'?
src/app/vendors/page.tsx(458,43): error TS7006: Parameter 'a' implicitly has an 'any' type.
src/app/vendors/page.tsx(461,31): error TS2551: Property 'addresses' does not exist on type 'Vendor'. Did you mean 'address'?
src/app/vendors/page.tsx(461,47): error TS7006: Parameter 'a' implicitly has an 'any' type.
src/app/vendors/page.tsx(462,31): error TS2551: Property 'addresses' does not exist on type 'Vendor'. Did you mean 'address'?
src/app/vendors/page.tsx(462,47): error TS7006: Parameter 'a' implicitly has an 'any' type.
src/app/vendors/page.tsx(469,23): error TS2339: Property 'performance' does not exist on type 'Vendor'.
src/app/vendors/page.tsx(476,31): error TS2339: Property 'performance' does not exist on type 'Vendor'.
src/app/vendors/page.tsx(484,31): error TS2339: Property 'performance' does not exist on type 'Vendor'.
src/app/vendors/page.tsx(490,46): error TS2339: Property 'performance' does not exist on type 'Vendor'.
src/app/vendors/page.tsx(499,27): error TS2339: Property 'categories' does not exist on type 'Vendor'.
src/app/vendors/page.tsx(499,43): error TS7006: Parameter 'category' implicitly has an 'any' type.
src/app/vendors/page.tsx(512,25): error TS2339: Property 'w9OnFile' does not exist on type 'Vendor'.
src/app/vendors/page.tsx(518,25): error TS2339: Property 'insuranceCertOnFile' does not exist on type 'Vendor'.
src/app/vendors/page.tsx(524,25): error TS2339: Property 'certifications' does not exist on type 'Vendor'.
src/app/vendors/page.tsx(527,29): error TS2339: Property 'certifications' does not exist on type 'Vendor'.
src/app/vendors/page.tsx(535,29): error TS7006: Parameter 'e' implicitly has an 'any' type.
src/app/vendors/page.tsx(545,29): error TS7006: Parameter 'e' implicitly has an 'any' type.
